#
# There is insufficient memory for the Java Runtime Environment to continue.
# Native memory allocation (mmap) failed to map 257949696 bytes for G1 virtual space
# Possible reasons:
#   The system is out of physical RAM or swap space
#   The process is running with CompressedOops enabled, and the Java Heap may be blocking the growth of the native heap
# Possible solutions:
#   Reduce memory load on the system
#   Increase physical memory or swap space
#   Check if swap backing store is full
#   Decrease Java heap size (-Xmx/-Xms)
#   Decrease number of Java threads
#   Decrease Java thread stack sizes (-Xss)
#   Set larger code cache with -XX:ReservedCodeCacheSize=
#   JVM is running with Unscaled Compressed Oops mode in which the Java heap is
#     placed in the first 4GB address space. The Java Heap base address is the
#     maximum limit for the native heap growth. Please use -XX:HeapBaseMinAddress
#     to set the Java Heap base and to place the Java Heap above 4GB virtual address.
# This output file may be truncated or incomplete.
#
#  Out of Memory Error (os_windows.cpp:3527), pid=2780, tid=3220
#
# JRE version: Java(TM) SE Runtime Environment (19.0.1+10) (build 19.0.1+10-21)
# Java VM: Java HotSpot(TM) 64-Bit Server VM (19.0.1+10-21, mixed mode, sharing, tiered, compressed oops, compressed class ptrs, g1 gc, windows-amd64)
# No core dump will be written. Minidumps are not enabled by default on client versions of Windows
#

---------------  S U M M A R Y ------------

Command Line: principal.principal

Host: Intel(R) Core(TM) i5-6200U CPU @ 2.30GHz, 4 cores, 5G,  Windows 10 , 64 bit Build 17763 (10.0.17763.2989)
Time: Sat Jan  7 23:45:10 2023 Hora estándar de Venezuela elapsed time: 39.188979 seconds (0d 0h 0m 39s)

---------------  T H R E A D  ---------------

Current thread (0x0000021afe9e3360):  VMThread "VM Thread" [stack: 0x000000636ba00000,0x000000636bb00000] [id=3220]

Stack: [0x000000636ba00000,0x000000636bb00000]
Native frames: (J=compiled Java code, j=interpreted, Vv=VM code, C=native code)
V  [jvm.dll+0x6ee8fa]
V  [jvm.dll+0x857a1e]
V  [jvm.dll+0x85940e]
V  [jvm.dll+0x859ac3]
V  [jvm.dll+0x28291f]
V  [jvm.dll+0x6eb6e9]
V  [jvm.dll+0x6e028a]
V  [jvm.dll+0x357136]
V  [jvm.dll+0x35eb96]
V  [jvm.dll+0x3b555e]
V  [jvm.dll+0x3b578f]
V  [jvm.dll+0x32c6ea]
V  [jvm.dll+0x32c797]
V  [jvm.dll+0x374b52]
V  [jvm.dll+0x37328f]
V  [jvm.dll+0x32bf10]
V  [jvm.dll+0x37282b]
V  [jvm.dll+0x85ef83]
V  [jvm.dll+0x85fd49]
V  [jvm.dll+0x86027d]
V  [jvm.dll+0x86070b]
V  [jvm.dll+0x8607c7]
V  [jvm.dll+0x8015fa]
V  [jvm.dll+0x6ed5eb]
C  [ucrtbase.dll+0x2268a]
C  [KERNEL32.DLL+0x17974]
C  [ntdll.dll+0x5a2f1]

VM_Operation (0x000000636cafdd90): G1CollectForAllocation, mode: safepoint, requested by thread 0x0000021a9d3cc1b0


---------------  P R O C E S S  ---------------

Threads class SMR info:
_java_thread_list=0x0000021a9e2fd590, length=18, elements={
0x0000021afe9ff2a0, 0x0000021afe9ffca0, 0x0000021afea006a0, 0x0000021afea01df0,
0x0000021afea04440, 0x0000021afea09130, 0x0000021afea099a0, 0x0000021afea0e0e0,
0x0000021afea8a410, 0x0000021a9d0a8330, 0x0000021a9d0b6d10, 0x0000021a9d2d9f30,
0x0000021a9d2dd100, 0x0000021a9d2e3520, 0x0000021a9d3cc1b0, 0x0000021af8cfef80,
0x0000021a9e4f8cf0, 0x0000021a9e4fb220
}

Java Threads: ( => current thread )
  0x0000021afe9ff2a0 JavaThread "Reference Handler" daemon [_thread_blocked, id=10660, stack(0x000000636bb00000,0x000000636bc00000)]
  0x0000021afe9ffca0 JavaThread "Finalizer" daemon [_thread_blocked, id=6736, stack(0x000000636bc00000,0x000000636bd00000)]
  0x0000021afea006a0 JavaThread "Signal Dispatcher" daemon [_thread_blocked, id=2856, stack(0x000000636bd00000,0x000000636be00000)]
  0x0000021afea01df0 JavaThread "Attach Listener" daemon [_thread_blocked, id=3920, stack(0x000000636be00000,0x000000636bf00000)]
  0x0000021afea04440 JavaThread "Service Thread" daemon [_thread_blocked, id=10344, stack(0x000000636bf00000,0x000000636c000000)]
  0x0000021afea09130 JavaThread "Monitor Deflation Thread" daemon [_thread_blocked, id=10652, stack(0x000000636c000000,0x000000636c100000)]
  0x0000021afea099a0 JavaThread "C2 CompilerThread0" daemon [_thread_in_native, id=4448, stack(0x000000636c100000,0x000000636c200000)]
  0x0000021afea0e0e0 JavaThread "C1 CompilerThread0" daemon [_thread_blocked, id=8544, stack(0x000000636c200000,0x000000636c300000)]
  0x0000021afea8a410 JavaThread "Sweeper thread" daemon [_thread_blocked, id=10640, stack(0x000000636c300000,0x000000636c400000)]
  0x0000021a9d0a8330 JavaThread "Notification Thread" daemon [_thread_blocked, id=168, stack(0x000000636c400000,0x000000636c500000)]
  0x0000021a9d0b6d10 JavaThread "Common-Cleaner" daemon [_thread_blocked, id=10176, stack(0x000000636c600000,0x000000636c700000)]
  0x0000021a9d2d9f30 JavaThread "Java2D Disposer" daemon [_thread_blocked, id=10728, stack(0x000000636c700000,0x000000636c800000)]
  0x0000021a9d2dd100 JavaThread "AWT-Shutdown" [_thread_blocked, id=2016, stack(0x000000636c800000,0x000000636c900000)]
  0x0000021a9d2e3520 JavaThread "AWT-Windows" daemon [_thread_blocked, id=2528, stack(0x000000636c900000,0x000000636ca00000)]
  0x0000021a9d3cc1b0 JavaThread "AWT-EventQueue-0" [_thread_blocked, id=4100, stack(0x000000636ca00000,0x000000636cb00000)]
  0x0000021af8cfef80 JavaThread "DestroyJavaVM" [_thread_blocked, id=7352, stack(0x000000636b400000,0x000000636b500000)]
  0x0000021a9e4f8cf0 JavaThread "Swing-Shell" daemon [_thread_blocked, id=1864, stack(0x000000636d000000,0x000000636d100000)]
  0x0000021a9e4fb220 JavaThread "TimerQueue" daemon [_thread_blocked, id=8052, stack(0x000000636d700000,0x000000636d800000)]

Other Threads:
=>0x0000021afe9e3360 VMThread "VM Thread" [stack: 0x000000636ba00000,0x000000636bb00000] [id=3220]
  0x0000021a9d0b68b0 WatcherThread "VM Periodic Task Thread" [stack: 0x000000636c500000,0x000000636c600000] [id=7032]
  0x0000021af8d4f6f0 WorkerThread "GC Thread#0" [stack: 0x000000636b500000,0x000000636b600000] [id=6924]
  0x0000021a9e467500 WorkerThread "GC Thread#1" [stack: 0x000000636d100000,0x000000636d200000] [id=5072]
  0x0000021a9e652fc0 WorkerThread "GC Thread#2" [stack: 0x000000636d200000,0x000000636d300000] [id=9348]
  0x0000021a9e653290 WorkerThread "GC Thread#3" [stack: 0x000000636d300000,0x000000636d400000] [id=7784]
  0x0000021af8d5c340 ConcurrentGCThread "G1 Main Marker" [stack: 0x000000636b600000,0x000000636b700000] [id=3256]
  0x0000021af8d5e850 WorkerThread "G1 Conc#0" [stack: 0x000000636b700000,0x000000636b800000] [id=6244]
  0x0000021af8dbe900 ConcurrentGCThread "G1 Refine#0" [stack: 0x000000636b800000,0x000000636b900000] [id=9604]
  0x0000021afe8a0090 ConcurrentGCThread "G1 Service" [stack: 0x000000636b900000,0x000000636ba00000] [id=2388]

Threads with active compile tasks:
C2 CompilerThread0    39207 2594       4       vistas.Estadisticas::obtener_objeto_salida (371 bytes)

VM state: at safepoint (normal execution)

VM Mutex/Monitor currently owned by a thread:  ([mutex/lock_event])
[0x0000021af8cfb920] Threads_lock - owner thread: 0x0000021afe9e3360
[0x0000021af8cfb380] Heap_lock - owner thread: 0x0000021a9d3cc1b0

Heap address: 0x00000000a1e00000, size: 1506 MB, Compressed Oops mode: 32-bit

CDS archive(s) mapped at: [0x0000000800000000-0x0000000800c40000-0x0000000800c40000), size 12845056, SharedBaseAddress: 0x0000000800000000, ArchiveRelocationMode: 0.
Compressed class space mapped at: 0x0000000801000000-0x0000000841000000, reserved size: 1073741824
Narrow klass base: 0x0000000800000000, Narrow klass shift: 0, Narrow klass range: 0x100000000

GC Precious Log:
 CardTable entry size: 512
 Card Set container configuration: InlinePtr #cards 5 size 8 Array Of Cards #cards 12 size 40 Howl #buckets 4 coarsen threshold 1843 Howl Bitmap #cards 512 size 80 coarsen threshold 460 Card regions per heap region 1 cards per card region 2048
 CPUs: 4 total, 4 available
 Memory: 6017M
 Large Page Support: Disabled
 NUMA Support: Disabled
 Compressed Oops: Enabled (32-bit)
 Heap Region Size: 1M
 Heap Min Capacity: 8M
 Heap Initial Capacity: 96M
 Heap Max Capacity: 1506M
 Pre-touch: Disabled
 Parallel Workers: 4
 Concurrent Workers: 1
 Concurrent Refinement Workers: 4
 Periodic GC: Disabled

Heap:
 garbage-first heap   total 210944K, used 121344K [0x00000000a1e00000, 0x0000000100000000)
  region size 1024K, 8 young (8192K), 8 survivors (8192K)
 Metaspace       used 13043K, committed 13312K, reserved 1114112K
  class space    used 1466K, committed 1600K, reserved 1048576K

Heap Regions: E=young(eden), S=young(survivor), O=old, HS=humongous(starts), HC=humongous(continues), CS=collection set, F=free, OA=open archive, CA=closed archive, TAMS=top-at-mark-start (previous, next)
|   0|0x00000000a1e00000, 0x00000000a1f00000, 0x00000000a1f00000|100%|HS|  |TAMS 0x00000000a1e00000, 0x00000000a1f00000| Complete 
|   1|0x00000000a1f00000, 0x00000000a2000000, 0x00000000a2000000|100%|HC|  |TAMS 0x00000000a1f00000, 0x00000000a2000000| Complete 
|   2|0x00000000a2000000, 0x00000000a2100000, 0x00000000a2100000|100%|HC|  |TAMS 0x00000000a2000000, 0x00000000a2100000| Complete 
|   3|0x00000000a2100000, 0x00000000a2200000, 0x00000000a2200000|100%| O|  |TAMS 0x00000000a2100000, 0x00000000a2200000| Untracked 
|   4|0x00000000a2200000, 0x00000000a2300000, 0x00000000a2300000|100%| O|  |TAMS 0x00000000a2200000, 0x00000000a2300000| Untracked 
|   5|0x00000000a2300000, 0x00000000a2400000, 0x00000000a2400000|100%| O|  |TAMS 0x00000000a2300000, 0x00000000a2400000| Untracked 
|   6|0x00000000a2400000, 0x00000000a2500000, 0x00000000a2500000|100%| O|  |TAMS 0x00000000a2400000, 0x00000000a2500000| Untracked 
|   7|0x00000000a2500000, 0x00000000a2600000, 0x00000000a2600000|100%| O|  |TAMS 0x00000000a2500000, 0x00000000a2600000| Untracked 
|   8|0x00000000a2600000, 0x00000000a2700000, 0x00000000a2700000|100%| O|  |TAMS 0x00000000a2600000, 0x00000000a2700000| Untracked 
|   9|0x00000000a2700000, 0x00000000a2800000, 0x00000000a2800000|100%| O|  |TAMS 0x00000000a2700000, 0x00000000a2800000| Untracked 
|  10|0x00000000a2800000, 0x00000000a2900000, 0x00000000a2900000|100%| O|  |TAMS 0x00000000a2800000, 0x00000000a2900000| Untracked 
|  11|0x00000000a2900000, 0x00000000a2a00000, 0x00000000a2a00000|100%| O|  |TAMS 0x00000000a2900000, 0x00000000a2a00000| Untracked 
|  12|0x00000000a2a00000, 0x00000000a2b00000, 0x00000000a2b00000|100%| O|  |TAMS 0x00000000a2a00000, 0x00000000a2b00000| Untracked 
|  13|0x00000000a2b00000, 0x00000000a2c00000, 0x00000000a2c00000|100%| O|  |TAMS 0x00000000a2b00000, 0x00000000a2c00000| Untracked 
|  14|0x00000000a2c00000, 0x00000000a2d00000, 0x00000000a2d00000|100%| O|  |TAMS 0x00000000a2c00000, 0x00000000a2d00000| Untracked 
|  15|0x00000000a2d00000, 0x00000000a2e00000, 0x00000000a2e00000|100%| O|  |TAMS 0x00000000a2d00000, 0x00000000a2e00000| Untracked 
|  16|0x00000000a2e00000, 0x00000000a2f00000, 0x00000000a2f00000|100%| O|  |TAMS 0x00000000a2e00000, 0x00000000a2f00000| Untracked 
|  17|0x00000000a2f00000, 0x00000000a3000000, 0x00000000a3000000|100%| O|  |TAMS 0x00000000a2f00000, 0x00000000a3000000| Untracked 
|  18|0x00000000a3000000, 0x00000000a3100000, 0x00000000a3100000|100%| O|  |TAMS 0x00000000a3000000, 0x00000000a3100000| Untracked 
|  19|0x00000000a3100000, 0x00000000a3200000, 0x00000000a3200000|100%| O|  |TAMS 0x00000000a3100000, 0x00000000a3200000| Untracked 
|  20|0x00000000a3200000, 0x00000000a3300000, 0x00000000a3300000|100%| O|  |TAMS 0x00000000a3200000, 0x00000000a3300000| Untracked 
|  21|0x00000000a3300000, 0x00000000a3400000, 0x00000000a3400000|100%| O|  |TAMS 0x00000000a3300000, 0x00000000a3400000| Untracked 
|  22|0x00000000a3400000, 0x00000000a3500000, 0x00000000a3500000|100%| O|  |TAMS 0x00000000a3400000, 0x00000000a3500000| Untracked 
|  23|0x00000000a3500000, 0x00000000a3600000, 0x00000000a3600000|100%| O|  |TAMS 0x00000000a3500000, 0x00000000a3600000| Untracked 
|  24|0x00000000a3600000, 0x00000000a3700000, 0x00000000a3700000|100%| O|  |TAMS 0x00000000a3600000, 0x00000000a3700000| Untracked 
|  25|0x00000000a3700000, 0x00000000a3800000, 0x00000000a3800000|100%| O|  |TAMS 0x00000000a3700000, 0x00000000a3800000| Untracked 
|  26|0x00000000a3800000, 0x00000000a3900000, 0x00000000a3900000|100%| O|  |TAMS 0x00000000a3800000, 0x00000000a3900000| Untracked 
|  27|0x00000000a3900000, 0x00000000a3a00000, 0x00000000a3a00000|100%| O|  |TAMS 0x00000000a3900000, 0x00000000a3a00000| Untracked 
|  28|0x00000000a3a00000, 0x00000000a3b00000, 0x00000000a3b00000|100%| O|  |TAMS 0x00000000a3a00000, 0x00000000a3b00000| Untracked 
|  29|0x00000000a3b00000, 0x00000000a3c00000, 0x00000000a3c00000|100%| O|  |TAMS 0x00000000a3b00000, 0x00000000a3c00000| Untracked 
|  30|0x00000000a3c00000, 0x00000000a3d00000, 0x00000000a3d00000|100%| O|  |TAMS 0x00000000a3c00000, 0x00000000a3d00000| Untracked 
|  31|0x00000000a3d00000, 0x00000000a3e00000, 0x00000000a3e00000|100%| O|  |TAMS 0x00000000a3d00000, 0x00000000a3e00000| Untracked 
|  32|0x00000000a3e00000, 0x00000000a3f00000, 0x00000000a3f00000|100%| O|  |TAMS 0x00000000a3e00000, 0x00000000a3f00000| Untracked 
|  33|0x00000000a3f00000, 0x00000000a4000000, 0x00000000a4000000|100%| O|  |TAMS 0x00000000a3f00000, 0x00000000a4000000| Untracked 
|  34|0x00000000a4000000, 0x00000000a4100000, 0x00000000a4100000|100%| O|  |TAMS 0x00000000a4000000, 0x00000000a4100000| Untracked 
|  35|0x00000000a4100000, 0x00000000a4200000, 0x00000000a4200000|100%| O|  |TAMS 0x00000000a4100000, 0x00000000a4200000| Untracked 
|  36|0x00000000a4200000, 0x00000000a4300000, 0x00000000a4300000|100%| O|  |TAMS 0x00000000a4200000, 0x00000000a4300000| Untracked 
|  37|0x00000000a4300000, 0x00000000a4400000, 0x00000000a4400000|100%| O|  |TAMS 0x00000000a4300000, 0x00000000a4400000| Untracked 
|  38|0x00000000a4400000, 0x00000000a4500000, 0x00000000a4500000|100%| O|  |TAMS 0x00000000a4400000, 0x00000000a4500000| Untracked 
|  39|0x00000000a4500000, 0x00000000a4600000, 0x00000000a4600000|100%| O|  |TAMS 0x00000000a4500000, 0x00000000a4600000| Untracked 
|  40|0x00000000a4600000, 0x00000000a4700000, 0x00000000a4700000|100%| O|  |TAMS 0x00000000a4600000, 0x00000000a4700000| Untracked 
|  41|0x00000000a4700000, 0x00000000a4800000, 0x00000000a4800000|100%| O|  |TAMS 0x00000000a4700000, 0x00000000a4800000| Untracked 
|  42|0x00000000a4800000, 0x00000000a4900000, 0x00000000a4900000|100%| O|  |TAMS 0x00000000a4800000, 0x00000000a4900000| Untracked 
|  43|0x00000000a4900000, 0x00000000a4a00000, 0x00000000a4a00000|100%| O|  |TAMS 0x00000000a4900000, 0x00000000a4a00000| Untracked 
|  44|0x00000000a4a00000, 0x00000000a4b00000, 0x00000000a4b00000|100%| O|  |TAMS 0x00000000a4a00000, 0x00000000a4b00000| Untracked 
|  45|0x00000000a4b00000, 0x00000000a4c00000, 0x00000000a4c00000|100%| O|  |TAMS 0x00000000a4b00000, 0x00000000a4c00000| Untracked 
|  46|0x00000000a4c00000, 0x00000000a4d00000, 0x00000000a4d00000|100%| O|  |TAMS 0x00000000a4c00000, 0x00000000a4d00000| Untracked 
|  47|0x00000000a4d00000, 0x00000000a4e00000, 0x00000000a4e00000|100%| O|  |TAMS 0x00000000a4d00000, 0x00000000a4e00000| Untracked 
|  48|0x00000000a4e00000, 0x00000000a4f00000, 0x00000000a4f00000|100%|HS|  |TAMS 0x00000000a4e00000, 0x00000000a4f00000| Complete 
|  49|0x00000000a4f00000, 0x00000000a5000000, 0x00000000a5000000|100%| O|  |TAMS 0x00000000a4f00000, 0x00000000a5000000| Untracked 
|  50|0x00000000a5000000, 0x00000000a5100000, 0x00000000a5100000|100%| O|  |TAMS 0x00000000a5000000, 0x00000000a5100000| Untracked 
|  51|0x00000000a5100000, 0x00000000a5200000, 0x00000000a5200000|100%| O|  |TAMS 0x00000000a5100000, 0x00000000a5200000| Untracked 
|  52|0x00000000a5200000, 0x00000000a5300000, 0x00000000a5300000|100%| O|  |TAMS 0x00000000a5200000, 0x00000000a5300000| Untracked 
|  53|0x00000000a5300000, 0x00000000a5400000, 0x00000000a5400000|100%| O|  |TAMS 0x00000000a5300000, 0x00000000a5400000| Untracked 
|  54|0x00000000a5400000, 0x00000000a5500000, 0x00000000a5500000|100%| O|  |TAMS 0x00000000a5400000, 0x00000000a5500000| Untracked 
|  55|0x00000000a5500000, 0x00000000a5600000, 0x00000000a5600000|100%| O|  |TAMS 0x00000000a5500000, 0x00000000a5600000| Untracked 
|  56|0x00000000a5600000, 0x00000000a5700000, 0x00000000a5700000|100%| O|  |TAMS 0x00000000a5600000, 0x00000000a5700000| Untracked 
|  57|0x00000000a5700000, 0x00000000a5800000, 0x00000000a5800000|100%| O|  |TAMS 0x00000000a5700000, 0x00000000a5800000| Untracked 
|  58|0x00000000a5800000, 0x00000000a5900000, 0x00000000a5900000|100%| O|  |TAMS 0x00000000a5800000, 0x00000000a5900000| Untracked 
|  59|0x00000000a5900000, 0x00000000a5a00000, 0x00000000a5a00000|100%| O|  |TAMS 0x00000000a5900000, 0x00000000a5a00000| Untracked 
|  60|0x00000000a5a00000, 0x00000000a5b00000, 0x00000000a5b00000|100%| O|  |TAMS 0x00000000a5a00000, 0x00000000a5b00000| Untracked 
|  61|0x00000000a5b00000, 0x00000000a5c00000, 0x00000000a5c00000|100%| O|  |TAMS 0x00000000a5b00000, 0x00000000a5c00000| Untracked 
|  62|0x00000000a5c00000, 0x00000000a5d00000, 0x00000000a5d00000|100%| O|  |TAMS 0x00000000a5c00000, 0x00000000a5d00000| Untracked 
|  63|0x00000000a5d00000, 0x00000000a5e00000, 0x00000000a5e00000|100%| O|  |TAMS 0x00000000a5d00000, 0x00000000a5e00000| Untracked 
|  64|0x00000000a5e00000, 0x00000000a5f00000, 0x00000000a5f00000|100%| O|  |TAMS 0x00000000a5e00000, 0x00000000a5f00000| Untracked 
|  65|0x00000000a5f00000, 0x00000000a6000000, 0x00000000a6000000|100%| O|  |TAMS 0x00000000a5f00000, 0x00000000a6000000| Untracked 
|  66|0x00000000a6000000, 0x00000000a6100000, 0x00000000a6100000|100%| O|  |TAMS 0x00000000a6000000, 0x00000000a6100000| Untracked 
|  67|0x00000000a6100000, 0x00000000a6200000, 0x00000000a6200000|100%| O|  |TAMS 0x00000000a6100000, 0x00000000a6200000| Untracked 
|  68|0x00000000a6200000, 0x00000000a6300000, 0x00000000a6300000|100%| O|  |TAMS 0x00000000a6200000, 0x00000000a6300000| Untracked 
|  69|0x00000000a6300000, 0x00000000a6400000, 0x00000000a6400000|100%| O|  |TAMS 0x00000000a6300000, 0x00000000a6400000| Untracked 
|  70|0x00000000a6400000, 0x00000000a6500000, 0x00000000a6500000|100%| O|  |TAMS 0x00000000a6400000, 0x00000000a6500000| Untracked 
|  71|0x00000000a6500000, 0x00000000a6600000, 0x00000000a6600000|100%| O|  |TAMS 0x00000000a6500000, 0x00000000a6600000| Untracked 
|  72|0x00000000a6600000, 0x00000000a6700000, 0x00000000a6700000|100%| O|  |TAMS 0x00000000a6600000, 0x00000000a6700000| Untracked 
|  73|0x00000000a6700000, 0x00000000a6800000, 0x00000000a6800000|100%| O|  |TAMS 0x00000000a6700000, 0x00000000a6800000| Untracked 
|  74|0x00000000a6800000, 0x00000000a6900000, 0x00000000a6900000|100%| O|  |TAMS 0x00000000a6800000, 0x00000000a6900000| Untracked 
|  75|0x00000000a6900000, 0x00000000a6a00000, 0x00000000a6a00000|100%| O|  |TAMS 0x00000000a6900000, 0x00000000a6a00000| Untracked 
|  76|0x00000000a6a00000, 0x00000000a6b00000, 0x00000000a6b00000|100%| O|  |TAMS 0x00000000a6a00000, 0x00000000a6b00000| Untracked 
|  77|0x00000000a6b00000, 0x00000000a6c00000, 0x00000000a6c00000|100%| O|  |TAMS 0x00000000a6b00000, 0x00000000a6c00000| Untracked 
|  78|0x00000000a6c00000, 0x00000000a6d00000, 0x00000000a6d00000|100%| O|  |TAMS 0x00000000a6c00000, 0x00000000a6d00000| Untracked 
|  79|0x00000000a6d00000, 0x00000000a6e00000, 0x00000000a6e00000|100%| O|  |TAMS 0x00000000a6d00000, 0x00000000a6e00000| Untracked 
|  80|0x00000000a6e00000, 0x00000000a6f00000, 0x00000000a6f00000|100%| O|  |TAMS 0x00000000a6e00000, 0x00000000a6f00000| Untracked 
|  81|0x00000000a6f00000, 0x00000000a7000000, 0x00000000a7000000|100%| O|  |TAMS 0x00000000a6f00000, 0x00000000a7000000| Untracked 
|  82|0x00000000a7000000, 0x00000000a7100000, 0x00000000a7100000|100%| O|  |TAMS 0x00000000a7000000, 0x00000000a7100000| Untracked 
|  83|0x00000000a7100000, 0x00000000a7200000, 0x00000000a7200000|100%| O|  |TAMS 0x00000000a7100000, 0x00000000a7200000| Untracked 
|  84|0x00000000a7200000, 0x00000000a7300000, 0x00000000a7300000|100%| O|  |TAMS 0x00000000a7200000, 0x00000000a7300000| Untracked 
|  85|0x00000000a7300000, 0x00000000a7400000, 0x00000000a7400000|100%| O|  |TAMS 0x00000000a7300000, 0x00000000a7400000| Untracked 
|  86|0x00000000a7400000, 0x00000000a7500000, 0x00000000a7500000|100%| O|  |TAMS 0x00000000a7400000, 0x00000000a7500000| Untracked 
|  87|0x00000000a7500000, 0x00000000a7600000, 0x00000000a7600000|100%| O|  |TAMS 0x00000000a7500000, 0x00000000a7600000| Untracked 
|  88|0x00000000a7600000, 0x00000000a7700000, 0x00000000a7700000|100%| O|  |TAMS 0x00000000a7600000, 0x00000000a7700000| Untracked 
|  89|0x00000000a7700000, 0x00000000a7800000, 0x00000000a7800000|100%| O|  |TAMS 0x00000000a7700000, 0x00000000a7800000| Untracked 
|  90|0x00000000a7800000, 0x00000000a7900000, 0x00000000a7900000|100%| O|  |TAMS 0x00000000a7800000, 0x00000000a7900000| Untracked 
|  91|0x00000000a7900000, 0x00000000a7a00000, 0x00000000a7a00000|100%| O|  |TAMS 0x00000000a7900000, 0x00000000a7a00000| Untracked 
|  92|0x00000000a7a00000, 0x00000000a7b00000, 0x00000000a7b00000|100%| O|  |TAMS 0x00000000a7a00000, 0x00000000a7b00000| Untracked 
|  93|0x00000000a7b00000, 0x00000000a7c00000, 0x00000000a7c00000|100%| O|  |TAMS 0x00000000a7b00000, 0x00000000a7c00000| Untracked 
|  94|0x00000000a7c00000, 0x00000000a7d00000, 0x00000000a7d00000|100%| O|  |TAMS 0x00000000a7c00000, 0x00000000a7d00000| Untracked 
|  95|0x00000000a7d00000, 0x00000000a7e00000, 0x00000000a7e00000|100%| O|  |TAMS 0x00000000a7d00000, 0x00000000a7e00000| Untracked 
|  96|0x00000000a7e00000, 0x00000000a7f00000, 0x00000000a7f00000|100%| O|  |TAMS 0x00000000a7e00000, 0x00000000a7e80000| Untracked 
|  97|0x00000000a7f00000, 0x00000000a8000000, 0x00000000a8000000|100%| O|  |TAMS 0x00000000a7f00000, 0x00000000a7f00000| Untracked 
|  98|0x00000000a8000000, 0x00000000a8100000, 0x00000000a8100000|100%| O|  |TAMS 0x00000000a8000000, 0x00000000a8000000| Untracked 
|  99|0x00000000a8100000, 0x00000000a8200000, 0x00000000a8200000|100%| O|  |TAMS 0x00000000a8100000, 0x00000000a8100000| Untracked 
| 100|0x00000000a8200000, 0x00000000a8300000, 0x00000000a8300000|100%| O|  |TAMS 0x00000000a8200000, 0x00000000a8200000| Untracked 
| 101|0x00000000a8300000, 0x00000000a8400000, 0x00000000a8400000|100%| O|  |TAMS 0x00000000a8300000, 0x00000000a8300000| Untracked 
| 102|0x00000000a8400000, 0x00000000a8500000, 0x00000000a8500000|100%| O|  |TAMS 0x00000000a8400000, 0x00000000a8400000| Untracked 
| 103|0x00000000a8500000, 0x00000000a8600000, 0x00000000a8600000|100%| O|  |TAMS 0x00000000a8500000, 0x00000000a8500000| Untracked 
| 104|0x00000000a8600000, 0x00000000a8700000, 0x00000000a8700000|100%| O|  |TAMS 0x00000000a8600000, 0x00000000a8600000| Untracked 
| 105|0x00000000a8700000, 0x00000000a8800000, 0x00000000a8800000|100%| O|  |TAMS 0x00000000a8700000, 0x00000000a8700000| Untracked 
| 106|0x00000000a8800000, 0x00000000a8900000, 0x00000000a8900000|100%| O|  |TAMS 0x00000000a8800000, 0x00000000a8800000| Untracked 
| 107|0x00000000a8900000, 0x00000000a8a00000, 0x00000000a8a00000|100%| O|  |TAMS 0x00000000a8900000, 0x00000000a8900000| Untracked 
| 108|0x00000000a8a00000, 0x00000000a8b00000, 0x00000000a8b00000|100%| O|  |TAMS 0x00000000a8a00000, 0x00000000a8a00000| Untracked 
| 109|0x00000000a8b00000, 0x00000000a8c00000, 0x00000000a8c00000|100%| O|  |TAMS 0x00000000a8b00000, 0x00000000a8b00000| Untracked 
| 110|0x00000000a8c00000, 0x00000000a8c80000, 0x00000000a8d00000| 50%| O|  |TAMS 0x00000000a8c00000, 0x00000000a8c00000| Untracked 
| 111|0x00000000a8d00000, 0x00000000a8d00000, 0x00000000a8e00000|  0%| F|  |TAMS 0x00000000a8d00000, 0x00000000a8d00000| Untracked 
| 112|0x00000000a8e00000, 0x00000000a8e00000, 0x00000000a8f00000|  0%| F|  |TAMS 0x00000000a8e00000, 0x00000000a8e00000| Untracked 
| 113|0x00000000a8f00000, 0x00000000a8f00000, 0x00000000a9000000|  0%| F|  |TAMS 0x00000000a8f00000, 0x00000000a8f00000| Untracked 
| 114|0x00000000a9000000, 0x00000000a9000000, 0x00000000a9100000|  0%| F|  |TAMS 0x00000000a9000000, 0x00000000a9000000| Untracked 
| 115|0x00000000a9100000, 0x00000000a9100000, 0x00000000a9200000|  0%| F|  |TAMS 0x00000000a9100000, 0x00000000a9100000| Untracked 
| 116|0x00000000a9200000, 0x00000000a9200000, 0x00000000a9300000|  0%| F|  |TAMS 0x00000000a9200000, 0x00000000a9200000| Untracked 
| 117|0x00000000a9300000, 0x00000000a9300000, 0x00000000a9400000|  0%| F|  |TAMS 0x00000000a9300000, 0x00000000a9300000| Untracked 
| 118|0x00000000a9400000, 0x00000000a9400000, 0x00000000a9500000|  0%| F|  |TAMS 0x00000000a9400000, 0x00000000a9400000| Untracked 
| 119|0x00000000a9500000, 0x00000000a9500000, 0x00000000a9600000|  0%| F|  |TAMS 0x00000000a9500000, 0x00000000a9500000| Untracked 
| 120|0x00000000a9600000, 0x00000000a9600000, 0x00000000a9700000|  0%| F|  |TAMS 0x00000000a9600000, 0x00000000a9600000| Untracked 
| 121|0x00000000a9700000, 0x00000000a9700000, 0x00000000a9800000|  0%| F|  |TAMS 0x00000000a9700000, 0x00000000a9700000| Untracked 
| 122|0x00000000a9800000, 0x00000000a9800000, 0x00000000a9900000|  0%| F|  |TAMS 0x00000000a9800000, 0x00000000a9800000| Untracked 
| 123|0x00000000a9900000, 0x00000000a9900000, 0x00000000a9a00000|  0%| F|  |TAMS 0x00000000a9900000, 0x00000000a9900000| Untracked 
| 124|0x00000000a9a00000, 0x00000000a9a00000, 0x00000000a9b00000|  0%| F|  |TAMS 0x00000000a9a00000, 0x00000000a9a00000| Untracked 
| 125|0x00000000a9b00000, 0x00000000a9b00000, 0x00000000a9c00000|  0%| F|  |TAMS 0x00000000a9b00000, 0x00000000a9b00000| Untracked 
| 126|0x00000000a9c00000, 0x00000000a9c00000, 0x00000000a9d00000|  0%| F|  |TAMS 0x00000000a9c00000, 0x00000000a9c00000| Untracked 
| 127|0x00000000a9d00000, 0x00000000a9d00000, 0x00000000a9e00000|  0%| F|  |TAMS 0x00000000a9d00000, 0x00000000a9d00000| Untracked 
| 128|0x00000000a9e00000, 0x00000000a9e00000, 0x00000000a9f00000|  0%| F|  |TAMS 0x00000000a9e00000, 0x00000000a9e00000| Untracked 
| 129|0x00000000a9f00000, 0x00000000a9f00000, 0x00000000aa000000|  0%| F|  |TAMS 0x00000000a9f00000, 0x00000000a9f00000| Untracked 
| 130|0x00000000aa000000, 0x00000000aa000000, 0x00000000aa100000|  0%| F|  |TAMS 0x00000000aa000000, 0x00000000aa000000| Untracked 
| 131|0x00000000aa100000, 0x00000000aa100000, 0x00000000aa200000|  0%| F|  |TAMS 0x00000000aa100000, 0x00000000aa100000| Untracked 
| 132|0x00000000aa200000, 0x00000000aa200000, 0x00000000aa300000|  0%| F|  |TAMS 0x00000000aa200000, 0x00000000aa200000| Untracked 
| 133|0x00000000aa300000, 0x00000000aa300000, 0x00000000aa400000|  0%| F|  |TAMS 0x00000000aa300000, 0x00000000aa300000| Untracked 
| 134|0x00000000aa400000, 0x00000000aa400000, 0x00000000aa500000|  0%| F|  |TAMS 0x00000000aa400000, 0x00000000aa400000| Untracked 
| 135|0x00000000aa500000, 0x00000000aa500000, 0x00000000aa600000|  0%| F|  |TAMS 0x00000000aa500000, 0x00000000aa500000| Untracked 
| 136|0x00000000aa600000, 0x00000000aa600000, 0x00000000aa700000|  0%| F|  |TAMS 0x00000000aa600000, 0x00000000aa600000| Untracked 
| 137|0x00000000aa700000, 0x00000000aa700000, 0x00000000aa800000|  0%| F|  |TAMS 0x00000000aa700000, 0x00000000aa700000| Untracked 
| 138|0x00000000aa800000, 0x00000000aa800000, 0x00000000aa900000|  0%| F|  |TAMS 0x00000000aa800000, 0x00000000aa800000| Untracked 
| 139|0x00000000aa900000, 0x00000000aa900000, 0x00000000aaa00000|  0%| F|  |TAMS 0x00000000aa900000, 0x00000000aa900000| Untracked 
| 140|0x00000000aaa00000, 0x00000000aaa00000, 0x00000000aab00000|  0%| F|  |TAMS 0x00000000aaa00000, 0x00000000aaa00000| Untracked 
| 141|0x00000000aab00000, 0x00000000aab00000, 0x00000000aac00000|  0%| F|  |TAMS 0x00000000aab00000, 0x00000000aab00000| Untracked 
| 142|0x00000000aac00000, 0x00000000aad00000, 0x00000000aad00000|100%| S|CS|TAMS 0x00000000aac00000, 0x00000000aac00000| Complete 
| 143|0x00000000aad00000, 0x00000000aad00000, 0x00000000aae00000|  0%| F|  |TAMS 0x00000000aad00000, 0x00000000aad00000| Untracked 
| 144|0x00000000aae00000, 0x00000000aae00000, 0x00000000aaf00000|  0%| F|  |TAMS 0x00000000aae00000, 0x00000000aae00000| Untracked 
| 145|0x00000000aaf00000, 0x00000000aaf00000, 0x00000000ab000000|  0%| F|  |TAMS 0x00000000aaf00000, 0x00000000aaf00000| Untracked 
| 146|0x00000000ab000000, 0x00000000ab000000, 0x00000000ab100000|  0%| F|  |TAMS 0x00000000ab000000, 0x00000000ab000000| Untracked 
| 147|0x00000000ab100000, 0x00000000ab100000, 0x00000000ab200000|  0%| F|  |TAMS 0x00000000ab100000, 0x00000000ab100000| Untracked 
| 148|0x00000000ab200000, 0x00000000ab200000, 0x00000000ab300000|  0%| F|  |TAMS 0x00000000ab200000, 0x00000000ab200000| Untracked 
| 149|0x00000000ab300000, 0x00000000ab300000, 0x00000000ab400000|  0%| F|  |TAMS 0x00000000ab300000, 0x00000000ab300000| Untracked 
| 150|0x00000000ab400000, 0x00000000ab500000, 0x00000000ab500000|100%| S|CS|TAMS 0x00000000ab400000, 0x00000000ab400000| Complete 
| 151|0x00000000ab500000, 0x00000000ab600000, 0x00000000ab600000|100%| S|CS|TAMS 0x00000000ab500000, 0x00000000ab500000| Complete 
| 152|0x00000000ab600000, 0x00000000ab700000, 0x00000000ab700000|100%| S|CS|TAMS 0x00000000ab600000, 0x00000000ab600000| Complete 
| 153|0x00000000ab700000, 0x00000000ab800000, 0x00000000ab800000|100%| S|CS|TAMS 0x00000000ab700000, 0x00000000ab700000| Complete 
| 154|0x00000000ab800000, 0x00000000ab900000, 0x00000000ab900000|100%| S|CS|TAMS 0x00000000ab800000, 0x00000000ab800000| Complete 
| 155|0x00000000ab900000, 0x00000000aba00000, 0x00000000aba00000|100%| S|CS|TAMS 0x00000000ab900000, 0x00000000ab900000| Complete 
| 156|0x00000000aba00000, 0x00000000abb00000, 0x00000000abb00000|100%| S|CS|TAMS 0x00000000aba00000, 0x00000000aba00000| Complete 
| 157|0x00000000abb00000, 0x00000000abb00000, 0x00000000abc00000|  0%| F|  |TAMS 0x00000000abb00000, 0x00000000abb00000| Untracked 
| 158|0x00000000abc00000, 0x00000000abc00000, 0x00000000abd00000|  0%| F|  |TAMS 0x00000000abc00000, 0x00000000abc00000| Untracked 
| 159|0x00000000abd00000, 0x00000000abd00000, 0x00000000abe00000|  0%| F|  |TAMS 0x00000000abd00000, 0x00000000abd00000| Untracked 
| 160|0x00000000abe00000, 0x00000000abe00000, 0x00000000abf00000|  0%| F|  |TAMS 0x00000000abe00000, 0x00000000abe00000| Untracked 
| 161|0x00000000abf00000, 0x00000000abf00000, 0x00000000ac000000|  0%| F|  |TAMS 0x00000000abf00000, 0x00000000abf00000| Untracked 
| 162|0x00000000ac000000, 0x00000000ac000000, 0x00000000ac100000|  0%| F|  |TAMS 0x00000000ac000000, 0x00000000ac000000| Untracked 
| 163|0x00000000ac100000, 0x00000000ac100000, 0x00000000ac200000|  0%| F|  |TAMS 0x00000000ac100000, 0x00000000ac100000| Untracked 
| 164|0x00000000ac200000, 0x00000000ac200000, 0x00000000ac300000|  0%| F|  |TAMS 0x00000000ac200000, 0x00000000ac200000| Untracked 
| 165|0x00000000ac300000, 0x00000000ac300000, 0x00000000ac400000|  0%| F|  |TAMS 0x00000000ac300000, 0x00000000ac300000| Untracked 
| 166|0x00000000ac400000, 0x00000000ac400000, 0x00000000ac500000|  0%| F|  |TAMS 0x00000000ac400000, 0x00000000ac400000| Untracked 
| 167|0x00000000ac500000, 0x00000000ac500000, 0x00000000ac600000|  0%| F|  |TAMS 0x00000000ac500000, 0x00000000ac500000| Untracked 
| 168|0x00000000ac600000, 0x00000000ac600000, 0x00000000ac700000|  0%| F|  |TAMS 0x00000000ac600000, 0x00000000ac600000| Untracked 
| 169|0x00000000ac700000, 0x00000000ac700000, 0x00000000ac800000|  0%| F|  |TAMS 0x00000000ac700000, 0x00000000ac700000| Untracked 
| 170|0x00000000ac800000, 0x00000000ac800000, 0x00000000ac900000|  0%| F|  |TAMS 0x00000000ac800000, 0x00000000ac800000| Untracked 
| 171|0x00000000ac900000, 0x00000000ac900000, 0x00000000aca00000|  0%| F|  |TAMS 0x00000000ac900000, 0x00000000ac900000| Untracked 
| 172|0x00000000aca00000, 0x00000000aca00000, 0x00000000acb00000|  0%| F|  |TAMS 0x00000000aca00000, 0x00000000aca00000| Untracked 
| 173|0x00000000acb00000, 0x00000000acb00000, 0x00000000acc00000|  0%| F|  |TAMS 0x00000000acb00000, 0x00000000acb00000| Untracked 
| 174|0x00000000acc00000, 0x00000000acc00000, 0x00000000acd00000|  0%| F|  |TAMS 0x00000000acc00000, 0x00000000acc00000| Untracked 
| 175|0x00000000acd00000, 0x00000000acd00000, 0x00000000ace00000|  0%| F|  |TAMS 0x00000000acd00000, 0x00000000acd00000| Untracked 
| 176|0x00000000ace00000, 0x00000000ace00000, 0x00000000acf00000|  0%| F|  |TAMS 0x00000000ace00000, 0x00000000ace00000| Untracked 
| 177|0x00000000acf00000, 0x00000000acf00000, 0x00000000ad000000|  0%| F|  |TAMS 0x00000000acf00000, 0x00000000acf00000| Untracked 
| 178|0x00000000ad000000, 0x00000000ad000000, 0x00000000ad100000|  0%| F|  |TAMS 0x00000000ad000000, 0x00000000ad000000| Untracked 
| 179|0x00000000ad100000, 0x00000000ad100000, 0x00000000ad200000|  0%| F|  |TAMS 0x00000000ad100000, 0x00000000ad100000| Untracked 
| 180|0x00000000ad200000, 0x00000000ad200000, 0x00000000ad300000|  0%| F|  |TAMS 0x00000000ad200000, 0x00000000ad200000| Untracked 
| 181|0x00000000ad300000, 0x00000000ad300000, 0x00000000ad400000|  0%| F|  |TAMS 0x00000000ad300000, 0x00000000ad300000| Untracked 
| 182|0x00000000ad400000, 0x00000000ad400000, 0x00000000ad500000|  0%| F|  |TAMS 0x00000000ad400000, 0x00000000ad400000| Untracked 
| 183|0x00000000ad500000, 0x00000000ad500000, 0x00000000ad600000|  0%| F|  |TAMS 0x00000000ad500000, 0x00000000ad500000| Untracked 
| 184|0x00000000ad600000, 0x00000000ad600000, 0x00000000ad700000|  0%| F|  |TAMS 0x00000000ad600000, 0x00000000ad600000| Untracked 
| 185|0x00000000ad700000, 0x00000000ad700000, 0x00000000ad800000|  0%| F|  |TAMS 0x00000000ad700000, 0x00000000ad700000| Untracked 
| 186|0x00000000ad800000, 0x00000000ad800000, 0x00000000ad900000|  0%| F|  |TAMS 0x00000000ad800000, 0x00000000ad800000| Untracked 
| 187|0x00000000ad900000, 0x00000000ad900000, 0x00000000ada00000|  0%| F|  |TAMS 0x00000000ad900000, 0x00000000ad900000| Untracked 
| 188|0x00000000ada00000, 0x00000000ada00000, 0x00000000adb00000|  0%| F|  |TAMS 0x00000000ada00000, 0x00000000ada00000| Untracked 
| 189|0x00000000adb00000, 0x00000000adb00000, 0x00000000adc00000|  0%| F|  |TAMS 0x00000000adb00000, 0x00000000adb00000| Untracked 
| 190|0x00000000adc00000, 0x00000000adc00000, 0x00000000add00000|  0%| F|  |TAMS 0x00000000adc00000, 0x00000000adc00000| Untracked 
| 191|0x00000000add00000, 0x00000000add00000, 0x00000000ade00000|  0%| F|  |TAMS 0x00000000add00000, 0x00000000add00000| Untracked 
| 192|0x00000000ade00000, 0x00000000ade00000, 0x00000000adf00000|  0%| F|  |TAMS 0x00000000ade00000, 0x00000000ade00000| Untracked 
| 193|0x00000000adf00000, 0x00000000adf00000, 0x00000000ae000000|  0%| F|  |TAMS 0x00000000adf00000, 0x00000000adf00000| Untracked 
| 194|0x00000000ae000000, 0x00000000ae000000, 0x00000000ae100000|  0%| F|  |TAMS 0x00000000ae000000, 0x00000000ae000000| Untracked 
| 195|0x00000000ae100000, 0x00000000ae100000, 0x00000000ae200000|  0%| F|  |TAMS 0x00000000ae100000, 0x00000000ae100000| Untracked 
| 196|0x00000000ae200000, 0x00000000ae200000, 0x00000000ae300000|  0%| F|  |TAMS 0x00000000ae200000, 0x00000000ae200000| Untracked 
| 197|0x00000000ae300000, 0x00000000ae300000, 0x00000000ae400000|  0%| F|  |TAMS 0x00000000ae300000, 0x00000000ae300000| Untracked 
| 198|0x00000000ae400000, 0x00000000ae400000, 0x00000000ae500000|  0%| F|  |TAMS 0x00000000ae400000, 0x00000000ae400000| Untracked 
| 199|0x00000000ae500000, 0x00000000ae500000, 0x00000000ae600000|  0%| F|  |TAMS 0x00000000ae500000, 0x00000000ae500000| Untracked 
| 200|0x00000000ae600000, 0x00000000ae600000, 0x00000000ae700000|  0%| F|  |TAMS 0x00000000ae600000, 0x00000000ae600000| Untracked 
| 201|0x00000000ae700000, 0x00000000ae700000, 0x00000000ae800000|  0%| F|  |TAMS 0x00000000ae700000, 0x00000000ae700000| Untracked 
| 202|0x00000000ae800000, 0x00000000ae800000, 0x00000000ae900000|  0%| F|  |TAMS 0x00000000ae800000, 0x00000000ae800000| Untracked 
| 203|0x00000000ae900000, 0x00000000ae900000, 0x00000000aea00000|  0%| F|  |TAMS 0x00000000ae900000, 0x00000000ae900000| Untracked 
| 204|0x00000000aea00000, 0x00000000aea00000, 0x00000000aeb00000|  0%| F|  |TAMS 0x00000000aea00000, 0x00000000aea00000| Untracked 
| 205|0x00000000aeb00000, 0x00000000aeb00000, 0x00000000aec00000|  0%| F|  |TAMS 0x00000000aeb00000, 0x00000000aeb00000| Untracked 

Card table byte_map: [0x0000021afaee0000,0x0000021afb1e0000] _byte_map_base: 0x0000021afa9d1000

Marking Bits (Prev, Next): (CMBitMap*) 0x0000021af8d4fc30, (CMBitMap*) 0x0000021af8d4fc70
 Prev Bits: [0x0000021afb4e0000, 0x0000021afcc68000)
 Next Bits: [0x0000021afcc70000, 0x0000021afe3f8000)

Polling page: 0x0000021af8dc0000

Metaspace:

Usage:
  Non-class:     11.31 MB used.
      Class:      1.43 MB used.
       Both:     12.74 MB used.

Virtual space:
  Non-class space:       64.00 MB reserved,      11.44 MB ( 18%) committed,  1 nodes.
      Class space:        1.00 GB reserved,       1.56 MB ( <1%) committed,  1 nodes.
             Both:        1.06 GB reserved,      13.00 MB (  1%) committed. 

Chunk freelists:
   Non-Class:  385.00 KB
       Class:  2.48 MB
        Both:  2.86 MB

MaxMetaspaceSize: unlimited
CompressedClassSpaceSize: 1.00 GB
Initial GC threshold: 21.00 MB
Current GC threshold: 21.00 MB
CDS: on
MetaspaceReclaimPolicy: balanced
 - commit_granule_bytes: 65536.
 - commit_granule_words: 8192.
 - virtual_space_node_default_size: 8388608.
 - enlarge_chunks_in_place: 1.
 - new_chunks_are_fully_committed: 0.
 - uncommit_free_chunks: 1.
 - use_allocation_guard: 0.


Internal statistics:

num_allocs_failed_limit: 0.
num_arena_births: 254.
num_arena_deaths: 0.
num_vsnodes_births: 2.
num_vsnodes_deaths: 0.
num_space_committed: 208.
num_space_uncommitted: 0.
num_chunks_returned_to_freelist: 0.
num_chunks_taken_from_freelist: 341.
num_chunk_merges: 0.
num_chunk_splits: 210.
num_chunks_enlarged: 112.
num_inconsistent_stats: 0.

CodeHeap 'non-profiled nmethods': size=120000Kb used=935Kb max_used=935Kb free=119065Kb
 bounds [0x0000021a8f970000, 0x0000021a8fbe0000, 0x0000021a96ea0000]
CodeHeap 'profiled nmethods': size=120000Kb used=4995Kb max_used=4995Kb free=115005Kb
 bounds [0x0000021a87ea0000, 0x0000021a88390000, 0x0000021a8f3d0000]
CodeHeap 'non-nmethods': size=5760Kb used=1418Kb max_used=1496Kb free=4341Kb
 bounds [0x0000021a8f3d0000, 0x0000021a8f640000, 0x0000021a8f970000]
 total_blobs=3242 nmethods=2570 adapters=581
 compilation: enabled
              stopped_count=0, restarted_count=0
 full_count=0

Compilation events (20 events):
Event: 38.983 Thread 0x0000021afea099a0 nmethod 2579 0x0000021a8fa48990 code [0x0000021a8fa48ec0, 0x0000021a8fa52418]
Event: 38.984 Thread 0x0000021afea099a0 2582       4       vistas.Estadisticas::calcular_tell (76 bytes)
Event: 38.989 Thread 0x0000021afea099a0 nmethod 2582 0x0000021a8fa55a90 code [0x0000021a8fa55c20, 0x0000021a8fa55e18]
Event: 38.989 Thread 0x0000021afea099a0 2589 %     4       java.util.ArrayList::clear @ 27 (43 bytes)
Event: 38.991 Thread 0x0000021afea099a0 nmethod 2589% 0x0000021a8fa56010 code [0x0000021a8fa561a0, 0x0000021a8fa56318]
Event: 38.991 Thread 0x0000021afea099a0 2545       4       java.util.ArrayList::isEmpty (13 bytes)
Event: 38.991 Thread 0x0000021afea099a0 nmethod 2545 0x0000021a8fa56410 code [0x0000021a8fa56580, 0x0000021a8fa56618]
Event: 38.991 Thread 0x0000021afea099a0 2543       4       java.lang.StringConcatHelper::mix (27 bytes)
Event: 38.992 Thread 0x0000021afea099a0 nmethod 2543 0x0000021a8fa56710 code [0x0000021a8fa568a0, 0x0000021a8fa56958]
Event: 38.992 Thread 0x0000021afea099a0 2590       4       java.util.ArrayList::clear (43 bytes)
Event: 38.998 Thread 0x0000021afea099a0 nmethod 2590 0x0000021a8fa56a90 code [0x0000021a8fa56c20, 0x0000021a8fa56ef8]
Event: 38.998 Thread 0x0000021afea099a0 2558       4       java.lang.Math::random (7 bytes)
Event: 39.000 Thread 0x0000021afea099a0 nmethod 2558 0x0000021a8fa57010 code [0x0000021a8fa571c0, 0x0000021a8fa57318]
Event: 39.000 Thread 0x0000021afea099a0 2562  s    4       java.util.Vector::insertElementAt (103 bytes)
Event: 39.005 Thread 0x0000021afea099a0 nmethod 2562 0x0000021a8fa57490 code [0x0000021a8fa57640, 0x0000021a8fa57c08]
Event: 39.006 Thread 0x0000021afea099a0 2566       4       javax.swing.table.AbstractTableModel::fireTableRowsInserted (17 bytes)
Event: 39.007 Thread 0x0000021afea099a0 nmethod 2566 0x0000021a8fa57e10 code [0x0000021a8fa57fa0, 0x0000021a8fa580c8]
Event: 39.007 Thread 0x0000021afea099a0 2568       4       javax.swing.table.DefaultTableModel::addRow (9 bytes)
Event: 39.031 Thread 0x0000021afea099a0 nmethod 2568 0x0000021a8fa58190 code [0x0000021a8fa583a0, 0x0000021a8fa594d0]
Event: 39.031 Thread 0x0000021afea099a0 2594       4       vistas.Estadisticas::obtener_objeto_salida (371 bytes)

GC Heap History (20 events):
Event: 3.168 GC heap after
{Heap after GC invocations=1 (full 0):
 garbage-first heap   total 98304K, used 6468K [0x00000000a1e00000, 0x0000000100000000)
  region size 1024K, 2 young (2048K), 2 survivors (2048K)
 Metaspace       used 10945K, committed 11200K, reserved 1114112K
  class space    used 1250K, committed 1344K, reserved 1048576K
}
Event: 38.010 GC heap before
{Heap before GC invocations=1 (full 0):
 garbage-first heap   total 98304K, used 20804K [0x00000000a1e00000, 0x0000000100000000)
  region size 1024K, 16 young (16384K), 2 survivors (2048K)
 Metaspace       used 13027K, committed 13312K, reserved 1114112K
  class space    used 1466K, committed 1600K, reserved 1048576K
}
Event: 38.018 GC heap after
{Heap after GC invocations=2 (full 0):
 garbage-first heap   total 98304K, used 8997K [0x00000000a1e00000, 0x0000000100000000)
  region size 1024K, 2 young (2048K), 2 survivors (2048K)
 Metaspace       used 13027K, committed 13312K, reserved 1114112K
  class space    used 1466K, committed 1600K, reserved 1048576K
}
Event: 38.205 GC heap before
{Heap before GC invocations=2 (full 0):
 garbage-first heap   total 98304K, used 56101K [0x00000000a1e00000, 0x0000000100000000)
  region size 1024K, 48 young (49152K), 2 survivors (2048K)
 Metaspace       used 13034K, committed 13312K, reserved 1114112K
  class space    used 1466K, committed 1600K, reserved 1048576K
}
Event: 38.220 GC heap after
{Heap after GC invocations=3 (full 0):
 garbage-first heap   total 98304K, used 20480K [0x00000000a1e00000, 0x0000000100000000)
  region size 1024K, 6 young (6144K), 6 survivors (6144K)
 Metaspace       used 13034K, committed 13312K, reserved 1114112K
  class space    used 1466K, committed 1600K, reserved 1048576K
}
Event: 38.318 GC heap before
{Heap before GC invocations=3 (full 0):
 garbage-first heap   total 98304K, used 54272K [0x00000000a1e00000, 0x0000000100000000)
  region size 1024K, 39 young (39936K), 6 survivors (6144K)
 Metaspace       used 13036K, committed 13312K, reserved 1114112K
  class space    used 1466K, committed 1600K, reserved 1048576K
}
Event: 38.335 GC heap after
{Heap after GC invocations=4 (full 0):
 garbage-first heap   total 98304K, used 29552K [0x00000000a1e00000, 0x0000000100000000)
  region size 1024K, 5 young (5120K), 5 survivors (5120K)
 Metaspace       used 13036K, committed 13312K, reserved 1114112K
  class space    used 1466K, committed 1600K, reserved 1048576K
}
Event: 38.399 GC heap before
{Heap before GC invocations=4 (full 0):
 garbage-first heap   total 98304K, used 60272K [0x00000000a1e00000, 0x0000000100000000)
  region size 1024K, 35 young (35840K), 5 survivors (5120K)
 Metaspace       used 13042K, committed 13312K, reserved 1114112K
  class space    used 1466K, committed 1600K, reserved 1048576K
}
Event: 38.417 GC heap after
{Heap after GC invocations=5 (full 0):
 garbage-first heap   total 98304K, used 37888K [0x00000000a1e00000, 0x0000000100000000)
  region size 1024K, 5 young (5120K), 5 survivors (5120K)
 Metaspace       used 13042K, committed 13312K, reserved 1114112K
  class space    used 1466K, committed 1600K, reserved 1048576K
}
Event: 38.478 GC heap before
{Heap before GC invocations=5 (full 0):
 garbage-first heap   total 98304K, used 66560K [0x00000000a1e00000, 0x0000000100000000)
  region size 1024K, 33 young (33792K), 5 survivors (5120K)
 Metaspace       used 13043K, committed 13312K, reserved 1114112K
  class space    used 1466K, committed 1600K, reserved 1048576K
}
Event: 38.491 GC heap after
{Heap after GC invocations=6 (full 0):
 garbage-first heap   total 98304K, used 46080K [0x00000000a1e00000, 0x0000000100000000)
  region size 1024K, 5 young (5120K), 5 survivors (5120K)
 Metaspace       used 13043K, committed 13312K, reserved 1114112K
  class space    used 1466K, committed 1600K, reserved 1048576K
}
Event: 38.541 GC heap before
{Heap before GC invocations=6 (full 0):
 garbage-first heap   total 98304K, used 70656K [0x00000000a1e00000, 0x0000000100000000)
  region size 1024K, 29 young (29696K), 5 survivors (5120K)
 Metaspace       used 13043K, committed 13312K, reserved 1114112K
  class space    used 1466K, committed 1600K, reserved 1048576K
}
Event: 38.553 GC heap after
{Heap after GC invocations=7 (full 0):
 garbage-first heap   total 210944K, used 52593K [0x00000000a1e00000, 0x0000000100000000)
  region size 1024K, 4 young (4096K), 4 survivors (4096K)
 Metaspace       used 13043K, committed 13312K, reserved 1114112K
  class space    used 1466K, committed 1600K, reserved 1048576K
}
Event: 38.779 GC heap before
{Heap before GC invocations=7 (full 0):
 garbage-first heap   total 210944K, used 141681K [0x00000000a1e00000, 0x0000000100000000)
  region size 1024K, 90 young (92160K), 4 survivors (4096K)
 Metaspace       used 13043K, committed 13312K, reserved 1114112K
  class space    used 1466K, committed 1600K, reserved 1048576K
}
Event: 38.806 GC heap after
{Heap after GC invocations=8 (full 0):
 garbage-first heap   total 210944K, used 76135K [0x00000000a1e00000, 0x0000000100000000)
  region size 1024K, 12 young (12288K), 12 survivors (12288K)
 Metaspace       used 13043K, committed 13312K, reserved 1114112K
  class space    used 1466K, committed 1600K, reserved 1048576K
}
Event: 38.927 GC heap before
{Heap before GC invocations=8 (full 0):
 garbage-first heap   total 210944K, used 140647K [0x00000000a1e00000, 0x0000000100000000)
  region size 1024K, 75 young (76800K), 12 survivors (12288K)
 Metaspace       used 13043K, committed 13312K, reserved 1114112K
  class space    used 1466K, committed 1600K, reserved 1048576K
}
Event: 38.957 GC heap after
{Heap after GC invocations=9 (full 0):
 garbage-first heap   total 210944K, used 93184K [0x00000000a1e00000, 0x0000000100000000)
  region size 1024K, 10 young (10240K), 10 survivors (10240K)
 Metaspace       used 13043K, committed 13312K, reserved 1114112K
  class space    used 1466K, committed 1600K, reserved 1048576K
}
Event: 39.059 GC heap before
{Heap before GC invocations=9 (full 0):
 garbage-first heap   total 210944K, used 150528K [0x00000000a1e00000, 0x0000000100000000)
  region size 1024K, 66 young (67584K), 10 survivors (10240K)
 Metaspace       used 13043K, committed 13312K, reserved 1114112K
  class space    used 1466K, committed 1600K, reserved 1048576K
}
Event: 39.081 GC heap after
{Heap after GC invocations=10 (full 0):
 garbage-first heap   total 210944K, used 108032K [0x00000000a1e00000, 0x0000000100000000)
  region size 1024K, 9 young (9216K), 9 survivors (9216K)
 Metaspace       used 13043K, committed 13312K, reserved 1114112K
  class space    used 1466K, committed 1600K, reserved 1048576K
}
Event: 39.162 GC heap before
{Heap before GC invocations=10 (full 0):
 garbage-first heap   total 210944K, used 158208K [0x00000000a1e00000, 0x0000000100000000)
  region size 1024K, 58 young (59392K), 9 survivors (9216K)
 Metaspace       used 13043K, committed 13312K, reserved 1114112K
  class space    used 1466K, committed 1600K, reserved 1048576K
}

Dll operation events (9 events):
Event: 0.006 Loaded shared library C:\Program Files\Java\jdk-19\bin\java.dll
Event: 0.015 Loaded shared library C:\Program Files\Java\jdk-19\bin\jsvml.dll
Event: 0.097 Loaded shared library C:\Program Files\Java\jdk-19\bin\jimage.dll
Event: 0.105 Loaded shared library C:\Program Files\Java\jdk-19\bin\net.dll
Event: 0.107 Loaded shared library C:\Program Files\Java\jdk-19\bin\nio.dll
Event: 0.109 Loaded shared library C:\Program Files\Java\jdk-19\bin\zip.dll
Event: 0.132 Loaded shared library C:\Program Files\Java\jdk-19\bin\awt.dll
Event: 0.713 Loaded shared library C:\Program Files\Java\jdk-19\bin\freetype.dll
Event: 0.714 Loaded shared library C:\Program Files\Java\jdk-19\bin\fontmanager.dll

Deoptimization events (20 events):
Event: 26.906 Thread 0x0000021a9d3cc1b0 DEOPT PACKING pc=0x0000021a8fa1f33c sp=0x000000636cafe200
Event: 26.906 Thread 0x0000021a9d3cc1b0 DEOPT UNPACKING pc=0x0000021a8f436da3 sp=0x000000636cafe178 mode 2
Event: 38.162 Thread 0x0000021a9d3cc1b0 Uncommon trap: trap_request=0xffffffde fr.pc=0x0000021a8fa3cfc8 relative=0x0000000000000128
Event: 38.162 Thread 0x0000021a9d3cc1b0 Uncommon trap: reason=class_check action=maybe_recompile pc=0x0000021a8fa3cfc8 method=jdk.internal.misc.Unsafe.allocateUninitializedArray(Ljava/lang/Class;I)Ljava/lang/Object; @ 51 c2
Event: 38.162 Thread 0x0000021a9d3cc1b0 DEOPT PACKING pc=0x0000021a8fa3cfc8 sp=0x000000636cafe080
Event: 38.162 Thread 0x0000021a9d3cc1b0 DEOPT UNPACKING pc=0x0000021a8f436da3 sp=0x000000636cafe008 mode 2
Event: 38.162 Thread 0x0000021a9d3cc1b0 Uncommon trap: trap_request=0xffffffde fr.pc=0x0000021a8fa3cfc8 relative=0x0000000000000128
Event: 38.162 Thread 0x0000021a9d3cc1b0 Uncommon trap: reason=class_check action=maybe_recompile pc=0x0000021a8fa3cfc8 method=jdk.internal.misc.Unsafe.allocateUninitializedArray(Ljava/lang/Class;I)Ljava/lang/Object; @ 51 c2
Event: 38.162 Thread 0x0000021a9d3cc1b0 DEOPT PACKING pc=0x0000021a8fa3cfc8 sp=0x000000636cafe080
Event: 38.162 Thread 0x0000021a9d3cc1b0 DEOPT UNPACKING pc=0x0000021a8f436da3 sp=0x000000636cafe008 mode 2
Event: 38.162 Thread 0x0000021a9d3cc1b0 Uncommon trap: trap_request=0xffffffde fr.pc=0x0000021a8fa3cfc8 relative=0x0000000000000128
Event: 38.162 Thread 0x0000021a9d3cc1b0 Uncommon trap: reason=class_check action=maybe_recompile pc=0x0000021a8fa3cfc8 method=jdk.internal.misc.Unsafe.allocateUninitializedArray(Ljava/lang/Class;I)Ljava/lang/Object; @ 51 c2
Event: 38.162 Thread 0x0000021a9d3cc1b0 DEOPT PACKING pc=0x0000021a8fa3cfc8 sp=0x000000636cafe080
Event: 38.162 Thread 0x0000021a9d3cc1b0 DEOPT UNPACKING pc=0x0000021a8f436da3 sp=0x000000636cafe008 mode 2
Event: 38.162 Thread 0x0000021a9d3cc1b0 Uncommon trap: trap_request=0xffffffde fr.pc=0x0000021a8fa3cfc8 relative=0x0000000000000128
Event: 38.162 Thread 0x0000021a9d3cc1b0 Uncommon trap: reason=class_check action=maybe_recompile pc=0x0000021a8fa3cfc8 method=jdk.internal.misc.Unsafe.allocateUninitializedArray(Ljava/lang/Class;I)Ljava/lang/Object; @ 51 c2
Event: 38.162 Thread 0x0000021a9d3cc1b0 DEOPT PACKING pc=0x0000021a8fa3cfc8 sp=0x000000636cafe080
Event: 38.162 Thread 0x0000021a9d3cc1b0 DEOPT UNPACKING pc=0x0000021a8f436da3 sp=0x000000636cafe008 mode 2
Event: 38.992 Thread 0x0000021a9d3cc1b0 DEOPT PACKING pc=0x0000021a8822783c sp=0x000000636cafe0e0
Event: 38.992 Thread 0x0000021a9d3cc1b0 DEOPT UNPACKING pc=0x0000021a8f437543 sp=0x000000636cafd568 mode 0

Classes loaded (20 events):
Event: 24.868 Loading class javax/swing/JComponent$ActionStandin
Event: 24.868 Loading class javax/swing/JComponent$ActionStandin done
Event: 26.484 Loading class javax/swing/plaf/basic/BasicRootPaneUI$Actions
Event: 26.486 Loading class javax/swing/plaf/basic/BasicRootPaneUI$Actions done
Event: 26.486 Loading class jdk/internal/event/ThreadSleepEvent
Event: 26.486 Loading class jdk/internal/event/Event
Event: 26.486 Loading class jdk/internal/event/Event done
Event: 26.486 Loading class jdk/internal/event/ThreadSleepEvent done
Event: 26.907 Loading class java/io/PrintWriter
Event: 26.907 Loading class java/io/PrintWriter done
Event: 26.907 Loading class java/io/PrintWriter$1
Event: 26.907 Loading class jdk/internal/access/JavaIOPrintWriterAccess
Event: 26.907 Loading class jdk/internal/access/JavaIOPrintWriterAccess done
Event: 26.907 Loading class java/io/PrintWriter$1 done
Event: 26.921 Loading class java/io/FileOutputStream$1
Event: 26.921 Loading class java/io/FileOutputStream$1 done
Event: 37.930 Loading class java/lang/Math$RandomNumberGeneratorHolder
Event: 37.930 Loading class java/lang/Math$RandomNumberGeneratorHolder done
Event: 38.018 Loading class sun/awt/shell/Win32ShellFolder2$FolderDisposer$1
Event: 38.018 Loading class sun/awt/shell/Win32ShellFolder2$FolderDisposer$1 done

Classes unloaded (0 events):
No events

Classes redefined (0 events):
No events

Internal exceptions (18 events):
Event: 0.118 Thread 0x0000021af8cfef80 Exception <a 'java/lang/ClassNotFoundException'{0x00000000a7cb9d30}: sun/awt/resources/spi/awtProvider> (0x00000000a7cb9d30) 
thrown [s\open\src\hotspot\share\classfile\systemDictionary.cpp, line 255]
Event: 0.154 Thread 0x0000021af8cfef80 Exception <a 'java/io/FileNotFoundException'{0x00000000a7b13678}> (0x00000000a7b13678) 
thrown [s\open\src\hotspot\share\prims\jni.cpp, line 517]
Event: 0.167 Thread 0x0000021af8cfef80 Exception <a 'java/io/FileNotFoundException'{0x00000000a7b3fc10}> (0x00000000a7b3fc10) 
thrown [s\open\src\hotspot\share\prims\jni.cpp, line 517]
Event: 0.235 Thread 0x0000021af8cfef80 Exception <a 'java/lang/NoSuchMethodError'{0x00000000a7b8a238}: 'java.lang.Object java.lang.invoke.DirectMethodHandle$Holder.invokeStaticInit(java.lang.Object)'> (0x00000000a7b8a238) 
thrown [s\open\src\hotspot\share\interpreter\linkResolver.cpp, line 774]
Event: 0.291 Thread 0x0000021af8cfef80 Exception <a 'java/lang/NoSuchMethodError'{0x00000000a7a5a5a0}: 'void java.lang.invoke.DirectMethodHandle$Holder.invokeSpecial(java.lang.Object, java.lang.Object, java.lang.Object)'> (0x00000000a7a5a5a0) 
thrown [s\open\src\hotspot\share\interpreter\linkResolver.cpp, line 774]
Event: 0.307 Thread 0x0000021af8cfef80 Exception <a 'java/lang/NoSuchMethodError'{0x00000000a7a851b0}: 'java.lang.Object java.lang.invoke.DirectMethodHandle$Holder.newInvokeSpecial(java.lang.Object, java.lang.Object, java.lang.Object, java.lang.Object, java.lang.Object)'> (0x00000000a7a851b0) 
thrown [s\open\src\hotspot\share\interpreter\linkResolver.cpp, line 774]
Event: 0.320 Thread 0x0000021af8cfef80 Exception <a 'java/lang/NoSuchMethodError'{0x00000000a7ab6ea0}: 'java.lang.Object java.lang.invoke.DirectMethodHandle$Holder.invokeStatic(java.lang.Object, int, java.lang.Object)'> (0x00000000a7ab6ea0) 
thrown [s\open\src\hotspot\share\interpreter\linkResolver.cpp, line 774]
Event: 0.368 Thread 0x0000021af8cfef80 Exception <a 'java/lang/ClassNotFoundException'{0x00000000a79aa400}: com/sun/swing/internal/plaf/metal/resources/spi/metalProvider> (0x00000000a79aa400) 
thrown [s\open\src\hotspot\share\classfile\systemDictionary.cpp, line 255]
Event: 0.369 Thread 0x0000021af8cfef80 Exception <a 'java/lang/ClassNotFoundException'{0x00000000a79ae400}: com/sun/swing/internal/plaf/basic/resources/spi/basicProvider> (0x00000000a79ae400) 
thrown [s\open\src\hotspot\share\classfile\systemDictionary.cpp, line 255]
Event: 0.383 Thread 0x0000021af8cfef80 Exception <a 'java/lang/NoSuchMethodError'{0x00000000a79ce998}: 'int java.lang.invoke.Invokers$Holder.invokeExact_MT(java.lang.Object, java.lang.Object)'> (0x00000000a79ce998) 
thrown [s\open\src\hotspot\share\interpreter\linkResolver.cpp, line 774]
Event: 0.541 Thread 0x0000021af8cfef80 Exception <a 'java/lang/NoSuchMethodError'{0x00000000a78ca478}: 'void java.lang.invoke.DirectMethodHandle$Holder.invokeStatic(java.lang.Object, java.lang.Object, java.lang.Object)'> (0x00000000a78ca478) 
thrown [s\open\src\hotspot\share\interpreter\linkResolver.cpp, line 774]
Event: 0.542 Thread 0x0000021af8cfef80 Exception <a 'java/lang/NoSuchMethodError'{0x00000000a78d0850}: 'void java.lang.invoke.DirectMethodHandle$Holder.invokeStatic(java.lang.Object, java.lang.Object)'> (0x00000000a78d0850) 
thrown [s\open\src\hotspot\share\interpreter\linkResolver.cpp, line 774]
Event: 0.707 Thread 0x0000021af8cfef80 Exception <a 'java/lang/NoSuchMethodError'{0x00000000a76ee1d0}: 'void java.lang.invoke.DirectMethodHandle$Holder.invokeStaticInit(java.lang.Object)'> (0x00000000a76ee1d0) 
thrown [s\open\src\hotspot\share\interpreter\linkResolver.cpp, line 774]
Event: 0.793 Thread 0x0000021a9d2e3520 Exception <a 'java/lang/NoSuchMethodError'{0x00000000a7a0fcf0}: 'void java.lang.invoke.DirectMethodHandle$Holder.invokeVirtual(java.lang.Object, java.lang.Object)'> (0x00000000a7a0fcf0) 
thrown [s\open\src\hotspot\share\interpreter\linkResolver.cpp, line 774]
Event: 3.136 Thread 0x0000021a9e506a50 Exception <a 'java/lang/NoSuchMethodError'{0x00000000a7150548}: 'java.lang.Object java.lang.invoke.DirectMethodHandle$Holder.newInvokeSpecial(java.lang.Object, java.lang.Object, java.lang.Object, int, int, int, int, int)'> (0x00000000a7150548) 
thrown [s\open\src\hotspot\share\interpreter\linkResolver.cpp, line 774]
Event: 3.148 Thread 0x0000021a9d3cc1b0 Implicit null exception at 0x0000021a8f9cd2b5 to 0x0000021a8f9ceb00
Event: 3.664 Thread 0x0000021a9d3cc1b0 Exception <a 'java/lang/NoSuchMethodError'{0x00000000a7df6038}: 'int java.lang.invoke.DirectMethodHandle$Holder.invokeSpecial(java.lang.Object, java.lang.Object, java.lang.Object)'> (0x00000000a7df6038) 
thrown [s\open\src\hotspot\share\interpreter\linkResolver.cpp, line 774]
Event: 3.731 Thread 0x0000021a9d3cc1b0 Exception <a 'java/lang/NoSuchMethodError'{0x00000000a7c216a0}: 'int java.lang.invoke.DirectMethodHandle$Holder.invokeStatic(java.lang.Object)'> (0x00000000a7c216a0) 
thrown [s\open\src\hotspot\share\interpreter\linkResolver.cpp, line 774]

VM Operations (20 events):
Event: 36.809 Executing VM operation: Cleanup done
Event: 38.010 Executing VM operation: G1CollectForAllocation
Event: 38.018 Executing VM operation: G1CollectForAllocation done
Event: 38.205 Executing VM operation: G1CollectForAllocation
Event: 38.220 Executing VM operation: G1CollectForAllocation done
Event: 38.317 Executing VM operation: G1CollectForAllocation
Event: 38.335 Executing VM operation: G1CollectForAllocation done
Event: 38.399 Executing VM operation: G1CollectForAllocation
Event: 38.417 Executing VM operation: G1CollectForAllocation done
Event: 38.478 Executing VM operation: G1CollectForAllocation
Event: 38.491 Executing VM operation: G1CollectForAllocation done
Event: 38.541 Executing VM operation: G1CollectForAllocation
Event: 38.553 Executing VM operation: G1CollectForAllocation done
Event: 38.779 Executing VM operation: G1CollectForAllocation
Event: 38.806 Executing VM operation: G1CollectForAllocation done
Event: 38.927 Executing VM operation: G1CollectForAllocation
Event: 38.957 Executing VM operation: G1CollectForAllocation done
Event: 39.059 Executing VM operation: G1CollectForAllocation
Event: 39.081 Executing VM operation: G1CollectForAllocation done
Event: 39.162 Executing VM operation: G1CollectForAllocation

Events (20 events):
Event: 0.236 Thread 0x0000021a9d2d9f30 Thread added: 0x0000021a9d2d9f30
Event: 0.237 Thread 0x0000021a9d2dd100 Thread added: 0x0000021a9d2dd100
Event: 0.241 Thread 0x0000021a9d2e3520 Thread added: 0x0000021a9d2e3520
Event: 0.467 Thread 0x0000021a9d3cc1b0 Thread added: 0x0000021a9d3cc1b0
Event: 0.880 Thread 0x0000021af8cfef80 Thread exited: 0x0000021af8cfef80
Event: 0.880 Thread 0x0000021af8cfef80 Thread added: 0x0000021af8cfef80
Event: 3.134 Thread 0x0000021a9e506a50 Thread added: 0x0000021a9e506a50
Event: 3.141 Thread 0x0000021a9e4f9790 Thread added: 0x0000021a9e4f9790
Event: 3.161 Thread 0x0000021a9e4f8cf0 Thread added: 0x0000021a9e4f8cf0
Event: 3.680 Thread 0x0000021a9e4fa780 Thread added: 0x0000021a9e4fa780
Event: 3.691 Thread 0x0000021a9e4fa780 Thread exited: 0x0000021a9e4fa780
Event: 3.716 Thread 0x0000021a9e4facd0 Thread added: 0x0000021a9e4facd0
Event: 3.729 Thread 0x0000021a9e4facd0 Thread exited: 0x0000021a9e4facd0
Event: 3.792 Thread 0x0000021a9e4fb220 Thread added: 0x0000021a9e4fb220
Event: 8.144 Thread 0x0000021a9e506a50 Thread exited: 0x0000021a9e506a50
Event: 10.844 Thread 0x0000021a9e4f9790 Thread exited: 0x0000021a9e4f9790
Event: 23.957 Thread 0x0000021a9e4facd0 Thread added: 0x0000021a9e4facd0
Event: 26.906 Thread 0x0000021a9e4fa780 Thread added: 0x0000021a9e4fa780
Event: 26.909 Thread 0x0000021a9e4fa780 Thread exited: 0x0000021a9e4fa780
Event: 28.958 Thread 0x0000021a9e4facd0 Thread exited: 0x0000021a9e4facd0


Dynamic libraries:
0x00007ff620750000 - 0x00007ff620760000 	C:\Program Files\Java\jdk-19\bin\java.exe
0x00007ffe44310000 - 0x00007ffe444fd000 	C:\Windows\SYSTEM32\ntdll.dll
0x00007ffe43170000 - 0x00007ffe43223000 	C:\Windows\System32\KERNEL32.DLL
0x00007ffe412a0000 - 0x00007ffe4153a000 	C:\Windows\System32\KERNELBASE.dll
0x00007ffe40500000 - 0x00007ffe405fa000 	C:\Windows\System32\ucrtbase.dll
0x00007ffe3add0000 - 0x00007ffe3ade8000 	C:\Program Files\Java\jdk-19\bin\jli.dll
0x00007ffe3abd0000 - 0x00007ffe3abeb000 	C:\Program Files\Java\jdk-19\bin\VCRUNTIME140.dll
0x00007ffe41920000 - 0x00007ffe419c7000 	C:\Windows\System32\ADVAPI32.dll
0x00007ffe43bc0000 - 0x00007ffe43c5e000 	C:\Windows\System32\msvcrt.dll
0x00007ffe41880000 - 0x00007ffe4191f000 	C:\Windows\System32\sechost.dll
0x00007ffe416b0000 - 0x00007ffe417cd000 	C:\Windows\System32\RPCRT4.dll
0x00007ffe43ec0000 - 0x00007ffe44057000 	C:\Windows\System32\USER32.dll
0x00007ffe284e0000 - 0x00007ffe28759000 	C:\Windows\WinSxS\amd64_microsoft.windows.common-controls_6595b64144ccf1df_6.0.17763.3046_none_de715ebe534b36e3\COMCTL32.dll
0x00007ffe40b30000 - 0x00007ffe40b50000 	C:\Windows\System32\win32u.dll
0x00007ffe432a0000 - 0x00007ffe435cb000 	C:\Windows\System32\combase.dll
0x00007ffe41540000 - 0x00007ffe41569000 	C:\Windows\System32\GDI32.dll
0x00007ffe40800000 - 0x00007ffe4099c000 	C:\Windows\System32\gdi32full.dll
0x00007ffe409a0000 - 0x00007ffe40a22000 	C:\Windows\System32\bcryptPrimitives.dll
0x00007ffe40430000 - 0x00007ffe404d0000 	C:\Windows\System32\msvcp_win.dll
0x00007ffe3b390000 - 0x00007ffe3b39a000 	C:\Windows\SYSTEM32\VERSION.dll
0x00007ffe442b0000 - 0x00007ffe442de000 	C:\Windows\System32\IMM32.DLL
0x00007ffe3aba0000 - 0x00007ffe3abac000 	C:\Program Files\Java\jdk-19\bin\vcruntime140_1.dll
0x00007ffe16d60000 - 0x00007ffe16dee000 	C:\Program Files\Java\jdk-19\bin\msvcp140.dll
0x00007ffe01090000 - 0x00007ffe01d50000 	C:\Program Files\Java\jdk-19\bin\server\jvm.dll
0x00007ffe3dd00000 - 0x00007ffe3dd09000 	C:\Windows\SYSTEM32\WSOCK32.dll
0x00007ffe3cc50000 - 0x00007ffe3cc74000 	C:\Windows\SYSTEM32\WINMM.dll
0x00007ffe43230000 - 0x00007ffe4329d000 	C:\Windows\System32\WS2_32.dll
0x00007ffe3cc20000 - 0x00007ffe3cc4d000 	C:\Windows\SYSTEM32\WINMMBASE.dll
0x00007ffe40a30000 - 0x00007ffe40a7a000 	C:\Windows\System32\cfgmgr32.dll
0x00007ffe40330000 - 0x00007ffe40341000 	C:\Windows\System32\kernel.appcore.dll
0x00007ffe2f360000 - 0x00007ffe2f36a000 	C:\Program Files\Java\jdk-19\bin\jimage.dll
0x00007ffe23b50000 - 0x00007ffe23d3d000 	C:\Windows\SYSTEM32\DBGHELP.DLL
0x00007ffe23340000 - 0x00007ffe2336a000 	C:\Windows\SYSTEM32\dbgcore.DLL
0x00007ffe32ab0000 - 0x00007ffe32ad6000 	C:\Program Files\Java\jdk-19\bin\java.dll
0x00007ffe17810000 - 0x00007ffe178e7000 	C:\Program Files\Java\jdk-19\bin\jsvml.dll
0x00007ffe41af0000 - 0x00007ffe42fe8000 	C:\Windows\System32\SHELL32.dll
0x00007ffe43e10000 - 0x00007ffe43eb7000 	C:\Windows\System32\shcore.dll
0x00007ffe40b50000 - 0x00007ffe41298000 	C:\Windows\System32\windows.storage.dll
0x00007ffe402e0000 - 0x00007ffe40303000 	C:\Windows\System32\profapi.dll
0x00007ffe40350000 - 0x00007ffe403ad000 	C:\Windows\System32\powrprof.dll
0x00007ffe419d0000 - 0x00007ffe41a22000 	C:\Windows\System32\shlwapi.dll
0x00007ffe40410000 - 0x00007ffe40427000 	C:\Windows\System32\cryptsp.dll
0x00007ffe2ef70000 - 0x00007ffe2ef83000 	C:\Program Files\Java\jdk-19\bin\net.dll
0x00007ffe38110000 - 0x00007ffe38201000 	C:\Windows\SYSTEM32\WINHTTP.dll
0x00007ffe3fb30000 - 0x00007ffe3fb97000 	C:\Windows\system32\mswsock.dll
0x00007ffe291d0000 - 0x00007ffe291e6000 	C:\Program Files\Java\jdk-19\bin\nio.dll
0x00007ffe27c50000 - 0x00007ffe27c68000 	C:\Program Files\Java\jdk-19\bin\zip.dll
0x00007ffe17000000 - 0x00007ffe17191000 	C:\Program Files\Java\jdk-19\bin\awt.dll
0x00007ffe41570000 - 0x00007ffe41634000 	C:\Windows\System32\OLEAUT32.dll
0x00007ffe3e4f0000 - 0x00007ffe3e57c000 	C:\Windows\SYSTEM32\apphelp.dll
0x00007ffe3eb80000 - 0x00007ffe3ebae000 	C:\Windows\system32\DWMAPI.DLL
0x00007ffe40600000 - 0x00007ffe407f5000 	C:\Windows\System32\CRYPT32.dll
0x00007ffe40310000 - 0x00007ffe40322000 	C:\Windows\System32\MSASN1.dll
0x00007ffe3e5d0000 - 0x00007ffe3e66c000 	C:\Windows\system32\uxtheme.dll
0x00007ffe0ab50000 - 0x00007ffe0ac77000 	C:\Windows\system32\opengl32.dll
0x00007ffe0e910000 - 0x00007ffe0e93c000 	C:\Windows\SYSTEM32\GLU32.dll
0x00007ffe43000000 - 0x00007ffe4316b000 	C:\Windows\System32\MSCTF.dll
0x00007ffe43a60000 - 0x00007ffe43bb6000 	C:\Windows\System32\ole32.dll
0x00007ffe16440000 - 0x00007ffe164c6000 	C:\Program Files\Java\jdk-19\bin\freetype.dll
0x00007ffe16370000 - 0x00007ffe16435000 	C:\Program Files\Java\jdk-19\bin\fontmanager.dll
0x00007ffe2d760000 - 0x00007ffe2d7f3000 	C:\Windows\System32\TextInputFramework.dll
0x00007ffe3e2e0000 - 0x00007ffe3e3c1000 	C:\Windows\System32\CoreMessaging.dll
0x00007ffe3b420000 - 0x00007ffe3b742000 	C:\Windows\System32\CoreUIComponents.dll
0x00007ffe3f310000 - 0x00007ffe3f341000 	C:\Windows\SYSTEM32\ntmarta.dll
0x00007ffe3c3c0000 - 0x00007ffe3c511000 	C:\Windows\SYSTEM32\wintypes.dll
0x00007ffe417d0000 - 0x00007ffe41872000 	C:\Windows\System32\clbcatq.dll
0x00007ffe3b060000 - 0x00007ffe3b218000 	C:\Windows\SYSTEM32\WindowsCodecs.dll
0x00007ffe09770000 - 0x00007ffe097c6000 	C:\Windows\system32\dataexchange.dll
0x00007ffe3ddb0000 - 0x00007ffe3df73000 	C:\Windows\system32\dcomp.dll
0x00007ffe3d9e0000 - 0x00007ffe3dc5e000 	C:\Windows\system32\d3d11.dll
0x00007ffe3f090000 - 0x00007ffe3f152000 	C:\Windows\system32\dxgi.dll
0x00007ffe3e920000 - 0x00007ffe3eb2c000 	C:\Windows\system32\twinapi.appcore.dll
0x00007ffe3eb30000 - 0x00007ffe3eb58000 	C:\Windows\system32\RMCLIENT.dll
0x00007ffe2afc0000 - 0x00007ffe2b069000 	C:\Windows\WinSxS\amd64_microsoft.windows.common-controls_6595b64144ccf1df_5.82.17763.3046_none_6d03b51e59fc07aa\comctl32.dll
0x00007ffe3c6c0000 - 0x00007ffe3c869000 	C:\Windows\SYSTEM32\PROPSYS.dll
0x00007ffe06d40000 - 0x00007ffe06e67000 	C:\Windows\system32\NetworkExplorer.dll
0x00007ffe0a8a0000 - 0x00007ffe0a8e4000 	C:\Windows\OldNewExplorer\OldNewExplorer64.dll
0x00007ffe332a0000 - 0x00007ffe332da000 	C:\Windows\SYSTEM32\XmlLite.dll
0x00007ffe20550000 - 0x00007ffe2056b000 	C:\Windows\SYSTEM32\MPR.dll
0x00007ffe3cc90000 - 0x00007ffe3cc9b000 	C:\Windows\System32\drprov.dll
0x00007ffe3f3b0000 - 0x00007ffe3f408000 	C:\Windows\System32\WINSTA.dll
0x00007ffe3bbf0000 - 0x00007ffe3bc05000 	C:\Windows\System32\ntlanman.dll
0x00007ffe2eb20000 - 0x00007ffe2eb3d000 	C:\Windows\System32\davclnt.dll
0x00007ffe3cc80000 - 0x00007ffe3cc8c000 	C:\Windows\System32\DAVHLPR.dll
0x00007ffe3bff0000 - 0x00007ffe3c008000 	C:\Windows\System32\wkscli.dll
0x00007ffe404d0000 - 0x00007ffe404f6000 	C:\Windows\System32\bcrypt.dll
0x00007ffe28370000 - 0x00007ffe28382000 	C:\Windows\SYSTEM32\cscapi.dll
0x00007ffe3f950000 - 0x00007ffe3f95e000 	C:\Windows\System32\netutils.dll
0x00007ffe27c00000 - 0x00007ffe27c4c000 	C:\Windows\System32\dlnashext.dll
0x00007ffe25af0000 - 0x00007ffe25b54000 	C:\Windows\System32\PlayToDevice.dll
0x00007ffe26580000 - 0x00007ffe265a0000 	C:\Windows\System32\DevDispItemProvider.dll
0x00007ffe337f0000 - 0x00007ffe33860000 	C:\Windows\System32\MMDevApi.dll
0x00007ffe400e0000 - 0x00007ffe40109000 	C:\Windows\System32\DEVOBJ.dll
0x00007ffe15fb0000 - 0x00007ffe16191000 	C:\Windows\system32\wpdshext.dll
0x00007ffe255c0000 - 0x00007ffe25764000 	C:\Windows\WinSxS\amd64_microsoft.windows.gdiplus_6595b64144ccf1df_1.1.17763.3046_none_0f5c51a3adddb0b1\gdiplus.dll
0x00007ffe37370000 - 0x00007ffe37aaf000 	C:\Windows\System32\OneCoreUAPCommonProxyStub.dll
0x00007ffe3afc0000 - 0x00007ffe3b05f000 	C:\Windows\System32\PortableDeviceApi.dll
0x00007ffe435e0000 - 0x00007ffe43a5f000 	C:\Windows\System32\SETUPAPI.dll
0x00007ffe403b0000 - 0x00007ffe4040f000 	C:\Windows\System32\WINTRUST.dll
0x00007ffe08bf0000 - 0x00007ffe08c26000 	C:\Windows\System32\EhStorShell.dll
0x00007ffe26360000 - 0x00007ffe26385000 	C:\Windows\System32\EhStorAPI.dll
0x00007ffe3c5b0000 - 0x00007ffe3c5c3000 	C:\Windows\System32\WTSAPI32.dll
0x00007ffe0fc00000 - 0x00007ffe0fc0d000 	C:\Windows\SYSTEM32\LINKINFO.dll

dbghelp: loaded successfully - version: 4.0.5 - missing functions: none
symbol engine: initialized successfully - sym options: 0x614 - pdb path: .;C:\Program Files\Java\jdk-19\bin;C:\Windows\SYSTEM32;C:\Windows\WinSxS\amd64_microsoft.windows.common-controls_6595b64144ccf1df_6.0.17763.3046_none_de715ebe534b36e3;C:\Program Files\Java\jdk-19\bin\server;C:\Windows\WinSxS\amd64_microsoft.windows.common-controls_6595b64144ccf1df_5.82.17763.3046_none_6d03b51e59fc07aa;C:\Windows\OldNewExplorer;C:\Windows\WinSxS\amd64_microsoft.windows.gdiplus_6595b64144ccf1df_1.1.17763.3046_none_0f5c51a3adddb0b1

VM Arguments:
java_command: principal.principal
java_class_path (initial): C:\Users\Danvinci Studios\Documents\NetBeansProjects\simulacion_colas\target\classes;C:\Users\Danvinci Studios\.m2\repository\unknown\binary\AbsoluteLayout\SNAPSHOT\AbsoluteLayout-SNAPSHOT.jar
Launcher Type: SUN_STANDARD

[Global flags]
     intx CICompilerCount                          = 3                                         {product} {ergonomic}
     uint ConcGCThreads                            = 1                                         {product} {ergonomic}
     uint G1ConcRefinementThreads                  = 4                                         {product} {ergonomic}
   size_t G1HeapRegionSize                         = 1048576                                   {product} {ergonomic}
    uintx GCDrainStackTargetSize                   = 64                                        {product} {ergonomic}
   size_t InitialHeapSize                          = 100663296                                 {product} {ergonomic}
   size_t MarkStackSize                            = 4194304                                   {product} {ergonomic}
   size_t MaxHeapSize                              = 1579155456                                {product} {ergonomic}
   size_t MaxNewSize                               = 946864128                                 {product} {ergonomic}
   size_t MinHeapDeltaBytes                        = 1048576                                   {product} {ergonomic}
   size_t MinHeapSize                              = 8388608                                   {product} {ergonomic}
    uintx NonNMethodCodeHeapSize                   = 5832780                                {pd product} {ergonomic}
    uintx NonProfiledCodeHeapSize                  = 122912730                              {pd product} {ergonomic}
    uintx ProfiledCodeHeapSize                     = 122912730                              {pd product} {ergonomic}
    uintx ReservedCodeCacheSize                    = 251658240                              {pd product} {ergonomic}
     bool SegmentedCodeCache                       = true                                      {product} {ergonomic}
   size_t SoftMaxHeapSize                          = 1579155456                             {manageable} {ergonomic}
     bool UseCompressedClassPointers               = true                           {product lp64_product} {ergonomic}
     bool UseCompressedOops                        = true                           {product lp64_product} {ergonomic}
     bool UseG1GC                                  = true                                      {product} {ergonomic}
     bool UseLargePagesIndividualAllocation        = false                                  {pd product} {ergonomic}

Logging:
Log output configuration:
 #0: stdout all=warning uptime,level,tags foldmultilines=false
 #1: stderr all=off uptime,level,tags foldmultilines=false

Environment Variables:
JAVA_HOME=C:\Program Files\Java\jdk-19
PATH=C:\Program Files\Common Files\Oracle\Java\javapath;C:\Program Files (x86)\Common Files\Intel\Shared Libraries\redist\intel64\compiler;C:\Windows\system32;C:\Windows;C:\Windows\System32\Wbem;C:\Windows\System32\WindowsPowerShell\v1.0\;C:\Windows\System32\OpenSSH\;C:\Program Files\nodejs\;C:\Program Files\Git\cmd;C:\xampp\php;C:\ProgramData\ComposerSetup\bin;C:\Program Files\dotnet\;C:\Users\Danvinci Studios\AppData\Local\Microsoft\WindowsApps;C:\Users\Danvinci Studios\AppData\Roaming\npm;C:\Users\Danvinci Studios\AppData\Local\Programs\Microsoft VS Code\bin;C:\Users\Danvinci Studios\AppData\Roaming\Composer\vendor\bin;C:\src\sqlite-tools-win32-x86-3390200;C:\Program Files\heroku\bin;C:\Users\Danvinci Studios\AppData\Local\gitkraken\bin
USERNAME=Danvinci Studios
OS=Windows_NT
PROCESSOR_IDENTIFIER=Intel64 Family 6 Model 78 Stepping 3, GenuineIntel
TMP=C:\Users\Danvinci Studios\AppData\Local\Temp
TEMP=C:\Users\Danvinci Studios\AppData\Local\Temp



---------------  S Y S T E M  ---------------

OS:
 Windows 10 , 64 bit Build 17763 (10.0.17763.2989)
OS uptime: 2 days 11:52 hours

CPU: total 4 (initial active 4) (2 cores per cpu, 2 threads per core) family 6 model 78 stepping 3 microcode 0xd6, cx8, cmov, fxsr, ht, mmx, 3dnowpref, sse, sse2, sse3, ssse3, sse4.1, sse4.2, popcnt, lzcnt, tsc, tscinvbit, avx, avx2, aes, erms, clmul, bmi1, bmi2, adx, fma, vzeroupper, clflush, clflushopt, rdtscp

Memory: 4k page, system-wide physical 6017M (111M free)
TotalPageFile size 10113M (AvailPageFile size 67M)
current process WorkingSet (physical memory assigned to process): 299M, peak: 300M
current process commit charge ("private bytes"): 330M, peak: 575M

vm_info: Java HotSpot(TM) 64-Bit Server VM (19.0.1+10-21) for windows-amd64 JRE (19.0.1+10-21), built on 2022-09-14T12:45:06Z by "mach5one" with MS VC++ 17.1 (VS2022)

END.
