#
# There is insufficient memory for the Java Runtime Environment to continue.
# Native memory allocation (mmap) failed to map 470810624 bytes for G1 virtual space
# Possible reasons:
#   The system is out of physical RAM or swap space
#   The process is running with CompressedOops enabled, and the Java Heap may be blocking the growth of the native heap
# Possible solutions:
#   Reduce memory load on the system
#   Increase physical memory or swap space
#   Check if swap backing store is full
#   Decrease Java heap size (-Xmx/-Xms)
#   Decrease number of Java threads
#   Decrease Java thread stack sizes (-Xss)
#   Set larger code cache with -XX:ReservedCodeCacheSize=
#   JVM is running with Unscaled Compressed Oops mode in which the Java heap is
#     placed in the first 4GB address space. The Java Heap base address is the
#     maximum limit for the native heap growth. Please use -XX:HeapBaseMinAddress
#     to set the Java Heap base and to place the Java Heap above 4GB virtual address.
# This output file may be truncated or incomplete.
#
#  Out of Memory Error (os_windows.cpp:3527), pid=9056, tid=8344
#
# JRE version: Java(TM) SE Runtime Environment (19.0.1+10) (build 19.0.1+10-21)
# Java VM: Java HotSpot(TM) 64-Bit Server VM (19.0.1+10-21, mixed mode, sharing, tiered, compressed oops, compressed class ptrs, g1 gc, windows-amd64)
# No core dump will be written. Minidumps are not enabled by default on client versions of Windows
#

---------------  S U M M A R Y ------------

Command Line: principal.principal

Host: Intel(R) Core(TM) i5-6200U CPU @ 2.30GHz, 4 cores, 5G,  Windows 10 , 64 bit Build 17763 (10.0.17763.2989)
Time: Fri Jan 13 00:17:50 2023 Hora estándar de Venezuela elapsed time: 17.886688 seconds (0d 0h 0m 17s)

---------------  T H R E A D  ---------------

Current thread (0x000001e9e66f8010):  VMThread "VM Thread" [stack: 0x000000923f200000,0x000000923f300000] [id=8344]

Stack: [0x000000923f200000,0x000000923f300000]
Native frames: (J=compiled Java code, j=interpreted, Vv=VM code, C=native code)
V  [jvm.dll+0x6ee8fa]
V  [jvm.dll+0x857a1e]
V  [jvm.dll+0x85940e]
V  [jvm.dll+0x859ac3]
V  [jvm.dll+0x28291f]
V  [jvm.dll+0x6eb6e9]
V  [jvm.dll+0x6e028a]
V  [jvm.dll+0x357136]
V  [jvm.dll+0x35eb96]
V  [jvm.dll+0x3b555e]
V  [jvm.dll+0x3b578f]
V  [jvm.dll+0x32c6ea]
V  [jvm.dll+0x32c797]
V  [jvm.dll+0x374b52]
V  [jvm.dll+0x37328f]
V  [jvm.dll+0x32bf10]
V  [jvm.dll+0x372b4d]
V  [jvm.dll+0x85ef83]
V  [jvm.dll+0x85fd49]
V  [jvm.dll+0x86027d]
V  [jvm.dll+0x86070b]
V  [jvm.dll+0x8607c7]
V  [jvm.dll+0x8015fa]
V  [jvm.dll+0x6ed5eb]
C  [ucrtbase.dll+0x2268a]
C  [KERNEL32.DLL+0x17974]
C  [ntdll.dll+0x5a2f1]

VM_Operation (0x00000092402fda78): G1TryInitiateConcMark, mode: safepoint, requested by thread 0x000001e9eb83deb0


---------------  P R O C E S S  ---------------

Threads class SMR info:
_java_thread_list=0x000001e9ebbf0dd0, length=18, elements={
0x000001e9e6711960, 0x000001e9e6713760, 0x000001e9e6715030, 0x000001e9e6716b70,
0x000001e9e67194b0, 0x000001e9e6719de0, 0x000001e9e671aa40, 0x000001e9e6730460,
0x000001e9ea9627f0, 0x000001e9eaa2fc90, 0x000001e9eaa3ca70, 0x000001e9eac61330,
0x000001e9eac64500, 0x000001e9eac67500, 0x000001e9eb83deb0, 0x000001e9c7b5f950,
0x000001e9ebffaf80, 0x000001e9ebffaa30
}

Java Threads: ( => current thread )
  0x000001e9e6711960 JavaThread "Reference Handler" daemon [_thread_blocked, id=13216, stack(0x000000923f300000,0x000000923f400000)]
  0x000001e9e6713760 JavaThread "Finalizer" daemon [_thread_blocked, id=8860, stack(0x000000923f400000,0x000000923f500000)]
  0x000001e9e6715030 JavaThread "Signal Dispatcher" daemon [_thread_blocked, id=11260, stack(0x000000923f500000,0x000000923f600000)]
  0x000001e9e6716b70 JavaThread "Attach Listener" daemon [_thread_blocked, id=360, stack(0x000000923f600000,0x000000923f700000)]
  0x000001e9e67194b0 JavaThread "Service Thread" daemon [_thread_blocked, id=11388, stack(0x000000923f700000,0x000000923f800000)]
  0x000001e9e6719de0 JavaThread "Monitor Deflation Thread" daemon [_thread_blocked, id=2512, stack(0x000000923f800000,0x000000923f900000)]
  0x000001e9e671aa40 JavaThread "C2 CompilerThread0" daemon [_thread_blocked, id=12736, stack(0x000000923f900000,0x000000923fa00000)]
  0x000001e9e6730460 JavaThread "C1 CompilerThread0" daemon [_thread_blocked, id=12096, stack(0x000000923fa00000,0x000000923fb00000)]
  0x000001e9ea9627f0 JavaThread "Sweeper thread" daemon [_thread_blocked, id=3044, stack(0x000000923fb00000,0x000000923fc00000)]
  0x000001e9eaa2fc90 JavaThread "Notification Thread" daemon [_thread_blocked, id=8316, stack(0x000000923fc00000,0x000000923fd00000)]
  0x000001e9eaa3ca70 JavaThread "Common-Cleaner" daemon [_thread_blocked, id=4472, stack(0x000000923fe00000,0x000000923ff00000)]
  0x000001e9eac61330 JavaThread "Java2D Disposer" daemon [_thread_blocked, id=2884, stack(0x000000923ff00000,0x0000009240000000)]
  0x000001e9eac64500 JavaThread "AWT-Shutdown" [_thread_blocked, id=5176, stack(0x0000009240000000,0x0000009240100000)]
  0x000001e9eac67500 JavaThread "AWT-Windows" daemon [_thread_blocked, id=12536, stack(0x0000009240100000,0x0000009240200000)]
  0x000001e9eb83deb0 JavaThread "AWT-EventQueue-0" [_thread_blocked, id=11176, stack(0x0000009240200000,0x0000009240300000)]
  0x000001e9c7b5f950 JavaThread "DestroyJavaVM" [_thread_blocked, id=7536, stack(0x000000923ec00000,0x000000923ed00000)]
  0x000001e9ebffaf80 JavaThread "Swing-Shell" daemon [_thread_blocked, id=2220, stack(0x0000009240700000,0x0000009240800000)]
  0x000001e9ebffaa30 JavaThread "TimerQueue" daemon [_thread_blocked, id=816, stack(0x0000009240e00000,0x0000009240f00000)]

Other Threads:
=>0x000001e9e66f8010 VMThread "VM Thread" [stack: 0x000000923f200000,0x000000923f300000] [id=8344]
  0x000001e9eaa3c610 WatcherThread "VM Periodic Task Thread" [stack: 0x000000923fd00000,0x000000923fe00000] [id=3428]
  0x000001e9c7bb0720 WorkerThread "GC Thread#0" [stack: 0x000000923ed00000,0x000000923ee00000] [id=13256]
  0x000001e9ebfff6a0 WorkerThread "GC Thread#1" [stack: 0x0000009240800000,0x0000009240900000] [id=9576]
  0x000001e9ece743c0 WorkerThread "GC Thread#2" [stack: 0x0000009240900000,0x0000009240a00000] [id=12600]
  0x000001e9ece740f0 WorkerThread "GC Thread#3" [stack: 0x0000009240a00000,0x0000009240b00000] [id=12180]
  0x000001e9c7bbd460 ConcurrentGCThread "G1 Main Marker" [stack: 0x000000923ee00000,0x000000923ef00000] [id=12236]
  0x000001e9c7bbea50 WorkerThread "G1 Conc#0" [stack: 0x000000923ef00000,0x000000923f000000] [id=12924]
  0x000001e9e65710a0 ConcurrentGCThread "G1 Refine#0" [stack: 0x000000923f000000,0x000000923f100000] [id=11252]
  0x000001e9e6571be0 ConcurrentGCThread "G1 Service" [stack: 0x000000923f100000,0x000000923f200000] [id=8088]

Threads with active compile tasks:
C1 CompilerThread0    17925 2437  s    3       javax.swing.RepaintManager::getPaintManager (107 bytes)

VM state: at safepoint (normal execution)

VM Mutex/Monitor currently owned by a thread:  ([mutex/lock_event])
[0x000001e9c7b5b260] Threads_lock - owner thread: 0x000001e9e66f8010
[0x000001e9c7b5a690] Heap_lock - owner thread: 0x000001e9eb83deb0

Heap address: 0x00000000a1e00000, size: 1506 MB, Compressed Oops mode: 32-bit

CDS archive(s) mapped at: [0x0000000800000000-0x0000000800c40000-0x0000000800c40000), size 12845056, SharedBaseAddress: 0x0000000800000000, ArchiveRelocationMode: 0.
Compressed class space mapped at: 0x0000000801000000-0x0000000841000000, reserved size: 1073741824
Narrow klass base: 0x0000000800000000, Narrow klass shift: 0, Narrow klass range: 0x100000000

GC Precious Log:
 CardTable entry size: 512
 Card Set container configuration: InlinePtr #cards 5 size 8 Array Of Cards #cards 12 size 40 Howl #buckets 4 coarsen threshold 1843 Howl Bitmap #cards 512 size 80 coarsen threshold 460 Card regions per heap region 1 cards per card region 2048
 CPUs: 4 total, 4 available
 Memory: 6017M
 Large Page Support: Disabled
 NUMA Support: Disabled
 Compressed Oops: Enabled (32-bit)
 Heap Region Size: 1M
 Heap Min Capacity: 8M
 Heap Initial Capacity: 96M
 Heap Max Capacity: 1506M
 Pre-touch: Disabled
 Parallel Workers: 4
 Concurrent Workers: 1
 Concurrent Refinement Workers: 4
 Periodic GC: Disabled

Heap:
 garbage-first heap   total 393216K, used 214016K [0x00000000a1e00000, 0x0000000100000000)
  region size 1024K, 13 young (13312K), 13 survivors (13312K)
 Metaspace       used 12761K, committed 12992K, reserved 1114112K
  class space    used 1439K, committed 1536K, reserved 1048576K

Heap Regions: E=young(eden), S=young(survivor), O=old, HS=humongous(starts), HC=humongous(continues), CS=collection set, F=free, OA=open archive, CA=closed archive, TAMS=top-at-mark-start (previous, next)
|   0|0x00000000a1e00000, 0x00000000a1f00000, 0x00000000a1f00000|100%|HS|  |TAMS 0x00000000a1f00000, 0x00000000a1f00000| Complete 
|   1|0x00000000a1f00000, 0x00000000a2000000, 0x00000000a2000000|100%|HC|  |TAMS 0x00000000a2000000, 0x00000000a2000000| Complete 
|   2|0x00000000a2000000, 0x00000000a2100000, 0x00000000a2100000|100%|HC|  |TAMS 0x00000000a2100000, 0x00000000a2100000| Complete 
|   3|0x00000000a2100000, 0x00000000a2200000, 0x00000000a2200000|100%| O|  |TAMS 0x00000000a2200000, 0x00000000a2200000| Untracked 
|   4|0x00000000a2200000, 0x00000000a2300000, 0x00000000a2300000|100%| O|  |TAMS 0x00000000a2300000, 0x00000000a2300000| Untracked 
|   5|0x00000000a2300000, 0x00000000a2400000, 0x00000000a2400000|100%| O|  |TAMS 0x00000000a2400000, 0x00000000a2400000| Untracked 
|   6|0x00000000a2400000, 0x00000000a2500000, 0x00000000a2500000|100%| O|  |TAMS 0x00000000a2500000, 0x00000000a2500000| Untracked 
|   7|0x00000000a2500000, 0x00000000a2600000, 0x00000000a2600000|100%| O|  |TAMS 0x00000000a2600000, 0x00000000a2600000| Untracked 
|   8|0x00000000a2600000, 0x00000000a2700000, 0x00000000a2700000|100%| O|  |TAMS 0x00000000a2700000, 0x00000000a2700000| Untracked 
|   9|0x00000000a2700000, 0x00000000a2800000, 0x00000000a2800000|100%| O|  |TAMS 0x00000000a2800000, 0x00000000a2800000| Untracked 
|  10|0x00000000a2800000, 0x00000000a2900000, 0x00000000a2900000|100%| O|  |TAMS 0x00000000a2900000, 0x00000000a2900000| Untracked 
|  11|0x00000000a2900000, 0x00000000a2a00000, 0x00000000a2a00000|100%| O|  |TAMS 0x00000000a2a00000, 0x00000000a2a00000| Untracked 
|  12|0x00000000a2a00000, 0x00000000a2b00000, 0x00000000a2b00000|100%| O|  |TAMS 0x00000000a2b00000, 0x00000000a2b00000| Untracked 
|  13|0x00000000a2b00000, 0x00000000a2c00000, 0x00000000a2c00000|100%| O|  |TAMS 0x00000000a2c00000, 0x00000000a2c00000| Untracked 
|  14|0x00000000a2c00000, 0x00000000a2d00000, 0x00000000a2d00000|100%| O|  |TAMS 0x00000000a2d00000, 0x00000000a2d00000| Untracked 
|  15|0x00000000a2d00000, 0x00000000a2e00000, 0x00000000a2e00000|100%| O|  |TAMS 0x00000000a2e00000, 0x00000000a2e00000| Untracked 
|  16|0x00000000a2e00000, 0x00000000a2f00000, 0x00000000a2f00000|100%| O|  |TAMS 0x00000000a2f00000, 0x00000000a2f00000| Untracked 
|  17|0x00000000a2f00000, 0x00000000a3000000, 0x00000000a3000000|100%| O|  |TAMS 0x00000000a3000000, 0x00000000a3000000| Untracked 
|  18|0x00000000a3000000, 0x00000000a3100000, 0x00000000a3100000|100%| O|  |TAMS 0x00000000a3100000, 0x00000000a3100000| Untracked 
|  19|0x00000000a3100000, 0x00000000a3200000, 0x00000000a3200000|100%| O|  |TAMS 0x00000000a3200000, 0x00000000a3200000| Untracked 
|  20|0x00000000a3200000, 0x00000000a3300000, 0x00000000a3300000|100%| O|  |TAMS 0x00000000a3300000, 0x00000000a3300000| Untracked 
|  21|0x00000000a3300000, 0x00000000a3400000, 0x00000000a3400000|100%| O|  |TAMS 0x00000000a3400000, 0x00000000a3400000| Untracked 
|  22|0x00000000a3400000, 0x00000000a3500000, 0x00000000a3500000|100%| O|  |TAMS 0x00000000a3500000, 0x00000000a3500000| Untracked 
|  23|0x00000000a3500000, 0x00000000a3600000, 0x00000000a3600000|100%| O|  |TAMS 0x00000000a3600000, 0x00000000a3600000| Untracked 
|  24|0x00000000a3600000, 0x00000000a3700000, 0x00000000a3700000|100%| O|  |TAMS 0x00000000a3700000, 0x00000000a3700000| Untracked 
|  25|0x00000000a3700000, 0x00000000a3800000, 0x00000000a3800000|100%| O|  |TAMS 0x00000000a3800000, 0x00000000a3800000| Untracked 
|  26|0x00000000a3800000, 0x00000000a3900000, 0x00000000a3900000|100%| O|  |TAMS 0x00000000a3900000, 0x00000000a3900000| Untracked 
|  27|0x00000000a3900000, 0x00000000a3a00000, 0x00000000a3a00000|100%| O|  |TAMS 0x00000000a3a00000, 0x00000000a3a00000| Untracked 
|  28|0x00000000a3a00000, 0x00000000a3b00000, 0x00000000a3b00000|100%| O|  |TAMS 0x00000000a3b00000, 0x00000000a3b00000| Untracked 
|  29|0x00000000a3b00000, 0x00000000a3c00000, 0x00000000a3c00000|100%| O|  |TAMS 0x00000000a3c00000, 0x00000000a3c00000| Untracked 
|  30|0x00000000a3c00000, 0x00000000a3d00000, 0x00000000a3d00000|100%| O|  |TAMS 0x00000000a3d00000, 0x00000000a3d00000| Untracked 
|  31|0x00000000a3d00000, 0x00000000a3e00000, 0x00000000a3e00000|100%| O|  |TAMS 0x00000000a3e00000, 0x00000000a3e00000| Untracked 
|  32|0x00000000a3e00000, 0x00000000a3f00000, 0x00000000a3f00000|100%| O|  |TAMS 0x00000000a3f00000, 0x00000000a3f00000| Untracked 
|  33|0x00000000a3f00000, 0x00000000a4000000, 0x00000000a4000000|100%| O|  |TAMS 0x00000000a4000000, 0x00000000a4000000| Untracked 
|  34|0x00000000a4000000, 0x00000000a4100000, 0x00000000a4100000|100%| O|  |TAMS 0x00000000a4100000, 0x00000000a4100000| Untracked 
|  35|0x00000000a4100000, 0x00000000a4200000, 0x00000000a4200000|100%| O|  |TAMS 0x00000000a4200000, 0x00000000a4200000| Untracked 
|  36|0x00000000a4200000, 0x00000000a4300000, 0x00000000a4300000|100%| O|  |TAMS 0x00000000a4200000, 0x00000000a4300000| Untracked 
|  37|0x00000000a4300000, 0x00000000a4400000, 0x00000000a4400000|100%| O|  |TAMS 0x00000000a4400000, 0x00000000a4400000| Untracked 
|  38|0x00000000a4400000, 0x00000000a4500000, 0x00000000a4500000|100%| O|  |TAMS 0x00000000a4500000, 0x00000000a4500000| Untracked 
|  39|0x00000000a4500000, 0x00000000a4600000, 0x00000000a4600000|100%| O|  |TAMS 0x00000000a4600000, 0x00000000a4600000| Untracked 
|  40|0x00000000a4600000, 0x00000000a4700000, 0x00000000a4700000|100%| O|  |TAMS 0x00000000a4700000, 0x00000000a4700000| Untracked 
|  41|0x00000000a4700000, 0x00000000a4800000, 0x00000000a4800000|100%| O|  |TAMS 0x00000000a4800000, 0x00000000a4800000| Untracked 
|  42|0x00000000a4800000, 0x00000000a4900000, 0x00000000a4900000|100%| O|  |TAMS 0x00000000a4900000, 0x00000000a4900000| Untracked 
|  43|0x00000000a4900000, 0x00000000a4a00000, 0x00000000a4a00000|100%| O|  |TAMS 0x00000000a4a00000, 0x00000000a4a00000| Untracked 
|  44|0x00000000a4a00000, 0x00000000a4b00000, 0x00000000a4b00000|100%| O|  |TAMS 0x00000000a4b00000, 0x00000000a4b00000| Untracked 
|  45|0x00000000a4b00000, 0x00000000a4c00000, 0x00000000a4c00000|100%|HS|  |TAMS 0x00000000a4c00000, 0x00000000a4c00000| Complete 
|  46|0x00000000a4c00000, 0x00000000a4d00000, 0x00000000a4d00000|100%| O|  |TAMS 0x00000000a4d00000, 0x00000000a4d00000| Untracked 
|  47|0x00000000a4d00000, 0x00000000a4e00000, 0x00000000a4e00000|100%| O|  |TAMS 0x00000000a4e00000, 0x00000000a4e00000| Untracked 
|  48|0x00000000a4e00000, 0x00000000a4f00000, 0x00000000a4f00000|100%| O|  |TAMS 0x00000000a4f00000, 0x00000000a4f00000| Untracked 
|  49|0x00000000a4f00000, 0x00000000a5000000, 0x00000000a5000000|100%| O|  |TAMS 0x00000000a5000000, 0x00000000a5000000| Untracked 
|  50|0x00000000a5000000, 0x00000000a5100000, 0x00000000a5100000|100%| O|  |TAMS 0x00000000a5100000, 0x00000000a5100000| Untracked 
|  51|0x00000000a5100000, 0x00000000a5200000, 0x00000000a5200000|100%| O|  |TAMS 0x00000000a5200000, 0x00000000a5200000| Untracked 
|  52|0x00000000a5200000, 0x00000000a5300000, 0x00000000a5300000|100%| O|  |TAMS 0x00000000a5300000, 0x00000000a5300000| Untracked 
|  53|0x00000000a5300000, 0x00000000a5400000, 0x00000000a5400000|100%| O|  |TAMS 0x00000000a5400000, 0x00000000a5400000| Untracked 
|  54|0x00000000a5400000, 0x00000000a5500000, 0x00000000a5500000|100%| O|  |TAMS 0x00000000a5500000, 0x00000000a5500000| Untracked 
|  55|0x00000000a5500000, 0x00000000a5600000, 0x00000000a5600000|100%| O|  |TAMS 0x00000000a5600000, 0x00000000a5600000| Untracked 
|  56|0x00000000a5600000, 0x00000000a5700000, 0x00000000a5700000|100%| O|  |TAMS 0x00000000a5600000, 0x00000000a5700000| Untracked 
|  57|0x00000000a5700000, 0x00000000a5800000, 0x00000000a5800000|100%| O|  |TAMS 0x00000000a5800000, 0x00000000a5800000| Untracked 
|  58|0x00000000a5800000, 0x00000000a5900000, 0x00000000a5900000|100%| O|  |TAMS 0x00000000a5900000, 0x00000000a5900000| Untracked 
|  59|0x00000000a5900000, 0x00000000a5a00000, 0x00000000a5a00000|100%| O|  |TAMS 0x00000000a5a00000, 0x00000000a5a00000| Untracked 
|  60|0x00000000a5a00000, 0x00000000a5b00000, 0x00000000a5b00000|100%| O|  |TAMS 0x00000000a5b00000, 0x00000000a5b00000| Untracked 
|  61|0x00000000a5b00000, 0x00000000a5c00000, 0x00000000a5c00000|100%| O|  |TAMS 0x00000000a5c00000, 0x00000000a5c00000| Untracked 
|  62|0x00000000a5c00000, 0x00000000a5d00000, 0x00000000a5d00000|100%| O|  |TAMS 0x00000000a5d00000, 0x00000000a5d00000| Untracked 
|  63|0x00000000a5d00000, 0x00000000a5e00000, 0x00000000a5e00000|100%| O|  |TAMS 0x00000000a5e00000, 0x00000000a5e00000| Untracked 
|  64|0x00000000a5e00000, 0x00000000a5f00000, 0x00000000a5f00000|100%| O|  |TAMS 0x00000000a5f00000, 0x00000000a5f00000| Untracked 
|  65|0x00000000a5f00000, 0x00000000a6000000, 0x00000000a6000000|100%| O|  |TAMS 0x00000000a6000000, 0x00000000a6000000| Untracked 
|  66|0x00000000a6000000, 0x00000000a6100000, 0x00000000a6100000|100%| O|  |TAMS 0x00000000a6100000, 0x00000000a6100000| Untracked 
|  67|0x00000000a6100000, 0x00000000a6200000, 0x00000000a6200000|100%| O|  |TAMS 0x00000000a6200000, 0x00000000a6200000| Untracked 
|  68|0x00000000a6200000, 0x00000000a6300000, 0x00000000a6300000|100%| O|  |TAMS 0x00000000a6300000, 0x00000000a6300000| Untracked 
|  69|0x00000000a6300000, 0x00000000a6400000, 0x00000000a6400000|100%| O|  |TAMS 0x00000000a6400000, 0x00000000a6400000| Untracked 
|  70|0x00000000a6400000, 0x00000000a6500000, 0x00000000a6500000|100%| O|  |TAMS 0x00000000a6500000, 0x00000000a6500000| Untracked 
|  71|0x00000000a6500000, 0x00000000a6600000, 0x00000000a6600000|100%| O|  |TAMS 0x00000000a6600000, 0x00000000a6600000| Untracked 
|  72|0x00000000a6600000, 0x00000000a6700000, 0x00000000a6700000|100%| O|  |TAMS 0x00000000a6700000, 0x00000000a6700000| Untracked 
|  73|0x00000000a6700000, 0x00000000a6800000, 0x00000000a6800000|100%| O|  |TAMS 0x00000000a6800000, 0x00000000a6800000| Untracked 
|  74|0x00000000a6800000, 0x00000000a6900000, 0x00000000a6900000|100%| O|  |TAMS 0x00000000a6900000, 0x00000000a6900000| Untracked 
|  75|0x00000000a6900000, 0x00000000a6a00000, 0x00000000a6a00000|100%| O|  |TAMS 0x00000000a6a00000, 0x00000000a6a00000| Untracked 
|  76|0x00000000a6a00000, 0x00000000a6b00000, 0x00000000a6b00000|100%| O|  |TAMS 0x00000000a6b00000, 0x00000000a6b00000| Untracked 
|  77|0x00000000a6b00000, 0x00000000a6c00000, 0x00000000a6c00000|100%| O|  |TAMS 0x00000000a6c00000, 0x00000000a6c00000| Untracked 
|  78|0x00000000a6c00000, 0x00000000a6d00000, 0x00000000a6d00000|100%| O|  |TAMS 0x00000000a6d00000, 0x00000000a6d00000| Untracked 
|  79|0x00000000a6d00000, 0x00000000a6e00000, 0x00000000a6e00000|100%| O|  |TAMS 0x00000000a6e00000, 0x00000000a6e00000| Untracked 
|  80|0x00000000a6e00000, 0x00000000a6f00000, 0x00000000a6f00000|100%| O|  |TAMS 0x00000000a6f00000, 0x00000000a6f00000| Untracked 
|  81|0x00000000a6f00000, 0x00000000a7000000, 0x00000000a7000000|100%| O|  |TAMS 0x00000000a7000000, 0x00000000a7000000| Untracked 
|  82|0x00000000a7000000, 0x00000000a7100000, 0x00000000a7100000|100%| O|  |TAMS 0x00000000a7100000, 0x00000000a7100000| Untracked 
|  83|0x00000000a7100000, 0x00000000a7200000, 0x00000000a7200000|100%| O|  |TAMS 0x00000000a7200000, 0x00000000a7200000| Untracked 
|  84|0x00000000a7200000, 0x00000000a7300000, 0x00000000a7300000|100%| O|  |TAMS 0x00000000a7300000, 0x00000000a7300000| Untracked 
|  85|0x00000000a7300000, 0x00000000a7400000, 0x00000000a7400000|100%| O|  |TAMS 0x00000000a7400000, 0x00000000a7400000| Untracked 
|  86|0x00000000a7400000, 0x00000000a7500000, 0x00000000a7500000|100%| O|  |TAMS 0x00000000a7480000, 0x00000000a7500000| Untracked 
|  87|0x00000000a7500000, 0x00000000a7600000, 0x00000000a7600000|100%| O|  |TAMS 0x00000000a7500000, 0x00000000a7600000| Untracked 
|  88|0x00000000a7600000, 0x00000000a7700000, 0x00000000a7700000|100%| O|  |TAMS 0x00000000a7600000, 0x00000000a7700000| Untracked 
|  89|0x00000000a7700000, 0x00000000a7800000, 0x00000000a7800000|100%| O|  |TAMS 0x00000000a7700000, 0x00000000a7800000| Untracked 
|  90|0x00000000a7800000, 0x00000000a7900000, 0x00000000a7900000|100%| O|  |TAMS 0x00000000a7800000, 0x00000000a7900000| Untracked 
|  91|0x00000000a7900000, 0x00000000a7a00000, 0x00000000a7a00000|100%| O|  |TAMS 0x00000000a7900000, 0x00000000a7a00000| Untracked 
|  92|0x00000000a7a00000, 0x00000000a7b00000, 0x00000000a7b00000|100%| O|  |TAMS 0x00000000a7a00000, 0x00000000a7b00000| Untracked 
|  93|0x00000000a7b00000, 0x00000000a7c00000, 0x00000000a7c00000|100%| O|  |TAMS 0x00000000a7b00000, 0x00000000a7c00000| Untracked 
|  94|0x00000000a7c00000, 0x00000000a7d00000, 0x00000000a7d00000|100%| O|  |TAMS 0x00000000a7c00000, 0x00000000a7d00000| Untracked 
|  95|0x00000000a7d00000, 0x00000000a7e00000, 0x00000000a7e00000|100%| O|  |TAMS 0x00000000a7d00000, 0x00000000a7e00000| Untracked 
|  96|0x00000000a7e00000, 0x00000000a7f00000, 0x00000000a7f00000|100%| O|  |TAMS 0x00000000a7e00000, 0x00000000a7f00000| Untracked 
|  97|0x00000000a7f00000, 0x00000000a8000000, 0x00000000a8000000|100%| O|  |TAMS 0x00000000a7f00000, 0x00000000a8000000| Untracked 
|  98|0x00000000a8000000, 0x00000000a8100000, 0x00000000a8100000|100%| O|  |TAMS 0x00000000a8000000, 0x00000000a8100000| Untracked 
|  99|0x00000000a8100000, 0x00000000a8200000, 0x00000000a8200000|100%|HS|  |TAMS 0x00000000a8100000, 0x00000000a8200000| Complete 
| 100|0x00000000a8200000, 0x00000000a8300000, 0x00000000a8300000|100%|HC|  |TAMS 0x00000000a8200000, 0x00000000a8300000| Complete 
| 101|0x00000000a8300000, 0x00000000a8400000, 0x00000000a8400000|100%| O|  |TAMS 0x00000000a8300000, 0x00000000a8400000| Untracked 
| 102|0x00000000a8400000, 0x00000000a8500000, 0x00000000a8500000|100%| O|  |TAMS 0x00000000a8400000, 0x00000000a8500000| Untracked 
| 103|0x00000000a8500000, 0x00000000a8600000, 0x00000000a8600000|100%| O|  |TAMS 0x00000000a8500000, 0x00000000a8600000| Untracked 
| 104|0x00000000a8600000, 0x00000000a8700000, 0x00000000a8700000|100%| O|  |TAMS 0x00000000a8600000, 0x00000000a8700000| Untracked 
| 105|0x00000000a8700000, 0x00000000a8800000, 0x00000000a8800000|100%| O|  |TAMS 0x00000000a8700000, 0x00000000a8800000| Untracked 
| 106|0x00000000a8800000, 0x00000000a8900000, 0x00000000a8900000|100%| O|  |TAMS 0x00000000a8800000, 0x00000000a8900000| Untracked 
| 107|0x00000000a8900000, 0x00000000a8a00000, 0x00000000a8a00000|100%| O|  |TAMS 0x00000000a8900000, 0x00000000a8a00000| Untracked 
| 108|0x00000000a8a00000, 0x00000000a8b00000, 0x00000000a8b00000|100%| O|  |TAMS 0x00000000a8a00000, 0x00000000a8b00000| Untracked 
| 109|0x00000000a8b00000, 0x00000000a8c00000, 0x00000000a8c00000|100%| O|  |TAMS 0x00000000a8b00000, 0x00000000a8c00000| Untracked 
| 110|0x00000000a8c00000, 0x00000000a8d00000, 0x00000000a8d00000|100%| O|  |TAMS 0x00000000a8c00000, 0x00000000a8d00000| Untracked 
| 111|0x00000000a8d00000, 0x00000000a8e00000, 0x00000000a8e00000|100%| O|  |TAMS 0x00000000a8d00000, 0x00000000a8e00000| Untracked 
| 112|0x00000000a8e00000, 0x00000000a8f00000, 0x00000000a8f00000|100%| O|  |TAMS 0x00000000a8e00000, 0x00000000a8f00000| Untracked 
| 113|0x00000000a8f00000, 0x00000000a9000000, 0x00000000a9000000|100%| O|  |TAMS 0x00000000a8f00000, 0x00000000a9000000| Untracked 
| 114|0x00000000a9000000, 0x00000000a9100000, 0x00000000a9100000|100%| O|  |TAMS 0x00000000a9000000, 0x00000000a9100000| Untracked 
| 115|0x00000000a9100000, 0x00000000a9200000, 0x00000000a9200000|100%| O|  |TAMS 0x00000000a9100000, 0x00000000a9200000| Untracked 
| 116|0x00000000a9200000, 0x00000000a9300000, 0x00000000a9300000|100%| O|  |TAMS 0x00000000a9200000, 0x00000000a9300000| Untracked 
| 117|0x00000000a9300000, 0x00000000a9400000, 0x00000000a9400000|100%| O|  |TAMS 0x00000000a9300000, 0x00000000a9400000| Untracked 
| 118|0x00000000a9400000, 0x00000000a9500000, 0x00000000a9500000|100%| O|  |TAMS 0x00000000a9400000, 0x00000000a9500000| Untracked 
| 119|0x00000000a9500000, 0x00000000a9600000, 0x00000000a9600000|100%| O|  |TAMS 0x00000000a9500000, 0x00000000a9600000| Untracked 
| 120|0x00000000a9600000, 0x00000000a9700000, 0x00000000a9700000|100%| O|  |TAMS 0x00000000a9600000, 0x00000000a9700000| Untracked 
| 121|0x00000000a9700000, 0x00000000a9800000, 0x00000000a9800000|100%| O|  |TAMS 0x00000000a9700000, 0x00000000a9800000| Untracked 
| 122|0x00000000a9800000, 0x00000000a9900000, 0x00000000a9900000|100%| O|  |TAMS 0x00000000a9800000, 0x00000000a9900000| Untracked 
| 123|0x00000000a9900000, 0x00000000a9a00000, 0x00000000a9a00000|100%| O|  |TAMS 0x00000000a9900000, 0x00000000a9a00000| Untracked 
| 124|0x00000000a9a00000, 0x00000000a9b00000, 0x00000000a9b00000|100%| O|  |TAMS 0x00000000a9a00000, 0x00000000a9b00000| Untracked 
| 125|0x00000000a9b00000, 0x00000000a9c00000, 0x00000000a9c00000|100%| O|  |TAMS 0x00000000a9b00000, 0x00000000a9c00000| Untracked 
| 126|0x00000000a9c00000, 0x00000000a9d00000, 0x00000000a9d00000|100%| O|  |TAMS 0x00000000a9c00000, 0x00000000a9d00000| Untracked 
| 127|0x00000000a9d00000, 0x00000000a9e00000, 0x00000000a9e00000|100%| O|  |TAMS 0x00000000a9d00000, 0x00000000a9e00000| Untracked 
| 128|0x00000000a9e00000, 0x00000000a9f00000, 0x00000000a9f00000|100%| O|  |TAMS 0x00000000a9e00000, 0x00000000a9f00000| Untracked 
| 129|0x00000000a9f00000, 0x00000000aa000000, 0x00000000aa000000|100%| O|  |TAMS 0x00000000a9f00000, 0x00000000aa000000| Untracked 
| 130|0x00000000aa000000, 0x00000000aa100000, 0x00000000aa100000|100%| O|  |TAMS 0x00000000aa000000, 0x00000000aa100000| Untracked 
| 131|0x00000000aa100000, 0x00000000aa200000, 0x00000000aa200000|100%| O|  |TAMS 0x00000000aa100000, 0x00000000aa200000| Untracked 
| 132|0x00000000aa200000, 0x00000000aa300000, 0x00000000aa300000|100%| O|  |TAMS 0x00000000aa200000, 0x00000000aa300000| Untracked 
| 133|0x00000000aa300000, 0x00000000aa400000, 0x00000000aa400000|100%| O|  |TAMS 0x00000000aa300000, 0x00000000aa400000| Untracked 
| 134|0x00000000aa400000, 0x00000000aa500000, 0x00000000aa500000|100%| O|  |TAMS 0x00000000aa400000, 0x00000000aa500000| Untracked 
| 135|0x00000000aa500000, 0x00000000aa600000, 0x00000000aa600000|100%| O|  |TAMS 0x00000000aa500000, 0x00000000aa600000| Untracked 
| 136|0x00000000aa600000, 0x00000000aa700000, 0x00000000aa700000|100%| O|  |TAMS 0x00000000aa600000, 0x00000000aa700000| Untracked 
| 137|0x00000000aa700000, 0x00000000aa800000, 0x00000000aa800000|100%| O|  |TAMS 0x00000000aa700000, 0x00000000aa800000| Untracked 
| 138|0x00000000aa800000, 0x00000000aa900000, 0x00000000aa900000|100%| O|  |TAMS 0x00000000aa800000, 0x00000000aa900000| Untracked 
| 139|0x00000000aa900000, 0x00000000aaa00000, 0x00000000aaa00000|100%| O|  |TAMS 0x00000000aa900000, 0x00000000aaa00000| Untracked 
| 140|0x00000000aaa00000, 0x00000000aab00000, 0x00000000aab00000|100%| O|  |TAMS 0x00000000aaa00000, 0x00000000aab00000| Untracked 
| 141|0x00000000aab00000, 0x00000000aac00000, 0x00000000aac00000|100%| O|  |TAMS 0x00000000aab00000, 0x00000000aac00000| Untracked 
| 142|0x00000000aac00000, 0x00000000aad00000, 0x00000000aad00000|100%| O|  |TAMS 0x00000000aac00000, 0x00000000aad00000| Untracked 
| 143|0x00000000aad00000, 0x00000000aae00000, 0x00000000aae00000|100%| O|  |TAMS 0x00000000aad00000, 0x00000000aae00000| Untracked 
| 144|0x00000000aae00000, 0x00000000aaf00000, 0x00000000aaf00000|100%| O|  |TAMS 0x00000000aae00000, 0x00000000aaf00000| Untracked 
| 145|0x00000000aaf00000, 0x00000000ab000000, 0x00000000ab000000|100%| O|  |TAMS 0x00000000aaf00000, 0x00000000ab000000| Untracked 
| 146|0x00000000ab000000, 0x00000000ab100000, 0x00000000ab100000|100%| O|  |TAMS 0x00000000ab000000, 0x00000000ab100000| Untracked 
| 147|0x00000000ab100000, 0x00000000ab200000, 0x00000000ab200000|100%| O|  |TAMS 0x00000000ab100000, 0x00000000ab200000| Untracked 
| 148|0x00000000ab200000, 0x00000000ab300000, 0x00000000ab300000|100%| O|  |TAMS 0x00000000ab200000, 0x00000000ab300000| Untracked 
| 149|0x00000000ab300000, 0x00000000ab400000, 0x00000000ab400000|100%| O|  |TAMS 0x00000000ab300000, 0x00000000ab400000| Untracked 
| 150|0x00000000ab400000, 0x00000000ab500000, 0x00000000ab500000|100%| O|  |TAMS 0x00000000ab400000, 0x00000000ab500000| Untracked 
| 151|0x00000000ab500000, 0x00000000ab600000, 0x00000000ab600000|100%| O|  |TAMS 0x00000000ab500000, 0x00000000ab600000| Untracked 
| 152|0x00000000ab600000, 0x00000000ab700000, 0x00000000ab700000|100%| O|  |TAMS 0x00000000ab600000, 0x00000000ab700000| Untracked 
| 153|0x00000000ab700000, 0x00000000ab800000, 0x00000000ab800000|100%| O|  |TAMS 0x00000000ab700000, 0x00000000ab800000| Untracked 
| 154|0x00000000ab800000, 0x00000000ab900000, 0x00000000ab900000|100%| O|  |TAMS 0x00000000ab800000, 0x00000000ab900000| Untracked 
| 155|0x00000000ab900000, 0x00000000aba00000, 0x00000000aba00000|100%| O|  |TAMS 0x00000000ab900000, 0x00000000aba00000| Untracked 
| 156|0x00000000aba00000, 0x00000000abb00000, 0x00000000abb00000|100%| O|  |TAMS 0x00000000aba00000, 0x00000000abb00000| Untracked 
| 157|0x00000000abb00000, 0x00000000abc00000, 0x00000000abc00000|100%| O|  |TAMS 0x00000000abb00000, 0x00000000abc00000| Untracked 
| 158|0x00000000abc00000, 0x00000000abd00000, 0x00000000abd00000|100%| O|  |TAMS 0x00000000abc00000, 0x00000000abd00000| Untracked 
| 159|0x00000000abd00000, 0x00000000abe00000, 0x00000000abe00000|100%| O|  |TAMS 0x00000000abd00000, 0x00000000abe00000| Untracked 
| 160|0x00000000abe00000, 0x00000000abf00000, 0x00000000abf00000|100%| O|  |TAMS 0x00000000abe00000, 0x00000000abf00000| Untracked 
| 161|0x00000000abf00000, 0x00000000ac000000, 0x00000000ac000000|100%| O|  |TAMS 0x00000000abf00000, 0x00000000ac000000| Untracked 
| 162|0x00000000ac000000, 0x00000000ac100000, 0x00000000ac100000|100%| O|  |TAMS 0x00000000ac000000, 0x00000000ac100000| Untracked 
| 163|0x00000000ac100000, 0x00000000ac200000, 0x00000000ac200000|100%| O|  |TAMS 0x00000000ac100000, 0x00000000ac200000| Untracked 
| 164|0x00000000ac200000, 0x00000000ac300000, 0x00000000ac300000|100%| O|  |TAMS 0x00000000ac200000, 0x00000000ac300000| Untracked 
| 165|0x00000000ac300000, 0x00000000ac400000, 0x00000000ac400000|100%| O|  |TAMS 0x00000000ac300000, 0x00000000ac400000| Untracked 
| 166|0x00000000ac400000, 0x00000000ac500000, 0x00000000ac500000|100%| O|  |TAMS 0x00000000ac400000, 0x00000000ac500000| Untracked 
| 167|0x00000000ac500000, 0x00000000ac600000, 0x00000000ac600000|100%| O|  |TAMS 0x00000000ac500000, 0x00000000ac600000| Untracked 
| 168|0x00000000ac600000, 0x00000000ac700000, 0x00000000ac700000|100%| O|  |TAMS 0x00000000ac600000, 0x00000000ac700000| Untracked 
| 169|0x00000000ac700000, 0x00000000ac800000, 0x00000000ac800000|100%| O|  |TAMS 0x00000000ac700000, 0x00000000ac800000| Untracked 
| 170|0x00000000ac800000, 0x00000000ac900000, 0x00000000ac900000|100%| O|  |TAMS 0x00000000ac800000, 0x00000000ac900000| Untracked 
| 171|0x00000000ac900000, 0x00000000aca00000, 0x00000000aca00000|100%| O|  |TAMS 0x00000000ac900000, 0x00000000aca00000| Untracked 
| 172|0x00000000aca00000, 0x00000000acb00000, 0x00000000acb00000|100%| O|  |TAMS 0x00000000aca00000, 0x00000000acb00000| Untracked 
| 173|0x00000000acb00000, 0x00000000acc00000, 0x00000000acc00000|100%| O|  |TAMS 0x00000000acb00000, 0x00000000acc00000| Untracked 
| 174|0x00000000acc00000, 0x00000000acd00000, 0x00000000acd00000|100%| O|  |TAMS 0x00000000acc00000, 0x00000000acd00000| Untracked 
| 175|0x00000000acd00000, 0x00000000ace00000, 0x00000000ace00000|100%| O|  |TAMS 0x00000000acd00000, 0x00000000ace00000| Untracked 
| 176|0x00000000ace00000, 0x00000000acf00000, 0x00000000acf00000|100%| O|  |TAMS 0x00000000ace00000, 0x00000000acf00000| Untracked 
| 177|0x00000000acf00000, 0x00000000ad000000, 0x00000000ad000000|100%| O|  |TAMS 0x00000000acf00000, 0x00000000ad000000| Untracked 
| 178|0x00000000ad000000, 0x00000000ad100000, 0x00000000ad100000|100%| O|  |TAMS 0x00000000ad000000, 0x00000000ad100000| Untracked 
| 179|0x00000000ad100000, 0x00000000ad200000, 0x00000000ad200000|100%| O|  |TAMS 0x00000000ad100000, 0x00000000ad180000| Untracked 
| 180|0x00000000ad200000, 0x00000000ad300000, 0x00000000ad300000|100%| O|  |TAMS 0x00000000ad200000, 0x00000000ad200000| Untracked 
| 181|0x00000000ad300000, 0x00000000ad400000, 0x00000000ad400000|100%| O|  |TAMS 0x00000000ad300000, 0x00000000ad300000| Untracked 
| 182|0x00000000ad400000, 0x00000000ad500000, 0x00000000ad500000|100%| O|  |TAMS 0x00000000ad400000, 0x00000000ad400000| Untracked 
| 183|0x00000000ad500000, 0x00000000ad600000, 0x00000000ad600000|100%| O|  |TAMS 0x00000000ad500000, 0x00000000ad500000| Untracked 
| 184|0x00000000ad600000, 0x00000000ad700000, 0x00000000ad700000|100%| O|  |TAMS 0x00000000ad600000, 0x00000000ad600000| Untracked 
| 185|0x00000000ad700000, 0x00000000ad800000, 0x00000000ad800000|100%| O|  |TAMS 0x00000000ad700000, 0x00000000ad700000| Untracked 
| 186|0x00000000ad800000, 0x00000000ad900000, 0x00000000ad900000|100%| O|  |TAMS 0x00000000ad800000, 0x00000000ad800000| Untracked 
| 187|0x00000000ad900000, 0x00000000ada00000, 0x00000000ada00000|100%| O|  |TAMS 0x00000000ad900000, 0x00000000ad900000| Untracked 
| 188|0x00000000ada00000, 0x00000000adb00000, 0x00000000adb00000|100%| O|  |TAMS 0x00000000ada00000, 0x00000000ada00000| Untracked 
| 189|0x00000000adb00000, 0x00000000adc00000, 0x00000000adc00000|100%| O|  |TAMS 0x00000000adb00000, 0x00000000adb00000| Untracked 
| 190|0x00000000adc00000, 0x00000000add00000, 0x00000000add00000|100%| O|  |TAMS 0x00000000adc00000, 0x00000000adc00000| Untracked 
| 191|0x00000000add00000, 0x00000000ade00000, 0x00000000ade00000|100%| O|  |TAMS 0x00000000add00000, 0x00000000add00000| Untracked 
| 192|0x00000000ade00000, 0x00000000adf00000, 0x00000000adf00000|100%| O|  |TAMS 0x00000000ade00000, 0x00000000ade00000| Untracked 
| 193|0x00000000adf00000, 0x00000000ae000000, 0x00000000ae000000|100%| O|  |TAMS 0x00000000adf00000, 0x00000000adf00000| Untracked 
| 194|0x00000000ae000000, 0x00000000ae100000, 0x00000000ae100000|100%| O|  |TAMS 0x00000000ae000000, 0x00000000ae000000| Untracked 
| 195|0x00000000ae100000, 0x00000000ae200000, 0x00000000ae200000|100%| O|  |TAMS 0x00000000ae100000, 0x00000000ae100000| Untracked 
| 196|0x00000000ae200000, 0x00000000ae280000, 0x00000000ae300000| 50%| O|  |TAMS 0x00000000ae200000, 0x00000000ae200000| Untracked 
| 197|0x00000000ae300000, 0x00000000ae300000, 0x00000000ae400000|  0%| F|  |TAMS 0x00000000ae300000, 0x00000000ae300000| Untracked 
| 198|0x00000000ae400000, 0x00000000ae400000, 0x00000000ae500000|  0%| F|  |TAMS 0x00000000ae400000, 0x00000000ae400000| Untracked 
| 199|0x00000000ae500000, 0x00000000ae500000, 0x00000000ae600000|  0%| F|  |TAMS 0x00000000ae500000, 0x00000000ae500000| Untracked 
| 200|0x00000000ae600000, 0x00000000ae600000, 0x00000000ae700000|  0%| F|  |TAMS 0x00000000ae600000, 0x00000000ae600000| Untracked 
| 201|0x00000000ae700000, 0x00000000ae700000, 0x00000000ae800000|  0%| F|  |TAMS 0x00000000ae700000, 0x00000000ae700000| Untracked 
| 202|0x00000000ae800000, 0x00000000ae800000, 0x00000000ae900000|  0%| F|  |TAMS 0x00000000ae800000, 0x00000000ae800000| Untracked 
| 203|0x00000000ae900000, 0x00000000ae900000, 0x00000000aea00000|  0%| F|  |TAMS 0x00000000ae900000, 0x00000000ae900000| Untracked 
| 204|0x00000000aea00000, 0x00000000aea00000, 0x00000000aeb00000|  0%| F|  |TAMS 0x00000000aea00000, 0x00000000aea00000| Untracked 
| 205|0x00000000aeb00000, 0x00000000aeb00000, 0x00000000aec00000|  0%| F|  |TAMS 0x00000000aeb00000, 0x00000000aeb00000| Untracked 
| 206|0x00000000aec00000, 0x00000000aec00000, 0x00000000aed00000|  0%| F|  |TAMS 0x00000000aec00000, 0x00000000aec00000| Untracked 
| 207|0x00000000aed00000, 0x00000000aed00000, 0x00000000aee00000|  0%| F|  |TAMS 0x00000000aed00000, 0x00000000aed00000| Untracked 
| 208|0x00000000aee00000, 0x00000000aee00000, 0x00000000aef00000|  0%| F|  |TAMS 0x00000000aee00000, 0x00000000aee00000| Untracked 
| 209|0x00000000aef00000, 0x00000000aef00000, 0x00000000af000000|  0%| F|  |TAMS 0x00000000aef00000, 0x00000000aef00000| Untracked 
| 210|0x00000000af000000, 0x00000000af000000, 0x00000000af100000|  0%| F|  |TAMS 0x00000000af000000, 0x00000000af000000| Untracked 
| 211|0x00000000af100000, 0x00000000af100000, 0x00000000af200000|  0%| F|  |TAMS 0x00000000af100000, 0x00000000af100000| Untracked 
| 212|0x00000000af200000, 0x00000000af200000, 0x00000000af300000|  0%| F|  |TAMS 0x00000000af200000, 0x00000000af200000| Untracked 
| 213|0x00000000af300000, 0x00000000af300000, 0x00000000af400000|  0%| F|  |TAMS 0x00000000af300000, 0x00000000af300000| Untracked 
| 214|0x00000000af400000, 0x00000000af400000, 0x00000000af500000|  0%| F|  |TAMS 0x00000000af400000, 0x00000000af400000| Untracked 
| 215|0x00000000af500000, 0x00000000af500000, 0x00000000af600000|  0%| F|  |TAMS 0x00000000af500000, 0x00000000af500000| Untracked 
| 216|0x00000000af600000, 0x00000000af600000, 0x00000000af700000|  0%| F|  |TAMS 0x00000000af600000, 0x00000000af600000| Untracked 
| 217|0x00000000af700000, 0x00000000af700000, 0x00000000af800000|  0%| F|  |TAMS 0x00000000af700000, 0x00000000af700000| Untracked 
| 218|0x00000000af800000, 0x00000000af800000, 0x00000000af900000|  0%| F|  |TAMS 0x00000000af800000, 0x00000000af800000| Untracked 
| 219|0x00000000af900000, 0x00000000af900000, 0x00000000afa00000|  0%| F|  |TAMS 0x00000000af900000, 0x00000000af900000| Untracked 
| 220|0x00000000afa00000, 0x00000000afa00000, 0x00000000afb00000|  0%| F|  |TAMS 0x00000000afa00000, 0x00000000afa00000| Untracked 
| 221|0x00000000afb00000, 0x00000000afb00000, 0x00000000afc00000|  0%| F|  |TAMS 0x00000000afb00000, 0x00000000afb00000| Untracked 
| 222|0x00000000afc00000, 0x00000000afc00000, 0x00000000afd00000|  0%| F|  |TAMS 0x00000000afc00000, 0x00000000afc00000| Untracked 
| 223|0x00000000afd00000, 0x00000000afd00000, 0x00000000afe00000|  0%| F|  |TAMS 0x00000000afd00000, 0x00000000afd00000| Untracked 
| 224|0x00000000afe00000, 0x00000000afe00000, 0x00000000aff00000|  0%| F|  |TAMS 0x00000000afe00000, 0x00000000afe00000| Untracked 
| 225|0x00000000aff00000, 0x00000000aff00000, 0x00000000b0000000|  0%| F|  |TAMS 0x00000000aff00000, 0x00000000aff00000| Untracked 
| 226|0x00000000b0000000, 0x00000000b0000000, 0x00000000b0100000|  0%| F|  |TAMS 0x00000000b0000000, 0x00000000b0000000| Untracked 
| 227|0x00000000b0100000, 0x00000000b0100000, 0x00000000b0200000|  0%| F|  |TAMS 0x00000000b0100000, 0x00000000b0100000| Untracked 
| 228|0x00000000b0200000, 0x00000000b0200000, 0x00000000b0300000|  0%| F|  |TAMS 0x00000000b0200000, 0x00000000b0200000| Untracked 
| 229|0x00000000b0300000, 0x00000000b0300000, 0x00000000b0400000|  0%| F|  |TAMS 0x00000000b0300000, 0x00000000b0300000| Untracked 
| 230|0x00000000b0400000, 0x00000000b0400000, 0x00000000b0500000|  0%| F|  |TAMS 0x00000000b0400000, 0x00000000b0400000| Untracked 
| 231|0x00000000b0500000, 0x00000000b0500000, 0x00000000b0600000|  0%| F|  |TAMS 0x00000000b0500000, 0x00000000b0500000| Untracked 
| 232|0x00000000b0600000, 0x00000000b0600000, 0x00000000b0700000|  0%| F|  |TAMS 0x00000000b0600000, 0x00000000b0600000| Untracked 
| 233|0x00000000b0700000, 0x00000000b0700000, 0x00000000b0800000|  0%| F|  |TAMS 0x00000000b0700000, 0x00000000b0700000| Untracked 
| 234|0x00000000b0800000, 0x00000000b0800000, 0x00000000b0900000|  0%| F|  |TAMS 0x00000000b0800000, 0x00000000b0800000| Untracked 
| 235|0x00000000b0900000, 0x00000000b0900000, 0x00000000b0a00000|  0%| F|  |TAMS 0x00000000b0900000, 0x00000000b0900000| Untracked 
| 236|0x00000000b0a00000, 0x00000000b0a00000, 0x00000000b0b00000|  0%| F|  |TAMS 0x00000000b0a00000, 0x00000000b0a00000| Untracked 
| 237|0x00000000b0b00000, 0x00000000b0b00000, 0x00000000b0c00000|  0%| F|  |TAMS 0x00000000b0b00000, 0x00000000b0b00000| Untracked 
| 238|0x00000000b0c00000, 0x00000000b0c00000, 0x00000000b0d00000|  0%| F|  |TAMS 0x00000000b0c00000, 0x00000000b0c00000| Untracked 
| 239|0x00000000b0d00000, 0x00000000b0d00000, 0x00000000b0e00000|  0%| F|  |TAMS 0x00000000b0d00000, 0x00000000b0d00000| Untracked 
| 240|0x00000000b0e00000, 0x00000000b0e00000, 0x00000000b0f00000|  0%| F|  |TAMS 0x00000000b0e00000, 0x00000000b0e00000| Untracked 
| 241|0x00000000b0f00000, 0x00000000b0f00000, 0x00000000b1000000|  0%| F|  |TAMS 0x00000000b0f00000, 0x00000000b0f00000| Untracked 
| 242|0x00000000b1000000, 0x00000000b1000000, 0x00000000b1100000|  0%| F|  |TAMS 0x00000000b1000000, 0x00000000b1000000| Untracked 
| 243|0x00000000b1100000, 0x00000000b1100000, 0x00000000b1200000|  0%| F|  |TAMS 0x00000000b1100000, 0x00000000b1100000| Untracked 
| 244|0x00000000b1200000, 0x00000000b1200000, 0x00000000b1300000|  0%| F|  |TAMS 0x00000000b1200000, 0x00000000b1200000| Untracked 
| 245|0x00000000b1300000, 0x00000000b1300000, 0x00000000b1400000|  0%| F|  |TAMS 0x00000000b1300000, 0x00000000b1300000| Untracked 
| 246|0x00000000b1400000, 0x00000000b1400000, 0x00000000b1500000|  0%| F|  |TAMS 0x00000000b1400000, 0x00000000b1400000| Untracked 
| 247|0x00000000b1500000, 0x00000000b1500000, 0x00000000b1600000|  0%| F|  |TAMS 0x00000000b1500000, 0x00000000b1500000| Untracked 
| 248|0x00000000b1600000, 0x00000000b1600000, 0x00000000b1700000|  0%| F|  |TAMS 0x00000000b1600000, 0x00000000b1600000| Untracked 
| 249|0x00000000b1700000, 0x00000000b1700000, 0x00000000b1800000|  0%| F|  |TAMS 0x00000000b1700000, 0x00000000b1700000| Untracked 
| 250|0x00000000b1800000, 0x00000000b1800000, 0x00000000b1900000|  0%| F|  |TAMS 0x00000000b1800000, 0x00000000b1800000| Untracked 
| 251|0x00000000b1900000, 0x00000000b1900000, 0x00000000b1a00000|  0%| F|  |TAMS 0x00000000b1900000, 0x00000000b1900000| Untracked 
| 252|0x00000000b1a00000, 0x00000000b1a00000, 0x00000000b1b00000|  0%| F|  |TAMS 0x00000000b1a00000, 0x00000000b1a00000| Untracked 
| 253|0x00000000b1b00000, 0x00000000b1b00000, 0x00000000b1c00000|  0%| F|  |TAMS 0x00000000b1b00000, 0x00000000b1b00000| Untracked 
| 254|0x00000000b1c00000, 0x00000000b1c00000, 0x00000000b1d00000|  0%| F|  |TAMS 0x00000000b1c00000, 0x00000000b1c00000| Untracked 
| 255|0x00000000b1d00000, 0x00000000b1d00000, 0x00000000b1e00000|  0%| F|  |TAMS 0x00000000b1d00000, 0x00000000b1d00000| Untracked 
| 256|0x00000000b1e00000, 0x00000000b1e00000, 0x00000000b1f00000|  0%| F|  |TAMS 0x00000000b1e00000, 0x00000000b1e00000| Untracked 
| 257|0x00000000b1f00000, 0x00000000b1f00000, 0x00000000b2000000|  0%| F|  |TAMS 0x00000000b1f00000, 0x00000000b1f00000| Untracked 
| 258|0x00000000b2000000, 0x00000000b2000000, 0x00000000b2100000|  0%| F|  |TAMS 0x00000000b2000000, 0x00000000b2000000| Untracked 
| 259|0x00000000b2100000, 0x00000000b2100000, 0x00000000b2200000|  0%| F|  |TAMS 0x00000000b2100000, 0x00000000b2100000| Untracked 
| 260|0x00000000b2200000, 0x00000000b2200000, 0x00000000b2300000|  0%| F|  |TAMS 0x00000000b2200000, 0x00000000b2200000| Untracked 
| 261|0x00000000b2300000, 0x00000000b2300000, 0x00000000b2400000|  0%| F|  |TAMS 0x00000000b2300000, 0x00000000b2300000| Untracked 
| 262|0x00000000b2400000, 0x00000000b2400000, 0x00000000b2500000|  0%| F|  |TAMS 0x00000000b2400000, 0x00000000b2400000| Untracked 
| 263|0x00000000b2500000, 0x00000000b2500000, 0x00000000b2600000|  0%| F|  |TAMS 0x00000000b2500000, 0x00000000b2500000| Untracked 
| 264|0x00000000b2600000, 0x00000000b2600000, 0x00000000b2700000|  0%| F|  |TAMS 0x00000000b2600000, 0x00000000b2600000| Untracked 
| 265|0x00000000b2700000, 0x00000000b2700000, 0x00000000b2800000|  0%| F|  |TAMS 0x00000000b2700000, 0x00000000b2700000| Untracked 
| 266|0x00000000b2800000, 0x00000000b2800000, 0x00000000b2900000|  0%| F|  |TAMS 0x00000000b2800000, 0x00000000b2800000| Untracked 
| 267|0x00000000b2900000, 0x00000000b2900000, 0x00000000b2a00000|  0%| F|  |TAMS 0x00000000b2900000, 0x00000000b2900000| Untracked 
| 268|0x00000000b2a00000, 0x00000000b2a00000, 0x00000000b2b00000|  0%| F|  |TAMS 0x00000000b2a00000, 0x00000000b2a00000| Untracked 
| 269|0x00000000b2b00000, 0x00000000b2b00000, 0x00000000b2c00000|  0%| F|  |TAMS 0x00000000b2b00000, 0x00000000b2b00000| Untracked 
| 270|0x00000000b2c00000, 0x00000000b2c00000, 0x00000000b2d00000|  0%| F|  |TAMS 0x00000000b2c00000, 0x00000000b2c00000| Untracked 
| 271|0x00000000b2d00000, 0x00000000b2d00000, 0x00000000b2e00000|  0%| F|  |TAMS 0x00000000b2d00000, 0x00000000b2d00000| Untracked 
| 272|0x00000000b2e00000, 0x00000000b2e00000, 0x00000000b2f00000|  0%| F|  |TAMS 0x00000000b2e00000, 0x00000000b2e00000| Untracked 
| 273|0x00000000b2f00000, 0x00000000b2f00000, 0x00000000b3000000|  0%| F|  |TAMS 0x00000000b2f00000, 0x00000000b2f00000| Untracked 
| 274|0x00000000b3000000, 0x00000000b3000000, 0x00000000b3100000|  0%| F|  |TAMS 0x00000000b3000000, 0x00000000b3000000| Untracked 
| 275|0x00000000b3100000, 0x00000000b3100000, 0x00000000b3200000|  0%| F|  |TAMS 0x00000000b3100000, 0x00000000b3100000| Untracked 
| 276|0x00000000b3200000, 0x00000000b3200000, 0x00000000b3300000|  0%| F|  |TAMS 0x00000000b3200000, 0x00000000b3200000| Untracked 
| 277|0x00000000b3300000, 0x00000000b3300000, 0x00000000b3400000|  0%| F|  |TAMS 0x00000000b3300000, 0x00000000b3300000| Untracked 
| 278|0x00000000b3400000, 0x00000000b3400000, 0x00000000b3500000|  0%| F|  |TAMS 0x00000000b3400000, 0x00000000b3400000| Untracked 
| 279|0x00000000b3500000, 0x00000000b3500000, 0x00000000b3600000|  0%| F|  |TAMS 0x00000000b3500000, 0x00000000b3500000| Untracked 
| 280|0x00000000b3600000, 0x00000000b3600000, 0x00000000b3700000|  0%| F|  |TAMS 0x00000000b3600000, 0x00000000b3600000| Untracked 
| 281|0x00000000b3700000, 0x00000000b3700000, 0x00000000b3800000|  0%| F|  |TAMS 0x00000000b3700000, 0x00000000b3700000| Untracked 
| 282|0x00000000b3800000, 0x00000000b3800000, 0x00000000b3900000|  0%| F|  |TAMS 0x00000000b3800000, 0x00000000b3800000| Untracked 
| 283|0x00000000b3900000, 0x00000000b3900000, 0x00000000b3a00000|  0%| F|  |TAMS 0x00000000b3900000, 0x00000000b3900000| Untracked 
| 284|0x00000000b3a00000, 0x00000000b3a00000, 0x00000000b3b00000|  0%| F|  |TAMS 0x00000000b3a00000, 0x00000000b3a00000| Untracked 
| 285|0x00000000b3b00000, 0x00000000b3b00000, 0x00000000b3c00000|  0%| F|  |TAMS 0x00000000b3b00000, 0x00000000b3b00000| Untracked 
| 286|0x00000000b3c00000, 0x00000000b3c00000, 0x00000000b3d00000|  0%| F|  |TAMS 0x00000000b3c00000, 0x00000000b3c00000| Untracked 
| 287|0x00000000b3d00000, 0x00000000b3d00000, 0x00000000b3e00000|  0%| F|  |TAMS 0x00000000b3d00000, 0x00000000b3d00000| Untracked 
| 288|0x00000000b3e00000, 0x00000000b3e00000, 0x00000000b3f00000|  0%| F|  |TAMS 0x00000000b3e00000, 0x00000000b3e00000| Untracked 
| 289|0x00000000b3f00000, 0x00000000b3f00000, 0x00000000b4000000|  0%| F|  |TAMS 0x00000000b3f00000, 0x00000000b3f00000| Untracked 
| 290|0x00000000b4000000, 0x00000000b4000000, 0x00000000b4100000|  0%| F|  |TAMS 0x00000000b4000000, 0x00000000b4000000| Untracked 
| 291|0x00000000b4100000, 0x00000000b4100000, 0x00000000b4200000|  0%| F|  |TAMS 0x00000000b4100000, 0x00000000b4100000| Untracked 
| 292|0x00000000b4200000, 0x00000000b4200000, 0x00000000b4300000|  0%| F|  |TAMS 0x00000000b4200000, 0x00000000b4200000| Untracked 
| 293|0x00000000b4300000, 0x00000000b4300000, 0x00000000b4400000|  0%| F|  |TAMS 0x00000000b4300000, 0x00000000b4300000| Untracked 
| 294|0x00000000b4400000, 0x00000000b4400000, 0x00000000b4500000|  0%| F|  |TAMS 0x00000000b4400000, 0x00000000b4400000| Untracked 
| 295|0x00000000b4500000, 0x00000000b4500000, 0x00000000b4600000|  0%| F|  |TAMS 0x00000000b4500000, 0x00000000b4500000| Untracked 
| 296|0x00000000b4600000, 0x00000000b4600000, 0x00000000b4700000|  0%| F|  |TAMS 0x00000000b4600000, 0x00000000b4600000| Untracked 
| 297|0x00000000b4700000, 0x00000000b4700000, 0x00000000b4800000|  0%| F|  |TAMS 0x00000000b4700000, 0x00000000b4700000| Untracked 
| 298|0x00000000b4800000, 0x00000000b4800000, 0x00000000b4900000|  0%| F|  |TAMS 0x00000000b4800000, 0x00000000b4800000| Untracked 
| 299|0x00000000b4900000, 0x00000000b4900000, 0x00000000b4a00000|  0%| F|  |TAMS 0x00000000b4900000, 0x00000000b4900000| Untracked 
| 300|0x00000000b4a00000, 0x00000000b4a00000, 0x00000000b4b00000|  0%| F|  |TAMS 0x00000000b4a00000, 0x00000000b4a00000| Untracked 
| 301|0x00000000b4b00000, 0x00000000b4b00000, 0x00000000b4c00000|  0%| F|  |TAMS 0x00000000b4b00000, 0x00000000b4b00000| Untracked 
| 302|0x00000000b4c00000, 0x00000000b4c00000, 0x00000000b4d00000|  0%| F|  |TAMS 0x00000000b4c00000, 0x00000000b4c00000| Untracked 
| 303|0x00000000b4d00000, 0x00000000b4d00000, 0x00000000b4e00000|  0%| F|  |TAMS 0x00000000b4d00000, 0x00000000b4d00000| Untracked 
| 304|0x00000000b4e00000, 0x00000000b4e00000, 0x00000000b4f00000|  0%| F|  |TAMS 0x00000000b4e00000, 0x00000000b4e00000| Untracked 
| 305|0x00000000b4f00000, 0x00000000b4f00000, 0x00000000b5000000|  0%| F|  |TAMS 0x00000000b4f00000, 0x00000000b4f00000| Untracked 
| 306|0x00000000b5000000, 0x00000000b5000000, 0x00000000b5100000|  0%| F|  |TAMS 0x00000000b5000000, 0x00000000b5000000| Untracked 
| 307|0x00000000b5100000, 0x00000000b5100000, 0x00000000b5200000|  0%| F|  |TAMS 0x00000000b5100000, 0x00000000b5100000| Untracked 
| 308|0x00000000b5200000, 0x00000000b5200000, 0x00000000b5300000|  0%| F|  |TAMS 0x00000000b5200000, 0x00000000b5200000| Untracked 
| 309|0x00000000b5300000, 0x00000000b5300000, 0x00000000b5400000|  0%| F|  |TAMS 0x00000000b5300000, 0x00000000b5300000| Untracked 
| 310|0x00000000b5400000, 0x00000000b5400000, 0x00000000b5500000|  0%| F|  |TAMS 0x00000000b5400000, 0x00000000b5400000| Untracked 
| 311|0x00000000b5500000, 0x00000000b5500000, 0x00000000b5600000|  0%| F|  |TAMS 0x00000000b5500000, 0x00000000b5500000| Untracked 
| 312|0x00000000b5600000, 0x00000000b5600000, 0x00000000b5700000|  0%| F|  |TAMS 0x00000000b5600000, 0x00000000b5600000| Untracked 
| 313|0x00000000b5700000, 0x00000000b5700000, 0x00000000b5800000|  0%| F|  |TAMS 0x00000000b5700000, 0x00000000b5700000| Untracked 
| 314|0x00000000b5800000, 0x00000000b5800000, 0x00000000b5900000|  0%| F|  |TAMS 0x00000000b5800000, 0x00000000b5800000| Untracked 
| 315|0x00000000b5900000, 0x00000000b5900000, 0x00000000b5a00000|  0%| F|  |TAMS 0x00000000b5900000, 0x00000000b5900000| Untracked 
| 316|0x00000000b5a00000, 0x00000000b5a80000, 0x00000000b5b00000| 50%| S|CS|TAMS 0x00000000b5a00000, 0x00000000b5a00000| Complete 
| 317|0x00000000b5b00000, 0x00000000b5c00000, 0x00000000b5c00000|100%| S|CS|TAMS 0x00000000b5b00000, 0x00000000b5b00000| Complete 
| 318|0x00000000b5c00000, 0x00000000b5d00000, 0x00000000b5d00000|100%| S|CS|TAMS 0x00000000b5c00000, 0x00000000b5c00000| Complete 
| 319|0x00000000b5d00000, 0x00000000b5e00000, 0x00000000b5e00000|100%| S|CS|TAMS 0x00000000b5d00000, 0x00000000b5d00000| Complete 
| 320|0x00000000b5e00000, 0x00000000b5f00000, 0x00000000b5f00000|100%| S|CS|TAMS 0x00000000b5e00000, 0x00000000b5e00000| Complete 
| 321|0x00000000b5f00000, 0x00000000b6000000, 0x00000000b6000000|100%| S|CS|TAMS 0x00000000b5f00000, 0x00000000b5f00000| Complete 
| 322|0x00000000b6000000, 0x00000000b6100000, 0x00000000b6100000|100%| S|CS|TAMS 0x00000000b6000000, 0x00000000b6000000| Complete 
| 323|0x00000000b6100000, 0x00000000b6200000, 0x00000000b6200000|100%| S|CS|TAMS 0x00000000b6100000, 0x00000000b6100000| Complete 
| 324|0x00000000b6200000, 0x00000000b6300000, 0x00000000b6300000|100%| S|CS|TAMS 0x00000000b6200000, 0x00000000b6200000| Complete 
| 325|0x00000000b6300000, 0x00000000b6400000, 0x00000000b6400000|100%| S|CS|TAMS 0x00000000b6300000, 0x00000000b6300000| Complete 
| 326|0x00000000b6400000, 0x00000000b6500000, 0x00000000b6500000|100%| S|CS|TAMS 0x00000000b6400000, 0x00000000b6400000| Complete 
| 327|0x00000000b6500000, 0x00000000b6600000, 0x00000000b6600000|100%| S|CS|TAMS 0x00000000b6500000, 0x00000000b6500000| Complete 
| 328|0x00000000b6600000, 0x00000000b6700000, 0x00000000b6700000|100%| S|CS|TAMS 0x00000000b6600000, 0x00000000b6600000| Complete 
| 329|0x00000000b6700000, 0x00000000b6700000, 0x00000000b6800000|  0%| F|  |TAMS 0x00000000b6700000, 0x00000000b6700000| Untracked 
| 330|0x00000000b6800000, 0x00000000b6800000, 0x00000000b6900000|  0%| F|  |TAMS 0x00000000b6800000, 0x00000000b6800000| Untracked 
| 331|0x00000000b6900000, 0x00000000b6900000, 0x00000000b6a00000|  0%| F|  |TAMS 0x00000000b6900000, 0x00000000b6900000| Untracked 
| 332|0x00000000b6a00000, 0x00000000b6a00000, 0x00000000b6b00000|  0%| F|  |TAMS 0x00000000b6a00000, 0x00000000b6a00000| Untracked 
| 333|0x00000000b6b00000, 0x00000000b6b00000, 0x00000000b6c00000|  0%| F|  |TAMS 0x00000000b6b00000, 0x00000000b6b00000| Untracked 
| 334|0x00000000b6c00000, 0x00000000b6c00000, 0x00000000b6d00000|  0%| F|  |TAMS 0x00000000b6c00000, 0x00000000b6c00000| Untracked 
| 335|0x00000000b6d00000, 0x00000000b6d00000, 0x00000000b6e00000|  0%| F|  |TAMS 0x00000000b6d00000, 0x00000000b6d00000| Untracked 
| 336|0x00000000b6e00000, 0x00000000b6e00000, 0x00000000b6f00000|  0%| F|  |TAMS 0x00000000b6e00000, 0x00000000b6e00000| Untracked 
| 337|0x00000000b6f00000, 0x00000000b6f00000, 0x00000000b7000000|  0%| F|  |TAMS 0x00000000b6f00000, 0x00000000b6f00000| Untracked 
| 338|0x00000000b7000000, 0x00000000b7000000, 0x00000000b7100000|  0%| F|  |TAMS 0x00000000b7000000, 0x00000000b7000000| Untracked 
| 339|0x00000000b7100000, 0x00000000b7100000, 0x00000000b7200000|  0%| F|  |TAMS 0x00000000b7100000, 0x00000000b7100000| Untracked 
| 340|0x00000000b7200000, 0x00000000b7200000, 0x00000000b7300000|  0%| F|  |TAMS 0x00000000b7200000, 0x00000000b7200000| Untracked 
| 341|0x00000000b7300000, 0x00000000b7300000, 0x00000000b7400000|  0%| F|  |TAMS 0x00000000b7300000, 0x00000000b7300000| Untracked 
| 342|0x00000000b7400000, 0x00000000b7400000, 0x00000000b7500000|  0%| F|  |TAMS 0x00000000b7400000, 0x00000000b7400000| Untracked 
| 343|0x00000000b7500000, 0x00000000b7500000, 0x00000000b7600000|  0%| F|  |TAMS 0x00000000b7500000, 0x00000000b7500000| Untracked 
| 344|0x00000000b7600000, 0x00000000b7600000, 0x00000000b7700000|  0%| F|  |TAMS 0x00000000b7600000, 0x00000000b7600000| Untracked 
| 345|0x00000000b7700000, 0x00000000b7700000, 0x00000000b7800000|  0%| F|  |TAMS 0x00000000b7700000, 0x00000000b7700000| Untracked 
| 346|0x00000000b7800000, 0x00000000b7800000, 0x00000000b7900000|  0%| F|  |TAMS 0x00000000b7800000, 0x00000000b7800000| Untracked 
| 347|0x00000000b7900000, 0x00000000b7900000, 0x00000000b7a00000|  0%| F|  |TAMS 0x00000000b7900000, 0x00000000b7900000| Untracked 
| 348|0x00000000b7a00000, 0x00000000b7a00000, 0x00000000b7b00000|  0%| F|  |TAMS 0x00000000b7a00000, 0x00000000b7a00000| Untracked 
| 349|0x00000000b7b00000, 0x00000000b7b00000, 0x00000000b7c00000|  0%| F|  |TAMS 0x00000000b7b00000, 0x00000000b7b00000| Untracked 
| 350|0x00000000b7c00000, 0x00000000b7c00000, 0x00000000b7d00000|  0%| F|  |TAMS 0x00000000b7c00000, 0x00000000b7c00000| Untracked 
| 351|0x00000000b7d00000, 0x00000000b7d00000, 0x00000000b7e00000|  0%| F|  |TAMS 0x00000000b7d00000, 0x00000000b7d00000| Untracked 
| 352|0x00000000b7e00000, 0x00000000b7e00000, 0x00000000b7f00000|  0%| F|  |TAMS 0x00000000b7e00000, 0x00000000b7e00000| Untracked 
| 353|0x00000000b7f00000, 0x00000000b7f00000, 0x00000000b8000000|  0%| F|  |TAMS 0x00000000b7f00000, 0x00000000b7f00000| Untracked 
| 354|0x00000000b8000000, 0x00000000b8000000, 0x00000000b8100000|  0%| F|  |TAMS 0x00000000b8000000, 0x00000000b8000000| Untracked 
| 355|0x00000000b8100000, 0x00000000b8100000, 0x00000000b8200000|  0%| F|  |TAMS 0x00000000b8100000, 0x00000000b8100000| Untracked 
| 356|0x00000000b8200000, 0x00000000b8200000, 0x00000000b8300000|  0%| F|  |TAMS 0x00000000b8200000, 0x00000000b8200000| Untracked 
| 357|0x00000000b8300000, 0x00000000b8300000, 0x00000000b8400000|  0%| F|  |TAMS 0x00000000b8300000, 0x00000000b8300000| Untracked 
| 358|0x00000000b8400000, 0x00000000b8400000, 0x00000000b8500000|  0%| F|  |TAMS 0x00000000b8400000, 0x00000000b8400000| Untracked 
| 359|0x00000000b8500000, 0x00000000b8500000, 0x00000000b8600000|  0%| F|  |TAMS 0x00000000b8500000, 0x00000000b8500000| Untracked 
| 360|0x00000000b8600000, 0x00000000b8600000, 0x00000000b8700000|  0%| F|  |TAMS 0x00000000b8600000, 0x00000000b8600000| Untracked 
| 361|0x00000000b8700000, 0x00000000b8700000, 0x00000000b8800000|  0%| F|  |TAMS 0x00000000b8700000, 0x00000000b8700000| Untracked 
| 362|0x00000000b8800000, 0x00000000b8800000, 0x00000000b8900000|  0%| F|  |TAMS 0x00000000b8800000, 0x00000000b8800000| Untracked 
| 363|0x00000000b8900000, 0x00000000b8900000, 0x00000000b8a00000|  0%| F|  |TAMS 0x00000000b8900000, 0x00000000b8900000| Untracked 
| 364|0x00000000b8a00000, 0x00000000b8a00000, 0x00000000b8b00000|  0%| F|  |TAMS 0x00000000b8a00000, 0x00000000b8a00000| Untracked 
| 365|0x00000000b8b00000, 0x00000000b8b00000, 0x00000000b8c00000|  0%| F|  |TAMS 0x00000000b8b00000, 0x00000000b8b00000| Untracked 
| 366|0x00000000b8c00000, 0x00000000b8c00000, 0x00000000b8d00000|  0%| F|  |TAMS 0x00000000b8c00000, 0x00000000b8c00000| Untracked 
| 367|0x00000000b8d00000, 0x00000000b8d00000, 0x00000000b8e00000|  0%| F|  |TAMS 0x00000000b8d00000, 0x00000000b8d00000| Untracked 
| 368|0x00000000b8e00000, 0x00000000b8e00000, 0x00000000b8f00000|  0%| F|  |TAMS 0x00000000b8e00000, 0x00000000b8e00000| Untracked 
| 369|0x00000000b8f00000, 0x00000000b8f00000, 0x00000000b9000000|  0%| F|  |TAMS 0x00000000b8f00000, 0x00000000b8f00000| Untracked 
| 370|0x00000000b9000000, 0x00000000b9000000, 0x00000000b9100000|  0%| F|  |TAMS 0x00000000b9000000, 0x00000000b9000000| Untracked 
| 371|0x00000000b9100000, 0x00000000b9100000, 0x00000000b9200000|  0%| F|  |TAMS 0x00000000b9100000, 0x00000000b9100000| Untracked 
| 372|0x00000000b9200000, 0x00000000b9200000, 0x00000000b9300000|  0%| F|  |TAMS 0x00000000b9200000, 0x00000000b9200000| Untracked 
| 373|0x00000000b9300000, 0x00000000b9300000, 0x00000000b9400000|  0%| F|  |TAMS 0x00000000b9300000, 0x00000000b9300000| Untracked 
| 374|0x00000000b9400000, 0x00000000b9400000, 0x00000000b9500000|  0%| F|  |TAMS 0x00000000b9400000, 0x00000000b9400000| Untracked 
| 375|0x00000000b9500000, 0x00000000b9500000, 0x00000000b9600000|  0%| F|  |TAMS 0x00000000b9500000, 0x00000000b9500000| Untracked 
| 376|0x00000000b9600000, 0x00000000b9600000, 0x00000000b9700000|  0%| F|  |TAMS 0x00000000b9600000, 0x00000000b9600000| Untracked 
| 377|0x00000000b9700000, 0x00000000b9700000, 0x00000000b9800000|  0%| F|  |TAMS 0x00000000b9700000, 0x00000000b9700000| Untracked 
| 378|0x00000000b9800000, 0x00000000b9800000, 0x00000000b9900000|  0%| F|  |TAMS 0x00000000b9800000, 0x00000000b9800000| Untracked 
| 379|0x00000000b9900000, 0x00000000b9900000, 0x00000000b9a00000|  0%| F|  |TAMS 0x00000000b9900000, 0x00000000b9900000| Untracked 
| 380|0x00000000b9a00000, 0x00000000b9a00000, 0x00000000b9b00000|  0%| F|  |TAMS 0x00000000b9a00000, 0x00000000b9a00000| Untracked 
| 381|0x00000000b9b00000, 0x00000000b9b00000, 0x00000000b9c00000|  0%| F|  |TAMS 0x00000000b9b00000, 0x00000000b9b00000| Untracked 
| 382|0x00000000b9c00000, 0x00000000b9c00000, 0x00000000b9d00000|  0%| F|  |TAMS 0x00000000b9c00000, 0x00000000b9c00000| Untracked 
| 383|0x00000000b9d00000, 0x00000000b9d00000, 0x00000000b9e00000|  0%| F|  |TAMS 0x00000000b9d00000, 0x00000000b9d00000| Untracked 

Card table byte_map: [0x000001e9e0bc0000,0x000001e9e0ec0000] _byte_map_base: 0x000001e9e06b1000

Marking Bits (Prev, Next): (CMBitMap*) 0x000001e9c7bb0d90, (CMBitMap*) 0x000001e9c7bb0d50
 Prev Bits: [0x000001e9e2950000, 0x000001e9e40d8000)
 Next Bits: [0x000001e9e11c0000, 0x000001e9e2948000)

Polling page: 0x000001e9c7c20000

Metaspace:

Usage:
  Non-class:     11.06 MB used.
      Class:      1.41 MB used.
       Both:     12.46 MB used.

Virtual space:
  Non-class space:       64.00 MB reserved,      11.19 MB ( 17%) committed,  1 nodes.
      Class space:        1.00 GB reserved,       1.50 MB ( <1%) committed,  1 nodes.
             Both:        1.06 GB reserved,      12.69 MB (  1%) committed. 

Chunk freelists:
   Non-Class:  451.00 KB
       Class:  2.51 MB
        Both:  2.95 MB

MaxMetaspaceSize: unlimited
CompressedClassSpaceSize: 1.00 GB
Initial GC threshold: 21.00 MB
Current GC threshold: 21.00 MB
CDS: on
MetaspaceReclaimPolicy: balanced
 - commit_granule_bytes: 65536.
 - commit_granule_words: 8192.
 - virtual_space_node_default_size: 8388608.
 - enlarge_chunks_in_place: 1.
 - new_chunks_are_fully_committed: 0.
 - uncommit_free_chunks: 1.
 - use_allocation_guard: 0.


Internal statistics:

num_allocs_failed_limit: 0.
num_arena_births: 190.
num_arena_deaths: 0.
num_vsnodes_births: 2.
num_vsnodes_deaths: 0.
num_space_committed: 203.
num_space_uncommitted: 0.
num_chunks_returned_to_freelist: 0.
num_chunks_taken_from_freelist: 257.
num_chunk_merges: 0.
num_chunk_splits: 160.
num_chunks_enlarged: 97.
num_inconsistent_stats: 0.

CodeHeap 'non-profiled nmethods': size=120000Kb used=905Kb max_used=905Kb free=119095Kb
 bounds [0x000001e9d8d60000, 0x000001e9d8fd0000, 0x000001e9e0290000]
CodeHeap 'profiled nmethods': size=120000Kb used=4549Kb max_used=4549Kb free=115450Kb
 bounds [0x000001e9d1290000, 0x000001e9d1710000, 0x000001e9d87c0000]
CodeHeap 'non-nmethods': size=5760Kb used=1405Kb max_used=1482Kb free=4354Kb
 bounds [0x000001e9d87c0000, 0x000001e9d8a30000, 0x000001e9d8d60000]
 total_blobs=3095 nmethods=2436 adapters=568
 compilation: enabled
              stopped_count=0, restarted_count=0
 full_count=0

Compilation events (20 events):
Event: 15.320 Thread 0x000001e9e6730460 nmethod 2427 0x000001e9d16fdd90 code [0x000001e9d16fdf20, 0x000001e9d16fe038]
Event: 15.343 Thread 0x000001e9e671aa40 2428       4       java.util.concurrent.locks.AbstractQueuedSynchronizer::casTail (13 bytes)
Event: 15.344 Thread 0x000001e9e671aa40 nmethod 2428 0x000001e9d8e41490 code [0x000001e9d8e41600, 0x000001e9d8e41778]
Event: 15.368 Thread 0x000001e9e671aa40 2429       4       java.util.concurrent.locks.ReentrantLock$Sync::isHeldExclusively (16 bytes)
Event: 15.368 Thread 0x000001e9e671aa40 nmethod 2429 0x000001e9d8e41810 code [0x000001e9d8e419a0, 0x000001e9d8e41a58]
Event: 15.415 Thread 0x000001e9e671aa40 2430       4       jdk.internal.misc.Unsafe::putIntOpaque (9 bytes)
Event: 15.416 Thread 0x000001e9e671aa40 nmethod 2430 0x000001e9d8e41b10 code [0x000001e9d8e41c80, 0x000001e9d8e41d18]
Event: 16.056 Thread 0x000001e9e671aa40 2431       4       java.util.concurrent.locks.AbstractQueuedSynchronizer$Node::setStatusRelaxed (12 bytes)
Event: 16.056 Thread 0x000001e9e671aa40 nmethod 2431 0x000001e9d8e41e10 code [0x000001e9d8e41f80, 0x000001e9d8e41ff8]
Event: 17.001 Thread 0x000001e9e6730460 2432       3       sun.awt.windows.WComponentPeer::handleJavaMouseEvent (75 bytes)
Event: 17.002 Thread 0x000001e9e6730460 nmethod 2432 0x000001e9d16fe110 code [0x000001e9d16fe3e0, 0x000001e9d16ff3e8]
Event: 17.843 Thread 0x000001e9e6730460 2433       3       javax.swing.GroupLayout$ComponentInfo::updateVisibility (59 bytes)
Event: 17.843 Thread 0x000001e9e6730460 nmethod 2433 0x000001e9d16ff990 code [0x000001e9d16ffb60, 0x000001e9d16ffea8]
Event: 17.843 Thread 0x000001e9e6730460 2434       1       javax.swing.JScrollPane::getUIClassID (3 bytes)
Event: 17.843 Thread 0x000001e9e6730460 nmethod 2434 0x000001e9d8e42110 code [0x000001e9d8e422a0, 0x000001e9d8e42378]
Event: 17.844 Thread 0x000001e9e6730460 2435       3       java.awt.Dimension::<init> (13 bytes)
Event: 17.844 Thread 0x000001e9e6730460 nmethod 2435 0x000001e9d1700010 code [0x000001e9d17001c0, 0x000001e9d17003f8]
Event: 17.844 Thread 0x000001e9e6730460 2436       3       java.util.Arrays::rangeCheck (74 bytes)
Event: 17.845 Thread 0x000001e9e6730460 nmethod 2436 0x000001e9d1700510 code [0x000001e9d17007a0, 0x000001e9d17010b8]
Event: 17.845 Thread 0x000001e9e6730460 2437  s    3       javax.swing.RepaintManager::getPaintManager (107 bytes)

GC Heap History (20 events):
Event: 9.466 GC heap after
{Heap after GC invocations=6 (full 0):
 garbage-first heap   total 98304K, used 43008K [0x00000000a1e00000, 0x0000000100000000)
  region size 1024K, 5 young (5120K), 5 survivors (5120K)
 Metaspace       used 12619K, committed 12800K, reserved 1114112K
  class space    used 1432K, committed 1536K, reserved 1048576K
}
Event: 9.536 GC heap before
{Heap before GC invocations=6 (full 0):
 garbage-first heap   total 98304K, used 70656K [0x00000000a1e00000, 0x0000000100000000)
  region size 1024K, 32 young (32768K), 5 survivors (5120K)
 Metaspace       used 12621K, committed 12800K, reserved 1114112K
  class space    used 1432K, committed 1536K, reserved 1048576K
}
Event: 9.547 GC heap after
{Heap after GC invocations=7 (full 0):
 garbage-first heap   total 196608K, used 49503K [0x00000000a1e00000, 0x0000000100000000)
  region size 1024K, 4 young (4096K), 4 survivors (4096K)
 Metaspace       used 12621K, committed 12800K, reserved 1114112K
  class space    used 1432K, committed 1536K, reserved 1048576K
}
Event: 9.824 GC heap before
{Heap before GC invocations=7 (full 0):
 garbage-first heap   total 196608K, used 135519K [0x00000000a1e00000, 0x0000000100000000)
  region size 1024K, 87 young (89088K), 4 survivors (4096K)
 Metaspace       used 12644K, committed 12864K, reserved 1114112K
  class space    used 1432K, committed 1536K, reserved 1048576K
}
Event: 9.849 GC heap after
{Heap after GC invocations=8 (full 0):
 garbage-first heap   total 196608K, used 69632K [0x00000000a1e00000, 0x0000000100000000)
  region size 1024K, 11 young (11264K), 11 survivors (11264K)
 Metaspace       used 12644K, committed 12864K, reserved 1114112K
  class space    used 1432K, committed 1536K, reserved 1048576K
}
Event: 10.024 GC heap before
{Heap before GC invocations=8 (full 0):
 garbage-first heap   total 196608K, used 135168K [0x00000000a1e00000, 0x0000000100000000)
  region size 1024K, 75 young (76800K), 11 survivors (11264K)
 Metaspace       used 12650K, committed 12864K, reserved 1114112K
  class space    used 1432K, committed 1536K, reserved 1048576K
}
Event: 10.057 GC heap after
{Heap after GC invocations=9 (full 0):
 garbage-first heap   total 196608K, used 84476K [0x00000000a1e00000, 0x0000000100000000)
  region size 1024K, 10 young (10240K), 10 survivors (10240K)
 Metaspace       used 12650K, committed 12864K, reserved 1114112K
  class space    used 1432K, committed 1536K, reserved 1048576K
}
Event: 10.195 GC heap before
{Heap before GC invocations=9 (full 0):
 garbage-first heap   total 196608K, used 142844K [0x00000000a1e00000, 0x0000000100000000)
  region size 1024K, 67 young (68608K), 10 survivors (10240K)
 Metaspace       used 12650K, committed 12864K, reserved 1114112K
  class space    used 1432K, committed 1536K, reserved 1048576K
}
Event: 10.218 GC heap after
{Heap after GC invocations=10 (full 0):
 garbage-first heap   total 196608K, used 97792K [0x00000000a1e00000, 0x0000000100000000)
  region size 1024K, 9 young (9216K), 9 survivors (9216K)
 Metaspace       used 12650K, committed 12864K, reserved 1114112K
  class space    used 1432K, committed 1536K, reserved 1048576K
}
Event: 10.340 GC heap before
{Heap before GC invocations=10 (full 0):
 garbage-first heap   total 196608K, used 148992K [0x00000000a1e00000, 0x0000000100000000)
  region size 1024K, 59 young (60416K), 9 survivors (9216K)
 Metaspace       used 12650K, committed 12864K, reserved 1114112K
  class space    used 1432K, committed 1536K, reserved 1048576K
}
Event: 10.362 GC heap after
{Heap after GC invocations=11 (full 0):
 garbage-first heap   total 393216K, used 109568K [0x00000000a1e00000, 0x0000000100000000)
  region size 1024K, 8 young (8192K), 8 survivors (8192K)
 Metaspace       used 12650K, committed 12864K, reserved 1114112K
  class space    used 1432K, committed 1536K, reserved 1048576K
}
Event: 11.222 GC heap before
{Heap before GC invocations=12 (full 0):
 garbage-first heap   total 393216K, used 269312K [0x00000000a1e00000, 0x0000000100000000)
  region size 1024K, 162 young (165888K), 8 survivors (8192K)
 Metaspace       used 12650K, committed 12864K, reserved 1114112K
  class space    used 1432K, committed 1536K, reserved 1048576K
}
Event: 11.296 GC heap after
{Heap after GC invocations=13 (full 0):
 garbage-first heap   total 393216K, used 146944K [0x00000000a1e00000, 0x0000000100000000)
  region size 1024K, 21 young (21504K), 21 survivors (21504K)
 Metaspace       used 12650K, committed 12864K, reserved 1114112K
  class space    used 1432K, committed 1536K, reserved 1048576K
}
Event: 11.302 GC heap before
{Heap before GC invocations=13 (full 0):
 garbage-first heap   total 393216K, used 147968K [0x00000000a1e00000, 0x0000000100000000)
  region size 1024K, 22 young (22528K), 21 survivors (21504K)
 Metaspace       used 12650K, committed 12864K, reserved 1114112K
  class space    used 1432K, committed 1536K, reserved 1048576K
}
Event: 11.331 GC heap after
{Heap after GC invocations=14 (full 0):
 garbage-first heap   total 393216K, used 148480K [0x00000000a1e00000, 0x0000000100000000)
  region size 1024K, 2 young (2048K), 2 survivors (2048K)
 Metaspace       used 12650K, committed 12864K, reserved 1114112K
  class space    used 1432K, committed 1536K, reserved 1048576K
}
Event: 11.545 GC heap before
{Heap before GC invocations=14 (full 0):
 garbage-first heap   total 393216K, used 272384K [0x00000000a1e00000, 0x0000000100000000)
  region size 1024K, 123 young (125952K), 2 survivors (2048K)
 Metaspace       used 12650K, committed 12864K, reserved 1114112K
  class space    used 1432K, committed 1536K, reserved 1048576K
}
Event: 11.581 GC heap after
{Heap after GC invocations=15 (full 0):
 garbage-first heap   total 393216K, used 175104K [0x00000000a1e00000, 0x0000000100000000)
  region size 1024K, 16 young (16384K), 16 survivors (16384K)
 Metaspace       used 12650K, committed 12864K, reserved 1114112K
  class space    used 1432K, committed 1536K, reserved 1048576K
}
Event: 11.771 GC heap before
{Heap before GC invocations=15 (full 0):
 garbage-first heap   total 393216K, used 287744K [0x00000000a1e00000, 0x0000000100000000)
  region size 1024K, 126 young (129024K), 16 survivors (16384K)
 Metaspace       used 12665K, committed 12864K, reserved 1114112K
  class space    used 1433K, committed 1536K, reserved 1048576K
}
Event: 11.822 GC heap after
{Heap after GC invocations=16 (full 0):
 garbage-first heap   total 393216K, used 200192K [0x00000000a1e00000, 0x0000000100000000)
  region size 1024K, 16 young (16384K), 16 survivors (16384K)
 Metaspace       used 12665K, committed 12864K, reserved 1114112K
  class space    used 1433K, committed 1536K, reserved 1048576K
}
Event: 17.845 GC heap before
{Heap before GC invocations=16 (full 0):
 garbage-first heap   total 393216K, used 255488K [0x00000000a1e00000, 0x0000000100000000)
  region size 1024K, 71 young (72704K), 16 survivors (16384K)
 Metaspace       used 12761K, committed 12992K, reserved 1114112K
  class space    used 1439K, committed 1536K, reserved 1048576K
}

Dll operation events (9 events):
Event: 0.006 Loaded shared library C:\Program Files\Java\jdk-19\bin\java.dll
Event: 0.016 Loaded shared library C:\Program Files\Java\jdk-19\bin\jsvml.dll
Event: 0.097 Loaded shared library C:\Program Files\Java\jdk-19\bin\jimage.dll
Event: 0.109 Loaded shared library C:\Program Files\Java\jdk-19\bin\net.dll
Event: 0.111 Loaded shared library C:\Program Files\Java\jdk-19\bin\nio.dll
Event: 0.114 Loaded shared library C:\Program Files\Java\jdk-19\bin\zip.dll
Event: 0.139 Loaded shared library C:\Program Files\Java\jdk-19\bin\awt.dll
Event: 0.763 Loaded shared library C:\Program Files\Java\jdk-19\bin\freetype.dll
Event: 0.764 Loaded shared library C:\Program Files\Java\jdk-19\bin\fontmanager.dll

Deoptimization events (20 events):
Event: 9.036 Thread 0x000001e9eb83deb0 Uncommon trap: trap_request=0xffffffde fr.pc=0x000001e9d8e00dc8 relative=0x0000000000000128
Event: 9.036 Thread 0x000001e9eb83deb0 Uncommon trap: reason=class_check action=maybe_recompile pc=0x000001e9d8e00dc8 method=jdk.internal.misc.Unsafe.allocateUninitializedArray(Ljava/lang/Class;I)Ljava/lang/Object; @ 51 c2
Event: 9.036 Thread 0x000001e9eb83deb0 DEOPT PACKING pc=0x000001e9d8e00dc8 sp=0x00000092402fe0f0
Event: 9.036 Thread 0x000001e9eb83deb0 DEOPT UNPACKING pc=0x000001e9d8826da3 sp=0x00000092402fe078 mode 2
Event: 10.847 Thread 0x000001e9eb83deb0 DEOPT PACKING pc=0x000001e9d16a0c24 sp=0x00000092402fe3d0
Event: 10.847 Thread 0x000001e9eb83deb0 DEOPT UNPACKING pc=0x000001e9d8827543 sp=0x00000092402fd928 mode 0
Event: 11.071 Thread 0x000001e9eb83deb0 DEOPT PACKING pc=0x000001e9d16a2334 sp=0x00000092402fe3d0
Event: 11.071 Thread 0x000001e9eb83deb0 DEOPT UNPACKING pc=0x000001e9d8827543 sp=0x00000092402fd928 mode 0
Event: 11.934 Thread 0x000001e9eb83deb0 Uncommon trap: trap_request=0xffffff45 fr.pc=0x000001e9d8e2e3b4 relative=0x00000000000011b4
Event: 11.934 Thread 0x000001e9eb83deb0 Uncommon trap: reason=unstable_if action=reinterpret pc=0x000001e9d8e2e3b4 method=vistas.Estadisticas.correr_simulacion()V @ 27 c2
Event: 11.935 Thread 0x000001e9eb83deb0 DEOPT PACKING pc=0x000001e9d8e2e3b4 sp=0x00000092402fe450
Event: 11.935 Thread 0x000001e9eb83deb0 DEOPT UNPACKING pc=0x000001e9d8826da3 sp=0x00000092402fe428 mode 2
Event: 11.935 Thread 0x000001e9eb83deb0 Uncommon trap: trap_request=0xffffff45 fr.pc=0x000001e9d8e03108 relative=0x0000000000001a48
Event: 11.935 Thread 0x000001e9eb83deb0 Uncommon trap: reason=unstable_if action=reinterpret pc=0x000001e9d8e03108 method=javax.swing.table.DefaultTableColumnModel.getTotalColumnWidth()I @ 5 c2
Event: 11.935 Thread 0x000001e9eb83deb0 DEOPT PACKING pc=0x000001e9d8e03108 sp=0x00000092402fe2c0
Event: 11.935 Thread 0x000001e9eb83deb0 DEOPT UNPACKING pc=0x000001e9d8826da3 sp=0x00000092402fe118 mode 2
Event: 11.962 Thread 0x000001e9eb83deb0 Uncommon trap: trap_request=0xffffff45 fr.pc=0x000001e9d8e2510c relative=0x000000000000006c
Event: 11.962 Thread 0x000001e9eb83deb0 Uncommon trap: reason=unstable_if action=reinterpret pc=0x000001e9d8e2510c method=java.lang.Integer.equals(Ljava/lang/Object;)Z @ 18 c2
Event: 11.962 Thread 0x000001e9eb83deb0 DEOPT PACKING pc=0x000001e9d8e2510c sp=0x00000092402fe290
Event: 11.962 Thread 0x000001e9eb83deb0 DEOPT UNPACKING pc=0x000001e9d8826da3 sp=0x00000092402fe218 mode 2

Classes loaded (20 events):
Event: 8.765 Loading class javax/swing/JTable$Resizable2
Event: 8.765 Loading class javax/swing/JTable$Resizable2 done
Event: 8.765 Loading class javax/swing/JTable$Resizable3 done
Event: 8.765 Loading class javax/swing/JTable$2 done
Event: 8.765 Loading class javax/swing/JTable$5
Event: 8.765 Loading class javax/swing/JTable$5 done
Event: 8.770 Loading class java/lang/Math$RandomNumberGeneratorHolder
Event: 8.770 Loading class java/lang/Math$RandomNumberGeneratorHolder done
Event: 8.884 Loading class sun/awt/shell/Win32ShellFolder2$FolderDisposer$1
Event: 8.884 Loading class sun/awt/shell/Win32ShellFolder2$FolderDisposer$1 done
Event: 11.723 Loading class java/lang/foreign/MemorySegment
Event: 11.725 Loading class java/lang/foreign/Addressable
Event: 11.726 Loading class java/lang/foreign/Addressable done
Event: 11.726 Loading class java/lang/foreign/MemorySegment done
Event: 11.953 Loading class javax/swing/JTable$4
Event: 11.962 Loading class javax/swing/JTable$4 done
Event: 11.973 Loading class javax/swing/JTable$PrintMode
Event: 11.974 Loading class javax/swing/JTable$PrintMode done
Event: 11.974 Loading class javax/swing/table/DefaultTableCellRenderer$UIResource
Event: 11.974 Loading class javax/swing/table/DefaultTableCellRenderer$UIResource done

Classes unloaded (0 events):
No events

Classes redefined (0 events):
No events

Internal exceptions (17 events):
Event: 0.123 Thread 0x000001e9c7b5f950 Exception <a 'java/lang/ClassNotFoundException'{0x00000000a7cbb2e8}: sun/awt/resources/spi/awtProvider> (0x00000000a7cbb2e8) 
thrown [s\open\src\hotspot\share\classfile\systemDictionary.cpp, line 255]
Event: 0.169 Thread 0x000001e9c7b5f950 Exception <a 'java/io/FileNotFoundException'{0x00000000a7b14b38}> (0x00000000a7b14b38) 
thrown [s\open\src\hotspot\share\prims\jni.cpp, line 517]
Event: 0.181 Thread 0x000001e9c7b5f950 Exception <a 'java/io/FileNotFoundException'{0x00000000a7b410d0}> (0x00000000a7b410d0) 
thrown [s\open\src\hotspot\share\prims\jni.cpp, line 517]
Event: 0.242 Thread 0x000001e9c7b5f950 Exception <a 'java/lang/NoSuchMethodError'{0x00000000a7b8b778}: 'java.lang.Object java.lang.invoke.DirectMethodHandle$Holder.invokeStaticInit(java.lang.Object)'> (0x00000000a7b8b778) 
thrown [s\open\src\hotspot\share\interpreter\linkResolver.cpp, line 774]
Event: 0.290 Thread 0x000001e9c7b5f950 Exception <a 'java/lang/NoSuchMethodError'{0x00000000a7a5bd00}: 'void java.lang.invoke.DirectMethodHandle$Holder.invokeSpecial(java.lang.Object, java.lang.Object, java.lang.Object)'> (0x00000000a7a5bd00) 
thrown [s\open\src\hotspot\share\interpreter\linkResolver.cpp, line 774]
Event: 0.300 Thread 0x000001e9c7b5f950 Exception <a 'java/lang/NoSuchMethodError'{0x00000000a7ac9488}: 'java.lang.Object java.lang.invoke.DirectMethodHandle$Holder.newInvokeSpecial(java.lang.Object, java.lang.Object, java.lang.Object, java.lang.Object, java.lang.Object)'> (0x00000000a7ac9488) 
thrown [s\open\src\hotspot\share\interpreter\linkResolver.cpp, line 774]
Event: 0.309 Thread 0x000001e9c7b5f950 Exception <a 'java/lang/NoSuchMethodError'{0x00000000a7afab70}: 'java.lang.Object java.lang.invoke.DirectMethodHandle$Holder.invokeStatic(java.lang.Object, int, java.lang.Object)'> (0x00000000a7afab70) 
thrown [s\open\src\hotspot\share\interpreter\linkResolver.cpp, line 774]
Event: 0.351 Thread 0x000001e9c7b5f950 Exception <a 'java/lang/ClassNotFoundException'{0x00000000a79b6c08}: com/sun/swing/internal/plaf/metal/resources/spi/metalProvider> (0x00000000a79b6c08) 
thrown [s\open\src\hotspot\share\classfile\systemDictionary.cpp, line 255]
Event: 0.353 Thread 0x000001e9c7b5f950 Exception <a 'java/lang/ClassNotFoundException'{0x00000000a79bac08}: com/sun/swing/internal/plaf/basic/resources/spi/basicProvider> (0x00000000a79bac08) 
thrown [s\open\src\hotspot\share\classfile\systemDictionary.cpp, line 255]
Event: 0.369 Thread 0x000001e9c7b5f950 Exception <a 'java/lang/NoSuchMethodError'{0x00000000a79db160}: 'int java.lang.invoke.Invokers$Holder.invokeExact_MT(java.lang.Object, java.lang.Object)'> (0x00000000a79db160) 
thrown [s\open\src\hotspot\share\interpreter\linkResolver.cpp, line 774]
Event: 0.547 Thread 0x000001e9c7b5f950 Exception <a 'java/lang/NoSuchMethodError'{0x00000000a78de600}: 'void java.lang.invoke.DirectMethodHandle$Holder.invokeStatic(java.lang.Object, java.lang.Object, java.lang.Object)'> (0x00000000a78de600) 
thrown [s\open\src\hotspot\share\interpreter\linkResolver.cpp, line 774]
Event: 0.548 Thread 0x000001e9c7b5f950 Exception <a 'java/lang/NoSuchMethodError'{0x00000000a78e49d8}: 'void java.lang.invoke.DirectMethodHandle$Holder.invokeStatic(java.lang.Object, java.lang.Object)'> (0x00000000a78e49d8) 
thrown [s\open\src\hotspot\share\interpreter\linkResolver.cpp, line 774]
Event: 0.756 Thread 0x000001e9c7b5f950 Exception <a 'java/lang/NoSuchMethodError'{0x00000000a76c16a0}: 'void java.lang.invoke.DirectMethodHandle$Holder.invokeStaticInit(java.lang.Object)'> (0x00000000a76c16a0) 
thrown [s\open\src\hotspot\share\interpreter\linkResolver.cpp, line 774]
Event: 0.825 Thread 0x000001e9eac67500 Exception <a 'java/lang/NoSuchMethodError'{0x00000000a7a0fd10}: 'void java.lang.invoke.DirectMethodHandle$Holder.invokeVirtual(java.lang.Object, java.lang.Object)'> (0x00000000a7a0fd10) 
thrown [s\open\src\hotspot\share\interpreter\linkResolver.cpp, line 774]
Event: 3.437 Thread 0x000001e9ebcac4d0 Exception <a 'java/lang/NoSuchMethodError'{0x00000000a7150548}: 'java.lang.Object java.lang.invoke.DirectMethodHandle$Holder.newInvokeSpecial(java.lang.Object, java.lang.Object, java.lang.Object, int, int, int, int, int)'> (0x00000000a7150548) 
thrown [s\open\src\hotspot\share\interpreter\linkResolver.cpp, line 774]
Event: 3.961 Thread 0x000001e9eb83deb0 Exception <a 'java/lang/NoSuchMethodError'{0x00000000a7d6ebf8}: 'int java.lang.invoke.DirectMethodHandle$Holder.invokeSpecial(java.lang.Object, java.lang.Object, java.lang.Object)'> (0x00000000a7d6ebf8) 
thrown [s\open\src\hotspot\share\interpreter\linkResolver.cpp, line 774]
Event: 4.016 Thread 0x000001e9eb83deb0 Exception <a 'java/lang/NoSuchMethodError'{0x00000000a7c16718}: 'int java.lang.invoke.DirectMethodHandle$Holder.invokeStatic(java.lang.Object)'> (0x00000000a7c16718) 
thrown [s\open\src\hotspot\share\interpreter\linkResolver.cpp, line 774]

VM Operations (20 events):
Event: 10.459 Executing VM operation: G1PauseRemark done
Event: 10.574 Executing VM operation: G1PauseCleanup
Event: 10.574 Executing VM operation: G1PauseCleanup done
Event: 11.222 Executing VM operation: G1CollectForAllocation
Event: 11.296 Executing VM operation: G1CollectForAllocation done
Event: 11.302 Executing VM operation: G1CollectForAllocation
Event: 11.331 Executing VM operation: G1CollectForAllocation done
Event: 11.545 Executing VM operation: G1CollectForAllocation
Event: 11.581 Executing VM operation: G1CollectForAllocation done
Event: 11.770 Executing VM operation: G1CollectForAllocation
Event: 11.822 Executing VM operation: G1CollectForAllocation done
Event: 13.822 Executing VM operation: Cleanup
Event: 13.822 Executing VM operation: Cleanup done
Event: 15.822 Executing VM operation: Cleanup
Event: 15.823 Executing VM operation: Cleanup done
Event: 16.823 Executing VM operation: Cleanup
Event: 16.823 Executing VM operation: Cleanup done
Event: 17.823 Executing VM operation: Cleanup
Event: 17.823 Executing VM operation: Cleanup done
Event: 17.845 Executing VM operation: G1TryInitiateConcMark

Events (20 events):
Event: 0.032 Thread 0x000001e9e6719de0 Thread added: 0x000001e9e6719de0
Event: 0.032 Thread 0x000001e9e671aa40 Thread added: 0x000001e9e671aa40
Event: 0.032 Thread 0x000001e9e6730460 Thread added: 0x000001e9e6730460
Event: 0.033 Thread 0x000001e9ea9627f0 Thread added: 0x000001e9ea9627f0
Event: 0.061 Thread 0x000001e9eaa2fc90 Thread added: 0x000001e9eaa2fc90
Event: 0.066 Thread 0x000001e9eaa3ca70 Thread added: 0x000001e9eaa3ca70
Event: 0.243 Thread 0x000001e9eac61330 Thread added: 0x000001e9eac61330
Event: 0.245 Thread 0x000001e9eac64500 Thread added: 0x000001e9eac64500
Event: 0.247 Thread 0x000001e9eac67500 Thread added: 0x000001e9eac67500
Event: 0.464 Thread 0x000001e9eb83deb0 Thread added: 0x000001e9eb83deb0
Event: 0.951 Thread 0x000001e9c7b5f950 Thread exited: 0x000001e9c7b5f950
Event: 0.951 Thread 0x000001e9c7b5f950 Thread added: 0x000001e9c7b5f950
Event: 3.435 Thread 0x000001e9ebcac4d0 Thread added: 0x000001e9ebcac4d0
Event: 3.464 Thread 0x000001e9ebffaf80 Thread added: 0x000001e9ebffaf80
Event: 3.972 Thread 0x000001e9ebffa4e0 Thread added: 0x000001e9ebffa4e0
Event: 3.984 Thread 0x000001e9ebffa4e0 Thread exited: 0x000001e9ebffa4e0
Event: 4.004 Thread 0x000001e9ebffba20 Thread added: 0x000001e9ebffba20
Event: 4.009 Thread 0x000001e9ebffba20 Thread exited: 0x000001e9ebffba20
Event: 4.077 Thread 0x000001e9ebffaa30 Thread added: 0x000001e9ebffaa30
Event: 11.581 Thread 0x000001e9ebcac4d0 Thread exited: 0x000001e9ebcac4d0


Dynamic libraries:
0x00007ff671e00000 - 0x00007ff671e10000 	C:\Program Files\Java\jdk-19\bin\java.exe
0x00007ffc25ff0000 - 0x00007ffc261dd000 	C:\Windows\SYSTEM32\ntdll.dll
0x00007ffc254b0000 - 0x00007ffc25563000 	C:\Windows\System32\KERNEL32.DLL
0x00007ffc22c80000 - 0x00007ffc22f1a000 	C:\Windows\System32\KERNELBASE.dll
0x00007ffc23120000 - 0x00007ffc2321a000 	C:\Windows\System32\ucrtbase.dll
0x00007ffc1e6d0000 - 0x00007ffc1e6e8000 	C:\Program Files\Java\jdk-19\bin\jli.dll
0x00007ffc25a90000 - 0x00007ffc25b37000 	C:\Windows\System32\ADVAPI32.dll
0x00007ffc0e3b0000 - 0x00007ffc0e3cb000 	C:\Program Files\Java\jdk-19\bin\VCRUNTIME140.dll
0x00007ffc23ae0000 - 0x00007ffc23b7e000 	C:\Windows\System32\msvcrt.dll
0x00007ffc25570000 - 0x00007ffc2560f000 	C:\Windows\System32\sechost.dll
0x00007ffc23570000 - 0x00007ffc2368d000 	C:\Windows\System32\RPCRT4.dll
0x00007ffc233d0000 - 0x00007ffc23567000 	C:\Windows\System32\USER32.dll
0x00007ffc22bd0000 - 0x00007ffc22bf0000 	C:\Windows\System32\win32u.dll
0x00007ffc25920000 - 0x00007ffc25949000 	C:\Windows\System32\GDI32.dll
0x00007ffc22f20000 - 0x00007ffc230bc000 	C:\Windows\System32\gdi32full.dll
0x00007ffc220e0000 - 0x00007ffc22180000 	C:\Windows\System32\msvcp_win.dll
0x00007ffc098b0000 - 0x00007ffc09b29000 	C:\Windows\WinSxS\amd64_microsoft.windows.common-controls_6595b64144ccf1df_6.0.17763.3046_none_de715ebe534b36e3\COMCTL32.dll
0x00007ffc237a0000 - 0x00007ffc23acb000 	C:\Windows\System32\combase.dll
0x00007ffc22bf0000 - 0x00007ffc22c72000 	C:\Windows\System32\bcryptPrimitives.dll
0x00007ffc20b00000 - 0x00007ffc20b0a000 	C:\Windows\SYSTEM32\VERSION.dll
0x00007ffc25a60000 - 0x00007ffc25a8e000 	C:\Windows\System32\IMM32.DLL
0x00007ffc20a40000 - 0x00007ffc20a4c000 	C:\Program Files\Java\jdk-19\bin\vcruntime140_1.dll
0x00007ffc007d0000 - 0x00007ffc0085e000 	C:\Program Files\Java\jdk-19\bin\msvcp140.dll
0x00007ffbc40f0000 - 0x00007ffbc4db0000 	C:\Program Files\Java\jdk-19\bin\server\jvm.dll
0x00007ffc1e8c0000 - 0x00007ffc1e8e4000 	C:\Windows\SYSTEM32\WINMM.dll
0x00007ffc20b10000 - 0x00007ffc20b19000 	C:\Windows\SYSTEM32\WSOCK32.dll
0x00007ffc23ea0000 - 0x00007ffc23f0d000 	C:\Windows\System32\WS2_32.dll
0x00007ffc1e890000 - 0x00007ffc1e8bd000 	C:\Windows\SYSTEM32\WINMMBASE.dll
0x00007ffc22090000 - 0x00007ffc220da000 	C:\Windows\System32\cfgmgr32.dll
0x00007ffc21fc0000 - 0x00007ffc21fd1000 	C:\Windows\System32\kernel.appcore.dll
0x00007ffc147f0000 - 0x00007ffc147fa000 	C:\Program Files\Java\jdk-19\bin\jimage.dll
0x00007ffc03fa0000 - 0x00007ffc0418d000 	C:\Windows\SYSTEM32\DBGHELP.DLL
0x00007ffc03590000 - 0x00007ffc035ba000 	C:\Windows\SYSTEM32\dbgcore.DLL
0x00007ffc092b0000 - 0x00007ffc092d6000 	C:\Program Files\Java\jdk-19\bin\java.dll
0x00007ffc027b0000 - 0x00007ffc02887000 	C:\Program Files\Java\jdk-19\bin\jsvml.dll
0x00007ffc23f90000 - 0x00007ffc25488000 	C:\Windows\System32\SHELL32.dll
0x00007ffc236f0000 - 0x00007ffc23797000 	C:\Windows\System32\shcore.dll
0x00007ffc22450000 - 0x00007ffc22b98000 	C:\Windows\System32\windows.storage.dll
0x00007ffc22000000 - 0x00007ffc22023000 	C:\Windows\System32\profapi.dll
0x00007ffc22030000 - 0x00007ffc2208d000 	C:\Windows\System32\powrprof.dll
0x00007ffc23690000 - 0x00007ffc236e2000 	C:\Windows\System32\shlwapi.dll
0x00007ffc22230000 - 0x00007ffc22247000 	C:\Windows\System32\cryptsp.dll
0x00007ffc06db0000 - 0x00007ffc06dc3000 	C:\Program Files\Java\jdk-19\bin\net.dll
0x00007ffc14aa0000 - 0x00007ffc14b91000 	C:\Windows\SYSTEM32\WINHTTP.dll
0x00007ffc21810000 - 0x00007ffc21877000 	C:\Windows\system32\mswsock.dll
0x00007ffc06110000 - 0x00007ffc06126000 	C:\Program Files\Java\jdk-19\bin\nio.dll
0x00007ffc060f0000 - 0x00007ffc06108000 	C:\Program Files\Java\jdk-19\bin\zip.dll
0x00007ffbf9dc0000 - 0x00007ffbf9f51000 	C:\Program Files\Java\jdk-19\bin\awt.dll
0x00007ffc25850000 - 0x00007ffc25914000 	C:\Windows\System32\OLEAUT32.dll
0x00007ffc1fda0000 - 0x00007ffc1fe2c000 	C:\Windows\SYSTEM32\apphelp.dll
0x00007ffc201d0000 - 0x00007ffc201fe000 	C:\Windows\system32\DWMAPI.DLL
0x00007ffc22250000 - 0x00007ffc22445000 	C:\Windows\System32\CRYPT32.dll
0x00007ffc21fe0000 - 0x00007ffc21ff2000 	C:\Windows\System32\MSASN1.dll
0x00007ffc200d0000 - 0x00007ffc2016c000 	C:\Windows\system32\uxtheme.dll
0x00007ffbec520000 - 0x00007ffbec647000 	C:\Windows\system32\opengl32.dll
0x00007ffbed1f0000 - 0x00007ffbed21c000 	C:\Windows\SYSTEM32\GLU32.dll
0x00007ffc23b80000 - 0x00007ffc23ceb000 	C:\Windows\System32\MSCTF.dll
0x00007ffc25670000 - 0x00007ffc257c6000 	C:\Windows\System32\ole32.dll
0x00007ffbfa8c0000 - 0x00007ffbfa946000 	C:\Program Files\Java\jdk-19\bin\freetype.dll
0x00007ffbfa420000 - 0x00007ffbfa4e5000 	C:\Program Files\Java\jdk-19\bin\fontmanager.dll
0x00007ffc12560000 - 0x00007ffc125f3000 	C:\Windows\System32\TextInputFramework.dll
0x00007ffc1d9e0000 - 0x00007ffc1dd02000 	C:\Windows\System32\CoreUIComponents.dll
0x00007ffc1f830000 - 0x00007ffc1f911000 	C:\Windows\System32\CoreMessaging.dll
0x00007ffc20ff0000 - 0x00007ffc21021000 	C:\Windows\SYSTEM32\ntmarta.dll
0x00007ffc1d880000 - 0x00007ffc1d9d1000 	C:\Windows\SYSTEM32\wintypes.dll
0x00007ffc25950000 - 0x00007ffc259f2000 	C:\Windows\System32\clbcatq.dll
0x00007ffc1d530000 - 0x00007ffc1d6e8000 	C:\Windows\SYSTEM32\WindowsCodecs.dll
0x00007ffbfa180000 - 0x00007ffbfa1d6000 	C:\Windows\system32\dataexchange.dll
0x00007ffc1f660000 - 0x00007ffc1f823000 	C:\Windows\system32\dcomp.dll
0x00007ffc1ee20000 - 0x00007ffc1f09e000 	C:\Windows\system32\d3d11.dll
0x00007ffc20ca0000 - 0x00007ffc20d62000 	C:\Windows\system32\dxgi.dll
0x00007ffc20200000 - 0x00007ffc2040c000 	C:\Windows\system32\twinapi.appcore.dll
0x00007ffc20410000 - 0x00007ffc20438000 	C:\Windows\system32\RMCLIENT.dll
0x00007ffc0ace0000 - 0x00007ffc0ad89000 	C:\Windows\WinSxS\amd64_microsoft.windows.common-controls_6595b64144ccf1df_5.82.17763.3046_none_6d03b51e59fc07aa\comctl32.dll
0x00007ffc20840000 - 0x00007ffc209e9000 	C:\Windows\SYSTEM32\PROPSYS.dll
0x00007ffbf5b40000 - 0x00007ffbf5c67000 	C:\Windows\system32\NetworkExplorer.dll
0x00007ffbecce0000 - 0x00007ffbecd24000 	C:\Windows\OldNewExplorer\OldNewExplorer64.dll
0x00007ffc15610000 - 0x00007ffc1564a000 	C:\Windows\SYSTEM32\XmlLite.dll
0x00007ffc00000000 - 0x00007ffc0001b000 	C:\Windows\SYSTEM32\MPR.dll
0x00007ffc12730000 - 0x00007ffc1273b000 	C:\Windows\System32\drprov.dll
0x00007ffc21060000 - 0x00007ffc210b8000 	C:\Windows\System32\WINSTA.dll
0x00007ffc0a580000 - 0x00007ffc0a595000 	C:\Windows\System32\ntlanman.dll
0x00007ffc09820000 - 0x00007ffc0983d000 	C:\Windows\System32\davclnt.dll
0x00007ffc0a650000 - 0x00007ffc0a65c000 	C:\Windows\System32\DAVHLPR.dll
0x00007ffc1d2a0000 - 0x00007ffc1d2b8000 	C:\Windows\System32\wkscli.dll
0x00007ffc22ba0000 - 0x00007ffc22bc6000 	C:\Windows\System32\bcrypt.dll
0x00007ffc07b20000 - 0x00007ffc07b32000 	C:\Windows\SYSTEM32\cscapi.dll
0x00007ffc21630000 - 0x00007ffc2163e000 	C:\Windows\System32\netutils.dll
0x00007ffbcd2d0000 - 0x00007ffbcd31c000 	C:\Windows\System32\dlnashext.dll
0x00007ffc05830000 - 0x00007ffc05894000 	C:\Windows\System32\PlayToDevice.dll
0x00007ffc082e0000 - 0x00007ffc08300000 	C:\Windows\System32\DevDispItemProvider.dll
0x00007ffc15fe0000 - 0x00007ffc16050000 	C:\Windows\System32\MMDevApi.dll
0x00007ffc21dc0000 - 0x00007ffc21de9000 	C:\Windows\System32\DEVOBJ.dll
0x00007ffc00ca0000 - 0x00007ffc00e81000 	C:\Windows\system32\wpdshext.dll
0x00007ffbff760000 - 0x00007ffbff904000 	C:\Windows\WinSxS\amd64_microsoft.windows.gdiplus_6595b64144ccf1df_1.1.17763.3046_none_0f5c51a3adddb0b1\gdiplus.dll
0x00007ffc156a0000 - 0x00007ffc15ddf000 	C:\Windows\System32\OneCoreUAPCommonProxyStub.dll
0x00007ffc173d0000 - 0x00007ffc1746f000 	C:\Windows\System32\PortableDeviceApi.dll
0x00007ffc25b40000 - 0x00007ffc25fbf000 	C:\Windows\System32\SETUPAPI.dll
0x00007ffc230c0000 - 0x00007ffc2311f000 	C:\Windows\System32\WINTRUST.dll
0x00007ffbe8050000 - 0x00007ffbe8086000 	C:\Windows\System32\EhStorShell.dll
0x00007ffc05f40000 - 0x00007ffc05f65000 	C:\Windows\System32\EhStorAPI.dll
0x00007ffc1e6f0000 - 0x00007ffc1e703000 	C:\Windows\System32\WTSAPI32.dll
0x00007ffc03990000 - 0x00007ffc0399d000 	C:\Windows\SYSTEM32\LINKINFO.dll

dbghelp: loaded successfully - version: 4.0.5 - missing functions: none
symbol engine: initialized successfully - sym options: 0x614 - pdb path: .;C:\Program Files\Java\jdk-19\bin;C:\Windows\SYSTEM32;C:\Windows\WinSxS\amd64_microsoft.windows.common-controls_6595b64144ccf1df_6.0.17763.3046_none_de715ebe534b36e3;C:\Program Files\Java\jdk-19\bin\server;C:\Windows\WinSxS\amd64_microsoft.windows.common-controls_6595b64144ccf1df_5.82.17763.3046_none_6d03b51e59fc07aa;C:\Windows\OldNewExplorer;C:\Windows\WinSxS\amd64_microsoft.windows.gdiplus_6595b64144ccf1df_1.1.17763.3046_none_0f5c51a3adddb0b1

VM Arguments:
java_command: principal.principal
java_class_path (initial): C:\Users\Danvinci Studios\Documents\NetBeansProjects\simulacion_colas\target\classes;C:\Users\Danvinci Studios\.m2\repository\unknown\binary\AbsoluteLayout\SNAPSHOT\AbsoluteLayout-SNAPSHOT.jar
Launcher Type: SUN_STANDARD

[Global flags]
     intx CICompilerCount                          = 3                                         {product} {ergonomic}
     uint ConcGCThreads                            = 1                                         {product} {ergonomic}
     uint G1ConcRefinementThreads                  = 4                                         {product} {ergonomic}
   size_t G1HeapRegionSize                         = 1048576                                   {product} {ergonomic}
    uintx GCDrainStackTargetSize                   = 64                                        {product} {ergonomic}
   size_t InitialHeapSize                          = 100663296                                 {product} {ergonomic}
   size_t MarkStackSize                            = 4194304                                   {product} {ergonomic}
   size_t MaxHeapSize                              = 1579155456                                {product} {ergonomic}
   size_t MaxNewSize                               = 946864128                                 {product} {ergonomic}
   size_t MinHeapDeltaBytes                        = 1048576                                   {product} {ergonomic}
   size_t MinHeapSize                              = 8388608                                   {product} {ergonomic}
    uintx NonNMethodCodeHeapSize                   = 5832780                                {pd product} {ergonomic}
    uintx NonProfiledCodeHeapSize                  = 122912730                              {pd product} {ergonomic}
    uintx ProfiledCodeHeapSize                     = 122912730                              {pd product} {ergonomic}
    uintx ReservedCodeCacheSize                    = 251658240                              {pd product} {ergonomic}
     bool SegmentedCodeCache                       = true                                      {product} {ergonomic}
   size_t SoftMaxHeapSize                          = 1579155456                             {manageable} {ergonomic}
     bool UseCompressedClassPointers               = true                           {product lp64_product} {ergonomic}
     bool UseCompressedOops                        = true                           {product lp64_product} {ergonomic}
     bool UseG1GC                                  = true                                      {product} {ergonomic}
     bool UseLargePagesIndividualAllocation        = false                                  {pd product} {ergonomic}

Logging:
Log output configuration:
 #0: stdout all=warning uptime,level,tags foldmultilines=false
 #1: stderr all=off uptime,level,tags foldmultilines=false

Environment Variables:
JAVA_HOME=C:\Program Files\Java\jdk-19
PATH=C:\Program Files\Common Files\Oracle\Java\javapath;C:\Program Files (x86)\Common Files\Intel\Shared Libraries\redist\intel64\compiler;C:\Windows\system32;C:\Windows;C:\Windows\System32\Wbem;C:\Windows\System32\WindowsPowerShell\v1.0\;C:\Windows\System32\OpenSSH\;C:\Program Files\nodejs\;C:\Program Files\Git\cmd;C:\xampp\php;C:\ProgramData\ComposerSetup\bin;C:\Program Files\dotnet\;C:\Users\Danvinci Studios\AppData\Local\Microsoft\WindowsApps;C:\Users\Danvinci Studios\AppData\Roaming\npm;C:\Users\Danvinci Studios\AppData\Local\Programs\Microsoft VS Code\bin;C:\Users\Danvinci Studios\AppData\Roaming\Composer\vendor\bin;C:\src\sqlite-tools-win32-x86-3390200;C:\Program Files\heroku\bin;C:\Users\Danvinci Studios\AppData\Local\gitkraken\bin
USERNAME=Danvinci Studios
OS=Windows_NT
PROCESSOR_IDENTIFIER=Intel64 Family 6 Model 78 Stepping 3, GenuineIntel
TMP=C:\Users\Danvinci Studios\AppData\Local\Temp
TEMP=C:\Users\Danvinci Studios\AppData\Local\Temp



---------------  S Y S T E M  ---------------

OS:
 Windows 10 , 64 bit Build 17763 (10.0.17763.2989)
OS uptime: 0 days 14:13 hours

CPU: total 4 (initial active 4) (2 cores per cpu, 2 threads per core) family 6 model 78 stepping 3 microcode 0xd6, cx8, cmov, fxsr, ht, mmx, 3dnowpref, sse, sse2, sse3, ssse3, sse4.1, sse4.2, popcnt, lzcnt, tsc, tscinvbit, avx, avx2, aes, erms, clmul, bmi1, bmi2, adx, fma, vzeroupper, clflush, clflushopt, rdtscp

Memory: 4k page, system-wide physical 6017M (391M free)
TotalPageFile size 10113M (AvailPageFile size 133M)
current process WorkingSet (physical memory assigned to process): 310M, peak: 413M
current process commit charge ("private bytes"): 499M, peak: 948M

vm_info: Java HotSpot(TM) 64-Bit Server VM (19.0.1+10-21) for windows-amd64 JRE (19.0.1+10-21), built on 2022-09-14T12:45:06Z by "mach5one" with MS VC++ 17.1 (VS2022)

END.
