#
# There is insufficient memory for the Java Runtime Environment to continue.
# Native memory allocation (mmap) failed to map 241172480 bytes for G1 virtual space
# Possible reasons:
#   The system is out of physical RAM or swap space
#   The process is running with CompressedOops enabled, and the Java Heap may be blocking the growth of the native heap
# Possible solutions:
#   Reduce memory load on the system
#   Increase physical memory or swap space
#   Check if swap backing store is full
#   Decrease Java heap size (-Xmx/-Xms)
#   Decrease number of Java threads
#   Decrease Java thread stack sizes (-Xss)
#   Set larger code cache with -XX:ReservedCodeCacheSize=
#   JVM is running with Unscaled Compressed Oops mode in which the Java heap is
#     placed in the first 4GB address space. The Java Heap base address is the
#     maximum limit for the native heap growth. Please use -XX:HeapBaseMinAddress
#     to set the Java Heap base and to place the Java Heap above 4GB virtual address.
# This output file may be truncated or incomplete.
#
#  Out of Memory Error (os_windows.cpp:3527), pid=7996, tid=7600
#
# JRE version: Java(TM) SE Runtime Environment (19.0.1+10) (build 19.0.1+10-21)
# Java VM: Java HotSpot(TM) 64-Bit Server VM (19.0.1+10-21, mixed mode, sharing, tiered, compressed oops, compressed class ptrs, g1 gc, windows-amd64)
# No core dump will be written. Minidumps are not enabled by default on client versions of Windows
#

---------------  S U M M A R Y ------------

Command Line: principal.principal

Host: Intel(R) Core(TM) i5-6200U CPU @ 2.30GHz, 4 cores, 5G,  Windows 10 , 64 bit Build 17763 (10.0.17763.2989)
Time: Sat Jan  7 23:43:53 2023 Hora estándar de Venezuela elapsed time: 12.072625 seconds (0d 0h 0m 12s)

---------------  T H R E A D  ---------------

Current thread (0x00000201d86bec50):  VMThread "VM Thread" [stack: 0x00000038ae400000,0x00000038ae500000] [id=7600]

Stack: [0x00000038ae400000,0x00000038ae500000]
Native frames: (J=compiled Java code, j=interpreted, Vv=VM code, C=native code)
V  [jvm.dll+0x6ee8fa]
V  [jvm.dll+0x857a1e]
V  [jvm.dll+0x85940e]
V  [jvm.dll+0x859ac3]
V  [jvm.dll+0x28291f]
V  [jvm.dll+0x6eb6e9]
V  [jvm.dll+0x6e028a]
V  [jvm.dll+0x357136]
V  [jvm.dll+0x35eb96]
V  [jvm.dll+0x3b555e]
V  [jvm.dll+0x3b578f]
V  [jvm.dll+0x32c6ea]
V  [jvm.dll+0x32c797]
V  [jvm.dll+0x374b52]
V  [jvm.dll+0x37328f]
V  [jvm.dll+0x32bf10]
V  [jvm.dll+0x37282b]
V  [jvm.dll+0x85ef83]
V  [jvm.dll+0x85fd49]
V  [jvm.dll+0x86027d]
V  [jvm.dll+0x86070b]
V  [jvm.dll+0x8607c7]
V  [jvm.dll+0x8015fa]
V  [jvm.dll+0x6ed5eb]
C  [ucrtbase.dll+0x2268a]
C  [KERNEL32.DLL+0x17974]
C  [ntdll.dll+0x5a2f1]

VM_Operation (0x00000038af4fcbe0): G1CollectForAllocation, mode: safepoint, requested by thread 0x00000201dd78b1e0


---------------  P R O C E S S  ---------------

Threads class SMR info:
_java_thread_list=0x00000201df157450, length=19, elements={
0x00000201d86dabf0, 0x00000201d86dd5b0, 0x00000201d86de760, 0x00000201d86e06a0,
0x00000201d86e30e0, 0x00000201d86e45d0, 0x00000201d86e5230, 0x00000201d8713a80,
0x00000201dc928070, 0x00000201dc9db6e0, 0x00000201dc9e80c0, 0x00000201dcbd5fd0,
0x00000201dcbd7140, 0x00000201dcc00dc0, 0x00000201dd78b1e0, 0x00000201bbabf320,
0x00000201dd85d6c0, 0x00000201dda165c0, 0x00000201dda15b20
}

Java Threads: ( => current thread )
  0x00000201d86dabf0 JavaThread "Reference Handler" daemon [_thread_blocked, id=3640, stack(0x00000038ae500000,0x00000038ae600000)]
  0x00000201d86dd5b0 JavaThread "Finalizer" daemon [_thread_blocked, id=4512, stack(0x00000038ae600000,0x00000038ae700000)]
  0x00000201d86de760 JavaThread "Signal Dispatcher" daemon [_thread_blocked, id=8884, stack(0x00000038ae700000,0x00000038ae800000)]
  0x00000201d86e06a0 JavaThread "Attach Listener" daemon [_thread_blocked, id=4268, stack(0x00000038ae800000,0x00000038ae900000)]
  0x00000201d86e30e0 JavaThread "Service Thread" daemon [_thread_blocked, id=6372, stack(0x00000038ae900000,0x00000038aea00000)]
  0x00000201d86e45d0 JavaThread "Monitor Deflation Thread" daemon [_thread_blocked, id=9768, stack(0x00000038aea00000,0x00000038aeb00000)]
  0x00000201d86e5230 JavaThread "C2 CompilerThread0" daemon [_thread_in_native, id=6524, stack(0x00000038aeb00000,0x00000038aec00000)]
  0x00000201d8713a80 JavaThread "C1 CompilerThread0" daemon [_thread_blocked, id=9160, stack(0x00000038aec00000,0x00000038aed00000)]
  0x00000201dc928070 JavaThread "Sweeper thread" daemon [_thread_blocked, id=10824, stack(0x00000038aed00000,0x00000038aee00000)]
  0x00000201dc9db6e0 JavaThread "Notification Thread" daemon [_thread_blocked, id=6284, stack(0x00000038aee00000,0x00000038aef00000)]
  0x00000201dc9e80c0 JavaThread "Common-Cleaner" daemon [_thread_blocked, id=9960, stack(0x00000038af000000,0x00000038af100000)]
  0x00000201dcbd5fd0 JavaThread "Java2D Disposer" daemon [_thread_blocked, id=7068, stack(0x00000038af100000,0x00000038af200000)]
  0x00000201dcbd7140 JavaThread "AWT-Shutdown" [_thread_blocked, id=4492, stack(0x00000038af200000,0x00000038af300000)]
  0x00000201dcc00dc0 JavaThread "AWT-Windows" daemon [_thread_blocked, id=6732, stack(0x00000038af300000,0x00000038af400000)]
  0x00000201dd78b1e0 JavaThread "AWT-EventQueue-0" [_thread_blocked, id=8104, stack(0x00000038af400000,0x00000038af500000)]
  0x00000201bbabf320 JavaThread "DestroyJavaVM" [_thread_blocked, id=1308, stack(0x00000038ade00000,0x00000038adf00000)]
  0x00000201dd85d6c0 JavaThread "Image Fetcher 0" daemon [_thread_blocked, id=9980, stack(0x00000038af800000,0x00000038af900000)]
  0x00000201dda165c0 JavaThread "Swing-Shell" daemon [_thread_blocked, id=4304, stack(0x00000038afa00000,0x00000038afb00000)]
  0x00000201dda15b20 JavaThread "TimerQueue" daemon [_thread_blocked, id=7720, stack(0x00000038b0100000,0x00000038b0200000)]

Other Threads:
=>0x00000201d86bec50 VMThread "VM Thread" [stack: 0x00000038ae400000,0x00000038ae500000] [id=7600]
  0x00000201dc9e7c60 WatcherThread "VM Periodic Task Thread" [stack: 0x00000038aef00000,0x00000038af000000] [id=2628]
  0x00000201bbb0f690 WorkerThread "GC Thread#0" [stack: 0x00000038adf00000,0x00000038ae000000] [id=2536]
  0x00000201dee8ab80 WorkerThread "GC Thread#1" [stack: 0x00000038afb00000,0x00000038afc00000] [id=3016]
  0x00000201ddcbd720 WorkerThread "GC Thread#2" [stack: 0x00000038afc00000,0x00000038afd00000] [id=11136]
  0x00000201ddcbd180 WorkerThread "GC Thread#3" [stack: 0x00000038afd00000,0x00000038afe00000] [id=5676]
  0x00000201bbb1c140 ConcurrentGCThread "G1 Main Marker" [stack: 0x00000038ae000000,0x00000038ae100000] [id=2824]
  0x00000201bbb1cc20 WorkerThread "G1 Conc#0" [stack: 0x00000038ae100000,0x00000038ae200000] [id=8512]
  0x00000201bbb78260 ConcurrentGCThread "G1 Refine#0" [stack: 0x00000038ae200000,0x00000038ae300000] [id=9220]
  0x00000201d8581c60 ConcurrentGCThread "G1 Service" [stack: 0x00000038ae300000,0x00000038ae400000] [id=2400]

Threads with active compile tasks:
C2 CompilerThread0    12105 2174       4       vistas.Estadisticas::obtener_objeto_salida (371 bytes)

VM state: at safepoint (normal execution)

VM Mutex/Monitor currently owned by a thread:  ([mutex/lock_event])
[0x00000201bbabbd40] Threads_lock - owner thread: 0x00000201d86bec50
[0x00000201bbabbdd0] Heap_lock - owner thread: 0x00000201dd78b1e0

Heap address: 0x00000000a1e00000, size: 1506 MB, Compressed Oops mode: 32-bit

CDS archive(s) mapped at: [0x0000000800000000-0x0000000800c40000-0x0000000800c40000), size 12845056, SharedBaseAddress: 0x0000000800000000, ArchiveRelocationMode: 0.
Compressed class space mapped at: 0x0000000801000000-0x0000000841000000, reserved size: 1073741824
Narrow klass base: 0x0000000800000000, Narrow klass shift: 0, Narrow klass range: 0x100000000

GC Precious Log:
 CardTable entry size: 512
 Card Set container configuration: InlinePtr #cards 5 size 8 Array Of Cards #cards 12 size 40 Howl #buckets 4 coarsen threshold 1843 Howl Bitmap #cards 512 size 80 coarsen threshold 460 Card regions per heap region 1 cards per card region 2048
 CPUs: 4 total, 4 available
 Memory: 6017M
 Large Page Support: Disabled
 NUMA Support: Disabled
 Compressed Oops: Enabled (32-bit)
 Heap Region Size: 1M
 Heap Min Capacity: 8M
 Heap Initial Capacity: 96M
 Heap Max Capacity: 1506M
 Pre-touch: Disabled
 Parallel Workers: 4
 Concurrent Workers: 1
 Concurrent Refinement Workers: 4
 Periodic GC: Disabled

Heap:
 garbage-first heap   total 217088K, used 123392K [0x00000000a1e00000, 0x0000000100000000)
  region size 1024K, 8 young (8192K), 8 survivors (8192K)
 Metaspace       used 12525K, committed 12736K, reserved 1114112K
  class space    used 1431K, committed 1536K, reserved 1048576K

Heap Regions: E=young(eden), S=young(survivor), O=old, HS=humongous(starts), HC=humongous(continues), CS=collection set, F=free, OA=open archive, CA=closed archive, TAMS=top-at-mark-start (previous, next)
|   0|0x00000000a1e00000, 0x00000000a1f00000, 0x00000000a1f00000|100%|HS|  |TAMS 0x00000000a1e00000, 0x00000000a1f00000| Complete 
|   1|0x00000000a1f00000, 0x00000000a2000000, 0x00000000a2000000|100%|HC|  |TAMS 0x00000000a1f00000, 0x00000000a2000000| Complete 
|   2|0x00000000a2000000, 0x00000000a2100000, 0x00000000a2100000|100%|HC|  |TAMS 0x00000000a2000000, 0x00000000a2100000| Complete 
|   3|0x00000000a2100000, 0x00000000a2200000, 0x00000000a2200000|100%| O|  |TAMS 0x00000000a2100000, 0x00000000a2200000| Untracked 
|   4|0x00000000a2200000, 0x00000000a2300000, 0x00000000a2300000|100%| O|  |TAMS 0x00000000a2200000, 0x00000000a2300000| Untracked 
|   5|0x00000000a2300000, 0x00000000a2400000, 0x00000000a2400000|100%| O|  |TAMS 0x00000000a2300000, 0x00000000a2400000| Untracked 
|   6|0x00000000a2400000, 0x00000000a2500000, 0x00000000a2500000|100%| O|  |TAMS 0x00000000a2400000, 0x00000000a2500000| Untracked 
|   7|0x00000000a2500000, 0x00000000a2600000, 0x00000000a2600000|100%| O|  |TAMS 0x00000000a2500000, 0x00000000a2600000| Untracked 
|   8|0x00000000a2600000, 0x00000000a2700000, 0x00000000a2700000|100%| O|  |TAMS 0x00000000a2600000, 0x00000000a2700000| Untracked 
|   9|0x00000000a2700000, 0x00000000a2800000, 0x00000000a2800000|100%| O|  |TAMS 0x00000000a2700000, 0x00000000a2800000| Untracked 
|  10|0x00000000a2800000, 0x00000000a2900000, 0x00000000a2900000|100%| O|  |TAMS 0x00000000a2800000, 0x00000000a2900000| Untracked 
|  11|0x00000000a2900000, 0x00000000a2a00000, 0x00000000a2a00000|100%| O|  |TAMS 0x00000000a2900000, 0x00000000a2a00000| Untracked 
|  12|0x00000000a2a00000, 0x00000000a2b00000, 0x00000000a2b00000|100%| O|  |TAMS 0x00000000a2a00000, 0x00000000a2b00000| Untracked 
|  13|0x00000000a2b00000, 0x00000000a2c00000, 0x00000000a2c00000|100%| O|  |TAMS 0x00000000a2b00000, 0x00000000a2c00000| Untracked 
|  14|0x00000000a2c00000, 0x00000000a2d00000, 0x00000000a2d00000|100%| O|  |TAMS 0x00000000a2c00000, 0x00000000a2d00000| Untracked 
|  15|0x00000000a2d00000, 0x00000000a2e00000, 0x00000000a2e00000|100%| O|  |TAMS 0x00000000a2d00000, 0x00000000a2e00000| Untracked 
|  16|0x00000000a2e00000, 0x00000000a2f00000, 0x00000000a2f00000|100%| O|  |TAMS 0x00000000a2e00000, 0x00000000a2f00000| Untracked 
|  17|0x00000000a2f00000, 0x00000000a3000000, 0x00000000a3000000|100%| O|  |TAMS 0x00000000a2f00000, 0x00000000a3000000| Untracked 
|  18|0x00000000a3000000, 0x00000000a3100000, 0x00000000a3100000|100%| O|  |TAMS 0x00000000a3000000, 0x00000000a3100000| Untracked 
|  19|0x00000000a3100000, 0x00000000a3200000, 0x00000000a3200000|100%| O|  |TAMS 0x00000000a3100000, 0x00000000a3200000| Untracked 
|  20|0x00000000a3200000, 0x00000000a3300000, 0x00000000a3300000|100%| O|  |TAMS 0x00000000a3200000, 0x00000000a3300000| Untracked 
|  21|0x00000000a3300000, 0x00000000a3400000, 0x00000000a3400000|100%| O|  |TAMS 0x00000000a3300000, 0x00000000a3400000| Untracked 
|  22|0x00000000a3400000, 0x00000000a3500000, 0x00000000a3500000|100%| O|  |TAMS 0x00000000a3400000, 0x00000000a3500000| Untracked 
|  23|0x00000000a3500000, 0x00000000a3600000, 0x00000000a3600000|100%| O|  |TAMS 0x00000000a3500000, 0x00000000a3600000| Untracked 
|  24|0x00000000a3600000, 0x00000000a3700000, 0x00000000a3700000|100%| O|  |TAMS 0x00000000a3600000, 0x00000000a3700000| Untracked 
|  25|0x00000000a3700000, 0x00000000a3800000, 0x00000000a3800000|100%| O|  |TAMS 0x00000000a3700000, 0x00000000a3800000| Untracked 
|  26|0x00000000a3800000, 0x00000000a3900000, 0x00000000a3900000|100%| O|  |TAMS 0x00000000a3800000, 0x00000000a3900000| Untracked 
|  27|0x00000000a3900000, 0x00000000a3a00000, 0x00000000a3a00000|100%| O|  |TAMS 0x00000000a3900000, 0x00000000a3a00000| Untracked 
|  28|0x00000000a3a00000, 0x00000000a3b00000, 0x00000000a3b00000|100%| O|  |TAMS 0x00000000a3a00000, 0x00000000a3b00000| Untracked 
|  29|0x00000000a3b00000, 0x00000000a3c00000, 0x00000000a3c00000|100%| O|  |TAMS 0x00000000a3b00000, 0x00000000a3c00000| Untracked 
|  30|0x00000000a3c00000, 0x00000000a3d00000, 0x00000000a3d00000|100%| O|  |TAMS 0x00000000a3c00000, 0x00000000a3d00000| Untracked 
|  31|0x00000000a3d00000, 0x00000000a3e00000, 0x00000000a3e00000|100%| O|  |TAMS 0x00000000a3d00000, 0x00000000a3e00000| Untracked 
|  32|0x00000000a3e00000, 0x00000000a3f00000, 0x00000000a3f00000|100%| O|  |TAMS 0x00000000a3e00000, 0x00000000a3f00000| Untracked 
|  33|0x00000000a3f00000, 0x00000000a4000000, 0x00000000a4000000|100%| O|  |TAMS 0x00000000a3f00000, 0x00000000a4000000| Untracked 
|  34|0x00000000a4000000, 0x00000000a4100000, 0x00000000a4100000|100%| O|  |TAMS 0x00000000a4000000, 0x00000000a4100000| Untracked 
|  35|0x00000000a4100000, 0x00000000a4200000, 0x00000000a4200000|100%| O|  |TAMS 0x00000000a4100000, 0x00000000a4200000| Untracked 
|  36|0x00000000a4200000, 0x00000000a4300000, 0x00000000a4300000|100%| O|  |TAMS 0x00000000a4200000, 0x00000000a4300000| Untracked 
|  37|0x00000000a4300000, 0x00000000a4400000, 0x00000000a4400000|100%| O|  |TAMS 0x00000000a4300000, 0x00000000a4400000| Untracked 
|  38|0x00000000a4400000, 0x00000000a4500000, 0x00000000a4500000|100%| O|  |TAMS 0x00000000a4400000, 0x00000000a4500000| Untracked 
|  39|0x00000000a4500000, 0x00000000a4600000, 0x00000000a4600000|100%| O|  |TAMS 0x00000000a4500000, 0x00000000a4600000| Untracked 
|  40|0x00000000a4600000, 0x00000000a4700000, 0x00000000a4700000|100%| O|  |TAMS 0x00000000a4600000, 0x00000000a4700000| Untracked 
|  41|0x00000000a4700000, 0x00000000a4800000, 0x00000000a4800000|100%| O|  |TAMS 0x00000000a4700000, 0x00000000a4800000| Untracked 
|  42|0x00000000a4800000, 0x00000000a4900000, 0x00000000a4900000|100%| O|  |TAMS 0x00000000a4800000, 0x00000000a4900000| Untracked 
|  43|0x00000000a4900000, 0x00000000a4a00000, 0x00000000a4a00000|100%| O|  |TAMS 0x00000000a4900000, 0x00000000a4a00000| Untracked 
|  44|0x00000000a4a00000, 0x00000000a4b00000, 0x00000000a4b00000|100%| O|  |TAMS 0x00000000a4a00000, 0x00000000a4b00000| Untracked 
|  45|0x00000000a4b00000, 0x00000000a4c00000, 0x00000000a4c00000|100%| O|  |TAMS 0x00000000a4b00000, 0x00000000a4c00000| Untracked 
|  46|0x00000000a4c00000, 0x00000000a4d00000, 0x00000000a4d00000|100%| O|  |TAMS 0x00000000a4c00000, 0x00000000a4d00000| Untracked 
|  47|0x00000000a4d00000, 0x00000000a4e00000, 0x00000000a4e00000|100%| O|  |TAMS 0x00000000a4d00000, 0x00000000a4e00000| Untracked 
|  48|0x00000000a4e00000, 0x00000000a4f00000, 0x00000000a4f00000|100%|HS|  |TAMS 0x00000000a4e00000, 0x00000000a4f00000| Complete 
|  49|0x00000000a4f00000, 0x00000000a5000000, 0x00000000a5000000|100%| O|  |TAMS 0x00000000a4f00000, 0x00000000a5000000| Untracked 
|  50|0x00000000a5000000, 0x00000000a5100000, 0x00000000a5100000|100%| O|  |TAMS 0x00000000a5000000, 0x00000000a5100000| Untracked 
|  51|0x00000000a5100000, 0x00000000a5200000, 0x00000000a5200000|100%| O|  |TAMS 0x00000000a5100000, 0x00000000a5200000| Untracked 
|  52|0x00000000a5200000, 0x00000000a5300000, 0x00000000a5300000|100%| O|  |TAMS 0x00000000a5200000, 0x00000000a5300000| Untracked 
|  53|0x00000000a5300000, 0x00000000a5400000, 0x00000000a5400000|100%| O|  |TAMS 0x00000000a5300000, 0x00000000a5400000| Untracked 
|  54|0x00000000a5400000, 0x00000000a5500000, 0x00000000a5500000|100%| O|  |TAMS 0x00000000a5400000, 0x00000000a5500000| Untracked 
|  55|0x00000000a5500000, 0x00000000a5600000, 0x00000000a5600000|100%| O|  |TAMS 0x00000000a5500000, 0x00000000a5600000| Untracked 
|  56|0x00000000a5600000, 0x00000000a5700000, 0x00000000a5700000|100%| O|  |TAMS 0x00000000a5600000, 0x00000000a5700000| Untracked 
|  57|0x00000000a5700000, 0x00000000a5800000, 0x00000000a5800000|100%| O|  |TAMS 0x00000000a5700000, 0x00000000a5800000| Untracked 
|  58|0x00000000a5800000, 0x00000000a5900000, 0x00000000a5900000|100%| O|  |TAMS 0x00000000a5800000, 0x00000000a5900000| Untracked 
|  59|0x00000000a5900000, 0x00000000a5a00000, 0x00000000a5a00000|100%| O|  |TAMS 0x00000000a5900000, 0x00000000a5a00000| Untracked 
|  60|0x00000000a5a00000, 0x00000000a5b00000, 0x00000000a5b00000|100%| O|  |TAMS 0x00000000a5a00000, 0x00000000a5b00000| Untracked 
|  61|0x00000000a5b00000, 0x00000000a5c00000, 0x00000000a5c00000|100%| O|  |TAMS 0x00000000a5b00000, 0x00000000a5c00000| Untracked 
|  62|0x00000000a5c00000, 0x00000000a5d00000, 0x00000000a5d00000|100%| O|  |TAMS 0x00000000a5c00000, 0x00000000a5d00000| Untracked 
|  63|0x00000000a5d00000, 0x00000000a5e00000, 0x00000000a5e00000|100%| O|  |TAMS 0x00000000a5d00000, 0x00000000a5e00000| Untracked 
|  64|0x00000000a5e00000, 0x00000000a5f00000, 0x00000000a5f00000|100%| O|  |TAMS 0x00000000a5e00000, 0x00000000a5f00000| Untracked 
|  65|0x00000000a5f00000, 0x00000000a6000000, 0x00000000a6000000|100%| O|  |TAMS 0x00000000a5f00000, 0x00000000a6000000| Untracked 
|  66|0x00000000a6000000, 0x00000000a6100000, 0x00000000a6100000|100%| O|  |TAMS 0x00000000a6000000, 0x00000000a6100000| Untracked 
|  67|0x00000000a6100000, 0x00000000a6200000, 0x00000000a6200000|100%| O|  |TAMS 0x00000000a6100000, 0x00000000a6200000| Untracked 
|  68|0x00000000a6200000, 0x00000000a6300000, 0x00000000a6300000|100%| O|  |TAMS 0x00000000a6200000, 0x00000000a6300000| Untracked 
|  69|0x00000000a6300000, 0x00000000a6400000, 0x00000000a6400000|100%| O|  |TAMS 0x00000000a6300000, 0x00000000a6400000| Untracked 
|  70|0x00000000a6400000, 0x00000000a6500000, 0x00000000a6500000|100%| O|  |TAMS 0x00000000a6400000, 0x00000000a6500000| Untracked 
|  71|0x00000000a6500000, 0x00000000a6600000, 0x00000000a6600000|100%| O|  |TAMS 0x00000000a6500000, 0x00000000a6600000| Untracked 
|  72|0x00000000a6600000, 0x00000000a6700000, 0x00000000a6700000|100%| O|  |TAMS 0x00000000a6600000, 0x00000000a6700000| Untracked 
|  73|0x00000000a6700000, 0x00000000a6800000, 0x00000000a6800000|100%| O|  |TAMS 0x00000000a6700000, 0x00000000a6800000| Untracked 
|  74|0x00000000a6800000, 0x00000000a6900000, 0x00000000a6900000|100%| O|  |TAMS 0x00000000a6800000, 0x00000000a6900000| Untracked 
|  75|0x00000000a6900000, 0x00000000a6a00000, 0x00000000a6a00000|100%| O|  |TAMS 0x00000000a6900000, 0x00000000a6a00000| Untracked 
|  76|0x00000000a6a00000, 0x00000000a6b00000, 0x00000000a6b00000|100%| O|  |TAMS 0x00000000a6a00000, 0x00000000a6b00000| Untracked 
|  77|0x00000000a6b00000, 0x00000000a6c00000, 0x00000000a6c00000|100%| O|  |TAMS 0x00000000a6b00000, 0x00000000a6c00000| Untracked 
|  78|0x00000000a6c00000, 0x00000000a6d00000, 0x00000000a6d00000|100%| O|  |TAMS 0x00000000a6c00000, 0x00000000a6d00000| Untracked 
|  79|0x00000000a6d00000, 0x00000000a6e00000, 0x00000000a6e00000|100%| O|  |TAMS 0x00000000a6d00000, 0x00000000a6e00000| Untracked 
|  80|0x00000000a6e00000, 0x00000000a6f00000, 0x00000000a6f00000|100%| O|  |TAMS 0x00000000a6e00000, 0x00000000a6f00000| Untracked 
|  81|0x00000000a6f00000, 0x00000000a7000000, 0x00000000a7000000|100%| O|  |TAMS 0x00000000a6f00000, 0x00000000a7000000| Untracked 
|  82|0x00000000a7000000, 0x00000000a7100000, 0x00000000a7100000|100%| O|  |TAMS 0x00000000a7000000, 0x00000000a7100000| Untracked 
|  83|0x00000000a7100000, 0x00000000a7200000, 0x00000000a7200000|100%| O|  |TAMS 0x00000000a7100000, 0x00000000a7200000| Untracked 
|  84|0x00000000a7200000, 0x00000000a7300000, 0x00000000a7300000|100%| O|  |TAMS 0x00000000a7200000, 0x00000000a7300000| Untracked 
|  85|0x00000000a7300000, 0x00000000a7400000, 0x00000000a7400000|100%| O|  |TAMS 0x00000000a7300000, 0x00000000a7400000| Untracked 
|  86|0x00000000a7400000, 0x00000000a7500000, 0x00000000a7500000|100%| O|  |TAMS 0x00000000a7400000, 0x00000000a7500000| Untracked 
|  87|0x00000000a7500000, 0x00000000a7600000, 0x00000000a7600000|100%| O|  |TAMS 0x00000000a7500000, 0x00000000a7600000| Untracked 
|  88|0x00000000a7600000, 0x00000000a7700000, 0x00000000a7700000|100%| O|  |TAMS 0x00000000a7600000, 0x00000000a7700000| Untracked 
|  89|0x00000000a7700000, 0x00000000a7800000, 0x00000000a7800000|100%| O|  |TAMS 0x00000000a7700000, 0x00000000a7800000| Untracked 
|  90|0x00000000a7800000, 0x00000000a7900000, 0x00000000a7900000|100%| O|  |TAMS 0x00000000a7800000, 0x00000000a7900000| Untracked 
|  91|0x00000000a7900000, 0x00000000a7a00000, 0x00000000a7a00000|100%| O|  |TAMS 0x00000000a7900000, 0x00000000a7a00000| Untracked 
|  92|0x00000000a7a00000, 0x00000000a7b00000, 0x00000000a7b00000|100%| O|  |TAMS 0x00000000a7a00000, 0x00000000a7b00000| Untracked 
|  93|0x00000000a7b00000, 0x00000000a7c00000, 0x00000000a7c00000|100%| O|  |TAMS 0x00000000a7b00000, 0x00000000a7c00000| Untracked 
|  94|0x00000000a7c00000, 0x00000000a7d00000, 0x00000000a7d00000|100%| O|  |TAMS 0x00000000a7c00000, 0x00000000a7d00000| Untracked 
|  95|0x00000000a7d00000, 0x00000000a7e00000, 0x00000000a7e00000|100%| O|  |TAMS 0x00000000a7d00000, 0x00000000a7e00000| Untracked 
|  96|0x00000000a7e00000, 0x00000000a7f00000, 0x00000000a7f00000|100%| O|  |TAMS 0x00000000a7e00000, 0x00000000a7f00000| Untracked 
|  97|0x00000000a7f00000, 0x00000000a8000000, 0x00000000a8000000|100%| O|  |TAMS 0x00000000a7f00000, 0x00000000a8000000| Untracked 
|  98|0x00000000a8000000, 0x00000000a8100000, 0x00000000a8100000|100%| O|  |TAMS 0x00000000a8000000, 0x00000000a8000000| Untracked 
|  99|0x00000000a8100000, 0x00000000a8200000, 0x00000000a8200000|100%| O|  |TAMS 0x00000000a8100000, 0x00000000a8100000| Untracked 
| 100|0x00000000a8200000, 0x00000000a8300000, 0x00000000a8300000|100%| O|  |TAMS 0x00000000a8200000, 0x00000000a8200000| Untracked 
| 101|0x00000000a8300000, 0x00000000a8400000, 0x00000000a8400000|100%| O|  |TAMS 0x00000000a8300000, 0x00000000a8300000| Untracked 
| 102|0x00000000a8400000, 0x00000000a8500000, 0x00000000a8500000|100%| O|  |TAMS 0x00000000a8400000, 0x00000000a8400000| Untracked 
| 103|0x00000000a8500000, 0x00000000a8600000, 0x00000000a8600000|100%| O|  |TAMS 0x00000000a8500000, 0x00000000a8500000| Untracked 
| 104|0x00000000a8600000, 0x00000000a8700000, 0x00000000a8700000|100%| O|  |TAMS 0x00000000a8600000, 0x00000000a8600000| Untracked 
| 105|0x00000000a8700000, 0x00000000a8800000, 0x00000000a8800000|100%| O|  |TAMS 0x00000000a8700000, 0x00000000a8700000| Untracked 
| 106|0x00000000a8800000, 0x00000000a8900000, 0x00000000a8900000|100%| O|  |TAMS 0x00000000a8800000, 0x00000000a8800000| Untracked 
| 107|0x00000000a8900000, 0x00000000a8a00000, 0x00000000a8a00000|100%| O|  |TAMS 0x00000000a8900000, 0x00000000a8900000| Untracked 
| 108|0x00000000a8a00000, 0x00000000a8b00000, 0x00000000a8b00000|100%| O|  |TAMS 0x00000000a8a00000, 0x00000000a8a00000| Untracked 
| 109|0x00000000a8b00000, 0x00000000a8c00000, 0x00000000a8c00000|100%| O|  |TAMS 0x00000000a8b00000, 0x00000000a8b00000| Untracked 
| 110|0x00000000a8c00000, 0x00000000a8d00000, 0x00000000a8d00000|100%| O|  |TAMS 0x00000000a8c00000, 0x00000000a8c00000| Untracked 
| 111|0x00000000a8d00000, 0x00000000a8e00000, 0x00000000a8e00000|100%| O|  |TAMS 0x00000000a8d00000, 0x00000000a8d00000| Untracked 
| 112|0x00000000a8e00000, 0x00000000a8e80000, 0x00000000a8f00000| 50%| O|  |TAMS 0x00000000a8e00000, 0x00000000a8e00000| Untracked 
| 113|0x00000000a8f00000, 0x00000000a8f00000, 0x00000000a9000000|  0%| F|  |TAMS 0x00000000a8f00000, 0x00000000a8f00000| Untracked 
| 114|0x00000000a9000000, 0x00000000a9000000, 0x00000000a9100000|  0%| F|  |TAMS 0x00000000a9000000, 0x00000000a9000000| Untracked 
| 115|0x00000000a9100000, 0x00000000a9100000, 0x00000000a9200000|  0%| F|  |TAMS 0x00000000a9100000, 0x00000000a9100000| Untracked 
| 116|0x00000000a9200000, 0x00000000a9200000, 0x00000000a9300000|  0%| F|  |TAMS 0x00000000a9200000, 0x00000000a9200000| Untracked 
| 117|0x00000000a9300000, 0x00000000a9300000, 0x00000000a9400000|  0%| F|  |TAMS 0x00000000a9300000, 0x00000000a9300000| Untracked 
| 118|0x00000000a9400000, 0x00000000a9400000, 0x00000000a9500000|  0%| F|  |TAMS 0x00000000a9400000, 0x00000000a9400000| Untracked 
| 119|0x00000000a9500000, 0x00000000a9500000, 0x00000000a9600000|  0%| F|  |TAMS 0x00000000a9500000, 0x00000000a9500000| Untracked 
| 120|0x00000000a9600000, 0x00000000a9600000, 0x00000000a9700000|  0%| F|  |TAMS 0x00000000a9600000, 0x00000000a9600000| Untracked 
| 121|0x00000000a9700000, 0x00000000a9700000, 0x00000000a9800000|  0%| F|  |TAMS 0x00000000a9700000, 0x00000000a9700000| Untracked 
| 122|0x00000000a9800000, 0x00000000a9800000, 0x00000000a9900000|  0%| F|  |TAMS 0x00000000a9800000, 0x00000000a9800000| Untracked 
| 123|0x00000000a9900000, 0x00000000a9900000, 0x00000000a9a00000|  0%| F|  |TAMS 0x00000000a9900000, 0x00000000a9900000| Untracked 
| 124|0x00000000a9a00000, 0x00000000a9a00000, 0x00000000a9b00000|  0%| F|  |TAMS 0x00000000a9a00000, 0x00000000a9a00000| Untracked 
| 125|0x00000000a9b00000, 0x00000000a9b00000, 0x00000000a9c00000|  0%| F|  |TAMS 0x00000000a9b00000, 0x00000000a9b00000| Untracked 
| 126|0x00000000a9c00000, 0x00000000a9c00000, 0x00000000a9d00000|  0%| F|  |TAMS 0x00000000a9c00000, 0x00000000a9c00000| Untracked 
| 127|0x00000000a9d00000, 0x00000000a9d00000, 0x00000000a9e00000|  0%| F|  |TAMS 0x00000000a9d00000, 0x00000000a9d00000| Untracked 
| 128|0x00000000a9e00000, 0x00000000a9e00000, 0x00000000a9f00000|  0%| F|  |TAMS 0x00000000a9e00000, 0x00000000a9e00000| Untracked 
| 129|0x00000000a9f00000, 0x00000000a9f00000, 0x00000000aa000000|  0%| F|  |TAMS 0x00000000a9f00000, 0x00000000a9f00000| Untracked 
| 130|0x00000000aa000000, 0x00000000aa000000, 0x00000000aa100000|  0%| F|  |TAMS 0x00000000aa000000, 0x00000000aa000000| Untracked 
| 131|0x00000000aa100000, 0x00000000aa100000, 0x00000000aa200000|  0%| F|  |TAMS 0x00000000aa100000, 0x00000000aa100000| Untracked 
| 132|0x00000000aa200000, 0x00000000aa200000, 0x00000000aa300000|  0%| F|  |TAMS 0x00000000aa200000, 0x00000000aa200000| Untracked 
| 133|0x00000000aa300000, 0x00000000aa300000, 0x00000000aa400000|  0%| F|  |TAMS 0x00000000aa300000, 0x00000000aa300000| Untracked 
| 134|0x00000000aa400000, 0x00000000aa400000, 0x00000000aa500000|  0%| F|  |TAMS 0x00000000aa400000, 0x00000000aa400000| Untracked 
| 135|0x00000000aa500000, 0x00000000aa500000, 0x00000000aa600000|  0%| F|  |TAMS 0x00000000aa500000, 0x00000000aa500000| Untracked 
| 136|0x00000000aa600000, 0x00000000aa600000, 0x00000000aa700000|  0%| F|  |TAMS 0x00000000aa600000, 0x00000000aa600000| Untracked 
| 137|0x00000000aa700000, 0x00000000aa700000, 0x00000000aa800000|  0%| F|  |TAMS 0x00000000aa700000, 0x00000000aa700000| Untracked 
| 138|0x00000000aa800000, 0x00000000aa800000, 0x00000000aa900000|  0%| F|  |TAMS 0x00000000aa800000, 0x00000000aa800000| Untracked 
| 139|0x00000000aa900000, 0x00000000aa900000, 0x00000000aaa00000|  0%| F|  |TAMS 0x00000000aa900000, 0x00000000aa900000| Untracked 
| 140|0x00000000aaa00000, 0x00000000aaa00000, 0x00000000aab00000|  0%| F|  |TAMS 0x00000000aaa00000, 0x00000000aaa00000| Untracked 
| 141|0x00000000aab00000, 0x00000000aab00000, 0x00000000aac00000|  0%| F|  |TAMS 0x00000000aab00000, 0x00000000aab00000| Untracked 
| 142|0x00000000aac00000, 0x00000000aac00000, 0x00000000aad00000|  0%| F|  |TAMS 0x00000000aac00000, 0x00000000aac00000| Untracked 
| 143|0x00000000aad00000, 0x00000000aad00000, 0x00000000aae00000|  0%| F|  |TAMS 0x00000000aad00000, 0x00000000aad00000| Untracked 
| 144|0x00000000aae00000, 0x00000000aae00000, 0x00000000aaf00000|  0%| F|  |TAMS 0x00000000aae00000, 0x00000000aae00000| Untracked 
| 145|0x00000000aaf00000, 0x00000000aaf00000, 0x00000000ab000000|  0%| F|  |TAMS 0x00000000aaf00000, 0x00000000aaf00000| Untracked 
| 146|0x00000000ab000000, 0x00000000ab100000, 0x00000000ab100000|100%| S|CS|TAMS 0x00000000ab000000, 0x00000000ab000000| Complete 
| 147|0x00000000ab100000, 0x00000000ab100000, 0x00000000ab200000|  0%| F|  |TAMS 0x00000000ab100000, 0x00000000ab100000| Untracked 
| 148|0x00000000ab200000, 0x00000000ab200000, 0x00000000ab300000|  0%| F|  |TAMS 0x00000000ab200000, 0x00000000ab200000| Untracked 
| 149|0x00000000ab300000, 0x00000000ab300000, 0x00000000ab400000|  0%| F|  |TAMS 0x00000000ab300000, 0x00000000ab300000| Untracked 
| 150|0x00000000ab400000, 0x00000000ab400000, 0x00000000ab500000|  0%| F|  |TAMS 0x00000000ab400000, 0x00000000ab400000| Untracked 
| 151|0x00000000ab500000, 0x00000000ab500000, 0x00000000ab600000|  0%| F|  |TAMS 0x00000000ab500000, 0x00000000ab500000| Untracked 
| 152|0x00000000ab600000, 0x00000000ab600000, 0x00000000ab700000|  0%| F|  |TAMS 0x00000000ab600000, 0x00000000ab600000| Untracked 
| 153|0x00000000ab700000, 0x00000000ab700000, 0x00000000ab800000|  0%| F|  |TAMS 0x00000000ab700000, 0x00000000ab700000| Untracked 
| 154|0x00000000ab800000, 0x00000000ab900000, 0x00000000ab900000|100%| S|CS|TAMS 0x00000000ab800000, 0x00000000ab800000| Complete 
| 155|0x00000000ab900000, 0x00000000aba00000, 0x00000000aba00000|100%| S|CS|TAMS 0x00000000ab900000, 0x00000000ab900000| Complete 
| 156|0x00000000aba00000, 0x00000000abb00000, 0x00000000abb00000|100%| S|CS|TAMS 0x00000000aba00000, 0x00000000aba00000| Complete 
| 157|0x00000000abb00000, 0x00000000abc00000, 0x00000000abc00000|100%| S|CS|TAMS 0x00000000abb00000, 0x00000000abb00000| Complete 
| 158|0x00000000abc00000, 0x00000000abd00000, 0x00000000abd00000|100%| S|CS|TAMS 0x00000000abc00000, 0x00000000abc00000| Complete 
| 159|0x00000000abd00000, 0x00000000abe00000, 0x00000000abe00000|100%| S|CS|TAMS 0x00000000abd00000, 0x00000000abd00000| Complete 
| 160|0x00000000abe00000, 0x00000000abf00000, 0x00000000abf00000|100%| S|CS|TAMS 0x00000000abe00000, 0x00000000abe00000| Complete 
| 161|0x00000000abf00000, 0x00000000abf00000, 0x00000000ac000000|  0%| F|  |TAMS 0x00000000abf00000, 0x00000000abf00000| Untracked 
| 162|0x00000000ac000000, 0x00000000ac000000, 0x00000000ac100000|  0%| F|  |TAMS 0x00000000ac000000, 0x00000000ac000000| Untracked 
| 163|0x00000000ac100000, 0x00000000ac100000, 0x00000000ac200000|  0%| F|  |TAMS 0x00000000ac100000, 0x00000000ac100000| Untracked 
| 164|0x00000000ac200000, 0x00000000ac200000, 0x00000000ac300000|  0%| F|  |TAMS 0x00000000ac200000, 0x00000000ac200000| Untracked 
| 165|0x00000000ac300000, 0x00000000ac300000, 0x00000000ac400000|  0%| F|  |TAMS 0x00000000ac300000, 0x00000000ac300000| Untracked 
| 166|0x00000000ac400000, 0x00000000ac400000, 0x00000000ac500000|  0%| F|  |TAMS 0x00000000ac400000, 0x00000000ac400000| Untracked 
| 167|0x00000000ac500000, 0x00000000ac500000, 0x00000000ac600000|  0%| F|  |TAMS 0x00000000ac500000, 0x00000000ac500000| Untracked 
| 168|0x00000000ac600000, 0x00000000ac600000, 0x00000000ac700000|  0%| F|  |TAMS 0x00000000ac600000, 0x00000000ac600000| Untracked 
| 169|0x00000000ac700000, 0x00000000ac700000, 0x00000000ac800000|  0%| F|  |TAMS 0x00000000ac700000, 0x00000000ac700000| Untracked 
| 170|0x00000000ac800000, 0x00000000ac800000, 0x00000000ac900000|  0%| F|  |TAMS 0x00000000ac800000, 0x00000000ac800000| Untracked 
| 171|0x00000000ac900000, 0x00000000ac900000, 0x00000000aca00000|  0%| F|  |TAMS 0x00000000ac900000, 0x00000000ac900000| Untracked 
| 172|0x00000000aca00000, 0x00000000aca00000, 0x00000000acb00000|  0%| F|  |TAMS 0x00000000aca00000, 0x00000000aca00000| Untracked 
| 173|0x00000000acb00000, 0x00000000acb00000, 0x00000000acc00000|  0%| F|  |TAMS 0x00000000acb00000, 0x00000000acb00000| Untracked 
| 174|0x00000000acc00000, 0x00000000acc00000, 0x00000000acd00000|  0%| F|  |TAMS 0x00000000acc00000, 0x00000000acc00000| Untracked 
| 175|0x00000000acd00000, 0x00000000acd00000, 0x00000000ace00000|  0%| F|  |TAMS 0x00000000acd00000, 0x00000000acd00000| Untracked 
| 176|0x00000000ace00000, 0x00000000ace00000, 0x00000000acf00000|  0%| F|  |TAMS 0x00000000ace00000, 0x00000000ace00000| Untracked 
| 177|0x00000000acf00000, 0x00000000acf00000, 0x00000000ad000000|  0%| F|  |TAMS 0x00000000acf00000, 0x00000000acf00000| Untracked 
| 178|0x00000000ad000000, 0x00000000ad000000, 0x00000000ad100000|  0%| F|  |TAMS 0x00000000ad000000, 0x00000000ad000000| Untracked 
| 179|0x00000000ad100000, 0x00000000ad100000, 0x00000000ad200000|  0%| F|  |TAMS 0x00000000ad100000, 0x00000000ad100000| Untracked 
| 180|0x00000000ad200000, 0x00000000ad200000, 0x00000000ad300000|  0%| F|  |TAMS 0x00000000ad200000, 0x00000000ad200000| Untracked 
| 181|0x00000000ad300000, 0x00000000ad300000, 0x00000000ad400000|  0%| F|  |TAMS 0x00000000ad300000, 0x00000000ad300000| Untracked 
| 182|0x00000000ad400000, 0x00000000ad400000, 0x00000000ad500000|  0%| F|  |TAMS 0x00000000ad400000, 0x00000000ad400000| Untracked 
| 183|0x00000000ad500000, 0x00000000ad500000, 0x00000000ad600000|  0%| F|  |TAMS 0x00000000ad500000, 0x00000000ad500000| Untracked 
| 184|0x00000000ad600000, 0x00000000ad600000, 0x00000000ad700000|  0%| F|  |TAMS 0x00000000ad600000, 0x00000000ad600000| Untracked 
| 185|0x00000000ad700000, 0x00000000ad700000, 0x00000000ad800000|  0%| F|  |TAMS 0x00000000ad700000, 0x00000000ad700000| Untracked 
| 186|0x00000000ad800000, 0x00000000ad800000, 0x00000000ad900000|  0%| F|  |TAMS 0x00000000ad800000, 0x00000000ad800000| Untracked 
| 187|0x00000000ad900000, 0x00000000ad900000, 0x00000000ada00000|  0%| F|  |TAMS 0x00000000ad900000, 0x00000000ad900000| Untracked 
| 188|0x00000000ada00000, 0x00000000ada00000, 0x00000000adb00000|  0%| F|  |TAMS 0x00000000ada00000, 0x00000000ada00000| Untracked 
| 189|0x00000000adb00000, 0x00000000adb00000, 0x00000000adc00000|  0%| F|  |TAMS 0x00000000adb00000, 0x00000000adb00000| Untracked 
| 190|0x00000000adc00000, 0x00000000adc00000, 0x00000000add00000|  0%| F|  |TAMS 0x00000000adc00000, 0x00000000adc00000| Untracked 
| 191|0x00000000add00000, 0x00000000add00000, 0x00000000ade00000|  0%| F|  |TAMS 0x00000000add00000, 0x00000000add00000| Untracked 
| 192|0x00000000ade00000, 0x00000000ade00000, 0x00000000adf00000|  0%| F|  |TAMS 0x00000000ade00000, 0x00000000ade00000| Untracked 
| 193|0x00000000adf00000, 0x00000000adf00000, 0x00000000ae000000|  0%| F|  |TAMS 0x00000000adf00000, 0x00000000adf00000| Untracked 
| 194|0x00000000ae000000, 0x00000000ae000000, 0x00000000ae100000|  0%| F|  |TAMS 0x00000000ae000000, 0x00000000ae000000| Untracked 
| 195|0x00000000ae100000, 0x00000000ae100000, 0x00000000ae200000|  0%| F|  |TAMS 0x00000000ae100000, 0x00000000ae100000| Untracked 
| 196|0x00000000ae200000, 0x00000000ae200000, 0x00000000ae300000|  0%| F|  |TAMS 0x00000000ae200000, 0x00000000ae200000| Untracked 
| 197|0x00000000ae300000, 0x00000000ae300000, 0x00000000ae400000|  0%| F|  |TAMS 0x00000000ae300000, 0x00000000ae300000| Untracked 
| 198|0x00000000ae400000, 0x00000000ae400000, 0x00000000ae500000|  0%| F|  |TAMS 0x00000000ae400000, 0x00000000ae400000| Untracked 
| 199|0x00000000ae500000, 0x00000000ae500000, 0x00000000ae600000|  0%| F|  |TAMS 0x00000000ae500000, 0x00000000ae500000| Untracked 
| 200|0x00000000ae600000, 0x00000000ae600000, 0x00000000ae700000|  0%| F|  |TAMS 0x00000000ae600000, 0x00000000ae600000| Untracked 
| 201|0x00000000ae700000, 0x00000000ae700000, 0x00000000ae800000|  0%| F|  |TAMS 0x00000000ae700000, 0x00000000ae700000| Untracked 
| 202|0x00000000ae800000, 0x00000000ae800000, 0x00000000ae900000|  0%| F|  |TAMS 0x00000000ae800000, 0x00000000ae800000| Untracked 
| 203|0x00000000ae900000, 0x00000000ae900000, 0x00000000aea00000|  0%| F|  |TAMS 0x00000000ae900000, 0x00000000ae900000| Untracked 
| 204|0x00000000aea00000, 0x00000000aea00000, 0x00000000aeb00000|  0%| F|  |TAMS 0x00000000aea00000, 0x00000000aea00000| Untracked 
| 205|0x00000000aeb00000, 0x00000000aeb00000, 0x00000000aec00000|  0%| F|  |TAMS 0x00000000aeb00000, 0x00000000aeb00000| Untracked 
| 206|0x00000000aec00000, 0x00000000aec00000, 0x00000000aed00000|  0%| F|  |TAMS 0x00000000aec00000, 0x00000000aec00000| Untracked 
| 207|0x00000000aed00000, 0x00000000aed00000, 0x00000000aee00000|  0%| F|  |TAMS 0x00000000aed00000, 0x00000000aed00000| Untracked 
| 208|0x00000000aee00000, 0x00000000aee00000, 0x00000000aef00000|  0%| F|  |TAMS 0x00000000aee00000, 0x00000000aee00000| Untracked 
| 209|0x00000000aef00000, 0x00000000aef00000, 0x00000000af000000|  0%| F|  |TAMS 0x00000000aef00000, 0x00000000aef00000| Untracked 
| 210|0x00000000af000000, 0x00000000af000000, 0x00000000af100000|  0%| F|  |TAMS 0x00000000af000000, 0x00000000af000000| Untracked 
| 211|0x00000000af100000, 0x00000000af100000, 0x00000000af200000|  0%| F|  |TAMS 0x00000000af100000, 0x00000000af100000| Untracked 

Card table byte_map: [0x00000201d2d20000,0x00000201d3020000] _byte_map_base: 0x00000201d2811000

Marking Bits (Prev, Next): (CMBitMap*) 0x00000201bbb0fbd0, (CMBitMap*) 0x00000201bbb0fc10
 Prev Bits: [0x00000201d3320000, 0x00000201d4aa8000)
 Next Bits: [0x00000201d4ab0000, 0x00000201d6238000)

Polling page: 0x00000201b9990000

Metaspace:

Usage:
  Non-class:     10.83 MB used.
      Class:      1.40 MB used.
       Both:     12.23 MB used.

Virtual space:
  Non-class space:       64.00 MB reserved,      10.94 MB ( 17%) committed,  1 nodes.
      Class space:        1.00 GB reserved,       1.50 MB ( <1%) committed,  1 nodes.
             Both:        1.06 GB reserved,      12.44 MB (  1%) committed. 

Chunk freelists:
   Non-Class:  963.00 KB
       Class:  2.51 MB
        Both:  3.45 MB

MaxMetaspaceSize: unlimited
CompressedClassSpaceSize: 1.00 GB
Initial GC threshold: 21.00 MB
Current GC threshold: 21.00 MB
CDS: on
MetaspaceReclaimPolicy: balanced
 - commit_granule_bytes: 65536.
 - commit_granule_words: 8192.
 - virtual_space_node_default_size: 8388608.
 - enlarge_chunks_in_place: 1.
 - new_chunks_are_fully_committed: 0.
 - uncommit_free_chunks: 1.
 - use_allocation_guard: 0.


Internal statistics:

num_allocs_failed_limit: 0.
num_arena_births: 190.
num_arena_deaths: 0.
num_vsnodes_births: 2.
num_vsnodes_deaths: 0.
num_space_committed: 199.
num_space_uncommitted: 0.
num_chunks_returned_to_freelist: 0.
num_chunks_taken_from_freelist: 255.
num_chunk_merges: 0.
num_chunk_splits: 162.
num_chunks_enlarged: 96.
num_inconsistent_stats: 0.

CodeHeap 'non-profiled nmethods': size=120000Kb used=736Kb max_used=736Kb free=119263Kb
 bounds [0x00000201cb4f0000, 0x00000201cb760000, 0x00000201d2a20000]
CodeHeap 'profiled nmethods': size=120000Kb used=3963Kb max_used=3963Kb free=116037Kb
 bounds [0x00000201c3a20000, 0x00000201c3e00000, 0x00000201caf50000]
CodeHeap 'non-nmethods': size=5760Kb used=1402Kb max_used=1481Kb free=4357Kb
 bounds [0x00000201caf50000, 0x00000201cb1c0000, 0x00000201cb4f0000]
 total_blobs=2808 nmethods=2151 adapters=566
 compilation: enabled
              stopped_count=0, restarted_count=0
 full_count=0

Compilation events (20 events):
Event: 11.138 Thread 0x00000201d86e5230 nmethod 2127 0x00000201cb598690 code [0x00000201cb598800, 0x00000201cb598878]
Event: 11.138 Thread 0x00000201d86e5230 2130       4       javax.swing.JComponent::getHeight (5 bytes)
Event: 11.138 Thread 0x00000201d8713a80 2162       3       vistas.Estadisticas::correr_simulacion (668 bytes)
Event: 11.138 Thread 0x00000201d86e5230 nmethod 2130 0x00000201cb598990 code [0x00000201cb598b00, 0x00000201cb598b78]
Event: 11.138 Thread 0x00000201d86e5230 2136       4       java.lang.StringConcatHelper::prepend (22 bytes)
Event: 11.141 Thread 0x00000201d86e5230 nmethod 2136 0x00000201cb598c90 code [0x00000201cb598e20, 0x00000201cb5990f8]
Event: 11.141 Thread 0x00000201d86e5230 2164       4       vistas.Estadisticas::obtener_objeto_llegada (317 bytes)
Event: 11.147 Thread 0x00000201d8713a80 nmethod 2162 0x00000201c3df9910 code [0x00000201c3df9fe0, 0x00000201c3dfd658]
Event: 11.832 Thread 0x00000201d86e5230 nmethod 2164 0x00000201cb599310 code [0x00000201cb599840, 0x00000201cb5a2d38]
Event: 11.833 Thread 0x00000201d86e5230 2166       4       vistas.Estadisticas::calcular_tell (76 bytes)
Event: 11.840 Thread 0x00000201d86e5230 nmethod 2166 0x00000201cb5a6410 code [0x00000201cb5a65a0, 0x00000201cb5a6798]
Event: 11.840 Thread 0x00000201d86e5230 2169 %     4       java.util.ArrayList::clear @ 27 (43 bytes)
Event: 11.843 Thread 0x00000201d86e5230 nmethod 2169% 0x00000201cb5a6990 code [0x00000201cb5a6b20, 0x00000201cb5a6c78]
Event: 11.843 Thread 0x00000201d86e5230 2171       4       vistas.Estadisticas::calcular_ts (76 bytes)
Event: 11.848 Thread 0x00000201d86e5230 nmethod 2171 0x00000201cb5a6d90 code [0x00000201cb5a6f20, 0x00000201cb5a7118]
Event: 11.849 Thread 0x00000201d86e5230 2172       4       java.util.ArrayList::clear (43 bytes)
Event: 11.856 Thread 0x00000201d86e5230 nmethod 2172 0x00000201cb5a7310 code [0x00000201cb5a74a0, 0x00000201cb5a7778]
Event: 11.856 Thread 0x00000201d86e5230 2170       4       vistas.Estadisticas::generar_ts (34 bytes)
Event: 11.866 Thread 0x00000201d86e5230 nmethod 2170 0x00000201cb5a7890 code [0x00000201cb5a7a60, 0x00000201cb5a7ef8]
Event: 11.866 Thread 0x00000201d86e5230 2174       4       vistas.Estadisticas::obtener_objeto_salida (371 bytes)

GC Heap History (20 events):
Event: 6.418 GC heap after
{Heap after GC invocations=1 (full 0):
 garbage-first heap   total 98304K, used 6652K [0x00000000a1e00000, 0x0000000100000000)
  region size 1024K, 2 young (2048K), 2 survivors (2048K)
 Metaspace       used 10921K, committed 11136K, reserved 1114112K
  class space    used 1250K, committed 1344K, reserved 1048576K
}
Event: 10.815 GC heap before
{Heap before GC invocations=1 (full 0):
 garbage-first heap   total 98304K, used 20988K [0x00000000a1e00000, 0x0000000100000000)
  region size 1024K, 16 young (16384K), 2 survivors (2048K)
 Metaspace       used 12508K, committed 12736K, reserved 1114112K
  class space    used 1431K, committed 1536K, reserved 1048576K
}
Event: 10.827 GC heap after
{Heap after GC invocations=2 (full 0):
 garbage-first heap   total 98304K, used 9856K [0x00000000a1e00000, 0x0000000100000000)
  region size 1024K, 2 young (2048K), 2 survivors (2048K)
 Metaspace       used 12508K, committed 12736K, reserved 1114112K
  class space    used 1431K, committed 1536K, reserved 1048576K
}
Event: 11.011 GC heap before
{Heap before GC invocations=2 (full 0):
 garbage-first heap   total 98304K, used 55936K [0x00000000a1e00000, 0x0000000100000000)
  region size 1024K, 47 young (48128K), 2 survivors (2048K)
 Metaspace       used 12516K, committed 12736K, reserved 1114112K
  class space    used 1431K, committed 1536K, reserved 1048576K
}
Event: 11.027 GC heap after
{Heap after GC invocations=3 (full 0):
 garbage-first heap   total 98304K, used 20881K [0x00000000a1e00000, 0x0000000100000000)
  region size 1024K, 6 young (6144K), 6 survivors (6144K)
 Metaspace       used 12516K, committed 12736K, reserved 1114112K
  class space    used 1431K, committed 1536K, reserved 1048576K
}
Event: 11.114 GC heap before
{Heap before GC invocations=3 (full 0):
 garbage-first heap   total 98304K, used 53649K [0x00000000a1e00000, 0x0000000100000000)
  region size 1024K, 38 young (38912K), 6 survivors (6144K)
 Metaspace       used 12521K, committed 12736K, reserved 1114112K
  class space    used 1431K, committed 1536K, reserved 1048576K
}
Event: 11.132 GC heap after
{Heap after GC invocations=4 (full 0):
 garbage-first heap   total 98304K, used 29540K [0x00000000a1e00000, 0x0000000100000000)
  region size 1024K, 5 young (5120K), 5 survivors (5120K)
 Metaspace       used 12521K, committed 12736K, reserved 1114112K
  class space    used 1431K, committed 1536K, reserved 1048576K
}
Event: 11.195 GC heap before
{Heap before GC invocations=4 (full 0):
 garbage-first heap   total 98304K, used 60260K [0x00000000a1e00000, 0x0000000100000000)
  region size 1024K, 35 young (35840K), 5 survivors (5120K)
 Metaspace       used 12525K, committed 12736K, reserved 1114112K
  class space    used 1431K, committed 1536K, reserved 1048576K
}
Event: 11.210 GC heap after
{Heap after GC invocations=5 (full 0):
 garbage-first heap   total 98304K, used 37888K [0x00000000a1e00000, 0x0000000100000000)
  region size 1024K, 5 young (5120K), 5 survivors (5120K)
 Metaspace       used 12525K, committed 12736K, reserved 1114112K
  class space    used 1431K, committed 1536K, reserved 1048576K
}
Event: 11.268 GC heap before
{Heap before GC invocations=5 (full 0):
 garbage-first heap   total 98304K, used 66560K [0x00000000a1e00000, 0x0000000100000000)
  region size 1024K, 33 young (33792K), 5 survivors (5120K)
 Metaspace       used 12525K, committed 12736K, reserved 1114112K
  class space    used 1431K, committed 1536K, reserved 1048576K
}
Event: 11.281 GC heap after
{Heap after GC invocations=6 (full 0):
 garbage-first heap   total 98304K, used 46080K [0x00000000a1e00000, 0x0000000100000000)
  region size 1024K, 5 young (5120K), 5 survivors (5120K)
 Metaspace       used 12525K, committed 12736K, reserved 1114112K
  class space    used 1431K, committed 1536K, reserved 1048576K
}
Event: 11.332 GC heap before
{Heap before GC invocations=6 (full 0):
 garbage-first heap   total 98304K, used 70656K [0x00000000a1e00000, 0x0000000100000000)
  region size 1024K, 29 young (29696K), 5 survivors (5120K)
 Metaspace       used 12525K, committed 12736K, reserved 1114112K
  class space    used 1431K, committed 1536K, reserved 1048576K
}
Event: 11.343 GC heap after
{Heap after GC invocations=7 (full 0):
 garbage-first heap   total 217088K, used 52598K [0x00000000a1e00000, 0x0000000100000000)
  region size 1024K, 4 young (4096K), 4 survivors (4096K)
 Metaspace       used 12525K, committed 12736K, reserved 1114112K
  class space    used 1431K, committed 1536K, reserved 1048576K
}
Event: 11.615 GC heap before
{Heap before GC invocations=7 (full 0):
 garbage-first heap   total 217088K, used 144758K [0x00000000a1e00000, 0x0000000100000000)
  region size 1024K, 93 young (95232K), 4 survivors (4096K)
 Metaspace       used 12525K, committed 12736K, reserved 1114112K
  class space    used 1431K, committed 1536K, reserved 1048576K
}
Event: 11.643 GC heap after
{Heap after GC invocations=8 (full 0):
 garbage-first heap   total 217088K, used 76755K [0x00000000a1e00000, 0x0000000100000000)
  region size 1024K, 12 young (12288K), 12 survivors (12288K)
 Metaspace       used 12525K, committed 12736K, reserved 1114112K
  class space    used 1431K, committed 1536K, reserved 1048576K
}
Event: 11.782 GC heap before
{Heap before GC invocations=8 (full 0):
 garbage-first heap   total 217088K, used 143315K [0x00000000a1e00000, 0x0000000100000000)
  region size 1024K, 77 young (78848K), 12 survivors (12288K)
 Metaspace       used 12525K, committed 12736K, reserved 1114112K
  class space    used 1431K, committed 1536K, reserved 1048576K
}
Event: 11.809 GC heap after
{Heap after GC invocations=9 (full 0):
 garbage-first heap   total 217088K, used 94208K [0x00000000a1e00000, 0x0000000100000000)
  region size 1024K, 10 young (10240K), 10 survivors (10240K)
 Metaspace       used 12525K, committed 12736K, reserved 1114112K
  class space    used 1431K, committed 1536K, reserved 1048576K
}
Event: 11.923 GC heap before
{Heap before GC invocations=9 (full 0):
 garbage-first heap   total 217088K, used 153600K [0x00000000a1e00000, 0x0000000100000000)
  region size 1024K, 68 young (69632K), 10 survivors (10240K)
 Metaspace       used 12525K, committed 12736K, reserved 1114112K
  class space    used 1431K, committed 1536K, reserved 1048576K
}
Event: 11.945 GC heap after
{Heap after GC invocations=10 (full 0):
 garbage-first heap   total 217088K, used 109568K [0x00000000a1e00000, 0x0000000100000000)
  region size 1024K, 9 young (9216K), 9 survivors (9216K)
 Metaspace       used 12525K, committed 12736K, reserved 1114112K
  class space    used 1431K, committed 1536K, reserved 1048576K
}
Event: 12.040 GC heap before
{Heap before GC invocations=10 (full 0):
 garbage-first heap   total 217088K, used 161792K [0x00000000a1e00000, 0x0000000100000000)
  region size 1024K, 60 young (61440K), 9 survivors (9216K)
 Metaspace       used 12525K, committed 12736K, reserved 1114112K
  class space    used 1431K, committed 1536K, reserved 1048576K
}

Dll operation events (9 events):
Event: 0.012 Loaded shared library C:\Program Files\Java\jdk-19\bin\java.dll
Event: 0.022 Loaded shared library C:\Program Files\Java\jdk-19\bin\jsvml.dll
Event: 0.135 Loaded shared library C:\Program Files\Java\jdk-19\bin\jimage.dll
Event: 0.152 Loaded shared library C:\Program Files\Java\jdk-19\bin\net.dll
Event: 0.154 Loaded shared library C:\Program Files\Java\jdk-19\bin\nio.dll
Event: 0.157 Loaded shared library C:\Program Files\Java\jdk-19\bin\zip.dll
Event: 0.191 Loaded shared library C:\Program Files\Java\jdk-19\bin\awt.dll
Event: 0.822 Loaded shared library C:\Program Files\Java\jdk-19\bin\freetype.dll
Event: 0.823 Loaded shared library C:\Program Files\Java\jdk-19\bin\fontmanager.dll

Deoptimization events (20 events):
Event: 6.948 Thread 0x00000201dd78b1e0 DEOPT PACKING pc=0x00000201cb55e6ec sp=0x00000038af4fd200
Event: 6.948 Thread 0x00000201dd78b1e0 DEOPT UNPACKING pc=0x00000201cafb6da3 sp=0x00000038af4fd1b0 mode 2
Event: 10.922 Thread 0x00000201dd78b1e0 Uncommon trap: trap_request=0xffffffde fr.pc=0x00000201cb58af48 relative=0x0000000000000128
Event: 10.922 Thread 0x00000201dd78b1e0 Uncommon trap: reason=class_check action=maybe_recompile pc=0x00000201cb58af48 method=jdk.internal.misc.Unsafe.allocateUninitializedArray(Ljava/lang/Class;I)Ljava/lang/Object; @ 51 c2
Event: 10.922 Thread 0x00000201dd78b1e0 DEOPT PACKING pc=0x00000201cb58af48 sp=0x00000038af4fe1c0
Event: 10.922 Thread 0x00000201dd78b1e0 DEOPT UNPACKING pc=0x00000201cafb6da3 sp=0x00000038af4fe148 mode 2
Event: 10.922 Thread 0x00000201dd78b1e0 Uncommon trap: trap_request=0xffffffde fr.pc=0x00000201cb58af48 relative=0x0000000000000128
Event: 10.922 Thread 0x00000201dd78b1e0 Uncommon trap: reason=class_check action=maybe_recompile pc=0x00000201cb58af48 method=jdk.internal.misc.Unsafe.allocateUninitializedArray(Ljava/lang/Class;I)Ljava/lang/Object; @ 51 c2
Event: 10.922 Thread 0x00000201dd78b1e0 DEOPT PACKING pc=0x00000201cb58af48 sp=0x00000038af4fe1c0
Event: 10.922 Thread 0x00000201dd78b1e0 DEOPT UNPACKING pc=0x00000201cafb6da3 sp=0x00000038af4fe148 mode 2
Event: 10.922 Thread 0x00000201dd78b1e0 Uncommon trap: trap_request=0xffffffde fr.pc=0x00000201cb58af48 relative=0x0000000000000128
Event: 10.922 Thread 0x00000201dd78b1e0 Uncommon trap: reason=class_check action=maybe_recompile pc=0x00000201cb58af48 method=jdk.internal.misc.Unsafe.allocateUninitializedArray(Ljava/lang/Class;I)Ljava/lang/Object; @ 51 c2
Event: 10.922 Thread 0x00000201dd78b1e0 DEOPT PACKING pc=0x00000201cb58af48 sp=0x00000038af4fe1a0
Event: 10.922 Thread 0x00000201dd78b1e0 DEOPT UNPACKING pc=0x00000201cafb6da3 sp=0x00000038af4fe128 mode 2
Event: 10.922 Thread 0x00000201dd78b1e0 Uncommon trap: trap_request=0xffffffde fr.pc=0x00000201cb58af48 relative=0x0000000000000128
Event: 10.922 Thread 0x00000201dd78b1e0 Uncommon trap: reason=class_check action=maybe_recompile pc=0x00000201cb58af48 method=jdk.internal.misc.Unsafe.allocateUninitializedArray(Ljava/lang/Class;I)Ljava/lang/Object; @ 51 c2
Event: 10.922 Thread 0x00000201dd78b1e0 DEOPT PACKING pc=0x00000201cb58af48 sp=0x00000038af4fe1a0
Event: 10.922 Thread 0x00000201dd78b1e0 DEOPT UNPACKING pc=0x00000201cafb6da3 sp=0x00000038af4fe128 mode 2
Event: 11.850 Thread 0x00000201dd78b1e0 DEOPT PACKING pc=0x00000201c3d85dbc sp=0x00000038af4fe200
Event: 11.850 Thread 0x00000201dd78b1e0 DEOPT UNPACKING pc=0x00000201cafb7543 sp=0x00000038af4fd688 mode 0

Classes loaded (20 events):
Event: 8.629 Loading class javax/swing/JOptionPane$3
Event: 8.629 Loading class javax/swing/JOptionPane$3 done
Event: 9.649 Loading class javax/swing/event/CaretListener
Event: 9.649 Loading class javax/swing/event/CaretListener done
Event: 9.660 Loading class java/util/Vector$1
Event: 9.660 Loading class java/util/Vector$1 done
Event: 10.711 Loading class javax/swing/plaf/metal/MetalBorders$TableHeaderBorder
Event: 10.711 Loading class javax/swing/plaf/metal/MetalBorders$TableHeaderBorder done
Event: 10.714 Loading class javax/swing/JTable$2
Event: 10.714 Loading class javax/swing/JTable$Resizable3
Event: 10.715 Loading class javax/swing/JTable$Resizable2
Event: 10.715 Loading class javax/swing/JTable$Resizable2 done
Event: 10.715 Loading class javax/swing/JTable$Resizable3 done
Event: 10.715 Loading class javax/swing/JTable$2 done
Event: 10.715 Loading class javax/swing/JTable$5
Event: 10.715 Loading class javax/swing/JTable$5 done
Event: 10.722 Loading class java/lang/Math$RandomNumberGeneratorHolder
Event: 10.722 Loading class java/lang/Math$RandomNumberGeneratorHolder done
Event: 10.827 Loading class sun/awt/shell/Win32ShellFolder2$FolderDisposer$1
Event: 10.827 Loading class sun/awt/shell/Win32ShellFolder2$FolderDisposer$1 done

Classes unloaded (0 events):
No events

Classes redefined (0 events):
No events

Internal exceptions (18 events):
Event: 0.167 Thread 0x00000201bbabf320 Exception <a 'java/lang/ClassNotFoundException'{0x00000000a7cb9d00}: sun/awt/resources/spi/awtProvider> (0x00000000a7cb9d00) 
thrown [s\open\src\hotspot\share\classfile\systemDictionary.cpp, line 255]
Event: 0.254 Thread 0x00000201bbabf320 Exception <a 'java/io/FileNotFoundException'{0x00000000a7b13678}> (0x00000000a7b13678) 
thrown [s\open\src\hotspot\share\prims\jni.cpp, line 517]
Event: 0.282 Thread 0x00000201bbabf320 Exception <a 'java/io/FileNotFoundException'{0x00000000a7b3fc10}> (0x00000000a7b3fc10) 
thrown [s\open\src\hotspot\share\prims\jni.cpp, line 517]
Event: 0.354 Thread 0x00000201bbabf320 Exception <a 'java/lang/NoSuchMethodError'{0x00000000a7b8a238}: 'java.lang.Object java.lang.invoke.DirectMethodHandle$Holder.invokeStaticInit(java.lang.Object)'> (0x00000000a7b8a238) 
thrown [s\open\src\hotspot\share\interpreter\linkResolver.cpp, line 774]
Event: 0.431 Thread 0x00000201bbabf320 Exception <a 'java/lang/NoSuchMethodError'{0x00000000a7a5a5a0}: 'void java.lang.invoke.DirectMethodHandle$Holder.invokeSpecial(java.lang.Object, java.lang.Object, java.lang.Object)'> (0x00000000a7a5a5a0) 
thrown [s\open\src\hotspot\share\interpreter\linkResolver.cpp, line 774]
Event: 0.446 Thread 0x00000201bbabf320 Exception <a 'java/lang/NoSuchMethodError'{0x00000000a7a851b0}: 'java.lang.Object java.lang.invoke.DirectMethodHandle$Holder.newInvokeSpecial(java.lang.Object, java.lang.Object, java.lang.Object, java.lang.Object, java.lang.Object)'> (0x00000000a7a851b0) 
thrown [s\open\src\hotspot\share\interpreter\linkResolver.cpp, line 774]
Event: 0.459 Thread 0x00000201bbabf320 Exception <a 'java/lang/NoSuchMethodError'{0x00000000a7af97c0}: 'java.lang.Object java.lang.invoke.DirectMethodHandle$Holder.invokeStatic(java.lang.Object, int, java.lang.Object)'> (0x00000000a7af97c0) 
thrown [s\open\src\hotspot\share\interpreter\linkResolver.cpp, line 774]
Event: 0.515 Thread 0x00000201bbabf320 Exception <a 'java/lang/ClassNotFoundException'{0x00000000a79b5790}: com/sun/swing/internal/plaf/metal/resources/spi/metalProvider> (0x00000000a79b5790) 
thrown [s\open\src\hotspot\share\classfile\systemDictionary.cpp, line 255]
Event: 0.516 Thread 0x00000201bbabf320 Exception <a 'java/lang/ClassNotFoundException'{0x00000000a79b9818}: com/sun/swing/internal/plaf/basic/resources/spi/basicProvider> (0x00000000a79b9818) 
thrown [s\open\src\hotspot\share\classfile\systemDictionary.cpp, line 255]
Event: 0.526 Thread 0x00000201bbabf320 Exception <a 'java/lang/NoSuchMethodError'{0x00000000a79d9db0}: 'int java.lang.invoke.Invokers$Holder.invokeExact_MT(java.lang.Object, java.lang.Object)'> (0x00000000a79d9db0) 
thrown [s\open\src\hotspot\share\interpreter\linkResolver.cpp, line 774]
Event: 0.674 Thread 0x00000201bbabf320 Exception <a 'java/lang/NoSuchMethodError'{0x00000000a78d46e8}: 'void java.lang.invoke.DirectMethodHandle$Holder.invokeStatic(java.lang.Object, java.lang.Object, java.lang.Object)'> (0x00000000a78d46e8) 
thrown [s\open\src\hotspot\share\interpreter\linkResolver.cpp, line 774]
Event: 0.676 Thread 0x00000201bbabf320 Exception <a 'java/lang/NoSuchMethodError'{0x00000000a78daac0}: 'void java.lang.invoke.DirectMethodHandle$Holder.invokeStatic(java.lang.Object, java.lang.Object)'> (0x00000000a78daac0) 
thrown [s\open\src\hotspot\share\interpreter\linkResolver.cpp, line 774]
Event: 0.818 Thread 0x00000201bbabf320 Exception <a 'java/lang/NoSuchMethodError'{0x00000000a76b6168}: 'void java.lang.invoke.DirectMethodHandle$Holder.invokeStaticInit(java.lang.Object)'> (0x00000000a76b6168) 
thrown [s\open\src\hotspot\share\interpreter\linkResolver.cpp, line 774]
Event: 0.890 Thread 0x00000201dcc00dc0 Exception <a 'java/lang/NoSuchMethodError'{0x00000000a7a0fd10}: 'void java.lang.invoke.DirectMethodHandle$Holder.invokeVirtual(java.lang.Object, java.lang.Object)'> (0x00000000a7a0fd10) 
thrown [s\open\src\hotspot\share\interpreter\linkResolver.cpp, line 774]
Event: 6.378 Thread 0x00000201dd85d6c0 Exception <a 'java/lang/NoSuchMethodError'{0x00000000a7150550}: 'java.lang.Object java.lang.invoke.DirectMethodHandle$Holder.newInvokeSpecial(java.lang.Object, java.lang.Object, java.lang.Object, int, int, int, int, int)'> (0x00000000a7150550) 
thrown [s\open\src\hotspot\share\interpreter\linkResolver.cpp, line 774]
Event: 6.393 Thread 0x00000201dd78b1e0 Implicit null exception at 0x00000201cb54d235 to 0x00000201cb54ea80
Event: 6.856 Thread 0x00000201dd78b1e0 Exception <a 'java/lang/NoSuchMethodError'{0x00000000a7df66f8}: 'int java.lang.invoke.DirectMethodHandle$Holder.invokeSpecial(java.lang.Object, java.lang.Object, java.lang.Object)'> (0x00000000a7df66f8) 
thrown [s\open\src\hotspot\share\interpreter\linkResolver.cpp, line 774]
Event: 6.920 Thread 0x00000201dd78b1e0 Exception <a 'java/lang/NoSuchMethodError'{0x00000000a7c216a0}: 'int java.lang.invoke.DirectMethodHandle$Holder.invokeStatic(java.lang.Object)'> (0x00000000a7c216a0) 
thrown [s\open\src\hotspot\share\interpreter\linkResolver.cpp, line 774]

VM Operations (20 events):
Event: 9.949 Executing VM operation: Cleanup done
Event: 10.815 Executing VM operation: G1CollectForAllocation
Event: 10.827 Executing VM operation: G1CollectForAllocation done
Event: 11.011 Executing VM operation: G1CollectForAllocation
Event: 11.027 Executing VM operation: G1CollectForAllocation done
Event: 11.114 Executing VM operation: G1CollectForAllocation
Event: 11.132 Executing VM operation: G1CollectForAllocation done
Event: 11.195 Executing VM operation: G1CollectForAllocation
Event: 11.210 Executing VM operation: G1CollectForAllocation done
Event: 11.268 Executing VM operation: G1CollectForAllocation
Event: 11.281 Executing VM operation: G1CollectForAllocation done
Event: 11.332 Executing VM operation: G1CollectForAllocation
Event: 11.343 Executing VM operation: G1CollectForAllocation done
Event: 11.615 Executing VM operation: G1CollectForAllocation
Event: 11.643 Executing VM operation: G1CollectForAllocation done
Event: 11.782 Executing VM operation: G1CollectForAllocation
Event: 11.809 Executing VM operation: G1CollectForAllocation done
Event: 11.923 Executing VM operation: G1CollectForAllocation
Event: 11.945 Executing VM operation: G1CollectForAllocation done
Event: 12.040 Executing VM operation: G1CollectForAllocation

Events (20 events):
Event: 0.038 Thread 0x00000201d86e5230 Thread added: 0x00000201d86e5230
Event: 0.040 Thread 0x00000201d8713a80 Thread added: 0x00000201d8713a80
Event: 0.041 Thread 0x00000201dc928070 Thread added: 0x00000201dc928070
Event: 0.079 Thread 0x00000201dc9db6e0 Thread added: 0x00000201dc9db6e0
Event: 0.084 Thread 0x00000201dc9e80c0 Thread added: 0x00000201dc9e80c0
Event: 0.355 Thread 0x00000201dcbd5fd0 Thread added: 0x00000201dcbd5fd0
Event: 0.356 Thread 0x00000201dcbd7140 Thread added: 0x00000201dcbd7140
Event: 0.359 Thread 0x00000201dcc00dc0 Thread added: 0x00000201dcc00dc0
Event: 0.608 Thread 0x00000201dd78b1e0 Thread added: 0x00000201dd78b1e0
Event: 1.057 Thread 0x00000201bbabf320 Thread exited: 0x00000201bbabf320
Event: 1.057 Thread 0x00000201bbabf320 Thread added: 0x00000201bbabf320
Event: 6.375 Thread 0x00000201dd85d6c0 Thread added: 0x00000201dd85d6c0
Event: 6.383 Thread 0x00000201dda185a0 Thread added: 0x00000201dda185a0
Event: 6.408 Thread 0x00000201dda165c0 Thread added: 0x00000201dda165c0
Event: 6.871 Thread 0x00000201dda15b20 Thread added: 0x00000201dda15b20
Event: 6.893 Thread 0x00000201dda15b20 Thread exited: 0x00000201dda15b20
Event: 6.909 Thread 0x00000201dda15b20 Thread added: 0x00000201dda15b20
Event: 6.921 Thread 0x00000201dda15b20 Thread exited: 0x00000201dda15b20
Event: 6.947 Thread 0x00000201dda15b20 Thread added: 0x00000201dda15b20
Event: 11.389 Thread 0x00000201dda185a0 Thread exited: 0x00000201dda185a0


Dynamic libraries:
0x00007ff620750000 - 0x00007ff620760000 	C:\Program Files\Java\jdk-19\bin\java.exe
0x00007ffe44310000 - 0x00007ffe444fd000 	C:\Windows\SYSTEM32\ntdll.dll
0x00007ffe43170000 - 0x00007ffe43223000 	C:\Windows\System32\KERNEL32.DLL
0x00007ffe412a0000 - 0x00007ffe4153a000 	C:\Windows\System32\KERNELBASE.dll
0x00007ffe40500000 - 0x00007ffe405fa000 	C:\Windows\System32\ucrtbase.dll
0x00007ffe3add0000 - 0x00007ffe3ade8000 	C:\Program Files\Java\jdk-19\bin\jli.dll
0x00007ffe3abd0000 - 0x00007ffe3abeb000 	C:\Program Files\Java\jdk-19\bin\VCRUNTIME140.dll
0x00007ffe41920000 - 0x00007ffe419c7000 	C:\Windows\System32\ADVAPI32.dll
0x00007ffe43bc0000 - 0x00007ffe43c5e000 	C:\Windows\System32\msvcrt.dll
0x00007ffe41880000 - 0x00007ffe4191f000 	C:\Windows\System32\sechost.dll
0x00007ffe416b0000 - 0x00007ffe417cd000 	C:\Windows\System32\RPCRT4.dll
0x00007ffe284e0000 - 0x00007ffe28759000 	C:\Windows\WinSxS\amd64_microsoft.windows.common-controls_6595b64144ccf1df_6.0.17763.3046_none_de715ebe534b36e3\COMCTL32.dll
0x00007ffe432a0000 - 0x00007ffe435cb000 	C:\Windows\System32\combase.dll
0x00007ffe409a0000 - 0x00007ffe40a22000 	C:\Windows\System32\bcryptPrimitives.dll
0x00007ffe41540000 - 0x00007ffe41569000 	C:\Windows\System32\GDI32.dll
0x00007ffe40800000 - 0x00007ffe4099c000 	C:\Windows\System32\gdi32full.dll
0x00007ffe40430000 - 0x00007ffe404d0000 	C:\Windows\System32\msvcp_win.dll
0x00007ffe43ec0000 - 0x00007ffe44057000 	C:\Windows\System32\USER32.dll
0x00007ffe40b30000 - 0x00007ffe40b50000 	C:\Windows\System32\win32u.dll
0x00007ffe3b390000 - 0x00007ffe3b39a000 	C:\Windows\SYSTEM32\VERSION.dll
0x00007ffe442b0000 - 0x00007ffe442de000 	C:\Windows\System32\IMM32.DLL
0x00007ffe3aba0000 - 0x00007ffe3abac000 	C:\Program Files\Java\jdk-19\bin\vcruntime140_1.dll
0x00007ffe16d60000 - 0x00007ffe16dee000 	C:\Program Files\Java\jdk-19\bin\msvcp140.dll
0x00007ffe01090000 - 0x00007ffe01d50000 	C:\Program Files\Java\jdk-19\bin\server\jvm.dll
0x00007ffe3dd00000 - 0x00007ffe3dd09000 	C:\Windows\SYSTEM32\WSOCK32.dll
0x00007ffe43230000 - 0x00007ffe4329d000 	C:\Windows\System32\WS2_32.dll
0x00007ffe3cc50000 - 0x00007ffe3cc74000 	C:\Windows\SYSTEM32\WINMM.dll
0x00007ffe3cc20000 - 0x00007ffe3cc4d000 	C:\Windows\SYSTEM32\WINMMBASE.dll
0x00007ffe40a30000 - 0x00007ffe40a7a000 	C:\Windows\System32\cfgmgr32.dll
0x00007ffe40330000 - 0x00007ffe40341000 	C:\Windows\System32\kernel.appcore.dll
0x00007ffe2f360000 - 0x00007ffe2f36a000 	C:\Program Files\Java\jdk-19\bin\jimage.dll
0x00007ffe23b50000 - 0x00007ffe23d3d000 	C:\Windows\SYSTEM32\DBGHELP.DLL
0x00007ffe23340000 - 0x00007ffe2336a000 	C:\Windows\SYSTEM32\dbgcore.DLL
0x00007ffe32ab0000 - 0x00007ffe32ad6000 	C:\Program Files\Java\jdk-19\bin\java.dll
0x00007ffe17810000 - 0x00007ffe178e7000 	C:\Program Files\Java\jdk-19\bin\jsvml.dll
0x00007ffe41af0000 - 0x00007ffe42fe8000 	C:\Windows\System32\SHELL32.dll
0x00007ffe43e10000 - 0x00007ffe43eb7000 	C:\Windows\System32\shcore.dll
0x00007ffe40b50000 - 0x00007ffe41298000 	C:\Windows\System32\windows.storage.dll
0x00007ffe402e0000 - 0x00007ffe40303000 	C:\Windows\System32\profapi.dll
0x00007ffe40350000 - 0x00007ffe403ad000 	C:\Windows\System32\powrprof.dll
0x00007ffe419d0000 - 0x00007ffe41a22000 	C:\Windows\System32\shlwapi.dll
0x00007ffe40410000 - 0x00007ffe40427000 	C:\Windows\System32\cryptsp.dll
0x00007ffe2ef70000 - 0x00007ffe2ef83000 	C:\Program Files\Java\jdk-19\bin\net.dll
0x00007ffe38110000 - 0x00007ffe38201000 	C:\Windows\SYSTEM32\WINHTTP.dll
0x00007ffe3fb30000 - 0x00007ffe3fb97000 	C:\Windows\system32\mswsock.dll
0x00007ffe291d0000 - 0x00007ffe291e6000 	C:\Program Files\Java\jdk-19\bin\nio.dll
0x00007ffe27c50000 - 0x00007ffe27c68000 	C:\Program Files\Java\jdk-19\bin\zip.dll
0x00007ffe17000000 - 0x00007ffe17191000 	C:\Program Files\Java\jdk-19\bin\awt.dll
0x00007ffe41570000 - 0x00007ffe41634000 	C:\Windows\System32\OLEAUT32.dll
0x00007ffe3e4f0000 - 0x00007ffe3e57c000 	C:\Windows\SYSTEM32\apphelp.dll
0x00007ffe3eb80000 - 0x00007ffe3ebae000 	C:\Windows\system32\DWMAPI.DLL
0x00007ffe40600000 - 0x00007ffe407f5000 	C:\Windows\System32\CRYPT32.dll
0x00007ffe40310000 - 0x00007ffe40322000 	C:\Windows\System32\MSASN1.dll
0x00007ffe3e5d0000 - 0x00007ffe3e66c000 	C:\Windows\system32\uxtheme.dll
0x00007ffe0ab50000 - 0x00007ffe0ac77000 	C:\Windows\system32\opengl32.dll
0x00007ffe0e910000 - 0x00007ffe0e93c000 	C:\Windows\SYSTEM32\GLU32.dll
0x00007ffe43000000 - 0x00007ffe4316b000 	C:\Windows\System32\MSCTF.dll
0x00007ffe43a60000 - 0x00007ffe43bb6000 	C:\Windows\System32\ole32.dll
0x00007ffe16440000 - 0x00007ffe164c6000 	C:\Program Files\Java\jdk-19\bin\freetype.dll
0x00007ffe16370000 - 0x00007ffe16435000 	C:\Program Files\Java\jdk-19\bin\fontmanager.dll
0x00007ffe2d760000 - 0x00007ffe2d7f3000 	C:\Windows\System32\TextInputFramework.dll
0x00007ffe3b420000 - 0x00007ffe3b742000 	C:\Windows\System32\CoreUIComponents.dll
0x00007ffe3e2e0000 - 0x00007ffe3e3c1000 	C:\Windows\System32\CoreMessaging.dll
0x00007ffe3f310000 - 0x00007ffe3f341000 	C:\Windows\SYSTEM32\ntmarta.dll
0x00007ffe3c3c0000 - 0x00007ffe3c511000 	C:\Windows\SYSTEM32\wintypes.dll
0x00007ffe417d0000 - 0x00007ffe41872000 	C:\Windows\System32\clbcatq.dll
0x00007ffe3b060000 - 0x00007ffe3b218000 	C:\Windows\SYSTEM32\WindowsCodecs.dll
0x00007ffe09770000 - 0x00007ffe097c6000 	C:\Windows\system32\dataexchange.dll
0x00007ffe3d9e0000 - 0x00007ffe3dc5e000 	C:\Windows\system32\d3d11.dll
0x00007ffe3ddb0000 - 0x00007ffe3df73000 	C:\Windows\system32\dcomp.dll
0x00007ffe3f090000 - 0x00007ffe3f152000 	C:\Windows\system32\dxgi.dll
0x00007ffe3e920000 - 0x00007ffe3eb2c000 	C:\Windows\system32\twinapi.appcore.dll
0x00007ffe3eb30000 - 0x00007ffe3eb58000 	C:\Windows\system32\RMCLIENT.dll
0x00007ffe2afc0000 - 0x00007ffe2b069000 	C:\Windows\WinSxS\amd64_microsoft.windows.common-controls_6595b64144ccf1df_5.82.17763.3046_none_6d03b51e59fc07aa\comctl32.dll
0x00007ffe3c6c0000 - 0x00007ffe3c869000 	C:\Windows\SYSTEM32\PROPSYS.dll
0x00007ffe06d40000 - 0x00007ffe06e67000 	C:\Windows\system32\NetworkExplorer.dll
0x00007ffe0a8a0000 - 0x00007ffe0a8e4000 	C:\Windows\OldNewExplorer\OldNewExplorer64.dll
0x00007ffe332a0000 - 0x00007ffe332da000 	C:\Windows\SYSTEM32\XmlLite.dll
0x00007ffe20550000 - 0x00007ffe2056b000 	C:\Windows\SYSTEM32\MPR.dll
0x00007ffe3cc90000 - 0x00007ffe3cc9b000 	C:\Windows\System32\drprov.dll
0x00007ffe3f3b0000 - 0x00007ffe3f408000 	C:\Windows\System32\WINSTA.dll
0x00007ffe3bbf0000 - 0x00007ffe3bc05000 	C:\Windows\System32\ntlanman.dll
0x00007ffe2eb20000 - 0x00007ffe2eb3d000 	C:\Windows\System32\davclnt.dll
0x00007ffe3cc80000 - 0x00007ffe3cc8c000 	C:\Windows\System32\DAVHLPR.dll
0x00007ffe3bff0000 - 0x00007ffe3c008000 	C:\Windows\System32\wkscli.dll
0x00007ffe404d0000 - 0x00007ffe404f6000 	C:\Windows\System32\bcrypt.dll
0x00007ffe28370000 - 0x00007ffe28382000 	C:\Windows\SYSTEM32\cscapi.dll
0x00007ffe3f950000 - 0x00007ffe3f95e000 	C:\Windows\System32\netutils.dll
0x00007ffe27c00000 - 0x00007ffe27c4c000 	C:\Windows\System32\dlnashext.dll
0x00007ffe17950000 - 0x00007ffe179b4000 	C:\Windows\System32\PlayToDevice.dll
0x00007ffe26580000 - 0x00007ffe265a0000 	C:\Windows\System32\DevDispItemProvider.dll
0x00007ffe337f0000 - 0x00007ffe33860000 	C:\Windows\System32\MMDevApi.dll
0x00007ffe400e0000 - 0x00007ffe40109000 	C:\Windows\System32\DEVOBJ.dll
0x00007ffe15fb0000 - 0x00007ffe16191000 	C:\Windows\system32\wpdshext.dll
0x00007ffe255c0000 - 0x00007ffe25764000 	C:\Windows\WinSxS\amd64_microsoft.windows.gdiplus_6595b64144ccf1df_1.1.17763.3046_none_0f5c51a3adddb0b1\gdiplus.dll
0x00007ffe3afc0000 - 0x00007ffe3b05f000 	C:\Windows\System32\PortableDeviceApi.dll
0x00007ffe435e0000 - 0x00007ffe43a5f000 	C:\Windows\System32\SETUPAPI.dll
0x00007ffe37370000 - 0x00007ffe37aaf000 	C:\Windows\System32\OneCoreUAPCommonProxyStub.dll
0x00007ffe403b0000 - 0x00007ffe4040f000 	C:\Windows\System32\WINTRUST.dll
0x00007ffe08bf0000 - 0x00007ffe08c26000 	C:\Windows\System32\EhStorShell.dll
0x00007ffe26360000 - 0x00007ffe26385000 	C:\Windows\System32\EhStorAPI.dll
0x00007ffe3c5b0000 - 0x00007ffe3c5c3000 	C:\Windows\System32\WTSAPI32.dll
0x00007ffe0fc00000 - 0x00007ffe0fc0d000 	C:\Windows\SYSTEM32\LINKINFO.dll

dbghelp: loaded successfully - version: 4.0.5 - missing functions: none
symbol engine: initialized successfully - sym options: 0x614 - pdb path: .;C:\Program Files\Java\jdk-19\bin;C:\Windows\SYSTEM32;C:\Windows\WinSxS\amd64_microsoft.windows.common-controls_6595b64144ccf1df_6.0.17763.3046_none_de715ebe534b36e3;C:\Program Files\Java\jdk-19\bin\server;C:\Windows\WinSxS\amd64_microsoft.windows.common-controls_6595b64144ccf1df_5.82.17763.3046_none_6d03b51e59fc07aa;C:\Windows\OldNewExplorer;C:\Windows\WinSxS\amd64_microsoft.windows.gdiplus_6595b64144ccf1df_1.1.17763.3046_none_0f5c51a3adddb0b1

VM Arguments:
java_command: principal.principal
java_class_path (initial): C:\Users\Danvinci Studios\Documents\NetBeansProjects\simulacion_colas\target\classes;C:\Users\Danvinci Studios\.m2\repository\unknown\binary\AbsoluteLayout\SNAPSHOT\AbsoluteLayout-SNAPSHOT.jar
Launcher Type: SUN_STANDARD

[Global flags]
     intx CICompilerCount                          = 3                                         {product} {ergonomic}
     uint ConcGCThreads                            = 1                                         {product} {ergonomic}
     uint G1ConcRefinementThreads                  = 4                                         {product} {ergonomic}
   size_t G1HeapRegionSize                         = 1048576                                   {product} {ergonomic}
    uintx GCDrainStackTargetSize                   = 64                                        {product} {ergonomic}
   size_t InitialHeapSize                          = 100663296                                 {product} {ergonomic}
   size_t MarkStackSize                            = 4194304                                   {product} {ergonomic}
   size_t MaxHeapSize                              = 1579155456                                {product} {ergonomic}
   size_t MaxNewSize                               = 946864128                                 {product} {ergonomic}
   size_t MinHeapDeltaBytes                        = 1048576                                   {product} {ergonomic}
   size_t MinHeapSize                              = 8388608                                   {product} {ergonomic}
    uintx NonNMethodCodeHeapSize                   = 5832780                                {pd product} {ergonomic}
    uintx NonProfiledCodeHeapSize                  = 122912730                              {pd product} {ergonomic}
    uintx ProfiledCodeHeapSize                     = 122912730                              {pd product} {ergonomic}
    uintx ReservedCodeCacheSize                    = 251658240                              {pd product} {ergonomic}
     bool SegmentedCodeCache                       = true                                      {product} {ergonomic}
   size_t SoftMaxHeapSize                          = 1579155456                             {manageable} {ergonomic}
     bool UseCompressedClassPointers               = true                           {product lp64_product} {ergonomic}
     bool UseCompressedOops                        = true                           {product lp64_product} {ergonomic}
     bool UseG1GC                                  = true                                      {product} {ergonomic}
     bool UseLargePagesIndividualAllocation        = false                                  {pd product} {ergonomic}

Logging:
Log output configuration:
 #0: stdout all=warning uptime,level,tags foldmultilines=false
 #1: stderr all=off uptime,level,tags foldmultilines=false

Environment Variables:
JAVA_HOME=C:\Program Files\Java\jdk-19
PATH=C:\Program Files\Common Files\Oracle\Java\javapath;C:\Program Files (x86)\Common Files\Intel\Shared Libraries\redist\intel64\compiler;C:\Windows\system32;C:\Windows;C:\Windows\System32\Wbem;C:\Windows\System32\WindowsPowerShell\v1.0\;C:\Windows\System32\OpenSSH\;C:\Program Files\nodejs\;C:\Program Files\Git\cmd;C:\xampp\php;C:\ProgramData\ComposerSetup\bin;C:\Program Files\dotnet\;C:\Users\Danvinci Studios\AppData\Local\Microsoft\WindowsApps;C:\Users\Danvinci Studios\AppData\Roaming\npm;C:\Users\Danvinci Studios\AppData\Local\Programs\Microsoft VS Code\bin;C:\Users\Danvinci Studios\AppData\Roaming\Composer\vendor\bin;C:\src\sqlite-tools-win32-x86-3390200;C:\Program Files\heroku\bin;C:\Users\Danvinci Studios\AppData\Local\gitkraken\bin
USERNAME=Danvinci Studios
OS=Windows_NT
PROCESSOR_IDENTIFIER=Intel64 Family 6 Model 78 Stepping 3, GenuineIntel
TMP=C:\Users\Danvinci Studios\AppData\Local\Temp
TEMP=C:\Users\Danvinci Studios\AppData\Local\Temp



---------------  S Y S T E M  ---------------

OS:
 Windows 10 , 64 bit Build 17763 (10.0.17763.2989)
OS uptime: 2 days 11:51 hours

CPU: total 4 (initial active 4) (2 cores per cpu, 2 threads per core) family 6 model 78 stepping 3 microcode 0xd6, cx8, cmov, fxsr, ht, mmx, 3dnowpref, sse, sse2, sse3, ssse3, sse4.1, sse4.2, popcnt, lzcnt, tsc, tscinvbit, avx, avx2, aes, erms, clmul, bmi1, bmi2, adx, fma, vzeroupper, clflush, clflushopt, rdtscp

Memory: 4k page, system-wide physical 6017M (105M free)
TotalPageFile size 10113M (AvailPageFile size 141M)
current process WorkingSet (physical memory assigned to process): 298M, peak: 300M
current process commit charge ("private bytes"): 334M, peak: 564M

vm_info: Java HotSpot(TM) 64-Bit Server VM (19.0.1+10-21) for windows-amd64 JRE (19.0.1+10-21), built on 2022-09-14T12:45:06Z by "mach5one" with MS VC++ 17.1 (VS2022)

END.
