#
# There is insufficient memory for the Java Runtime Environment to continue.
# Native memory allocation (mmap) failed to map 284164096 bytes for G1 virtual space
# Possible reasons:
#   The system is out of physical RAM or swap space
#   The process is running with CompressedOops enabled, and the Java Heap may be blocking the growth of the native heap
# Possible solutions:
#   Reduce memory load on the system
#   Increase physical memory or swap space
#   Check if swap backing store is full
#   Decrease Java heap size (-Xmx/-Xms)
#   Decrease number of Java threads
#   Decrease Java thread stack sizes (-Xss)
#   Set larger code cache with -XX:ReservedCodeCacheSize=
#   JVM is running with Unscaled Compressed Oops mode in which the Java heap is
#     placed in the first 4GB address space. The Java Heap base address is the
#     maximum limit for the native heap growth. Please use -XX:HeapBaseMinAddress
#     to set the Java Heap base and to place the Java Heap above 4GB virtual address.
# This output file may be truncated or incomplete.
#
#  Out of Memory Error (os_windows.cpp:3527), pid=11428, tid=9196
#
# JRE version: Java(TM) SE Runtime Environment (19.0.1+10) (build 19.0.1+10-21)
# Java VM: Java HotSpot(TM) 64-Bit Server VM (19.0.1+10-21, mixed mode, sharing, tiered, compressed oops, compressed class ptrs, g1 gc, windows-amd64)
# No core dump will be written. Minidumps are not enabled by default on client versions of Windows
#

---------------  S U M M A R Y ------------

Command Line: principal.principal

Host: Intel(R) Core(TM) i5-6200U CPU @ 2.30GHz, 4 cores, 5G,  Windows 10 , 64 bit Build 17763 (10.0.17763.2989)
Time: Fri Jan 13 00:19:14 2023 Hora estándar de Venezuela elapsed time: 11.427879 seconds (0d 0h 0m 11s)

---------------  T H R E A D  ---------------

Current thread (0x000002577ac8f910):  VMThread "VM Thread" [stack: 0x000000b4e0600000,0x000000b4e0700000] [id=9196]

Stack: [0x000000b4e0600000,0x000000b4e0700000]
Native frames: (J=compiled Java code, j=interpreted, Vv=VM code, C=native code)
V  [jvm.dll+0x6ee8fa]
V  [jvm.dll+0x857a1e]
V  [jvm.dll+0x85940e]
V  [jvm.dll+0x859ac3]
V  [jvm.dll+0x28291f]
V  [jvm.dll+0x6eb6e9]
V  [jvm.dll+0x6e028a]
V  [jvm.dll+0x357136]
V  [jvm.dll+0x35eb96]
V  [jvm.dll+0x3b555e]
V  [jvm.dll+0x3b578f]
V  [jvm.dll+0x32c6ea]
V  [jvm.dll+0x32c797]
V  [jvm.dll+0x374b52]
V  [jvm.dll+0x37328f]
V  [jvm.dll+0x32bf10]
V  [jvm.dll+0x372b4d]
V  [jvm.dll+0x85ef83]
V  [jvm.dll+0x85fd49]
V  [jvm.dll+0x86027d]
V  [jvm.dll+0x86070b]
V  [jvm.dll+0x8607c7]
V  [jvm.dll+0x8015fa]
V  [jvm.dll+0x6ed5eb]
C  [ucrtbase.dll+0x2268a]
C  [KERNEL32.DLL+0x17974]
C  [ntdll.dll+0x5a2f1]

VM_Operation (0x000000b4e17fd1a8): G1TryInitiateConcMark, mode: safepoint, requested by thread 0x000002577f3e3cd0


---------------  P R O C E S S  ---------------

Threads class SMR info:
_java_thread_list=0x000002577f05a990, length=20, elements={
0x000002577acad200, 0x000002577acaf000, 0x000002577acb5b60, 0x000002577acb76a0,
0x000002577acbab80, 0x000002577acbbd90, 0x000002577acc8ef0, 0x000002577accb010,
0x000002577acce130, 0x000002577f0b9fa0, 0x000002577f0c2b30, 0x000002577f3194c0,
0x000002577f3214e0, 0x000002577f3248f0, 0x000002577f3e3cd0, 0x000002575e080330,
0x00000257002ebf90, 0x000002570136c050, 0x000002570136e580, 0x00000257006a25c0
}

Java Threads: ( => current thread )
  0x000002577acad200 JavaThread "Reference Handler" daemon [_thread_blocked, id=1996, stack(0x000000b4e0800000,0x000000b4e0900000)]
  0x000002577acaf000 JavaThread "Finalizer" daemon [_thread_blocked, id=1128, stack(0x000000b4e0900000,0x000000b4e0a00000)]
  0x000002577acb5b60 JavaThread "Signal Dispatcher" daemon [_thread_blocked, id=3276, stack(0x000000b4e0a00000,0x000000b4e0b00000)]
  0x000002577acb76a0 JavaThread "Attach Listener" daemon [_thread_blocked, id=5160, stack(0x000000b4e0b00000,0x000000b4e0c00000)]
  0x000002577acbab80 JavaThread "Service Thread" daemon [_thread_blocked, id=8584, stack(0x000000b4e0c00000,0x000000b4e0d00000)]
  0x000002577acbbd90 JavaThread "Monitor Deflation Thread" daemon [_thread_blocked, id=32, stack(0x000000b4e0d00000,0x000000b4e0e00000)]
  0x000002577acc8ef0 JavaThread "C2 CompilerThread0" daemon [_thread_in_native, id=9728, stack(0x000000b4e0e00000,0x000000b4e0f00000)]
  0x000002577accb010 JavaThread "C1 CompilerThread0" daemon [_thread_blocked, id=11352, stack(0x000000b4e0f00000,0x000000b4e1000000)]
  0x000002577acce130 JavaThread "Sweeper thread" daemon [_thread_blocked, id=4592, stack(0x000000b4e1000000,0x000000b4e1100000)]
  0x000002577f0b9fa0 JavaThread "Notification Thread" daemon [_thread_blocked, id=3288, stack(0x000000b4e1100000,0x000000b4e1200000)]
  0x000002577f0c2b30 JavaThread "Common-Cleaner" daemon [_thread_blocked, id=8152, stack(0x000000b4e1300000,0x000000b4e1400000)]
  0x000002577f3194c0 JavaThread "Java2D Disposer" daemon [_thread_blocked, id=1668, stack(0x000000b4e1400000,0x000000b4e1500000)]
  0x000002577f3214e0 JavaThread "AWT-Shutdown" [_thread_blocked, id=7032, stack(0x000000b4e1500000,0x000000b4e1600000)]
  0x000002577f3248f0 JavaThread "AWT-Windows" daemon [_thread_in_native, id=12636, stack(0x000000b4e1600000,0x000000b4e1700000)]
  0x000002577f3e3cd0 JavaThread "AWT-EventQueue-0" [_thread_blocked, id=8, stack(0x000000b4e1700000,0x000000b4e1800000)]
  0x000002575e080330 JavaThread "DestroyJavaVM" [_thread_blocked, id=11944, stack(0x000000b4e0000000,0x000000b4e0100000)]
  0x00000257002ebf90 JavaThread "Image Fetcher 0" daemon [_thread_blocked, id=12436, stack(0x000000b4e1b00000,0x000000b4e1c00000)]
  0x000002570136c050 JavaThread "Swing-Shell" daemon [_thread_blocked, id=9452, stack(0x000000b4e1c00000,0x000000b4e1d00000)]
  0x000002570136e580 JavaThread "TimerQueue" daemon [_thread_blocked, id=3748, stack(0x000000b4e2300000,0x000000b4e2400000)]
  0x00000257006a25c0 JavaThread "C2 CompilerThread1" daemon [_thread_in_native, id=3300, stack(0x000000b4e2400000,0x000000b4e2500000)]

Other Threads:
=>0x000002577ac8f910 VMThread "VM Thread" [stack: 0x000000b4e0600000,0x000000b4e0700000] [id=9196]
  0x000002577f0bc6b0 WatcherThread "VM Periodic Task Thread" [stack: 0x000000b4e1200000,0x000000b4e1300000] [id=1072]
  0x000002575e0d0530 WorkerThread "GC Thread#0" [stack: 0x000000b4e0100000,0x000000b4e0200000] [id=7076]
  0x000002577ac909f0 WorkerThread "GC Thread#1" [stack: 0x000000b4e1d00000,0x000000b4e1e00000] [id=6596]
  0x00000257013844a0 WorkerThread "GC Thread#2" [stack: 0x000000b4e1e00000,0x000000b4e1f00000] [id=5156]
  0x00000257013860c0 WorkerThread "GC Thread#3" [stack: 0x000000b4e1f00000,0x000000b4e2000000] [id=12480]
  0x000002575e0dd180 ConcurrentGCThread "G1 Main Marker" [stack: 0x000000b4e0200000,0x000000b4e0300000] [id=12988]
  0x000002575e0de820 WorkerThread "G1 Conc#0" [stack: 0x000000b4e0300000,0x000000b4e0400000] [id=6832]
  0x000002575e138630 ConcurrentGCThread "G1 Refine#0" [stack: 0x000000b4e0400000,0x000000b4e0500000] [id=8196]
  0x000002577ab51200 ConcurrentGCThread "G1 Service" [stack: 0x000000b4e0500000,0x000000b4e0600000] [id=13180]

Threads with active compile tasks:
C2 CompilerThread0    11444 2203       4       vistas.Estadisticas::llegada (190 bytes)
C2 CompilerThread1    11444 2218 %     4       vistas.Estadisticas::correr_simulacion @ 30 (316 bytes)

VM state: at safepoint (normal execution)

VM Mutex/Monitor currently owned by a thread:  ([mutex/lock_event])
[0x000002575e07b8c0] Threads_lock - owner thread: 0x000002577ac8f910
[0x000002575e07b950] Heap_lock - owner thread: 0x000002577f3e3cd0

Heap address: 0x00000000a1e00000, size: 1506 MB, Compressed Oops mode: 32-bit

CDS archive(s) mapped at: [0x0000000800000000-0x0000000800c40000-0x0000000800c40000), size 12845056, SharedBaseAddress: 0x0000000800000000, ArchiveRelocationMode: 0.
Compressed class space mapped at: 0x0000000801000000-0x0000000841000000, reserved size: 1073741824
Narrow klass base: 0x0000000800000000, Narrow klass shift: 0, Narrow klass range: 0x100000000

GC Precious Log:
 CardTable entry size: 512
 Card Set container configuration: InlinePtr #cards 5 size 8 Array Of Cards #cards 12 size 40 Howl #buckets 4 coarsen threshold 1843 Howl Bitmap #cards 512 size 80 coarsen threshold 460 Card regions per heap region 1 cards per card region 2048
 CPUs: 4 total, 4 available
 Memory: 6017M
 Large Page Support: Disabled
 NUMA Support: Disabled
 Compressed Oops: Enabled (32-bit)
 Heap Region Size: 1M
 Heap Min Capacity: 8M
 Heap Initial Capacity: 96M
 Heap Max Capacity: 1506M
 Pre-touch: Disabled
 Parallel Workers: 4
 Concurrent Workers: 1
 Concurrent Refinement Workers: 4
 Periodic GC: Disabled

Heap:
 garbage-first heap   total 211968K, used 114688K [0x00000000a1e00000, 0x0000000100000000)
  region size 1024K, 8 young (8192K), 8 survivors (8192K)
 Metaspace       used 12567K, committed 12800K, reserved 1114112K
  class space    used 1432K, committed 1536K, reserved 1048576K

Heap Regions: E=young(eden), S=young(survivor), O=old, HS=humongous(starts), HC=humongous(continues), CS=collection set, F=free, OA=open archive, CA=closed archive, TAMS=top-at-mark-start (previous, next)
|   0|0x00000000a1e00000, 0x00000000a1f00000, 0x00000000a1f00000|100%| O|  |TAMS 0x00000000a1e00000, 0x00000000a1f00000| Untracked 
|   1|0x00000000a1f00000, 0x00000000a2000000, 0x00000000a2000000|100%| O|  |TAMS 0x00000000a1f00000, 0x00000000a2000000| Untracked 
|   2|0x00000000a2000000, 0x00000000a2100000, 0x00000000a2100000|100%| O|  |TAMS 0x00000000a2000000, 0x00000000a2100000| Untracked 
|   3|0x00000000a2100000, 0x00000000a2200000, 0x00000000a2200000|100%|HS|  |TAMS 0x00000000a2100000, 0x00000000a2200000| Complete 
|   4|0x00000000a2200000, 0x00000000a2300000, 0x00000000a2300000|100%|HC|  |TAMS 0x00000000a2200000, 0x00000000a2300000| Complete 
|   5|0x00000000a2300000, 0x00000000a2400000, 0x00000000a2400000|100%|HC|  |TAMS 0x00000000a2300000, 0x00000000a2400000| Complete 
|   6|0x00000000a2400000, 0x00000000a2500000, 0x00000000a2500000|100%|HC|  |TAMS 0x00000000a2400000, 0x00000000a2500000| Complete 
|   7|0x00000000a2500000, 0x00000000a2600000, 0x00000000a2600000|100%| O|  |TAMS 0x00000000a2500000, 0x00000000a2600000| Untracked 
|   8|0x00000000a2600000, 0x00000000a2700000, 0x00000000a2700000|100%| O|  |TAMS 0x00000000a2600000, 0x00000000a2700000| Untracked 
|   9|0x00000000a2700000, 0x00000000a2800000, 0x00000000a2800000|100%| O|  |TAMS 0x00000000a2700000, 0x00000000a2800000| Untracked 
|  10|0x00000000a2800000, 0x00000000a2900000, 0x00000000a2900000|100%| O|  |TAMS 0x00000000a2800000, 0x00000000a2900000| Untracked 
|  11|0x00000000a2900000, 0x00000000a2a00000, 0x00000000a2a00000|100%| O|  |TAMS 0x00000000a2900000, 0x00000000a2a00000| Untracked 
|  12|0x00000000a2a00000, 0x00000000a2b00000, 0x00000000a2b00000|100%| O|  |TAMS 0x00000000a2a00000, 0x00000000a2b00000| Untracked 
|  13|0x00000000a2b00000, 0x00000000a2c00000, 0x00000000a2c00000|100%| O|  |TAMS 0x00000000a2b00000, 0x00000000a2c00000| Untracked 
|  14|0x00000000a2c00000, 0x00000000a2d00000, 0x00000000a2d00000|100%| O|  |TAMS 0x00000000a2c00000, 0x00000000a2d00000| Untracked 
|  15|0x00000000a2d00000, 0x00000000a2e00000, 0x00000000a2e00000|100%| O|  |TAMS 0x00000000a2d00000, 0x00000000a2e00000| Untracked 
|  16|0x00000000a2e00000, 0x00000000a2f00000, 0x00000000a2f00000|100%| O|  |TAMS 0x00000000a2e00000, 0x00000000a2f00000| Untracked 
|  17|0x00000000a2f00000, 0x00000000a3000000, 0x00000000a3000000|100%| O|  |TAMS 0x00000000a2f00000, 0x00000000a3000000| Untracked 
|  18|0x00000000a3000000, 0x00000000a3100000, 0x00000000a3100000|100%| O|  |TAMS 0x00000000a3000000, 0x00000000a3100000| Untracked 
|  19|0x00000000a3100000, 0x00000000a3200000, 0x00000000a3200000|100%| O|  |TAMS 0x00000000a3100000, 0x00000000a3200000| Untracked 
|  20|0x00000000a3200000, 0x00000000a3300000, 0x00000000a3300000|100%| O|  |TAMS 0x00000000a3200000, 0x00000000a3300000| Untracked 
|  21|0x00000000a3300000, 0x00000000a3400000, 0x00000000a3400000|100%| O|  |TAMS 0x00000000a3300000, 0x00000000a3400000| Untracked 
|  22|0x00000000a3400000, 0x00000000a3500000, 0x00000000a3500000|100%| O|  |TAMS 0x00000000a3400000, 0x00000000a3500000| Untracked 
|  23|0x00000000a3500000, 0x00000000a3600000, 0x00000000a3600000|100%| O|  |TAMS 0x00000000a3500000, 0x00000000a3600000| Untracked 
|  24|0x00000000a3600000, 0x00000000a3700000, 0x00000000a3700000|100%| O|  |TAMS 0x00000000a3600000, 0x00000000a3700000| Untracked 
|  25|0x00000000a3700000, 0x00000000a3800000, 0x00000000a3800000|100%| O|  |TAMS 0x00000000a3700000, 0x00000000a3800000| Untracked 
|  26|0x00000000a3800000, 0x00000000a3900000, 0x00000000a3900000|100%| O|  |TAMS 0x00000000a3800000, 0x00000000a3900000| Untracked 
|  27|0x00000000a3900000, 0x00000000a3a00000, 0x00000000a3a00000|100%| O|  |TAMS 0x00000000a3900000, 0x00000000a3a00000| Untracked 
|  28|0x00000000a3a00000, 0x00000000a3b00000, 0x00000000a3b00000|100%| O|  |TAMS 0x00000000a3a00000, 0x00000000a3b00000| Untracked 
|  29|0x00000000a3b00000, 0x00000000a3c00000, 0x00000000a3c00000|100%| O|  |TAMS 0x00000000a3b00000, 0x00000000a3c00000| Untracked 
|  30|0x00000000a3c00000, 0x00000000a3d00000, 0x00000000a3d00000|100%| O|  |TAMS 0x00000000a3c00000, 0x00000000a3d00000| Untracked 
|  31|0x00000000a3d00000, 0x00000000a3e00000, 0x00000000a3e00000|100%| O|  |TAMS 0x00000000a3d00000, 0x00000000a3e00000| Untracked 
|  32|0x00000000a3e00000, 0x00000000a3f00000, 0x00000000a3f00000|100%| O|  |TAMS 0x00000000a3e00000, 0x00000000a3f00000| Untracked 
|  33|0x00000000a3f00000, 0x00000000a4000000, 0x00000000a4000000|100%| O|  |TAMS 0x00000000a3f00000, 0x00000000a4000000| Untracked 
|  34|0x00000000a4000000, 0x00000000a4100000, 0x00000000a4100000|100%| O|  |TAMS 0x00000000a4000000, 0x00000000a4100000| Untracked 
|  35|0x00000000a4100000, 0x00000000a4200000, 0x00000000a4200000|100%| O|  |TAMS 0x00000000a4100000, 0x00000000a4200000| Untracked 
|  36|0x00000000a4200000, 0x00000000a4300000, 0x00000000a4300000|100%| O|  |TAMS 0x00000000a4200000, 0x00000000a4300000| Untracked 
|  37|0x00000000a4300000, 0x00000000a4400000, 0x00000000a4400000|100%| O|  |TAMS 0x00000000a4300000, 0x00000000a4400000| Untracked 
|  38|0x00000000a4400000, 0x00000000a4500000, 0x00000000a4500000|100%| O|  |TAMS 0x00000000a4400000, 0x00000000a4500000| Untracked 
|  39|0x00000000a4500000, 0x00000000a4600000, 0x00000000a4600000|100%| O|  |TAMS 0x00000000a4500000, 0x00000000a4600000| Untracked 
|  40|0x00000000a4600000, 0x00000000a4700000, 0x00000000a4700000|100%| O|  |TAMS 0x00000000a4600000, 0x00000000a4700000| Untracked 
|  41|0x00000000a4700000, 0x00000000a4800000, 0x00000000a4800000|100%| O|  |TAMS 0x00000000a4700000, 0x00000000a4800000| Untracked 
|  42|0x00000000a4800000, 0x00000000a4900000, 0x00000000a4900000|100%| O|  |TAMS 0x00000000a4800000, 0x00000000a4900000| Untracked 
|  43|0x00000000a4900000, 0x00000000a4a00000, 0x00000000a4a00000|100%| O|  |TAMS 0x00000000a4900000, 0x00000000a4a00000| Untracked 
|  44|0x00000000a4a00000, 0x00000000a4b00000, 0x00000000a4b00000|100%| O|  |TAMS 0x00000000a4a00000, 0x00000000a4b00000| Untracked 
|  45|0x00000000a4b00000, 0x00000000a4c00000, 0x00000000a4c00000|100%|HS|  |TAMS 0x00000000a4b00000, 0x00000000a4c00000| Complete 
|  46|0x00000000a4c00000, 0x00000000a4d00000, 0x00000000a4d00000|100%| O|  |TAMS 0x00000000a4c00000, 0x00000000a4d00000| Untracked 
|  47|0x00000000a4d00000, 0x00000000a4e00000, 0x00000000a4e00000|100%| O|  |TAMS 0x00000000a4d00000, 0x00000000a4e00000| Untracked 
|  48|0x00000000a4e00000, 0x00000000a4f00000, 0x00000000a4f00000|100%| O|  |TAMS 0x00000000a4e00000, 0x00000000a4f00000| Untracked 
|  49|0x00000000a4f00000, 0x00000000a5000000, 0x00000000a5000000|100%| O|  |TAMS 0x00000000a4f00000, 0x00000000a5000000| Untracked 
|  50|0x00000000a5000000, 0x00000000a5100000, 0x00000000a5100000|100%| O|  |TAMS 0x00000000a5000000, 0x00000000a5100000| Untracked 
|  51|0x00000000a5100000, 0x00000000a5200000, 0x00000000a5200000|100%| O|  |TAMS 0x00000000a5100000, 0x00000000a5200000| Untracked 
|  52|0x00000000a5200000, 0x00000000a5300000, 0x00000000a5300000|100%| O|  |TAMS 0x00000000a5200000, 0x00000000a5300000| Untracked 
|  53|0x00000000a5300000, 0x00000000a5400000, 0x00000000a5400000|100%| O|  |TAMS 0x00000000a5300000, 0x00000000a5400000| Untracked 
|  54|0x00000000a5400000, 0x00000000a5500000, 0x00000000a5500000|100%| O|  |TAMS 0x00000000a5400000, 0x00000000a5500000| Untracked 
|  55|0x00000000a5500000, 0x00000000a5600000, 0x00000000a5600000|100%| O|  |TAMS 0x00000000a5500000, 0x00000000a5600000| Untracked 
|  56|0x00000000a5600000, 0x00000000a5700000, 0x00000000a5700000|100%| O|  |TAMS 0x00000000a5600000, 0x00000000a5700000| Untracked 
|  57|0x00000000a5700000, 0x00000000a5800000, 0x00000000a5800000|100%| O|  |TAMS 0x00000000a5700000, 0x00000000a5800000| Untracked 
|  58|0x00000000a5800000, 0x00000000a5900000, 0x00000000a5900000|100%| O|  |TAMS 0x00000000a5800000, 0x00000000a5900000| Untracked 
|  59|0x00000000a5900000, 0x00000000a5a00000, 0x00000000a5a00000|100%| O|  |TAMS 0x00000000a5900000, 0x00000000a5a00000| Untracked 
|  60|0x00000000a5a00000, 0x00000000a5b00000, 0x00000000a5b00000|100%| O|  |TAMS 0x00000000a5a00000, 0x00000000a5b00000| Untracked 
|  61|0x00000000a5b00000, 0x00000000a5c00000, 0x00000000a5c00000|100%| O|  |TAMS 0x00000000a5b00000, 0x00000000a5c00000| Untracked 
|  62|0x00000000a5c00000, 0x00000000a5d00000, 0x00000000a5d00000|100%| O|  |TAMS 0x00000000a5c00000, 0x00000000a5d00000| Untracked 
|  63|0x00000000a5d00000, 0x00000000a5e00000, 0x00000000a5e00000|100%| O|  |TAMS 0x00000000a5d00000, 0x00000000a5e00000| Untracked 
|  64|0x00000000a5e00000, 0x00000000a5f00000, 0x00000000a5f00000|100%| O|  |TAMS 0x00000000a5e00000, 0x00000000a5f00000| Untracked 
|  65|0x00000000a5f00000, 0x00000000a6000000, 0x00000000a6000000|100%| O|  |TAMS 0x00000000a5f00000, 0x00000000a6000000| Untracked 
|  66|0x00000000a6000000, 0x00000000a6100000, 0x00000000a6100000|100%| O|  |TAMS 0x00000000a6000000, 0x00000000a6100000| Untracked 
|  67|0x00000000a6100000, 0x00000000a6200000, 0x00000000a6200000|100%| O|  |TAMS 0x00000000a6100000, 0x00000000a6200000| Untracked 
|  68|0x00000000a6200000, 0x00000000a6300000, 0x00000000a6300000|100%| O|  |TAMS 0x00000000a6200000, 0x00000000a6300000| Untracked 
|  69|0x00000000a6300000, 0x00000000a6400000, 0x00000000a6400000|100%| O|  |TAMS 0x00000000a6300000, 0x00000000a6400000| Untracked 
|  70|0x00000000a6400000, 0x00000000a6500000, 0x00000000a6500000|100%| O|  |TAMS 0x00000000a6400000, 0x00000000a6500000| Untracked 
|  71|0x00000000a6500000, 0x00000000a6600000, 0x00000000a6600000|100%| O|  |TAMS 0x00000000a6500000, 0x00000000a6600000| Untracked 
|  72|0x00000000a6600000, 0x00000000a6700000, 0x00000000a6700000|100%| O|  |TAMS 0x00000000a6600000, 0x00000000a6700000| Untracked 
|  73|0x00000000a6700000, 0x00000000a6800000, 0x00000000a6800000|100%| O|  |TAMS 0x00000000a6700000, 0x00000000a6800000| Untracked 
|  74|0x00000000a6800000, 0x00000000a6900000, 0x00000000a6900000|100%| O|  |TAMS 0x00000000a6800000, 0x00000000a6900000| Untracked 
|  75|0x00000000a6900000, 0x00000000a6a00000, 0x00000000a6a00000|100%| O|  |TAMS 0x00000000a6900000, 0x00000000a6a00000| Untracked 
|  76|0x00000000a6a00000, 0x00000000a6b00000, 0x00000000a6b00000|100%| O|  |TAMS 0x00000000a6a00000, 0x00000000a6b00000| Untracked 
|  77|0x00000000a6b00000, 0x00000000a6c00000, 0x00000000a6c00000|100%| O|  |TAMS 0x00000000a6b00000, 0x00000000a6c00000| Untracked 
|  78|0x00000000a6c00000, 0x00000000a6d00000, 0x00000000a6d00000|100%| O|  |TAMS 0x00000000a6c00000, 0x00000000a6d00000| Untracked 
|  79|0x00000000a6d00000, 0x00000000a6e00000, 0x00000000a6e00000|100%| O|  |TAMS 0x00000000a6d00000, 0x00000000a6e00000| Untracked 
|  80|0x00000000a6e00000, 0x00000000a6f00000, 0x00000000a6f00000|100%| O|  |TAMS 0x00000000a6e00000, 0x00000000a6f00000| Untracked 
|  81|0x00000000a6f00000, 0x00000000a7000000, 0x00000000a7000000|100%| O|  |TAMS 0x00000000a6f00000, 0x00000000a7000000| Untracked 
|  82|0x00000000a7000000, 0x00000000a7100000, 0x00000000a7100000|100%| O|  |TAMS 0x00000000a7000000, 0x00000000a7100000| Untracked 
|  83|0x00000000a7100000, 0x00000000a7200000, 0x00000000a7200000|100%| O|  |TAMS 0x00000000a7100000, 0x00000000a7200000| Untracked 
|  84|0x00000000a7200000, 0x00000000a7300000, 0x00000000a7300000|100%| O|  |TAMS 0x00000000a7200000, 0x00000000a7300000| Untracked 
|  85|0x00000000a7300000, 0x00000000a7400000, 0x00000000a7400000|100%| O|  |TAMS 0x00000000a7300000, 0x00000000a7400000| Untracked 
|  86|0x00000000a7400000, 0x00000000a7500000, 0x00000000a7500000|100%| O|  |TAMS 0x00000000a7400000, 0x00000000a7500000| Untracked 
|  87|0x00000000a7500000, 0x00000000a7600000, 0x00000000a7600000|100%| O|  |TAMS 0x00000000a7500000, 0x00000000a7600000| Untracked 
|  88|0x00000000a7600000, 0x00000000a7700000, 0x00000000a7700000|100%| O|  |TAMS 0x00000000a7600000, 0x00000000a7700000| Untracked 
|  89|0x00000000a7700000, 0x00000000a7800000, 0x00000000a7800000|100%| O|  |TAMS 0x00000000a7700000, 0x00000000a7800000| Untracked 
|  90|0x00000000a7800000, 0x00000000a7900000, 0x00000000a7900000|100%| O|  |TAMS 0x00000000a7800000, 0x00000000a7900000| Untracked 
|  91|0x00000000a7900000, 0x00000000a7a00000, 0x00000000a7a00000|100%| O|  |TAMS 0x00000000a7900000, 0x00000000a7a00000| Untracked 
|  92|0x00000000a7a00000, 0x00000000a7b00000, 0x00000000a7b00000|100%| O|  |TAMS 0x00000000a7a00000, 0x00000000a7a00000| Untracked 
|  93|0x00000000a7b00000, 0x00000000a7c00000, 0x00000000a7c00000|100%| O|  |TAMS 0x00000000a7b00000, 0x00000000a7b00000| Untracked 
|  94|0x00000000a7c00000, 0x00000000a7d00000, 0x00000000a7d00000|100%| O|  |TAMS 0x00000000a7c00000, 0x00000000a7c00000| Untracked 
|  95|0x00000000a7d00000, 0x00000000a7e00000, 0x00000000a7e00000|100%| O|  |TAMS 0x00000000a7d00000, 0x00000000a7d00000| Untracked 
|  96|0x00000000a7e00000, 0x00000000a7f00000, 0x00000000a7f00000|100%| O|  |TAMS 0x00000000a7e00000, 0x00000000a7e00000| Untracked 
|  97|0x00000000a7f00000, 0x00000000a8000000, 0x00000000a8000000|100%| O|  |TAMS 0x00000000a7f00000, 0x00000000a7f00000| Untracked 
|  98|0x00000000a8000000, 0x00000000a8100000, 0x00000000a8100000|100%| O|  |TAMS 0x00000000a8000000, 0x00000000a8000000| Untracked 
|  99|0x00000000a8100000, 0x00000000a8200000, 0x00000000a8200000|100%| O|  |TAMS 0x00000000a8100000, 0x00000000a8100000| Untracked 
| 100|0x00000000a8200000, 0x00000000a8300000, 0x00000000a8300000|100%| O|  |TAMS 0x00000000a8200000, 0x00000000a8200000| Untracked 
| 101|0x00000000a8300000, 0x00000000a8400000, 0x00000000a8400000|100%| O|  |TAMS 0x00000000a8300000, 0x00000000a8300000| Untracked 
| 102|0x00000000a8400000, 0x00000000a8500000, 0x00000000a8500000|100%| O|  |TAMS 0x00000000a8400000, 0x00000000a8400000| Untracked 
| 103|0x00000000a8500000, 0x00000000a8600000, 0x00000000a8600000|100%| O|  |TAMS 0x00000000a8500000, 0x00000000a8500000| Untracked 
| 104|0x00000000a8600000, 0x00000000a8600000, 0x00000000a8700000|  0%| F|  |TAMS 0x00000000a8600000, 0x00000000a8600000| Untracked 
| 105|0x00000000a8700000, 0x00000000a8700000, 0x00000000a8800000|  0%| F|  |TAMS 0x00000000a8700000, 0x00000000a8700000| Untracked 
| 106|0x00000000a8800000, 0x00000000a8800000, 0x00000000a8900000|  0%| F|  |TAMS 0x00000000a8800000, 0x00000000a8800000| Untracked 
| 107|0x00000000a8900000, 0x00000000a8900000, 0x00000000a8a00000|  0%| F|  |TAMS 0x00000000a8900000, 0x00000000a8900000| Untracked 
| 108|0x00000000a8a00000, 0x00000000a8a00000, 0x00000000a8b00000|  0%| F|  |TAMS 0x00000000a8a00000, 0x00000000a8a00000| Untracked 
| 109|0x00000000a8b00000, 0x00000000a8b00000, 0x00000000a8c00000|  0%| F|  |TAMS 0x00000000a8b00000, 0x00000000a8b00000| Untracked 
| 110|0x00000000a8c00000, 0x00000000a8c00000, 0x00000000a8d00000|  0%| F|  |TAMS 0x00000000a8c00000, 0x00000000a8c00000| Untracked 
| 111|0x00000000a8d00000, 0x00000000a8d00000, 0x00000000a8e00000|  0%| F|  |TAMS 0x00000000a8d00000, 0x00000000a8d00000| Untracked 
| 112|0x00000000a8e00000, 0x00000000a8e00000, 0x00000000a8f00000|  0%| F|  |TAMS 0x00000000a8e00000, 0x00000000a8e00000| Untracked 
| 113|0x00000000a8f00000, 0x00000000a8f00000, 0x00000000a9000000|  0%| F|  |TAMS 0x00000000a8f00000, 0x00000000a8f00000| Untracked 
| 114|0x00000000a9000000, 0x00000000a9000000, 0x00000000a9100000|  0%| F|  |TAMS 0x00000000a9000000, 0x00000000a9000000| Untracked 
| 115|0x00000000a9100000, 0x00000000a9100000, 0x00000000a9200000|  0%| F|  |TAMS 0x00000000a9100000, 0x00000000a9100000| Untracked 
| 116|0x00000000a9200000, 0x00000000a9200000, 0x00000000a9300000|  0%| F|  |TAMS 0x00000000a9200000, 0x00000000a9200000| Untracked 
| 117|0x00000000a9300000, 0x00000000a9300000, 0x00000000a9400000|  0%| F|  |TAMS 0x00000000a9300000, 0x00000000a9300000| Untracked 
| 118|0x00000000a9400000, 0x00000000a9400000, 0x00000000a9500000|  0%| F|  |TAMS 0x00000000a9400000, 0x00000000a9400000| Untracked 
| 119|0x00000000a9500000, 0x00000000a9500000, 0x00000000a9600000|  0%| F|  |TAMS 0x00000000a9500000, 0x00000000a9500000| Untracked 
| 120|0x00000000a9600000, 0x00000000a9600000, 0x00000000a9700000|  0%| F|  |TAMS 0x00000000a9600000, 0x00000000a9600000| Untracked 
| 121|0x00000000a9700000, 0x00000000a9700000, 0x00000000a9800000|  0%| F|  |TAMS 0x00000000a9700000, 0x00000000a9700000| Untracked 
| 122|0x00000000a9800000, 0x00000000a9800000, 0x00000000a9900000|  0%| F|  |TAMS 0x00000000a9800000, 0x00000000a9800000| Untracked 
| 123|0x00000000a9900000, 0x00000000a9900000, 0x00000000a9a00000|  0%| F|  |TAMS 0x00000000a9900000, 0x00000000a9900000| Untracked 
| 124|0x00000000a9a00000, 0x00000000a9a00000, 0x00000000a9b00000|  0%| F|  |TAMS 0x00000000a9a00000, 0x00000000a9a00000| Untracked 
| 125|0x00000000a9b00000, 0x00000000a9b00000, 0x00000000a9c00000|  0%| F|  |TAMS 0x00000000a9b00000, 0x00000000a9b00000| Untracked 
| 126|0x00000000a9c00000, 0x00000000a9c00000, 0x00000000a9d00000|  0%| F|  |TAMS 0x00000000a9c00000, 0x00000000a9c00000| Untracked 
| 127|0x00000000a9d00000, 0x00000000a9d00000, 0x00000000a9e00000|  0%| F|  |TAMS 0x00000000a9d00000, 0x00000000a9d00000| Untracked 
| 128|0x00000000a9e00000, 0x00000000a9e00000, 0x00000000a9f00000|  0%| F|  |TAMS 0x00000000a9e00000, 0x00000000a9e00000| Untracked 
| 129|0x00000000a9f00000, 0x00000000a9f00000, 0x00000000aa000000|  0%| F|  |TAMS 0x00000000a9f00000, 0x00000000a9f00000| Untracked 
| 130|0x00000000aa000000, 0x00000000aa000000, 0x00000000aa100000|  0%| F|  |TAMS 0x00000000aa000000, 0x00000000aa000000| Untracked 
| 131|0x00000000aa100000, 0x00000000aa100000, 0x00000000aa200000|  0%| F|  |TAMS 0x00000000aa100000, 0x00000000aa100000| Untracked 
| 132|0x00000000aa200000, 0x00000000aa200000, 0x00000000aa300000|  0%| F|  |TAMS 0x00000000aa200000, 0x00000000aa200000| Untracked 
| 133|0x00000000aa300000, 0x00000000aa300000, 0x00000000aa400000|  0%| F|  |TAMS 0x00000000aa300000, 0x00000000aa300000| Untracked 
| 134|0x00000000aa400000, 0x00000000aa400000, 0x00000000aa500000|  0%| F|  |TAMS 0x00000000aa400000, 0x00000000aa400000| Untracked 
| 135|0x00000000aa500000, 0x00000000aa500000, 0x00000000aa600000|  0%| F|  |TAMS 0x00000000aa500000, 0x00000000aa500000| Untracked 
| 136|0x00000000aa600000, 0x00000000aa600000, 0x00000000aa700000|  0%| F|  |TAMS 0x00000000aa600000, 0x00000000aa600000| Untracked 
| 137|0x00000000aa700000, 0x00000000aa700000, 0x00000000aa800000|  0%| F|  |TAMS 0x00000000aa700000, 0x00000000aa700000| Untracked 
| 138|0x00000000aa800000, 0x00000000aa800000, 0x00000000aa900000|  0%| F|  |TAMS 0x00000000aa800000, 0x00000000aa800000| Untracked 
| 139|0x00000000aa900000, 0x00000000aa900000, 0x00000000aaa00000|  0%| F|  |TAMS 0x00000000aa900000, 0x00000000aa900000| Untracked 
| 140|0x00000000aaa00000, 0x00000000aaa00000, 0x00000000aab00000|  0%| F|  |TAMS 0x00000000aaa00000, 0x00000000aaa00000| Untracked 
| 141|0x00000000aab00000, 0x00000000aab00000, 0x00000000aac00000|  0%| F|  |TAMS 0x00000000aab00000, 0x00000000aab00000| Untracked 
| 142|0x00000000aac00000, 0x00000000aac00000, 0x00000000aad00000|  0%| F|  |TAMS 0x00000000aac00000, 0x00000000aac00000| Untracked 
| 143|0x00000000aad00000, 0x00000000aad00000, 0x00000000aae00000|  0%| F|  |TAMS 0x00000000aad00000, 0x00000000aad00000| Untracked 
| 144|0x00000000aae00000, 0x00000000aae00000, 0x00000000aaf00000|  0%| F|  |TAMS 0x00000000aae00000, 0x00000000aae00000| Untracked 
| 145|0x00000000aaf00000, 0x00000000aaf00000, 0x00000000ab000000|  0%| F|  |TAMS 0x00000000aaf00000, 0x00000000aaf00000| Untracked 
| 146|0x00000000ab000000, 0x00000000ab000000, 0x00000000ab100000|  0%| F|  |TAMS 0x00000000ab000000, 0x00000000ab000000| Untracked 
| 147|0x00000000ab100000, 0x00000000ab100000, 0x00000000ab200000|  0%| F|  |TAMS 0x00000000ab100000, 0x00000000ab100000| Untracked 
| 148|0x00000000ab200000, 0x00000000ab200000, 0x00000000ab300000|  0%| F|  |TAMS 0x00000000ab200000, 0x00000000ab200000| Untracked 
| 149|0x00000000ab300000, 0x00000000ab300000, 0x00000000ab400000|  0%| F|  |TAMS 0x00000000ab300000, 0x00000000ab300000| Untracked 
| 150|0x00000000ab400000, 0x00000000ab400000, 0x00000000ab500000|  0%| F|  |TAMS 0x00000000ab400000, 0x00000000ab400000| Untracked 
| 151|0x00000000ab500000, 0x00000000ab500000, 0x00000000ab600000|  0%| F|  |TAMS 0x00000000ab500000, 0x00000000ab500000| Untracked 
| 152|0x00000000ab600000, 0x00000000ab600000, 0x00000000ab700000|  0%| F|  |TAMS 0x00000000ab600000, 0x00000000ab600000| Untracked 
| 153|0x00000000ab700000, 0x00000000ab700000, 0x00000000ab800000|  0%| F|  |TAMS 0x00000000ab700000, 0x00000000ab700000| Untracked 
| 154|0x00000000ab800000, 0x00000000ab800000, 0x00000000ab900000|  0%| F|  |TAMS 0x00000000ab800000, 0x00000000ab800000| Untracked 
| 155|0x00000000ab900000, 0x00000000ab900000, 0x00000000aba00000|  0%| F|  |TAMS 0x00000000ab900000, 0x00000000ab900000| Untracked 
| 156|0x00000000aba00000, 0x00000000aba00000, 0x00000000abb00000|  0%| F|  |TAMS 0x00000000aba00000, 0x00000000aba00000| Untracked 
| 157|0x00000000abb00000, 0x00000000abb00000, 0x00000000abc00000|  0%| F|  |TAMS 0x00000000abb00000, 0x00000000abb00000| Untracked 
| 158|0x00000000abc00000, 0x00000000abc00000, 0x00000000abd00000|  0%| F|  |TAMS 0x00000000abc00000, 0x00000000abc00000| Untracked 
| 159|0x00000000abd00000, 0x00000000abd00000, 0x00000000abe00000|  0%| F|  |TAMS 0x00000000abd00000, 0x00000000abd00000| Untracked 
| 160|0x00000000abe00000, 0x00000000abf00000, 0x00000000abf00000|100%| S|CS|TAMS 0x00000000abe00000, 0x00000000abe00000| Complete 
| 161|0x00000000abf00000, 0x00000000ac000000, 0x00000000ac000000|100%| S|CS|TAMS 0x00000000abf00000, 0x00000000abf00000| Complete 
| 162|0x00000000ac000000, 0x00000000ac100000, 0x00000000ac100000|100%| S|CS|TAMS 0x00000000ac000000, 0x00000000ac000000| Complete 
| 163|0x00000000ac100000, 0x00000000ac200000, 0x00000000ac200000|100%| S|CS|TAMS 0x00000000ac100000, 0x00000000ac100000| Complete 
| 164|0x00000000ac200000, 0x00000000ac300000, 0x00000000ac300000|100%| S|CS|TAMS 0x00000000ac200000, 0x00000000ac200000| Complete 
| 165|0x00000000ac300000, 0x00000000ac400000, 0x00000000ac400000|100%| S|CS|TAMS 0x00000000ac300000, 0x00000000ac300000| Complete 
| 166|0x00000000ac400000, 0x00000000ac500000, 0x00000000ac500000|100%| S|CS|TAMS 0x00000000ac400000, 0x00000000ac400000| Complete 
| 167|0x00000000ac500000, 0x00000000ac600000, 0x00000000ac600000|100%| S|CS|TAMS 0x00000000ac500000, 0x00000000ac500000| Complete 
| 168|0x00000000ac600000, 0x00000000ac600000, 0x00000000ac700000|  0%| F|  |TAMS 0x00000000ac600000, 0x00000000ac600000| Untracked 
| 169|0x00000000ac700000, 0x00000000ac700000, 0x00000000ac800000|  0%| F|  |TAMS 0x00000000ac700000, 0x00000000ac700000| Untracked 
| 170|0x00000000ac800000, 0x00000000ac800000, 0x00000000ac900000|  0%| F|  |TAMS 0x00000000ac800000, 0x00000000ac800000| Untracked 
| 171|0x00000000ac900000, 0x00000000ac900000, 0x00000000aca00000|  0%| F|  |TAMS 0x00000000ac900000, 0x00000000ac900000| Untracked 
| 172|0x00000000aca00000, 0x00000000aca00000, 0x00000000acb00000|  0%| F|  |TAMS 0x00000000aca00000, 0x00000000aca00000| Untracked 
| 173|0x00000000acb00000, 0x00000000acb00000, 0x00000000acc00000|  0%| F|  |TAMS 0x00000000acb00000, 0x00000000acb00000| Untracked 
| 174|0x00000000acc00000, 0x00000000acc00000, 0x00000000acd00000|  0%| F|  |TAMS 0x00000000acc00000, 0x00000000acc00000| Untracked 
| 175|0x00000000acd00000, 0x00000000acd00000, 0x00000000ace00000|  0%| F|  |TAMS 0x00000000acd00000, 0x00000000acd00000| Untracked 
| 176|0x00000000ace00000, 0x00000000ace00000, 0x00000000acf00000|  0%| F|  |TAMS 0x00000000ace00000, 0x00000000ace00000| Untracked 
| 177|0x00000000acf00000, 0x00000000acf00000, 0x00000000ad000000|  0%| F|  |TAMS 0x00000000acf00000, 0x00000000acf00000| Untracked 
| 178|0x00000000ad000000, 0x00000000ad000000, 0x00000000ad100000|  0%| F|  |TAMS 0x00000000ad000000, 0x00000000ad000000| Untracked 
| 179|0x00000000ad100000, 0x00000000ad100000, 0x00000000ad200000|  0%| F|  |TAMS 0x00000000ad100000, 0x00000000ad100000| Untracked 
| 180|0x00000000ad200000, 0x00000000ad200000, 0x00000000ad300000|  0%| F|  |TAMS 0x00000000ad200000, 0x00000000ad200000| Untracked 
| 181|0x00000000ad300000, 0x00000000ad300000, 0x00000000ad400000|  0%| F|  |TAMS 0x00000000ad300000, 0x00000000ad300000| Untracked 
| 182|0x00000000ad400000, 0x00000000ad400000, 0x00000000ad500000|  0%| F|  |TAMS 0x00000000ad400000, 0x00000000ad400000| Untracked 
| 183|0x00000000ad500000, 0x00000000ad500000, 0x00000000ad600000|  0%| F|  |TAMS 0x00000000ad500000, 0x00000000ad500000| Untracked 
| 184|0x00000000ad600000, 0x00000000ad600000, 0x00000000ad700000|  0%| F|  |TAMS 0x00000000ad600000, 0x00000000ad600000| Untracked 
| 185|0x00000000ad700000, 0x00000000ad700000, 0x00000000ad800000|  0%| F|  |TAMS 0x00000000ad700000, 0x00000000ad700000| Untracked 
| 186|0x00000000ad800000, 0x00000000ad800000, 0x00000000ad900000|  0%| F|  |TAMS 0x00000000ad800000, 0x00000000ad800000| Untracked 
| 187|0x00000000ad900000, 0x00000000ad900000, 0x00000000ada00000|  0%| F|  |TAMS 0x00000000ad900000, 0x00000000ad900000| Untracked 
| 188|0x00000000ada00000, 0x00000000ada00000, 0x00000000adb00000|  0%| F|  |TAMS 0x00000000ada00000, 0x00000000ada00000| Untracked 
| 189|0x00000000adb00000, 0x00000000adb00000, 0x00000000adc00000|  0%| F|  |TAMS 0x00000000adb00000, 0x00000000adb00000| Untracked 
| 190|0x00000000adc00000, 0x00000000adc00000, 0x00000000add00000|  0%| F|  |TAMS 0x00000000adc00000, 0x00000000adc00000| Untracked 
| 191|0x00000000add00000, 0x00000000add00000, 0x00000000ade00000|  0%| F|  |TAMS 0x00000000add00000, 0x00000000add00000| Untracked 
| 192|0x00000000ade00000, 0x00000000ade00000, 0x00000000adf00000|  0%| F|  |TAMS 0x00000000ade00000, 0x00000000ade00000| Untracked 
| 193|0x00000000adf00000, 0x00000000adf00000, 0x00000000ae000000|  0%| F|  |TAMS 0x00000000adf00000, 0x00000000adf00000| Untracked 
| 194|0x00000000ae000000, 0x00000000ae000000, 0x00000000ae100000|  0%| F|  |TAMS 0x00000000ae000000, 0x00000000ae000000| Untracked 
| 195|0x00000000ae100000, 0x00000000ae100000, 0x00000000ae200000|  0%| F|  |TAMS 0x00000000ae100000, 0x00000000ae100000| Untracked 
| 196|0x00000000ae200000, 0x00000000ae200000, 0x00000000ae300000|  0%| F|  |TAMS 0x00000000ae200000, 0x00000000ae200000| Untracked 
| 197|0x00000000ae300000, 0x00000000ae300000, 0x00000000ae400000|  0%| F|  |TAMS 0x00000000ae300000, 0x00000000ae300000| Untracked 
| 198|0x00000000ae400000, 0x00000000ae400000, 0x00000000ae500000|  0%| F|  |TAMS 0x00000000ae400000, 0x00000000ae400000| Untracked 
| 199|0x00000000ae500000, 0x00000000ae500000, 0x00000000ae600000|  0%| F|  |TAMS 0x00000000ae500000, 0x00000000ae500000| Untracked 
| 200|0x00000000ae600000, 0x00000000ae600000, 0x00000000ae700000|  0%| F|  |TAMS 0x00000000ae600000, 0x00000000ae600000| Untracked 
| 201|0x00000000ae700000, 0x00000000ae700000, 0x00000000ae800000|  0%| F|  |TAMS 0x00000000ae700000, 0x00000000ae700000| Untracked 
| 202|0x00000000ae800000, 0x00000000ae800000, 0x00000000ae900000|  0%| F|  |TAMS 0x00000000ae800000, 0x00000000ae800000| Untracked 
| 203|0x00000000ae900000, 0x00000000ae900000, 0x00000000aea00000|  0%| F|  |TAMS 0x00000000ae900000, 0x00000000ae900000| Untracked 
| 204|0x00000000aea00000, 0x00000000aea00000, 0x00000000aeb00000|  0%| F|  |TAMS 0x00000000aea00000, 0x00000000aea00000| Untracked 
| 205|0x00000000aeb00000, 0x00000000aeb00000, 0x00000000aec00000|  0%| F|  |TAMS 0x00000000aeb00000, 0x00000000aeb00000| Untracked 
| 206|0x00000000aec00000, 0x00000000aec00000, 0x00000000aed00000|  0%| F|  |TAMS 0x00000000aec00000, 0x00000000aec00000| Untracked 

Card table byte_map: [0x00000257752e0000,0x00000257755e0000] _byte_map_base: 0x0000025774dd1000

Marking Bits (Prev, Next): (CMBitMap*) 0x000002575e0d0a70, (CMBitMap*) 0x000002575e0d0ab0
 Prev Bits: [0x00000257758e0000, 0x0000025777068000)
 Next Bits: [0x0000025777070000, 0x00000257787f8000)

Polling page: 0x000002575bfc0000

Metaspace:

Usage:
  Non-class:     10.87 MB used.
      Class:      1.40 MB used.
       Both:     12.27 MB used.

Virtual space:
  Non-class space:       64.00 MB reserved,      11.00 MB ( 17%) committed,  1 nodes.
      Class space:        1.00 GB reserved,       1.50 MB ( <1%) committed,  1 nodes.
             Both:        1.06 GB reserved,      12.50 MB (  1%) committed. 

Chunk freelists:
   Non-Class:  964.00 KB
       Class:  2.51 MB
        Both:  3.45 MB

MaxMetaspaceSize: unlimited
CompressedClassSpaceSize: 1.00 GB
Initial GC threshold: 21.00 MB
Current GC threshold: 21.00 MB
CDS: on
MetaspaceReclaimPolicy: balanced
 - commit_granule_bytes: 65536.
 - commit_granule_words: 8192.
 - virtual_space_node_default_size: 8388608.
 - enlarge_chunks_in_place: 1.
 - new_chunks_are_fully_committed: 0.
 - uncommit_free_chunks: 1.
 - use_allocation_guard: 0.


Internal statistics:

num_allocs_failed_limit: 0.
num_arena_births: 190.
num_arena_deaths: 0.
num_vsnodes_births: 2.
num_vsnodes_deaths: 0.
num_space_committed: 200.
num_space_uncommitted: 0.
num_chunks_returned_to_freelist: 0.
num_chunks_taken_from_freelist: 270.
num_chunk_merges: 0.
num_chunk_splits: 159.
num_chunks_enlarged: 83.
num_inconsistent_stats: 0.

CodeHeap 'non-profiled nmethods': size=120000Kb used=866Kb max_used=866Kb free=119133Kb
 bounds [0x000002576dab0000, 0x000002576dd20000, 0x0000025774fe0000]
CodeHeap 'profiled nmethods': size=120000Kb used=4127Kb max_used=4127Kb free=115873Kb
 bounds [0x0000025765fe0000, 0x00000257663f0000, 0x000002576d510000]
CodeHeap 'non-nmethods': size=5760Kb used=1402Kb max_used=1480Kb free=4357Kb
 bounds [0x000002576d510000, 0x000002576d780000, 0x000002576dab0000]
 total_blobs=2870 nmethods=2213 adapters=566
 compilation: enabled
              stopped_count=0, restarted_count=0
 full_count=0

Compilation events (20 events):
Event: 10.729 Thread 0x000002577acc8ef0 nmethod 2198 0x000002576db73790 code [0x000002576db73920, 0x000002576db73ac8]
Event: 10.729 Thread 0x000002577acc8ef0 2199       4       vistas.Estadisticas::calcular_lq (52 bytes)
Event: 10.733 Thread 0x000002577acc8ef0 nmethod 2199 0x000002576db73c90 code [0x000002576db73e20, 0x000002576db74008]
Event: 10.733 Thread 0x000002577acc8ef0 2200       4       java.lang.Integer::equals (29 bytes)
Event: 10.734 Thread 0x000002577acc8ef0 nmethod 2200 0x000002576db74210 code [0x000002576db743a0, 0x000002576db74478]
Event: 10.734 Thread 0x000002577acc8ef0 2202       4       vistas.Estadisticas::a\u00f1adir_tm_w (21 bytes)
Event: 10.738 Thread 0x000002577acc8ef0 nmethod 2202 0x000002576db74590 code [0x000002576db74740, 0x000002576db74a88]
Event: 10.738 Thread 0x000002577acc8ef0 2203       4       vistas.Estadisticas::llegada (190 bytes)
Event: 11.035 Thread 0x00000257006a25c0 nmethod 2201 0x000002576db74c90 code [0x000002576db751c0, 0x000002576db7e698]
Event: 11.035 Thread 0x00000257006a25c0 2217       4       java.util.ArrayList::clear (43 bytes)
Event: 11.042 Thread 0x00000257006a25c0 nmethod 2217 0x000002576db81d90 code [0x000002576db81f20, 0x000002576db821f8]
Event: 11.042 Thread 0x00000257006a25c0 2207       4       vistas.Estadisticas::salida (256 bytes)
Event: 11.185 Thread 0x00000257006a25c0 nmethod 2207 0x000002576db82310 code [0x000002576db82660, 0x000002576db84f90]
Event: 11.185 Thread 0x00000257006a25c0 2209       4       vistas.Estadisticas::a\u00f1adir_wq_tm (21 bytes)
Event: 11.190 Thread 0x00000257006a25c0 nmethod 2209 0x000002576db86990 code [0x000002576db86b40, 0x000002576db86e88]
Event: 11.190 Thread 0x00000257006a25c0 2190   !   4       java.awt.EventQueue::isDispatchThreadImpl (99 bytes)
Event: 11.198 Thread 0x00000257006a25c0 nmethod 2190 0x000002576db87090 code [0x000002576db87240, 0x000002576db876f8]
Event: 11.198 Thread 0x00000257006a25c0 2191       4       sun.awt.SunToolkit::isDispatchThreadForAppContext (28 bytes)
Event: 11.220 Thread 0x00000257006a25c0 nmethod 2191 0x000002576db87a90 code [0x000002576db87ca0, 0x000002576db882b0]
Event: 11.220 Thread 0x00000257006a25c0 2218 %     4       vistas.Estadisticas::correr_simulacion @ 30 (316 bytes)

GC Heap History (20 events):
Event: 4.447 GC heap after
{Heap after GC invocations=1 (full 0):
 garbage-first heap   total 98304K, used 10592K [0x00000000a1e00000, 0x0000000100000000)
  region size 1024K, 2 young (2048K), 2 survivors (2048K)
 Metaspace       used 11049K, committed 11264K, reserved 1114112K
  class space    used 1257K, committed 1344K, reserved 1048576K
}
Event: 10.097 GC heap before
{Heap before GC invocations=1 (full 0):
 garbage-first heap   total 98304K, used 24928K [0x00000000a1e00000, 0x0000000100000000)
  region size 1024K, 16 young (16384K), 2 survivors (2048K)
 Metaspace       used 12557K, committed 12800K, reserved 1114112K
  class space    used 1431K, committed 1536K, reserved 1048576K
}
Event: 10.106 GC heap after
{Heap after GC invocations=2 (full 0):
 garbage-first heap   total 98304K, used 10240K [0x00000000a1e00000, 0x0000000100000000)
  region size 1024K, 2 young (2048K), 2 survivors (2048K)
 Metaspace       used 12557K, committed 12800K, reserved 1114112K
  class space    used 1431K, committed 1536K, reserved 1048576K
}
Event: 10.292 GC heap before
{Heap before GC invocations=2 (full 0):
 garbage-first heap   total 98304K, used 59392K [0x00000000a1e00000, 0x0000000100000000)
  region size 1024K, 50 young (51200K), 2 survivors (2048K)
 Metaspace       used 12564K, committed 12800K, reserved 1114112K
  class space    used 1432K, committed 1536K, reserved 1048576K
}
Event: 10.304 GC heap after
{Heap after GC invocations=3 (full 0):
 garbage-first heap   total 98304K, used 20824K [0x00000000a1e00000, 0x0000000100000000)
  region size 1024K, 7 young (7168K), 7 survivors (7168K)
 Metaspace       used 12564K, committed 12800K, reserved 1114112K
  class space    used 1432K, committed 1536K, reserved 1048576K
}
Event: 10.403 GC heap before
{Heap before GC invocations=3 (full 0):
 garbage-first heap   total 98304K, used 55640K [0x00000000a1e00000, 0x0000000100000000)
  region size 1024K, 41 young (41984K), 7 survivors (7168K)
 Metaspace       used 12564K, committed 12800K, reserved 1114112K
  class space    used 1432K, committed 1536K, reserved 1048576K
}
Event: 10.418 GC heap after
{Heap after GC invocations=4 (full 0):
 garbage-first heap   total 98304K, used 28897K [0x00000000a1e00000, 0x0000000100000000)
  region size 1024K, 6 young (6144K), 6 survivors (6144K)
 Metaspace       used 12564K, committed 12800K, reserved 1114112K
  class space    used 1432K, committed 1536K, reserved 1048576K
}
Event: 10.503 GC heap before
{Heap before GC invocations=4 (full 0):
 garbage-first heap   total 98304K, used 61665K [0x00000000a1e00000, 0x0000000100000000)
  region size 1024K, 38 young (38912K), 6 survivors (6144K)
 Metaspace       used 12564K, committed 12800K, reserved 1114112K
  class space    used 1432K, committed 1536K, reserved 1048576K
}
Event: 10.528 GC heap after
{Heap after GC invocations=5 (full 0):
 garbage-first heap   total 98304K, used 36864K [0x00000000a1e00000, 0x0000000100000000)
  region size 1024K, 5 young (5120K), 5 survivors (5120K)
 Metaspace       used 12564K, committed 12800K, reserved 1114112K
  class space    used 1432K, committed 1536K, reserved 1048576K
}
Event: 10.604 GC heap before
{Heap before GC invocations=5 (full 0):
 garbage-first heap   total 98304K, used 66560K [0x00000000a1e00000, 0x0000000100000000)
  region size 1024K, 34 young (34816K), 5 survivors (5120K)
 Metaspace       used 12565K, committed 12800K, reserved 1114112K
  class space    used 1432K, committed 1536K, reserved 1048576K
}
Event: 10.621 GC heap after
{Heap after GC invocations=6 (full 0):
 garbage-first heap   total 98304K, used 43827K [0x00000000a1e00000, 0x0000000100000000)
  region size 1024K, 5 young (5120K), 5 survivors (5120K)
 Metaspace       used 12565K, committed 12800K, reserved 1114112K
  class space    used 1432K, committed 1536K, reserved 1048576K
}
Event: 10.682 GC heap before
{Heap before GC invocations=6 (full 0):
 garbage-first heap   total 98304K, used 70451K [0x00000000a1e00000, 0x0000000100000000)
  region size 1024K, 31 young (31744K), 5 survivors (5120K)
 Metaspace       used 12567K, committed 12800K, reserved 1114112K
  class space    used 1432K, committed 1536K, reserved 1048576K
}
Event: 10.704 GC heap after
{Heap after GC invocations=7 (full 0):
 garbage-first heap   total 211968K, used 50153K [0x00000000a1e00000, 0x0000000100000000)
  region size 1024K, 4 young (4096K), 4 survivors (4096K)
 Metaspace       used 12567K, committed 12800K, reserved 1114112K
  class space    used 1432K, committed 1536K, reserved 1048576K
}
Event: 10.982 GC heap before
{Heap before GC invocations=7 (full 0):
 garbage-first heap   total 211968K, used 145385K [0x00000000a1e00000, 0x0000000100000000)
  region size 1024K, 96 young (98304K), 4 survivors (4096K)
 Metaspace       used 12567K, committed 12800K, reserved 1114112K
  class space    used 1432K, committed 1536K, reserved 1048576K
}
Event: 11.016 GC heap after
{Heap after GC invocations=8 (full 0):
 garbage-first heap   total 211968K, used 72362K [0x00000000a1e00000, 0x0000000100000000)
  region size 1024K, 12 young (12288K), 12 survivors (12288K)
 Metaspace       used 12567K, committed 12800K, reserved 1114112K
  class space    used 1432K, committed 1536K, reserved 1048576K
}
Event: 11.150 GC heap before
{Heap before GC invocations=8 (full 0):
 garbage-first heap   total 211968K, used 143018K [0x00000000a1e00000, 0x0000000100000000)
  region size 1024K, 81 young (82944K), 12 survivors (12288K)
 Metaspace       used 12567K, committed 12800K, reserved 1114112K
  class space    used 1432K, committed 1536K, reserved 1048576K
}
Event: 11.180 GC heap after
{Heap after GC invocations=9 (full 0):
 garbage-first heap   total 211968K, used 89088K [0x00000000a1e00000, 0x0000000100000000)
  region size 1024K, 11 young (11264K), 11 survivors (11264K)
 Metaspace       used 12567K, committed 12800K, reserved 1114112K
  class space    used 1432K, committed 1536K, reserved 1048576K
}
Event: 11.306 GC heap before
{Heap before GC invocations=9 (full 0):
 garbage-first heap   total 211968K, used 152576K [0x00000000a1e00000, 0x0000000100000000)
  region size 1024K, 73 young (74752K), 11 survivors (11264K)
 Metaspace       used 12567K, committed 12800K, reserved 1114112K
  class space    used 1432K, committed 1536K, reserved 1048576K
}
Event: 11.334 GC heap after
{Heap after GC invocations=10 (full 0):
 garbage-first heap   total 211968K, used 104448K [0x00000000a1e00000, 0x0000000100000000)
  region size 1024K, 10 young (10240K), 10 survivors (10240K)
 Metaspace       used 12567K, committed 12800K, reserved 1114112K
  class space    used 1432K, committed 1536K, reserved 1048576K
}
Event: 11.400 GC heap before
{Heap before GC invocations=10 (full 0):
 garbage-first heap   total 211968K, used 143360K [0x00000000a1e00000, 0x0000000100000000)
  region size 1024K, 49 young (50176K), 10 survivors (10240K)
 Metaspace       used 12567K, committed 12800K, reserved 1114112K
  class space    used 1432K, committed 1536K, reserved 1048576K
}

Dll operation events (9 events):
Event: 0.007 Loaded shared library C:\Program Files\Java\jdk-19\bin\java.dll
Event: 0.026 Loaded shared library C:\Program Files\Java\jdk-19\bin\jsvml.dll
Event: 0.112 Loaded shared library C:\Program Files\Java\jdk-19\bin\jimage.dll
Event: 0.122 Loaded shared library C:\Program Files\Java\jdk-19\bin\net.dll
Event: 0.124 Loaded shared library C:\Program Files\Java\jdk-19\bin\nio.dll
Event: 0.127 Loaded shared library C:\Program Files\Java\jdk-19\bin\zip.dll
Event: 0.149 Loaded shared library C:\Program Files\Java\jdk-19\bin\awt.dll
Event: 0.746 Loaded shared library C:\Program Files\Java\jdk-19\bin\freetype.dll
Event: 0.747 Loaded shared library C:\Program Files\Java\jdk-19\bin\fontmanager.dll

Deoptimization events (20 events):
Event: 10.052 Thread 0x000002577f3e3cd0 Uncommon trap: trap_request=0xffffffde fr.pc=0x000002576db43748 relative=0x0000000000000128
Event: 10.052 Thread 0x000002577f3e3cd0 Uncommon trap: reason=class_check action=maybe_recompile pc=0x000002576db43748 method=jdk.internal.misc.Unsafe.allocateUninitializedArray(Ljava/lang/Class;I)Ljava/lang/Object; @ 51 c2
Event: 10.052 Thread 0x000002577f3e3cd0 DEOPT PACKING pc=0x000002576db43748 sp=0x000000b4e17fdc20
Event: 10.052 Thread 0x000002577f3e3cd0 DEOPT UNPACKING pc=0x000002576d576da3 sp=0x000000b4e17fdba8 mode 2
Event: 10.052 Thread 0x000002577f3e3cd0 Uncommon trap: trap_request=0xffffffde fr.pc=0x000002576db43748 relative=0x0000000000000128
Event: 10.052 Thread 0x000002577f3e3cd0 Uncommon trap: reason=class_check action=maybe_recompile pc=0x000002576db43748 method=jdk.internal.misc.Unsafe.allocateUninitializedArray(Ljava/lang/Class;I)Ljava/lang/Object; @ 51 c2
Event: 10.052 Thread 0x000002577f3e3cd0 DEOPT PACKING pc=0x000002576db43748 sp=0x000000b4e17fdc90
Event: 10.052 Thread 0x000002577f3e3cd0 DEOPT UNPACKING pc=0x000002576d576da3 sp=0x000000b4e17fdc18 mode 2
Event: 10.052 Thread 0x000002577f3e3cd0 Uncommon trap: trap_request=0xffffffde fr.pc=0x000002576db43748 relative=0x0000000000000128
Event: 10.052 Thread 0x000002577f3e3cd0 Uncommon trap: reason=class_check action=maybe_recompile pc=0x000002576db43748 method=jdk.internal.misc.Unsafe.allocateUninitializedArray(Ljava/lang/Class;I)Ljava/lang/Object; @ 51 c2
Event: 10.052 Thread 0x000002577f3e3cd0 DEOPT PACKING pc=0x000002576db43748 sp=0x000000b4e17fdc20
Event: 10.052 Thread 0x000002577f3e3cd0 DEOPT UNPACKING pc=0x000002576d576da3 sp=0x000000b4e17fdba8 mode 2
Event: 10.081 Thread 0x000002577f3e3cd0 DEOPT PACKING pc=0x00000257663ac12e sp=0x000000b4e17fdbb0
Event: 10.081 Thread 0x000002577f3e3cd0 DEOPT UNPACKING pc=0x000002576d577543 sp=0x000000b4e17fd080 mode 0
Event: 10.085 Thread 0x000002577f3e3cd0 DEOPT PACKING pc=0x00000257663ac12e sp=0x000000b4e17fdbb0
Event: 10.085 Thread 0x000002577f3e3cd0 DEOPT UNPACKING pc=0x000002576d577543 sp=0x000000b4e17fd080 mode 0
Event: 10.090 Thread 0x000002577f3e3cd0 DEOPT PACKING pc=0x00000257663ac12e sp=0x000000b4e17fdbb0
Event: 10.090 Thread 0x000002577f3e3cd0 DEOPT UNPACKING pc=0x000002576d577543 sp=0x000000b4e17fd080 mode 0
Event: 10.096 Thread 0x000002577f3e3cd0 DEOPT PACKING pc=0x00000257663ac12e sp=0x000000b4e17fdbb0
Event: 10.096 Thread 0x000002577f3e3cd0 DEOPT UNPACKING pc=0x000002576d577543 sp=0x000000b4e17fd080 mode 0

Classes loaded (20 events):
Event: 6.896 Loading class javax/swing/JOptionPane$3
Event: 6.896 Loading class javax/swing/JOptionPane$3 done
Event: 7.939 Loading class javax/swing/event/CaretListener
Event: 7.939 Loading class javax/swing/event/CaretListener done
Event: 7.952 Loading class java/util/Vector$1
Event: 7.953 Loading class java/util/Vector$1 done
Event: 9.985 Loading class javax/swing/plaf/metal/MetalBorders$TableHeaderBorder
Event: 9.985 Loading class javax/swing/plaf/metal/MetalBorders$TableHeaderBorder done
Event: 9.987 Loading class javax/swing/JTable$2
Event: 9.987 Loading class javax/swing/JTable$Resizable3
Event: 9.987 Loading class javax/swing/JTable$Resizable2
Event: 9.987 Loading class javax/swing/JTable$Resizable2 done
Event: 9.987 Loading class javax/swing/JTable$Resizable3 done
Event: 9.987 Loading class javax/swing/JTable$2 done
Event: 9.988 Loading class javax/swing/JTable$5
Event: 9.988 Loading class javax/swing/JTable$5 done
Event: 9.992 Loading class java/lang/Math$RandomNumberGeneratorHolder
Event: 9.992 Loading class java/lang/Math$RandomNumberGeneratorHolder done
Event: 10.109 Loading class sun/awt/shell/Win32ShellFolder2$FolderDisposer$1
Event: 10.109 Loading class sun/awt/shell/Win32ShellFolder2$FolderDisposer$1 done

Classes unloaded (0 events):
No events

Classes redefined (0 events):
No events

Internal exceptions (17 events):
Event: 0.134 Thread 0x000002575e080330 Exception <a 'java/lang/ClassNotFoundException'{0x00000000a7cbb2a0}: sun/awt/resources/spi/awtProvider> (0x00000000a7cbb2a0) 
thrown [s\open\src\hotspot\share\classfile\systemDictionary.cpp, line 255]
Event: 0.180 Thread 0x000002575e080330 Exception <a 'java/io/FileNotFoundException'{0x00000000a7b14b38}> (0x00000000a7b14b38) 
thrown [s\open\src\hotspot\share\prims\jni.cpp, line 517]
Event: 0.192 Thread 0x000002575e080330 Exception <a 'java/io/FileNotFoundException'{0x00000000a7b410d0}> (0x00000000a7b410d0) 
thrown [s\open\src\hotspot\share\prims\jni.cpp, line 517]
Event: 0.258 Thread 0x000002575e080330 Exception <a 'java/lang/NoSuchMethodError'{0x00000000a7b8b778}: 'java.lang.Object java.lang.invoke.DirectMethodHandle$Holder.invokeStaticInit(java.lang.Object)'> (0x00000000a7b8b778) 
thrown [s\open\src\hotspot\share\interpreter\linkResolver.cpp, line 774]
Event: 0.306 Thread 0x000002575e080330 Exception <a 'java/lang/NoSuchMethodError'{0x00000000a7a5bd00}: 'void java.lang.invoke.DirectMethodHandle$Holder.invokeSpecial(java.lang.Object, java.lang.Object, java.lang.Object)'> (0x00000000a7a5bd00) 
thrown [s\open\src\hotspot\share\interpreter\linkResolver.cpp, line 774]
Event: 0.316 Thread 0x000002575e080330 Exception <a 'java/lang/NoSuchMethodError'{0x00000000a7ac9488}: 'java.lang.Object java.lang.invoke.DirectMethodHandle$Holder.newInvokeSpecial(java.lang.Object, java.lang.Object, java.lang.Object, java.lang.Object, java.lang.Object)'> (0x00000000a7ac9488) 
thrown [s\open\src\hotspot\share\interpreter\linkResolver.cpp, line 774]
Event: 0.329 Thread 0x000002575e080330 Exception <a 'java/lang/NoSuchMethodError'{0x00000000a7afab70}: 'java.lang.Object java.lang.invoke.DirectMethodHandle$Holder.invokeStatic(java.lang.Object, int, java.lang.Object)'> (0x00000000a7afab70) 
thrown [s\open\src\hotspot\share\interpreter\linkResolver.cpp, line 774]
Event: 0.368 Thread 0x000002575e080330 Exception <a 'java/lang/ClassNotFoundException'{0x00000000a79b6d90}: com/sun/swing/internal/plaf/metal/resources/spi/metalProvider> (0x00000000a79b6d90) 
thrown [s\open\src\hotspot\share\classfile\systemDictionary.cpp, line 255]
Event: 0.370 Thread 0x000002575e080330 Exception <a 'java/lang/ClassNotFoundException'{0x00000000a79bad90}: com/sun/swing/internal/plaf/basic/resources/spi/basicProvider> (0x00000000a79bad90) 
thrown [s\open\src\hotspot\share\classfile\systemDictionary.cpp, line 255]
Event: 0.384 Thread 0x000002575e080330 Exception <a 'java/lang/NoSuchMethodError'{0x00000000a79db318}: 'int java.lang.invoke.Invokers$Holder.invokeExact_MT(java.lang.Object, java.lang.Object)'> (0x00000000a79db318) 
thrown [s\open\src\hotspot\share\interpreter\linkResolver.cpp, line 774]
Event: 0.534 Thread 0x000002575e080330 Exception <a 'java/lang/NoSuchMethodError'{0x00000000a78dd538}: 'void java.lang.invoke.DirectMethodHandle$Holder.invokeStatic(java.lang.Object, java.lang.Object, java.lang.Object)'> (0x00000000a78dd538) 
thrown [s\open\src\hotspot\share\interpreter\linkResolver.cpp, line 774]
Event: 0.535 Thread 0x000002575e080330 Exception <a 'java/lang/NoSuchMethodError'{0x00000000a78e3910}: 'void java.lang.invoke.DirectMethodHandle$Holder.invokeStatic(java.lang.Object, java.lang.Object)'> (0x00000000a78e3910) 
thrown [s\open\src\hotspot\share\interpreter\linkResolver.cpp, line 774]
Event: 0.740 Thread 0x000002575e080330 Exception <a 'java/lang/NoSuchMethodError'{0x00000000a76c14c0}: 'void java.lang.invoke.DirectMethodHandle$Holder.invokeStaticInit(java.lang.Object)'> (0x00000000a76c14c0) 
thrown [s\open\src\hotspot\share\interpreter\linkResolver.cpp, line 774]
Event: 0.813 Thread 0x000002577f3248f0 Exception <a 'java/lang/NoSuchMethodError'{0x00000000a7a0fcf0}: 'void java.lang.invoke.DirectMethodHandle$Holder.invokeVirtual(java.lang.Object, java.lang.Object)'> (0x00000000a7a0fcf0) 
thrown [s\open\src\hotspot\share\interpreter\linkResolver.cpp, line 774]
Event: 4.410 Thread 0x00000257002ebf90 Exception <a 'java/lang/NoSuchMethodError'{0x00000000a7193668}: 'java.lang.Object java.lang.invoke.DirectMethodHandle$Holder.newInvokeSpecial(java.lang.Object, java.lang.Object, java.lang.Object, int, int, int, int, int)'> (0x00000000a7193668) 
thrown [s\open\src\hotspot\share\interpreter\linkResolver.cpp, line 774]
Event: 4.878 Thread 0x000002577f3e3cd0 Exception <a 'java/lang/NoSuchMethodError'{0x00000000a7d65fa0}: 'int java.lang.invoke.DirectMethodHandle$Holder.invokeSpecial(java.lang.Object, java.lang.Object, java.lang.Object)'> (0x00000000a7d65fa0) 
thrown [s\open\src\hotspot\share\interpreter\linkResolver.cpp, line 774]
Event: 4.937 Thread 0x000002577f3e3cd0 Exception <a 'java/lang/NoSuchMethodError'{0x00000000a7c1e3b8}: 'int java.lang.invoke.DirectMethodHandle$Holder.invokeStatic(java.lang.Object)'> (0x00000000a7c1e3b8) 
thrown [s\open\src\hotspot\share\interpreter\linkResolver.cpp, line 774]

VM Operations (20 events):
Event: 9.993 Executing VM operation: Cleanup done
Event: 10.097 Executing VM operation: G1CollectForAllocation
Event: 10.106 Executing VM operation: G1CollectForAllocation done
Event: 10.292 Executing VM operation: G1CollectForAllocation
Event: 10.304 Executing VM operation: G1CollectForAllocation done
Event: 10.403 Executing VM operation: G1CollectForAllocation
Event: 10.419 Executing VM operation: G1CollectForAllocation done
Event: 10.503 Executing VM operation: G1CollectForAllocation
Event: 10.529 Executing VM operation: G1CollectForAllocation done
Event: 10.604 Executing VM operation: G1CollectForAllocation
Event: 10.621 Executing VM operation: G1CollectForAllocation done
Event: 10.682 Executing VM operation: G1CollectForAllocation
Event: 10.705 Executing VM operation: G1CollectForAllocation done
Event: 10.982 Executing VM operation: G1CollectForAllocation
Event: 11.016 Executing VM operation: G1CollectForAllocation done
Event: 11.150 Executing VM operation: G1CollectForAllocation
Event: 11.181 Executing VM operation: G1CollectForAllocation done
Event: 11.306 Executing VM operation: G1CollectForAllocation
Event: 11.334 Executing VM operation: G1CollectForAllocation done
Event: 11.400 Executing VM operation: G1TryInitiateConcMark

Events (20 events):
Event: 0.043 Thread 0x000002577accb010 Thread added: 0x000002577accb010
Event: 0.043 Thread 0x000002577acce130 Thread added: 0x000002577acce130
Event: 0.067 Thread 0x000002577f0b9fa0 Thread added: 0x000002577f0b9fa0
Event: 0.076 Thread 0x000002577f0c2b30 Thread added: 0x000002577f0c2b30
Event: 0.260 Thread 0x000002577f3194c0 Thread added: 0x000002577f3194c0
Event: 0.262 Thread 0x000002577f3214e0 Thread added: 0x000002577f3214e0
Event: 0.264 Thread 0x000002577f3248f0 Thread added: 0x000002577f3248f0
Event: 0.457 Thread 0x000002577f3e3cd0 Thread added: 0x000002577f3e3cd0
Event: 0.593 Thread 0x00000257000bec60 Thread added: 0x00000257000bec60
Event: 0.942 Thread 0x000002575e080330 Thread exited: 0x000002575e080330
Event: 0.942 Thread 0x000002575e080330 Thread added: 0x000002575e080330
Event: 1.120 Thread 0x00000257000bec60 Thread exited: 0x00000257000bec60
Event: 4.408 Thread 0x00000257002ebf90 Thread added: 0x00000257002ebf90
Event: 4.433 Thread 0x000002570136c050 Thread added: 0x000002570136c050
Event: 4.887 Thread 0x000002570136b5b0 Thread added: 0x000002570136b5b0
Event: 4.898 Thread 0x000002570136b5b0 Thread exited: 0x000002570136b5b0
Event: 4.924 Thread 0x000002570136c5a0 Thread added: 0x000002570136c5a0
Event: 4.936 Thread 0x000002570136c5a0 Thread exited: 0x000002570136c5a0
Event: 4.992 Thread 0x000002570136e580 Thread added: 0x000002570136e580
Event: 10.008 Thread 0x00000257006a25c0 Thread added: 0x00000257006a25c0


Dynamic libraries:
0x00007ff671e00000 - 0x00007ff671e10000 	C:\Program Files\Java\jdk-19\bin\java.exe
0x00007ffc25ff0000 - 0x00007ffc261dd000 	C:\Windows\SYSTEM32\ntdll.dll
0x00007ffc254b0000 - 0x00007ffc25563000 	C:\Windows\System32\KERNEL32.DLL
0x00007ffc22c80000 - 0x00007ffc22f1a000 	C:\Windows\System32\KERNELBASE.dll
0x00007ffc23120000 - 0x00007ffc2321a000 	C:\Windows\System32\ucrtbase.dll
0x00007ffc1e6d0000 - 0x00007ffc1e6e8000 	C:\Program Files\Java\jdk-19\bin\jli.dll
0x00007ffc25a90000 - 0x00007ffc25b37000 	C:\Windows\System32\ADVAPI32.dll
0x00007ffc23ae0000 - 0x00007ffc23b7e000 	C:\Windows\System32\msvcrt.dll
0x00007ffc25570000 - 0x00007ffc2560f000 	C:\Windows\System32\sechost.dll
0x00007ffc23570000 - 0x00007ffc2368d000 	C:\Windows\System32\RPCRT4.dll
0x00007ffc233d0000 - 0x00007ffc23567000 	C:\Windows\System32\USER32.dll
0x00007ffc22bd0000 - 0x00007ffc22bf0000 	C:\Windows\System32\win32u.dll
0x00007ffc25920000 - 0x00007ffc25949000 	C:\Windows\System32\GDI32.dll
0x00007ffc22f20000 - 0x00007ffc230bc000 	C:\Windows\System32\gdi32full.dll
0x00007ffc220e0000 - 0x00007ffc22180000 	C:\Windows\System32\msvcp_win.dll
0x00007ffc0e3b0000 - 0x00007ffc0e3cb000 	C:\Program Files\Java\jdk-19\bin\VCRUNTIME140.dll
0x00007ffc098b0000 - 0x00007ffc09b29000 	C:\Windows\WinSxS\amd64_microsoft.windows.common-controls_6595b64144ccf1df_6.0.17763.3046_none_de715ebe534b36e3\COMCTL32.dll
0x00007ffc237a0000 - 0x00007ffc23acb000 	C:\Windows\System32\combase.dll
0x00007ffc22bf0000 - 0x00007ffc22c72000 	C:\Windows\System32\bcryptPrimitives.dll
0x00007ffc20b00000 - 0x00007ffc20b0a000 	C:\Windows\SYSTEM32\VERSION.dll
0x00007ffc25a60000 - 0x00007ffc25a8e000 	C:\Windows\System32\IMM32.DLL
0x00007ffc20a40000 - 0x00007ffc20a4c000 	C:\Program Files\Java\jdk-19\bin\vcruntime140_1.dll
0x00007ffc007d0000 - 0x00007ffc0085e000 	C:\Program Files\Java\jdk-19\bin\msvcp140.dll
0x00007ffbc40f0000 - 0x00007ffbc4db0000 	C:\Program Files\Java\jdk-19\bin\server\jvm.dll
0x00007ffc20b10000 - 0x00007ffc20b19000 	C:\Windows\SYSTEM32\WSOCK32.dll
0x00007ffc1e8c0000 - 0x00007ffc1e8e4000 	C:\Windows\SYSTEM32\WINMM.dll
0x00007ffc23ea0000 - 0x00007ffc23f0d000 	C:\Windows\System32\WS2_32.dll
0x00007ffc1e890000 - 0x00007ffc1e8bd000 	C:\Windows\SYSTEM32\WINMMBASE.dll
0x00007ffc22090000 - 0x00007ffc220da000 	C:\Windows\System32\cfgmgr32.dll
0x00007ffc21fc0000 - 0x00007ffc21fd1000 	C:\Windows\System32\kernel.appcore.dll
0x00007ffc147f0000 - 0x00007ffc147fa000 	C:\Program Files\Java\jdk-19\bin\jimage.dll
0x00007ffc03fa0000 - 0x00007ffc0418d000 	C:\Windows\SYSTEM32\DBGHELP.DLL
0x00007ffc03590000 - 0x00007ffc035ba000 	C:\Windows\SYSTEM32\dbgcore.DLL
0x00007ffc092b0000 - 0x00007ffc092d6000 	C:\Program Files\Java\jdk-19\bin\java.dll
0x00007ffc027b0000 - 0x00007ffc02887000 	C:\Program Files\Java\jdk-19\bin\jsvml.dll
0x00007ffc23f90000 - 0x00007ffc25488000 	C:\Windows\System32\SHELL32.dll
0x00007ffc236f0000 - 0x00007ffc23797000 	C:\Windows\System32\shcore.dll
0x00007ffc22450000 - 0x00007ffc22b98000 	C:\Windows\System32\windows.storage.dll
0x00007ffc22000000 - 0x00007ffc22023000 	C:\Windows\System32\profapi.dll
0x00007ffc22030000 - 0x00007ffc2208d000 	C:\Windows\System32\powrprof.dll
0x00007ffc23690000 - 0x00007ffc236e2000 	C:\Windows\System32\shlwapi.dll
0x00007ffc22230000 - 0x00007ffc22247000 	C:\Windows\System32\cryptsp.dll
0x00007ffc06db0000 - 0x00007ffc06dc3000 	C:\Program Files\Java\jdk-19\bin\net.dll
0x00007ffc14aa0000 - 0x00007ffc14b91000 	C:\Windows\SYSTEM32\WINHTTP.dll
0x00007ffc21810000 - 0x00007ffc21877000 	C:\Windows\system32\mswsock.dll
0x00007ffc06110000 - 0x00007ffc06126000 	C:\Program Files\Java\jdk-19\bin\nio.dll
0x00007ffc060f0000 - 0x00007ffc06108000 	C:\Program Files\Java\jdk-19\bin\zip.dll
0x00007ffbf9dc0000 - 0x00007ffbf9f51000 	C:\Program Files\Java\jdk-19\bin\awt.dll
0x00007ffc25850000 - 0x00007ffc25914000 	C:\Windows\System32\OLEAUT32.dll
0x00007ffc1fda0000 - 0x00007ffc1fe2c000 	C:\Windows\SYSTEM32\apphelp.dll
0x00007ffc201d0000 - 0x00007ffc201fe000 	C:\Windows\system32\DWMAPI.DLL
0x00007ffc22250000 - 0x00007ffc22445000 	C:\Windows\System32\CRYPT32.dll
0x00007ffc21fe0000 - 0x00007ffc21ff2000 	C:\Windows\System32\MSASN1.dll
0x00007ffc200d0000 - 0x00007ffc2016c000 	C:\Windows\system32\uxtheme.dll
0x00007ffbec520000 - 0x00007ffbec647000 	C:\Windows\system32\opengl32.dll
0x00007ffbed1f0000 - 0x00007ffbed21c000 	C:\Windows\SYSTEM32\GLU32.dll
0x00007ffc23b80000 - 0x00007ffc23ceb000 	C:\Windows\System32\MSCTF.dll
0x00007ffc25670000 - 0x00007ffc257c6000 	C:\Windows\System32\ole32.dll
0x00007ffbfa8c0000 - 0x00007ffbfa946000 	C:\Program Files\Java\jdk-19\bin\freetype.dll
0x00007ffbfa420000 - 0x00007ffbfa4e5000 	C:\Program Files\Java\jdk-19\bin\fontmanager.dll
0x00007ffc12560000 - 0x00007ffc125f3000 	C:\Windows\System32\TextInputFramework.dll
0x00007ffc1f830000 - 0x00007ffc1f911000 	C:\Windows\System32\CoreMessaging.dll
0x00007ffc1d9e0000 - 0x00007ffc1dd02000 	C:\Windows\System32\CoreUIComponents.dll
0x00007ffc1d880000 - 0x00007ffc1d9d1000 	C:\Windows\SYSTEM32\wintypes.dll
0x00007ffc20ff0000 - 0x00007ffc21021000 	C:\Windows\SYSTEM32\ntmarta.dll
0x00007ffc25950000 - 0x00007ffc259f2000 	C:\Windows\System32\clbcatq.dll
0x00007ffc1d530000 - 0x00007ffc1d6e8000 	C:\Windows\SYSTEM32\WindowsCodecs.dll
0x00007ffbfa180000 - 0x00007ffbfa1d6000 	C:\Windows\system32\dataexchange.dll
0x00007ffc1ee20000 - 0x00007ffc1f09e000 	C:\Windows\system32\d3d11.dll
0x00007ffc1f660000 - 0x00007ffc1f823000 	C:\Windows\system32\dcomp.dll
0x00007ffc20ca0000 - 0x00007ffc20d62000 	C:\Windows\system32\dxgi.dll
0x00007ffc20200000 - 0x00007ffc2040c000 	C:\Windows\system32\twinapi.appcore.dll
0x00007ffc20410000 - 0x00007ffc20438000 	C:\Windows\system32\RMCLIENT.dll
0x00007ffc0ace0000 - 0x00007ffc0ad89000 	C:\Windows\WinSxS\amd64_microsoft.windows.common-controls_6595b64144ccf1df_5.82.17763.3046_none_6d03b51e59fc07aa\comctl32.dll
0x00007ffc20840000 - 0x00007ffc209e9000 	C:\Windows\SYSTEM32\PROPSYS.dll
0x00007ffbf5b40000 - 0x00007ffbf5c67000 	C:\Windows\system32\NetworkExplorer.dll
0x00007ffbecce0000 - 0x00007ffbecd24000 	C:\Windows\OldNewExplorer\OldNewExplorer64.dll
0x00007ffc15610000 - 0x00007ffc1564a000 	C:\Windows\SYSTEM32\XmlLite.dll
0x00007ffc00000000 - 0x00007ffc0001b000 	C:\Windows\SYSTEM32\MPR.dll
0x00007ffc12730000 - 0x00007ffc1273b000 	C:\Windows\System32\drprov.dll
0x00007ffc21060000 - 0x00007ffc210b8000 	C:\Windows\System32\WINSTA.dll
0x00007ffc0a580000 - 0x00007ffc0a595000 	C:\Windows\System32\ntlanman.dll
0x00007ffc09820000 - 0x00007ffc0983d000 	C:\Windows\System32\davclnt.dll
0x00007ffc0a650000 - 0x00007ffc0a65c000 	C:\Windows\System32\DAVHLPR.dll
0x00007ffc1d2a0000 - 0x00007ffc1d2b8000 	C:\Windows\System32\wkscli.dll
0x00007ffc22ba0000 - 0x00007ffc22bc6000 	C:\Windows\System32\bcrypt.dll
0x00007ffc07b20000 - 0x00007ffc07b32000 	C:\Windows\SYSTEM32\cscapi.dll
0x00007ffc21630000 - 0x00007ffc2163e000 	C:\Windows\System32\netutils.dll
0x00007ffbcd2d0000 - 0x00007ffbcd31c000 	C:\Windows\System32\dlnashext.dll
0x00007ffc05830000 - 0x00007ffc05894000 	C:\Windows\System32\PlayToDevice.dll
0x00007ffc082e0000 - 0x00007ffc08300000 	C:\Windows\System32\DevDispItemProvider.dll
0x00007ffc15fe0000 - 0x00007ffc16050000 	C:\Windows\System32\MMDevApi.dll
0x00007ffc21dc0000 - 0x00007ffc21de9000 	C:\Windows\System32\DEVOBJ.dll
0x00007ffc00ca0000 - 0x00007ffc00e81000 	C:\Windows\system32\wpdshext.dll
0x00007ffbff760000 - 0x00007ffbff904000 	C:\Windows\WinSxS\amd64_microsoft.windows.gdiplus_6595b64144ccf1df_1.1.17763.3046_none_0f5c51a3adddb0b1\gdiplus.dll
0x00007ffc156a0000 - 0x00007ffc15ddf000 	C:\Windows\System32\OneCoreUAPCommonProxyStub.dll
0x00007ffc173d0000 - 0x00007ffc1746f000 	C:\Windows\System32\PortableDeviceApi.dll
0x00007ffc25b40000 - 0x00007ffc25fbf000 	C:\Windows\System32\SETUPAPI.dll
0x00007ffc230c0000 - 0x00007ffc2311f000 	C:\Windows\System32\WINTRUST.dll
0x00007ffbe8050000 - 0x00007ffbe8086000 	C:\Windows\System32\EhStorShell.dll
0x00007ffc05f40000 - 0x00007ffc05f65000 	C:\Windows\System32\EhStorAPI.dll
0x00007ffc1e6f0000 - 0x00007ffc1e703000 	C:\Windows\System32\WTSAPI32.dll
0x00007ffc03990000 - 0x00007ffc0399d000 	C:\Windows\SYSTEM32\LINKINFO.dll

dbghelp: loaded successfully - version: 4.0.5 - missing functions: none
symbol engine: initialized successfully - sym options: 0x614 - pdb path: .;C:\Program Files\Java\jdk-19\bin;C:\Windows\SYSTEM32;C:\Windows\WinSxS\amd64_microsoft.windows.common-controls_6595b64144ccf1df_6.0.17763.3046_none_de715ebe534b36e3;C:\Program Files\Java\jdk-19\bin\server;C:\Windows\WinSxS\amd64_microsoft.windows.common-controls_6595b64144ccf1df_5.82.17763.3046_none_6d03b51e59fc07aa;C:\Windows\OldNewExplorer;C:\Windows\WinSxS\amd64_microsoft.windows.gdiplus_6595b64144ccf1df_1.1.17763.3046_none_0f5c51a3adddb0b1

VM Arguments:
java_command: principal.principal
java_class_path (initial): C:\Users\Danvinci Studios\Documents\NetBeansProjects\simulacion_colas\target\classes;C:\Users\Danvinci Studios\.m2\repository\unknown\binary\AbsoluteLayout\SNAPSHOT\AbsoluteLayout-SNAPSHOT.jar
Launcher Type: SUN_STANDARD

[Global flags]
     intx CICompilerCount                          = 3                                         {product} {ergonomic}
     uint ConcGCThreads                            = 1                                         {product} {ergonomic}
     uint G1ConcRefinementThreads                  = 4                                         {product} {ergonomic}
   size_t G1HeapRegionSize                         = 1048576                                   {product} {ergonomic}
    uintx GCDrainStackTargetSize                   = 64                                        {product} {ergonomic}
   size_t InitialHeapSize                          = 100663296                                 {product} {ergonomic}
   size_t MarkStackSize                            = 4194304                                   {product} {ergonomic}
   size_t MaxHeapSize                              = 1579155456                                {product} {ergonomic}
   size_t MaxNewSize                               = 946864128                                 {product} {ergonomic}
   size_t MinHeapDeltaBytes                        = 1048576                                   {product} {ergonomic}
   size_t MinHeapSize                              = 8388608                                   {product} {ergonomic}
    uintx NonNMethodCodeHeapSize                   = 5832780                                {pd product} {ergonomic}
    uintx NonProfiledCodeHeapSize                  = 122912730                              {pd product} {ergonomic}
    uintx ProfiledCodeHeapSize                     = 122912730                              {pd product} {ergonomic}
    uintx ReservedCodeCacheSize                    = 251658240                              {pd product} {ergonomic}
     bool SegmentedCodeCache                       = true                                      {product} {ergonomic}
   size_t SoftMaxHeapSize                          = 1579155456                             {manageable} {ergonomic}
     bool UseCompressedClassPointers               = true                           {product lp64_product} {ergonomic}
     bool UseCompressedOops                        = true                           {product lp64_product} {ergonomic}
     bool UseG1GC                                  = true                                      {product} {ergonomic}
     bool UseLargePagesIndividualAllocation        = false                                  {pd product} {ergonomic}

Logging:
Log output configuration:
 #0: stdout all=warning uptime,level,tags foldmultilines=false
 #1: stderr all=off uptime,level,tags foldmultilines=false

Environment Variables:
JAVA_HOME=C:\Program Files\Java\jdk-19
PATH=C:\Program Files\Common Files\Oracle\Java\javapath;C:\Program Files (x86)\Common Files\Intel\Shared Libraries\redist\intel64\compiler;C:\Windows\system32;C:\Windows;C:\Windows\System32\Wbem;C:\Windows\System32\WindowsPowerShell\v1.0\;C:\Windows\System32\OpenSSH\;C:\Program Files\nodejs\;C:\Program Files\Git\cmd;C:\xampp\php;C:\ProgramData\ComposerSetup\bin;C:\Program Files\dotnet\;C:\Users\Danvinci Studios\AppData\Local\Microsoft\WindowsApps;C:\Users\Danvinci Studios\AppData\Roaming\npm;C:\Users\Danvinci Studios\AppData\Local\Programs\Microsoft VS Code\bin;C:\Users\Danvinci Studios\AppData\Roaming\Composer\vendor\bin;C:\src\sqlite-tools-win32-x86-3390200;C:\Program Files\heroku\bin;C:\Users\Danvinci Studios\AppData\Local\gitkraken\bin
USERNAME=Danvinci Studios
OS=Windows_NT
PROCESSOR_IDENTIFIER=Intel64 Family 6 Model 78 Stepping 3, GenuineIntel
TMP=C:\Users\Danvinci Studios\AppData\Local\Temp
TEMP=C:\Users\Danvinci Studios\AppData\Local\Temp



---------------  S Y S T E M  ---------------

OS:
 Windows 10 , 64 bit Build 17763 (10.0.17763.2989)
OS uptime: 0 days 14:14 hours

CPU: total 4 (initial active 4) (2 cores per cpu, 2 threads per core) family 6 model 78 stepping 3 microcode 0xd6, cx8, cmov, fxsr, ht, mmx, 3dnowpref, sse, sse2, sse3, ssse3, sse4.1, sse4.2, popcnt, lzcnt, tsc, tscinvbit, avx, avx2, aes, erms, clmul, bmi1, bmi2, adx, fma, vzeroupper, clflush, clflushopt, rdtscp

Memory: 4k page, system-wide physical 6017M (519M free)
TotalPageFile size 10113M (AvailPageFile size 254M)
current process WorkingSet (physical memory assigned to process): 313M, peak: 313M
current process commit charge ("private bytes"): 343M, peak: 613M

vm_info: Java HotSpot(TM) 64-Bit Server VM (19.0.1+10-21) for windows-amd64 JRE (19.0.1+10-21), built on 2022-09-14T12:45:06Z by "mach5one" with MS VC++ 17.1 (VS2022)

END.
