#
# There is insufficient memory for the Java Runtime Environment to continue.
# Native memory allocation (mmap) failed to map 100663296 bytes for G1 virtual space
# Possible reasons:
#   The system is out of physical RAM or swap space
#   The process is running with CompressedOops enabled, and the Java Heap may be blocking the growth of the native heap
# Possible solutions:
#   Reduce memory load on the system
#   Increase physical memory or swap space
#   Check if swap backing store is full
#   Decrease Java heap size (-Xmx/-Xms)
#   Decrease number of Java threads
#   Decrease Java thread stack sizes (-Xss)
#   Set larger code cache with -XX:ReservedCodeCacheSize=
#   JVM is running with Unscaled Compressed Oops mode in which the Java heap is
#     placed in the first 4GB address space. The Java Heap base address is the
#     maximum limit for the native heap growth. Please use -XX:HeapBaseMinAddress
#     to set the Java Heap base and to place the Java Heap above 4GB virtual address.
# This output file may be truncated or incomplete.
#
#  Out of Memory Error (os_windows.cpp:3527), pid=13000, tid=3692
#
# JRE version:  (19.0.1+10) (build )
# Java VM: Java HotSpot(TM) 64-Bit Server VM (19.0.1+10-21, mixed mode, sharing, tiered, compressed oops, compressed class ptrs, g1 gc, windows-amd64)
# No core dump will be written. Minidumps are not enabled by default on client versions of Windows
#

---------------  S U M M A R Y ------------

Command Line: principal.principal

Host: Intel(R) Core(TM) i5-6200U CPU @ 2.30GHz, 4 cores, 5G,  Windows 10 , 64 bit Build 17763 (10.0.17763.2989)
Time: Mon Nov 28 08:55:04 2022 Hora estándar de Venezuela elapsed time: 0.009652 seconds (0d 0h 0m 0s)

---------------  T H R E A D  ---------------

Current thread (0x00000256b3e91850):  JavaThread "Unknown thread" [_thread_in_vm, id=3692, stack(0x000000a80c400000,0x000000a80c500000)]

Stack: [0x000000a80c400000,0x000000a80c500000]
Native frames: (J=compiled Java code, j=interpreted, Vv=VM code, C=native code)
V  [jvm.dll+0x6ee8fa]
V  [jvm.dll+0x857a1e]
V  [jvm.dll+0x85940e]
V  [jvm.dll+0x859ac3]
V  [jvm.dll+0x28291f]
V  [jvm.dll+0x6eb6e9]
V  [jvm.dll+0x6e028a]
V  [jvm.dll+0x357136]
V  [jvm.dll+0x35eb96]
V  [jvm.dll+0x3b555e]
V  [jvm.dll+0x3b578f]
V  [jvm.dll+0x32c6ea]
V  [jvm.dll+0x32d59e]
V  [jvm.dll+0x821b20]
V  [jvm.dll+0x3c27c1]
V  [jvm.dll+0x8022f1]
V  [jvm.dll+0x44b30f]
V  [jvm.dll+0x44cc91]
C  [jli.dll+0x5287]
C  [ucrtbase.dll+0x2268a]
C  [KERNEL32.DLL+0x17974]
C  [ntdll.dll+0x5a2f1]


---------------  P R O C E S S  ---------------

Threads class SMR info:
_java_thread_list=0x00007ffaacaed048, length=0, elements={
}

Java Threads: ( => current thread )

Other Threads:
  0x00000256b3ee1bb0 WorkerThread "GC Thread#0" [stack: 0x000000a80c500000,0x000000a80c600000] [id=11828]
  0x00000256b3eef710 ConcurrentGCThread "G1 Main Marker" [stack: 0x000000a80c600000,0x000000a80c700000] [id=13308]
  0x00000256b3ef1b20 WorkerThread "G1 Conc#0" [stack: 0x000000a80c700000,0x000000a80c800000] [id=11984]

[error occurred during error reporting (printing all threads), id 0xc0000005, EXCEPTION_ACCESS_VIOLATION (0xc0000005) at pc=0x00007ffaac2ad127]

VM state: not at safepoint (not fully initialized)

VM Mutex/Monitor currently owned by a thread:  ([mutex/lock_event])
[0x00000256b3e8e540] Heap_lock - owner thread: 0x00000256b3e91850

Heap address: 0x00000000a1e00000, size: 1506 MB, Compressed Oops mode: 32-bit

CDS archive(s) mapped at: [0x0000000000000000-0x0000000000000000-0x0000000000000000), size 0, SharedBaseAddress: 0x0000000800000000, ArchiveRelocationMode: 0.
Narrow klass base: 0x0000000000000000, Narrow klass shift: 0, Narrow klass range: 0x0

GC Precious Log:
 CardTable entry size: 512
 Card Set container configuration: InlinePtr #cards 5 size 8 Array Of Cards #cards 12 size 40 Howl #buckets 4 coarsen threshold 1843 Howl Bitmap #cards 512 size 80 coarsen threshold 460 Card regions per heap region 1 cards per card region 2048

Heap:
 garbage-first heap   total 0K, used 0K [0x00000000a1e00000, 0x0000000100000000)
  region size 1024K, 0 young (0K), 0 survivors (0K)

[error occurred during error reporting (printing heap information), id 0xc0000005, EXCEPTION_ACCESS_VIOLATION (0xc0000005) at pc=0x00007ffaac6b6959]

GC Heap History (0 events):
No events

Dll operation events (1 events):
Event: 0.004 Loaded shared library C:\Program Files\Java\jdk-19\bin\java.dll

Deoptimization events (0 events):
No events

Classes loaded (0 events):
No events

Classes unloaded (0 events):
No events

Classes redefined (0 events):
No events

Internal exceptions (0 events):
No events

VM Operations (0 events):
No events

Events (0 events):
No events


Dynamic libraries:
0x00007ff784e50000 - 0x00007ff784e60000 	C:\Program Files\Java\jdk-19\bin\java.exe
0x00007ffb16b40000 - 0x00007ffb16d2d000 	C:\Windows\SYSTEM32\ntdll.dll
0x00007ffb13d70000 - 0x00007ffb13e23000 	C:\Windows\System32\KERNEL32.DLL
0x00007ffb12d20000 - 0x00007ffb12fba000 	C:\Windows\System32\KERNELBASE.dll
0x00007ffb13050000 - 0x00007ffb1314a000 	C:\Windows\System32\ucrtbase.dll
0x00007ffb054e0000 - 0x00007ffb054f8000 	C:\Program Files\Java\jdk-19\bin\jli.dll
0x00007ffb054c0000 - 0x00007ffb054db000 	C:\Program Files\Java\jdk-19\bin\VCRUNTIME140.dll
0x00007ffb16a00000 - 0x00007ffb16aa7000 	C:\Windows\System32\ADVAPI32.dll
0x00007ffb16320000 - 0x00007ffb163be000 	C:\Windows\System32\msvcrt.dll
0x00007ffb16750000 - 0x00007ffb167ef000 	C:\Windows\System32\sechost.dll
0x00007ffb13eb0000 - 0x00007ffb13fcd000 	C:\Windows\System32\RPCRT4.dll
0x00007ffb16070000 - 0x00007ffb16207000 	C:\Windows\System32\USER32.dll
0x00007ffafa0c0000 - 0x00007ffafa339000 	C:\Windows\WinSxS\amd64_microsoft.windows.common-controls_6595b64144ccf1df_6.0.17763.3046_none_de715ebe534b36e3\COMCTL32.dll
0x00007ffb13c60000 - 0x00007ffb13c80000 	C:\Windows\System32\win32u.dll
0x00007ffb163c0000 - 0x00007ffb166eb000 	C:\Windows\System32\combase.dll
0x00007ffb156c0000 - 0x00007ffb156e9000 	C:\Windows\System32\GDI32.dll
0x00007ffb12fc0000 - 0x00007ffb13042000 	C:\Windows\System32\bcryptPrimitives.dll
0x00007ffb13150000 - 0x00007ffb132ec000 	C:\Windows\System32\gdi32full.dll
0x00007ffb13c80000 - 0x00007ffb13d20000 	C:\Windows\System32\msvcp_win.dll
0x00007ffb0d820000 - 0x00007ffb0d82a000 	C:\Windows\SYSTEM32\VERSION.dll
0x00007ffb15690000 - 0x00007ffb156be000 	C:\Windows\System32\IMM32.DLL
0x00007ffb0ddb0000 - 0x00007ffb0ddbc000 	C:\Program Files\Java\jdk-19\bin\vcruntime140_1.dll
0x00007ffaefb30000 - 0x00007ffaefbbe000 	C:\Program Files\Java\jdk-19\bin\msvcp140.dll
0x00007ffaabf70000 - 0x00007ffaacc30000 	C:\Program Files\Java\jdk-19\bin\server\jvm.dll
0x00007ffb0e910000 - 0x00007ffb0e934000 	C:\Windows\SYSTEM32\WINMM.dll
0x00007ffaf2120000 - 0x00007ffaf2129000 	C:\Windows\SYSTEM32\WSOCK32.dll
0x00007ffb15870000 - 0x00007ffb158dd000 	C:\Windows\System32\WS2_32.dll
0x00007ffb0e890000 - 0x00007ffb0e8bd000 	C:\Windows\SYSTEM32\WINMMBASE.dll
0x00007ffb13d20000 - 0x00007ffb13d6a000 	C:\Windows\System32\cfgmgr32.dll
0x00007ffb12b60000 - 0x00007ffb12b71000 	C:\Windows\System32\kernel.appcore.dll
0x00007ffb01470000 - 0x00007ffb0147a000 	C:\Program Files\Java\jdk-19\bin\jimage.dll
0x00007ffaf5800000 - 0x00007ffaf59ed000 	C:\Windows\SYSTEM32\DBGHELP.DLL
0x00007ffaf5720000 - 0x00007ffaf574a000 	C:\Windows\SYSTEM32\dbgcore.DLL
0x00007ffaf6d90000 - 0x00007ffaf6db6000 	C:\Program Files\Java\jdk-19\bin\java.dll

dbghelp: loaded successfully - version: 4.0.5 - missing functions: none
symbol engine: initialized successfully - sym options: 0x614 - pdb path: .;C:\Program Files\Java\jdk-19\bin;C:\Windows\SYSTEM32;C:\Windows\WinSxS\amd64_microsoft.windows.common-controls_6595b64144ccf1df_6.0.17763.3046_none_de715ebe534b36e3;C:\Program Files\Java\jdk-19\bin\server

VM Arguments:
java_command: principal.principal
java_class_path (initial): C:\Users\Danvinci Studios\Documents\NetBeansProjects\simulacion_colas\target\classes
Launcher Type: SUN_STANDARD

[Global flags]
     intx CICompilerCount                          = 3                                         {product} {ergonomic}
     uint ConcGCThreads                            = 1                                         {product} {ergonomic}
     uint G1ConcRefinementThreads                  = 4                                         {product} {ergonomic}
   size_t G1HeapRegionSize                         = 1048576                                   {product} {ergonomic}
    uintx GCDrainStackTargetSize                   = 64                                        {product} {ergonomic}
   size_t InitialHeapSize                          = 100663296                                 {product} {ergonomic}
   size_t MarkStackSize                            = 4194304                                   {product} {ergonomic}
   size_t MaxHeapSize                              = 1579155456                                {product} {ergonomic}
   size_t MinHeapDeltaBytes                        = 1048576                                   {product} {ergonomic}
   size_t MinHeapSize                              = 8388608                                   {product} {ergonomic}
    uintx NonNMethodCodeHeapSize                   = 5832780                                {pd product} {ergonomic}
    uintx NonProfiledCodeHeapSize                  = 122912730                              {pd product} {ergonomic}
    uintx ProfiledCodeHeapSize                     = 122912730                              {pd product} {ergonomic}
    uintx ReservedCodeCacheSize                    = 251658240                              {pd product} {ergonomic}
     bool SegmentedCodeCache                       = true                                      {product} {ergonomic}
   size_t SoftMaxHeapSize                          = 1579155456                             {manageable} {ergonomic}
     bool UseCompressedClassPointers               = true                           {product lp64_product} {ergonomic}
     bool UseCompressedOops                        = true                           {product lp64_product} {ergonomic}
     bool UseG1GC                                  = true                                      {product} {ergonomic}
     bool UseLargePagesIndividualAllocation        = false                                  {pd product} {ergonomic}

Logging:
Log output configuration:
 #0: stdout all=warning uptime,level,tags foldmultilines=false
 #1: stderr all=off uptime,level,tags foldmultilines=false

Environment Variables:
JAVA_HOME=C:\Program Files\Java\jdk-19
PATH=C:\Program Files\Common Files\Oracle\Java\javapath;C:\Program Files (x86)\Common Files\Intel\Shared Libraries\redist\intel64\compiler;C:\Windows\system32;C:\Windows;C:\Windows\System32\Wbem;C:\Windows\System32\WindowsPowerShell\v1.0\;C:\Windows\System32\OpenSSH\;C:\Program Files\nodejs\;C:\Program Files\Git\cmd;C:\xampp\php;C:\ProgramData\ComposerSetup\bin;C:\Program Files\dotnet\;C:\Users\Danvinci Studios\AppData\Local\Microsoft\WindowsApps;C:\Users\Danvinci Studios\AppData\Roaming\npm;C:\Users\Danvinci Studios\AppData\Local\Programs\Microsoft VS Code\bin;C:\Users\Danvinci Studios\AppData\Roaming\Composer\vendor\bin;C:\src\sqlite-tools-win32-x86-3390200;C:\Program Files\heroku\bin;C:\Users\Danvinci Studios\AppData\Local\gitkraken\bin
USERNAME=Danvinci Studios
OS=Windows_NT
PROCESSOR_IDENTIFIER=Intel64 Family 6 Model 78 Stepping 3, GenuineIntel
TMP=C:\Users\Danvinci Studios\AppData\Local\Temp
TEMP=C:\Users\Danvinci Studios\AppData\Local\Temp



---------------  S Y S T E M  ---------------

OS:
 Windows 10 , 64 bit Build 17763 (10.0.17763.2989)
OS uptime: 0 days 13:52 hours

CPU: total 4 (initial active 4) (2 cores per cpu, 2 threads per core) family 6 model 78 stepping 3 microcode 0xd6, cx8, cmov, fxsr, ht, mmx, 3dnowpref, sse, sse2, sse3, ssse3, sse4.1, sse4.2, popcnt, lzcnt, tsc, tscinvbit, avx, avx2, aes, erms, clmul, bmi1, bmi2, adx, fma, vzeroupper, clflush, clflushopt, rdtscp

Memory: 4k page, system-wide physical 6017M (208M free)
TotalPageFile size 10113M (AvailPageFile size 64M)
current process WorkingSet (physical memory assigned to process): 10M, peak: 10M
current process commit charge ("private bytes"): 52M, peak: 148M

vm_info: Java HotSpot(TM) 64-Bit Server VM (19.0.1+10-21) for windows-amd64 JRE (19.0.1+10-21), built on 2022-09-14T12:45:06Z by "mach5one" with MS VC++ 17.1 (VS2022)

END.
